<?xml version="1.0" encoding="UTF-8"?>
  <urlset xmlns="http://www.sitemaps.org/schemas/sitemap/0.9">
    <url>
      <loc>https://mobcup-ringtones.online/tu-hi-tu-hindi-song-IK2wjP9S</loc>
    </url>
    <url>
      <loc>https://mobcup-ringtones.online/na-na-na-na-na-re-vicky-vidya-ka-woh-wala-video-canB29ay</loc>
    </url>
    <url>
      <loc>https://mobcup-ringtones.online/lehrein-bgm-instrumental-AIyIS8wa</loc>
    </url>
    <url>
      <loc>https://mobcup-ringtones.online/dekho-na-dekho-na-song-download-0s8SYkXx</loc>
    </url>
    <url>
      <loc>https://mobcup-ringtones.online/na-na-na-na-na-re-hindi-song-eIcMT6HF</loc>
    </url>
    <url>
      <loc>https://mobcup-ringtones.online/tera-fitoor-utkarsh-sharma-genius-hindi-atFEJLEA</loc>
    </url>
    <url>
      <loc>https://mobcup-ringtones.online/sajna-da-dil-tera-ost-mp3-download-uzyCUQZB</loc>
    </url>
    <url>
      <loc>https://mobcup-ringtones.online/chalti-firti-meme-sound-k8E4jxzw</loc>
    </url>
    <url>
      <loc>https://mobcup-ringtones.online/na-na-na-na-na-re-daler-mehndi-gurdeep-mehndi-hindi-jOa9gVaa</loc>
    </url>
    <url>
      <loc>https://mobcup-ringtones.online/na-na-na-na-na-re-rajkummar-rao-triptii-dimri-hindi-YS6JORv3</loc>
    </url>
    <url>
      <loc>https://mobcup-ringtones.online/ek-jaisa-haal-tera-mera-hindi-song-sKCzIuvh</loc>
    </url>
    <url>
      <loc>https://mobcup-ringtones.online/lehrein-bgm-ringtone-download-mp3-nKXIROll</loc>
    </url>
    <url>
      <loc>https://mobcup-ringtones.online/main-raja-tu-rani-ho-aisi-prem-kahani-ho-dj-remix-dEu8NVde</loc>
    </url>
    <url>
      <loc>https://mobcup-ringtones.online/sajna-da-dil-todeya-song-TfUHvhZW</loc>
    </url>
    <url>
      <loc>https://mobcup-ringtones.online/tu-hi-tu-jitendra-kumar-zahrah-s-khan-hindi-6nQixQFn</loc>
    </url>
    <url>
      <loc>https://mobcup-ringtones.online/zaroor-song-68z8Tm7B</loc>
    </url>
    <url>
      <loc>https://mobcup-ringtones.online/glimpses-of-babbar-sher-baby-john-LQn0Fe87</loc>
    </url>
    <url>
      <loc>https://mobcup-ringtones.online/haste-suraj-ki-roshni-de-di-song-mp3-download-T3KjNC48</loc>
    </url>
    <url>
      <loc>https://mobcup-ringtones.online/main-raja-tu-rani-ho-aisi-prem-kahani-ho-song-TMEg3fMN</loc>
    </url>
    <url>
      <loc>https://mobcup-ringtones.online/tu-hi-tu-mohammad-faiz-hindi-MXCf5ENI</loc>
    </url>
    <url>
      <loc>https://mobcup-ringtones.online/pyar-mil-jaye-piya-ka-song-download-pagalworld-ZaZcpMTU</loc>
    </url>
    <url>
      <loc>https://mobcup-ringtones.online/ek-jaisa-haal-tera-mera-song-download-CvQYiJm7</loc>
    </url>
    <url>
      <loc>https://mobcup-ringtones.online/jaana-samjho-na-bhool-bhulaiyaa-3-n3xc0mGN</loc>
    </url>
    <url>
      <loc>https://mobcup-ringtones.online/haste-suraj-ki-roshni-de-di-rzJ18IiW</loc>
    </url>
    <url>
      <loc>https://mobcup-ringtones.online/ek-jaisa-haal-tera-mera-arijit-singh-PyXH6YBy</loc>
    </url>
    <url>
      <loc>https://mobcup-ringtones.online/chand-chupa-badal-mein-VKJsjCXo</loc>
    </url>
    <url>
      <loc>https://mobcup-ringtones.online/lehrein-amit-trivedi-anusha-mani-hindi-vn40TxLm</loc>
    </url>
    <url>
      <loc>https://mobcup-ringtones.online/lehrein-song-G49cqt0M</loc>
    </url>
    <url>
      <loc>https://mobcup-ringtones.online/jaana-samjho-na-bhool-bhulaiyaa-3-kartik-aaryan-tripti-dimri-crVtcMCC</loc>
    </url>
    <url>
      <loc>https://mobcup-ringtones.online/lehrein-ringtone-download-instrumental-OMQly0RF</loc>
    </url>
    <url>
      <loc>https://mobcup-ringtones.online/mujhse-mohabbat-ka-izhar-karta-alka-yagnik-kumar-sanu-hindi-d2N02m0d</loc>
    </url>
    <url>
      <loc>https://mobcup-ringtones.online/jaana-samjho-na-aditya-rikhari-tulsi-kumar-hindi-WUDo5wrD</loc>
    </url>
    <url>
      <loc>https://mobcup-ringtones.online/bahut-jatate-ho-chah-humse-alka-yagnik-mohammed-aziz-hindi-rNnwhB09</loc>
    </url>
    <url>
      <loc>https://mobcup-ringtones.online/mujhse-mohabbat-ka-izhar-karti-VvC6hSLF</loc>
    </url>
    <url>
      <loc>https://mobcup-ringtones.online/hookah-bar-lofi-slowed-reverb-4dGu6HNK</loc>
    </url>
    <url>
      <loc>https://mobcup-ringtones.online/hookah-bar-remix-uzUt4N15</loc>
    </url>
    <url>
      <loc>https://mobcup-ringtones.online/hookah-bar-himesh-reshammiya-vineet-singh-aman-trikha-hindi-5BGqZnAB</loc>
    </url>
    <url>
      <loc>https://mobcup-ringtones.online/hookah-bar-khiladi-786-akshay-kumar-hindi-1t5N5ovo</loc>
    </url>
    <url>
      <loc>https://mobcup-ringtones.online/abhi-toh-party-shuru-hui-hai-badshah-OYueSyT1</loc>
    </url>
    <url>
      <loc>https://mobcup-ringtones.online/abhi-toh-party-shuru-hui-hai-badshah-aastha-hindi-yFVgsS0W</loc>
    </url>
    <url>
      <loc>https://mobcup-ringtones.online/tu-samne-baitha-rahe-uXK6TGYZ</loc>
    </url>
    <url>
      <loc>https://mobcup-ringtones.online/ishq-sufiyana-emraan-hashmi-vidya-balan-hindi-YaO6ULtK</loc>
    </url>
    <url>
      <loc>https://mobcup-ringtones.online/chand-ko-dekhu-mp3-song-download-vQtu5r9J</loc>
    </url>
    <url>
      <loc>https://mobcup-ringtones.online/ek-jaisa-haal-tera-mera-NUOUgzX5</loc>
    </url>
    <url>
      <loc>https://mobcup-ringtones.online/ishq-sufiyana-kamal-khan-hindi-wmEee3bA</loc>
    </url>
    <url>
      <loc>https://mobcup-ringtones.online/ishq-sufiyana-instrumental-5MVdV3aS</loc>
    </url>
    <url>
      <loc>https://mobcup-ringtones.online/ishq-sufiyana-sunidhi-chauhan-9X3G4RiR</loc>
    </url>
    <url>
      <loc>https://mobcup-ringtones.online/chand-chupa-badal-mein-song-CYCmffJF</loc>
    </url>
    <url>
      <loc>https://mobcup-ringtones.online/chand-chupa-badal-mein-ringtone-download-pagalworld-mp3-RDmTx6uC</loc>
    </url>
    <url>
      <loc>https://mobcup-ringtones.online/chand-ko-dekhu-tI8rFqLU</loc>
    </url>
    <url>
      <loc>https://mobcup-ringtones.online/apni-mang-suhagan-ho-song-download-ST753wQ3</loc>
    </url>
    <url>
      <loc>https://mobcup-ringtones.online/ho-karam-sarkar-ringtone-mp3-download-pagalworld-IbxBRsQs</loc>
    </url>
    <url>
      <loc>https://mobcup-ringtones.online/hathon-mein-puja-ki-thali-pamela-chopra-I3hvgRj9</loc>
    </url>
    <url>
      <loc>https://mobcup-ringtones.online/dabe-dabe-paaon-se-ringtone-download-pagalworld-mp3-bQPPPmrL</loc>
    </url>
    <url>
      <loc>https://mobcup-ringtones.online/aaya-re-aaya-chanda-song-download-mp3-05KAgNYb</loc>
    </url>
    <url>
      <loc>https://mobcup-ringtones.online/aaya-re-aaya-chanda-song-U2MSp5ua</loc>
    </url>
    <url>
      <loc>https://mobcup-ringtones.online/pyar-mil-jaye-song-download-GoLpi9Bg</loc>
    </url>
    <url>
      <loc>https://mobcup-ringtones.online/chand-chupa-badal-mein-arman-malik-3YG3Y4Jc</loc>
    </url>
    <url>
      <loc>https://mobcup-ringtones.online/apni-mang-suhagan-ho-song-OQjOzac7</loc>
    </url>
    <url>
      <loc>https://mobcup-ringtones.online/al-madad-peerane-peer-mp3-download-eRtgyEDe</loc>
    </url>
    <url>
      <loc>https://mobcup-ringtones.online/pyar-mil-jaye-piya-ka-mp3-song-download-pagalworld-zU5Ebmkj</loc>
    </url>
    <url>
      <loc>https://mobcup-ringtones.online/o-beliya-song-hindi-IHyutSN7</loc>
    </url>
    <url>
      <loc>https://mobcup-ringtones.online/akhiyaan-de-kol-shilpa-rao-hindi-JolHrYuN</loc>
    </url>
    <url>
      <loc>https://mobcup-ringtones.online/akhiyaan-de-kol-kriti-sanon-shaheer-sheikh-kajol-do-patti-hindi-sKFJvrK6</loc>
    </url>
    <url>
      <loc>https://mobcup-ringtones.online/haste-suraj-ki-roshni-de-di-mp3-download-Vo9dSjjy</loc>
    </url>
    <url>
      <loc>https://mobcup-ringtones.online/chhaila-sunidhi-chauhan-shreya-ghoshal-hindi-emCbXJhw</loc>
    </url>
    <url>
      <loc>https://mobcup-ringtones.online/main-raja-tu-rani-ho-aisi-prem-kahani-ho-mp3-RM25269e</loc>
    </url>
    <url>
      <loc>https://mobcup-ringtones.online/duniya-mein-mujhe-tumne-jab-apna-banaya-hai-ringtone-mp3-download-YHH8cxWP</loc>
    </url>
    <url>
      <loc>https://mobcup-ringtones.online/zindagi-kuch-nahi-ab-tumhare-siva-jNwJoXP0</loc>
    </url>
    <url>
      <loc>https://mobcup-ringtones.online/chhaila-hindi-song-NoftZ4Kh</loc>
    </url>
    <url>
      <loc>https://mobcup-ringtones.online/o-beliya-darshan-raval-22PyaW9c</loc>
    </url>
    <url>
      <loc>https://mobcup-ringtones.online/chand-nazar-aaya-hindi-song-IHmfFlSD</loc>
    </url>
    <url>
      <loc>https://mobcup-ringtones.online/o-beliya-darshan-raval-ahsaas-channa-hindi-pa3LO31z</loc>
    </url>
    <url>
      <loc>https://mobcup-ringtones.online/chand-nazar-aaya-armaan-malik-kritika-malik-raj-mawar-hindi-CdcVzY3J</loc>
    </url>
    <url>
      <loc>https://mobcup-ringtones.online/hai-meri-saanson-mein-mere-piya-mp3-ringtone-download-HPofKzwn</loc>
    </url>
    <url>
      <loc>https://mobcup-ringtones.online/chand-nazar-aaya-armaan-malik-kritika-malik-hindi-ZWhxp1XK</loc>
    </url>
    <url>
      <loc>https://mobcup-ringtones.online/hare-krishna-hare-rama-ringtone-download-jubin-nautiyal-08mwjgcc</loc>
    </url>
    <url>
      <loc>https://mobcup-ringtones.online/chand-nazar-aaya-raj-mawar-hindi-Ghj50esg</loc>
    </url>
    <url>
      <loc>https://mobcup-ringtones.online/o-beliya-darshan-raval-hindi-cyQNSPGj</loc>
    </url>
    <url>
      <loc>https://mobcup-ringtones.online/hare-rama-hare-krishna-ringtone-bhool-bhulaiyaa-3-fxSTpGrO</loc>
    </url>
    <url>
      <loc>https://mobcup-ringtones.online/juice-pila-do-mosambi-ka-wxe8SMsn</loc>
    </url>
    <url>
      <loc>https://mobcup-ringtones.online/duniya-mange-apni-murade-song-download-7P1Sm4Qh</loc>
    </url>
    <url>
      <loc>https://mobcup-ringtones.online/singham-again-jai-bajrangbali-hindi-c7hEhfue</loc>
    </url>
    <url>
      <loc>https://mobcup-ringtones.online/o-chand-ko-dekhu-oLFJgU3q</loc>
    </url>
    <url>
      <loc>https://mobcup-ringtones.online/jai-bajrangbali-singham-again-ajay-devgn-ranveer-singh-bhakti-9bKUEi0i</loc>
    </url>
    <url>
      <loc>https://mobcup-ringtones.online/karwa-chauth-song-mp3-download-pagalworld-hiFpexMa</loc>
    </url>
    <url>
      <loc>https://mobcup-ringtones.online/pyar-mil-jaye-piya-ka-nDNKbKHb</loc>
    </url>
    <url>
      <loc>https://mobcup-ringtones.online/jai-bajrangbali-singham-again-bhakti-9qdDwbXP</loc>
    </url>
    <url>
      <loc>https://mobcup-ringtones.online/karwa-chauth-2024-ZURKuAUw</loc>
    </url>
    <url>
      <loc>https://mobcup-ringtones.online/hai-meri-saanson-mein-mere-piya-mp3-ringtone-download-r0wZM9XH</loc>
    </url>
    <url>
      <loc>https://mobcup-ringtones.online/apni-mang-suhagan-ho-1tgoiY23</loc>
    </url>
    <url>
      <loc>https://mobcup-ringtones.online/sang-sang-rahenge-janam-janam-19Vmcd4l</loc>
    </url>
    <url>
      <loc>https://mobcup-ringtones.online/hath-kangan-leke-aana-song-download-KG1tL2Lu</loc>
    </url>
    <url>
      <loc>https://mobcup-ringtones.online/chand-chhupa-badal-mein-instrumental-flute-xXwtsbh5</loc>
    </url>
    <url>
      <loc>https://mobcup-ringtones.online/aaya-re-aaya-chanda-sT5FlII4</loc>
    </url>
    <url>
      <loc>https://mobcup-ringtones.online/karwa-chauth-ka-vrat-me-karu-WDD4tpUa</loc>
    </url>
    <url>
      <loc>https://mobcup-ringtones.online/duniya-mange-apni-murade-5fZ60o3C</loc>
    </url>
    <url>
      <loc>https://mobcup-ringtones.online/tum-aaye-to-aaya-mujhe-yaad-vMvFp24y</loc>
    </url>
    <url>
      <loc>https://mobcup-ringtones.online/main-aa-likhu-1TMV0JIN</loc>
    </url>
    <url>
      <loc>https://mobcup-ringtones.online/chand-chhupa-badal-mein-rF7QBwHY</loc>
    </url>
    <url>
      <loc>https://mobcup-ringtones.online/hatho-me-pooja-ki-thali-cnNYSBra</loc>
    </url>
    <url>
      <loc>https://mobcup-ringtones.online/abhi-na-jao-chhod-kar-Emv4ozLc</loc>
    </url>
    <url>
      <loc>https://mobcup-ringtones.online/kasturi-ringtone-download-mp3-XW34GeSu</loc>
    </url>
    <url>
      <loc>https://mobcup-ringtones.online/tera-yaar-hoon-main-song-download-EMJwtat6</loc>
    </url>
    <url>
      <loc>https://mobcup-ringtones.online/kasturi-ringtone-download-mp3-pagalworld-9tyGdVmJ</loc>
    </url>
    <url>
      <loc>https://mobcup-ringtones.online/tera-yaar-hoon-main-song-download-gpr4KB5z</loc>
    </url>
    <url>
      <loc>https://mobcup-ringtones.online/bhool-bhulaiyaa-3-title-track-YArxQRVU</loc>
    </url>
    <url>
      <loc>https://mobcup-ringtones.online/jo-tum-mere-ho-song-download-GwrbVJMh</loc>
    </url>
    <url>
      <loc>https://mobcup-ringtones.online/kasturi-song-ringtone-download-mp3-dMuhtZPE</loc>
    </url>
    <url>
      <loc>https://mobcup-ringtones.online/kasturi-amar-prem-ki-prem-kahani-hindi-tfTDrFaY</loc>
    </url>
    <url>
      <loc>https://mobcup-ringtones.online/heeriye-arijit-singh-jasleen-royal-hindi-OrbVi55v</loc>
    </url>
    <url>
      <loc>https://mobcup-ringtones.online/meri-zindagi-hai-tu-lofi-slowed-reverb-ln3x5Szn</loc>
    </url>
    <url>
      <loc>https://mobcup-ringtones.online/muskurana-bhi-tujhi-se-sikha-hai-hindi-song-NpuglEL4</loc>
    </url>
    <url>
      <loc>https://mobcup-ringtones.online/aaj-ki-raat-instrumental-bgm-G5h6Nutz</loc>
    </url>
    <url>
      <loc>https://mobcup-ringtones.online/kasturi-arijit-singh-hindi-B3q2NCsO</loc>
    </url>
    <url>
      <loc>https://mobcup-ringtones.online/mareez-e-ishq-lofi-slowed-reverb-ue2GBrRu</loc>
    </url>
    <url>
      <loc>https://mobcup-ringtones.online/mareez-e-ishq-arijit-singh-hindi-4Q9xv2RH</loc>
    </url>
    <url>
      <loc>https://mobcup-ringtones.online/naam-hai-tera-tera-himesh-reshammiya-hindi-uI5vVXd7</loc>
    </url>
    <url>
      <loc>https://mobcup-ringtones.online/tera-fitoor-arijit-singh-utkarsh-sharma-hindi-ZUjJ8spD</loc>
    </url>
    <url>
      <loc>https://mobcup-ringtones.online/daayre-arijit-singh-hindi-Zuf7rIz9</loc>
    </url>
    <url>
      <loc>https://mobcup-ringtones.online/kashmir-main-tu-kanyakumari-i4sfXmde</loc>
    </url>
    <url>
      <loc>https://mobcup-ringtones.online/tumhare-hi-rahenge-hum-instrumental-music-xScyF8zs</loc>
    </url>
    <url>
      <loc>https://mobcup-ringtones.online/tainu-khabar-nahi-instrumental-uKOndgKw</loc>
    </url>
    <url>
      <loc>https://mobcup-ringtones.online/al-madad-peerane-peer-ringtone-instrumental-pagalworld-kh7Fpcx2</loc>
    </url>
    <url>
      <loc>https://mobcup-ringtones.online/ban-ke-titli-dil-uda-lofi-slowed-reverb-jfqfu1kj</loc>
    </url>
    <url>
      <loc>https://mobcup-ringtones.online/kashmir-main-tu-kanyakumari-slowed-reverb-2O0NAcnD</loc>
    </url>
    <url>
      <loc>https://mobcup-ringtones.online/ram-ram-jai-raja-ram-instrumental-ringtone-download-hindi-RjXbqP6x</loc>
    </url>
    <url>
      <loc>https://mobcup-ringtones.online/mere-naam-tu-abhay-jodhpurkar-hindi-M7Pz99pF</loc>
    </url>
    <url>
      <loc>https://mobcup-ringtones.online/mere-pass-tum-ho-ringtone-download-pagalworld-zeGWWbQb</loc>
    </url>
    <url>
      <loc>https://mobcup-ringtones.online/titli-chinmayi-sripada-gopi-sunder-hindi-yIjZl1Wm</loc>
    </url>
    <url>
      <loc>https://mobcup-ringtones.online/chogada-tara-instrumental-GbAYJdrN</loc>
    </url>
    <url>
      <loc>https://mobcup-ringtones.online/jhume-re-gori-song-rxyptgAD</loc>
    </url>
    <url>
      <loc>https://mobcup-ringtones.online/papa-meri-jaan-song-download-u1SwVs7e</loc>
    </url>
    <url>
      <loc>https://mobcup-ringtones.online/dussehra-title-track-qU6b7Kdg</loc>
    </url>
    <url>
      <loc>https://mobcup-ringtones.online/chogada-darshan-raval-asees-kaur-hindi-icPfCrj2</loc>
    </url>
    <url>
      <loc>https://mobcup-ringtones.online/maa-ke-punya-se-jagat-bana-hai-song-mzp9SlZW</loc>
    </url>
    <url>
      <loc>https://mobcup-ringtones.online/tera-prem-anokha-hai-maiya-ringtone-download-mp3-I6r6SBBY</loc>
    </url>
    <url>
      <loc>https://mobcup-ringtones.online/ve-kamleya-instrumental-eHCMJMl6</loc>
    </url>
    <url>
      <loc>https://mobcup-ringtones.online/tum-tak-hindi-song-WKDXe74j</loc>
    </url>
    <url>
      <loc>https://mobcup-ringtones.online/ve-kamleya-VzSmFto5</loc>
    </url>
    <url>
      <loc>https://mobcup-ringtones.online/sanson-ki-mala-instrumental-ringtone-download-31nGvaBu</loc>
    </url>
    <url>
      <loc>https://mobcup-ringtones.online/shubhaarambh-hindi-song-BQuuuExZ</loc>
    </url>
    <url>
      <loc>https://mobcup-ringtones.online/yeh-shubharambh-oh-shubharambh-T0HIikr1</loc>
    </url>
    <url>
      <loc>https://mobcup-ringtones.online/meri-zindagi-hai-tu-jubin-nautiyal-neeti-mohan-hindi-17AmsDmh</loc>
    </url>
    <url>
      <loc>https://mobcup-ringtones.online/meri-zindagi-hai-tu-instrumental-gzfyQEgV</loc>
    </url>
    <url>
      <loc>https://mobcup-ringtones.online/ye-nazar-bhi-ajeeb-thi-garba-6TR8q8Ye</loc>
    </url>
    <url>
      <loc>https://mobcup-ringtones.online/meri-maa-ne-balao-me-mujhe-pala-hai-rai-anis-sabri-gL76cdbE</loc>
    </url>
    <url>
      <loc>https://mobcup-ringtones.online/sanson-ki-mala-pe-sachet-tandon-hindi-V1gSvbHI</loc>
    </url>
    <url>
      <loc>https://mobcup-ringtones.online/garbe-ki-raat-ringtone-download-pagalworld-c36rDnKi</loc>
    </url>
    <url>
      <loc>https://mobcup-ringtones.online/tum-prem-ho-fXGWZNcy</loc>
    </url>
    <url>
      <loc>https://mobcup-ringtones.online/kamariya-song-download-mp3-ydWbWYsm</loc>
    </url>
    <url>
      <loc>https://mobcup-ringtones.online/dk-melody-yeh-kaali-kaali-aankhen-banjo-gmyvfFtu</loc>
    </url>
    <url>
      <loc>https://mobcup-ringtones.online/kesariyo-rang-dev-negi-garba-song-nkixQGB0</loc>
    </url>
    <url>
      <loc>https://mobcup-ringtones.online/ae-dil-hai-mushkil-hindi-song-Dm60J1VE</loc>
    </url>
    <url>
      <loc>https://mobcup-ringtones.online/garba-kesariyo-rang-lsb222fp</loc>
    </url>
    <url>
      <loc>https://mobcup-ringtones.online/kesariyo-rang-HILeZTIi</loc>
    </url>
    <url>
      <loc>https://mobcup-ringtones.online/main-balak-tu-mata-sherawaliye-jubin-nautiyal-hindi-c6ncpBU5</loc>
    </url>
    <url>
      <loc>https://mobcup-ringtones.online/kesariyo-rang-song-zzrUSh0e</loc>
    </url>
    <url>
      <loc>https://mobcup-ringtones.online/tere-sang-ishq-hua-arijit-singh-hindi-bcT2224a</loc>
    </url>
    <url>
      <loc>https://mobcup-ringtones.online/ye-tune-kya-kiya-hindi-song-L9taYA7T</loc>
    </url>
    <url>
      <loc>https://mobcup-ringtones.online/real-girl-voice-mp3-download-hindi-Cn6ovHbw</loc>
    </url>
    <url>
      <loc>https://mobcup-ringtones.online/birthday-song-for-brother-in-hindi-mp3-TbmXedlQ</loc>
    </url>
    <url>
      <loc>https://mobcup-ringtones.online/hum-katha-sunate-ringtone-download-pagalworld-mp3-hindi-instrumental-Qk2JHBCj</loc>
    </url>
    <url>
      <loc>https://mobcup-ringtones.online/jesus-ringtone-hindi-mp3-download-0A6HtVlm</loc>
    </url>
    <url>
      <loc>https://mobcup-ringtones.online/ram-ram-jai-raja-ram-instrumental-ringtone-download-hindi-QhJPV8jn</loc>
    </url>
    <url>
      <loc>https://mobcup-ringtones.online/free-download-kid-songs-mp3-audio-hindi-SQYScHk5</loc>
    </url>
    <url>
      <loc>https://mobcup-ringtones.online/hindi-funny-ringtone-download-mp3-C0QSqz9A</loc>
    </url>
    <url>
      <loc>https://mobcup-ringtones.online/policewala-gunda-2-hindi-movie-EiNwJ8CS</loc>
    </url>
    <url>
      <loc>https://mobcup-ringtones.online/hindi-gojol-ringtone-download-mp3-yvGmunQm</loc>
    </url>
    <url>
      <loc>https://mobcup-ringtones.online/tu-hai-to-dil-dhadakta-hai-ringtone-female-version-pagal-hindi-lbb41mgW</loc>
    </url>
    <url>
      <loc>https://mobcup-ringtones.online/tere-bin-drama-ringtone-mp3-download-hindi-TUnp5wRM</loc>
    </url>
    <url>
      <loc>https://mobcup-ringtones.online/sajna-ve-sajna-shehnaaz-gill-rajkummar-rao-tripti-dimri-hindi-Itiw5c0z</loc>
    </url>
    <url>
      <loc>https://mobcup-ringtones.online/sajna-ve-sajna-hindi-song-tyeMbSzp</loc>
    </url>
    <url>
      <loc>https://mobcup-ringtones.online/sajna-ve-sajna-vicky-vidya-ka-woh-wala-video-rajkummar-rao-tripti-dimri-hindi-vJGH6jSI</loc>
    </url>
    <url>
      <loc>https://mobcup-ringtones.online/pyaar-kartey-hain-hindi-song-MHcK87rq</loc>
    </url>
    <url>
      <loc>https://mobcup-ringtones.online/sajna-ve-sajna-sunidhi-chauhan-divya-kumar-hindi-qNhsnDNp</loc>
    </url>
    <url>
      <loc>https://mobcup-ringtones.online/pyaar-kartey-hain-neil-bhatt-aishwarya-sharma-hindi-EcbQlWrg</loc>
    </url>
    <url>
      <loc>https://mobcup-ringtones.online/pyaar-kartey-hain-payal-dev-laqshay-kapoor-hindi-BuaqBMxK</loc>
    </url>
    <url>
      <loc>https://mobcup-ringtones.online/sajna-ve-sajna-vicky-vidya-ka-woh-wala-video-hindi-pHFqHVju</loc>
    </url>
    <url>
      <loc>https://mobcup-ringtones.online/pyaar-kartey-hain-payal-dev-laqshay-kapoor-neil-bhatt-aishwarya-sharma-eFcxboya</loc>
    </url>
    <url>
      <loc>https://mobcup-ringtones.online/maa-ka-phone-aaya-IQDv3FOi</loc>
    </url>
    <url>
      <loc>https://mobcup-ringtones.online/maa-o-meri-maa-udit-narayan-jyotsna-hardikar-hindi-ZphiVNQ2</loc>
    </url>
    <url>
      <loc>https://mobcup-ringtones.online/maro-ji-koni-lage-maa-mZCRfykV</loc>
    </url>
    <url>
      <loc>https://mobcup-ringtones.online/allah-maaf-kare-hindi-song-osORHOsm</loc>
    </url>
    <url>
      <loc>https://mobcup-ringtones.online/maa-mujhe-apne-aanchal-mein-chupa-le-ringtone-download-pagalworld-mtUTbsv6</loc>
    </url>
    <url>
      <loc>https://mobcup-ringtones.online/ya-rab-meri-maa-baap-ki-umar-badha-de-cIGdY0Hw</loc>
    </url>
    <url>
      <loc>https://mobcup-ringtones.online/kheench-maari-raga-hindi-SFrHmhb8</loc>
    </url>
    <url>
      <loc>https://mobcup-ringtones.online/maa-tujhe-salaam-music-mNrlW8st</loc>
    </url>
    <url>
      <loc>https://mobcup-ringtones.online/alag-aasmaan-anuv-jain-hindi-D90IGjls</loc>
    </url>
    <url>
      <loc>https://mobcup-ringtones.online/khuda-aur-mohabbat-rrBwxbtP</loc>
    </url>
    <url>
      <loc>https://mobcup-ringtones.online/anthem-of-martin-song-hindi-RAZIxbjo</loc>
    </url>
    <url>
      <loc>https://mobcup-ringtones.online/tenu-sang-rakhna-hindi-song-pzHVgMZW</loc>
    </url>
    <url>
      <loc>https://mobcup-ringtones.online/kehna-galat-galat-jyoti-nooran-hindi-K160RW3k</loc>
    </url>
    <url>
      <loc>https://mobcup-ringtones.online/teri-thapki-maa-bataye-5Vfzsd9E</loc>
    </url>
    <url>
      <loc>https://mobcup-ringtones.online/mere-jaise-toh-milenge-milenge-hum-nahi-REwRpb5t</loc>
    </url>
    <url>
      <loc>https://mobcup-ringtones.online/mushkil-hai-hindi-song-cUACvFUn</loc>
    </url>
    <url>
      <loc>https://mobcup-ringtones.online/kehna-galat-galat-song-pHNAQKg1</loc>
    </url>
    <url>
      <loc>https://mobcup-ringtones.online/anthem-of-martin-prudhvi-chandra-hindi-KUXXfjoi</loc>
    </url>
    <url>
      <loc>https://mobcup-ringtones.online/millionaire-instrumental-bgm-jug8B8vA</loc>
    </url>
    <url>
      <loc>https://mobcup-ringtones.online/kal-raat-tum-kahan-the-batana-sahi-sahi-kehna-galat-galat-jyoti-nooran-hindi-Nki5AAB6</loc>
    </url>
    <url>
      <loc>https://mobcup-ringtones.online/chumma-rajkumar-rao-tripti-dimri-vicky-vidya-ka-woh-wala-video-L0AkqJfo</loc>
    </url>
    <url>
      <loc>https://mobcup-ringtones.online/o-maine-tere-rang-tere-rang-mushkil-hai-vishal-mishra-hansika-pareek-hindi-iM8lpmJk</loc>
    </url>
    <url>
      <loc>https://mobcup-ringtones.online/chumma-rajkumar-rao-tripti-dimri-hindi-u1MdpdLw</loc>
    </url>
    <url>
      <loc>https://mobcup-ringtones.online/chumma-pawan-singh-hindi-song-yaeZ4LXo</loc>
    </url>
    <url>
      <loc>https://mobcup-ringtones.online/chumma-pawan-singh-rupali-jagga-rupesh-mishra-hindi-tsloch38</loc>
    </url>
    <url>
      <loc>https://mobcup-ringtones.online/mushkil-hai-vishal-mishra-hansika-pareek-hindi-A73umodY</loc>
    </url>
    <url>
      <loc>https://mobcup-ringtones.online/mushkil-hai-rajkummar-rao-tripti-dimri-hindi-ZtguhYat</loc>
    </url>
    <url>
      <loc>https://mobcup-ringtones.online/dam-tu-dikhaja-bgm-instrumental-j2V5RtCA</loc>
    </url>
    <url>
      <loc>https://mobcup-ringtones.online/dam-tu-dikhaja-nakash-aziz-game-changer-t21E3Z3T</loc>
    </url>
    <url>
      <loc>https://mobcup-ringtones.online/mushkil-hai-song-4aEyPoMc</loc>
    </url>
    <url>
      <loc>https://mobcup-ringtones.online/ye-tune-kya-kiya-arijit-singh-hindi-szosByd2</loc>
    </url>
    <url>
      <loc>https://mobcup-ringtones.online/meri-maa-song-MjOoQda0</loc>
    </url>
    <url>
      <loc>https://mobcup-ringtones.online/verse-fusion-JVViSfbq</loc>
    </url>
    <url>
      <loc>https://mobcup-ringtones.online/tenu-sang-rakhna-arijit-singh-anumita-nadesan-achint-thakkar-hindi-4qnr8WDO</loc>
    </url>
    <url>
      <loc>https://mobcup-ringtones.online/sanson-ki-mala-instrumental-3htUxB0c</loc>
    </url>
    <url>
      <loc>https://mobcup-ringtones.online/tenu-sang-rakhna-alia-bhatt-vedang-raina-jigra-hindi-9jgGVWV3</loc>
    </url>
    <url>
      <loc>https://mobcup-ringtones.online/raanjhan-sachet-parampara-hindi-Y0JuU5Vj</loc>
    </url>
    <url>
      <loc>https://mobcup-ringtones.online/teri-thapki-maa-bataye-CiGNJNjx</loc>
    </url>
    <url>
      <loc>https://mobcup-ringtones.online/tenu-sang-rakhna-song-n1obY88y</loc>
    </url>
    <url>
      <loc>https://mobcup-ringtones.online/sanson-ki-mala-pe-JzjR6YYq</loc>
    </url>
    <url>
      <loc>https://mobcup-ringtones.online/kabhi-fursat-ho-to-jagdambe-sonu-nigam-cuqycMqU</loc>
    </url>
    <url>
      <loc>https://mobcup-ringtones.online/maa-ki-dua-song-WvefQqhT</loc>
    </url>
    <url>
      <loc>https://mobcup-ringtones.online/meri-maa-ne-balao-me-mujhe-pala-hai-YrrvOPCX</loc>
    </url>
    <url>
      <loc>https://mobcup-ringtones.online/kaun-haraye-us-bete-ko-maa-ka-mann-vishal-mishra-hindi-Js6ndOVE</loc>
    </url>
    <url>
      <loc>https://mobcup-ringtones.online/durga-hai-meri-man-ambe-hai-meri-man-vis7azMV</loc>
    </url>
    <url>
      <loc>https://mobcup-ringtones.online/wo-hote-hai-kismat-wale-jinki-maa-hoti-hai-mp3-5sejLh4J</loc>
    </url>
    <url>
      <loc>https://mobcup-ringtones.online/tera-prem-anokha-hai-maiya-ringtone-download-mp3-wQHn6Nu7</loc>
    </url>
    <url>
      <loc>https://mobcup-ringtones.online/jaise-auro-ke-liye-hai-dukh-dur-maa-RzgPu2cQ</loc>
    </url>
    <url>
      <loc>https://mobcup-ringtones.online/jagdati-pahado-wali-maa-mp3-song-m3iaVOvf</loc>
    </url>
    <url>
      <loc>https://mobcup-ringtones.online/maa-ka-mann-vishal-mishra-hindi-4OyslITC</loc>
    </url>
    <url>
      <loc>https://mobcup-ringtones.online/main-balak-tu-mata-sherawaliye-jubin-nautiyal-w5o6v2LT</loc>
    </url>
    <url>
      <loc>https://mobcup-ringtones.online/maa-sherawaliye-sonu-nigam-hindi-i43YO3Yw</loc>
    </url>
    <url>
      <loc>https://mobcup-ringtones.online/nange-nange-paon-chal-aa-gaya-ri-narendra-chanchal-hindi-204XaDlK</loc>
    </url>
    <url>
      <loc>https://mobcup-ringtones.online/navratri-special-ringtone-2024-wbevROol</loc>
    </url>
    <url>
      <loc>https://mobcup-ringtones.online/me-pardesi-hu-paheli-bar-aaya-hu-dkluEm0G</loc>
    </url>
    <url>
      <loc>https://mobcup-ringtones.online/aa-maa-aa-tujhe-dil-ne-pukara-babla-mehta-hindi-b7vi5ntz</loc>
    </url>
    <url>
      <loc>https://mobcup-ringtones.online/alo-alo-maa-durga-maa-shreya-ghoshal-hindi-IV06mJob</loc>
    </url>
    <url>
      <loc>https://mobcup-ringtones.online/main-balak-tu-mata-jubin-nautiyal-hindi-0on9IgM9</loc>
    </url>
    <url>
      <loc>https://mobcup-ringtones.online/mata-vaishno-ke-aaye-navrate-narendra-chanchal-hindi-2Jblyw9b</loc>
    </url>
    <url>
      <loc>https://mobcup-ringtones.online/durga-amritwani-anuradha-paudwal-hyec4b5K</loc>
    </url>
    <url>
      <loc>https://mobcup-ringtones.online/aaj-bhi-2-song-mE0lRWQ3</loc>
    </url>
    <url>
      <loc>https://mobcup-ringtones.online/raghupati-raghav-raja-ram-Zc8Zxcra</loc>
    </url>
    <url>
      <loc>https://mobcup-ringtones.online/kabhi-main-kabhi-tum-bgm-dlK1alSU</loc>
    </url>
    <url>
      <loc>https://mobcup-ringtones.online/taaza-khabar-whistle-ringtone-download-pagalworld-instrumental-DJgBwQ2c</loc>
    </url>
    <url>
      <loc>https://mobcup-ringtones.online/maiya-jag-kalyani-main-pardesi-hoon-hindi-h0WBbGVy</loc>
    </url>
    <url>
      <loc>https://mobcup-ringtones.online/main-pardesi-hoon-song-wGUByFFO</loc>
    </url>
    <url>
      <loc>https://mobcup-ringtones.online/taaza-khabar-whistle-K4F9ZaJt</loc>
    </url>
    <url>
      <loc>https://mobcup-ringtones.online/taaza-khabar-theme-ringtone-download-IiU2HAY0</loc>
    </url>
    <url>
      <loc>https://mobcup-ringtones.online/dekho-na-khud-ko-zara-song-p0G5MV8S</loc>
    </url>
    <url>
      <loc>https://mobcup-ringtones.online/yeh-kaali-kaali-aankhen-remix-uo2HVyny</loc>
    </url>
    <url>
      <loc>https://mobcup-ringtones.online/tinka-tinka-jode-jaye-ANFUI4Iz</loc>
    </url>
    <url>
      <loc>https://mobcup-ringtones.online/birthday-song-GVFrAhGj</loc>
    </url>
    <url>
      <loc>https://mobcup-ringtones.online/yeh-tune-kya-kiya-lofi-slowed-reverb-Y9EBhqpC</loc>
    </url>
    <url>
      <loc>https://mobcup-ringtones.online/taaza-khabar-theme-dMbL0SP1</loc>
    </url>
    <url>
      <loc>https://mobcup-ringtones.online/ye-tune-kya-kiya-javed-bashir-hindi-song-SMiN9RL9</loc>
    </url>
    <url>
      <loc>https://mobcup-ringtones.online/akhiyan-gulab-mitraz-hindi-song-7Yhd1AsC</loc>
    </url>
    <url>
      <loc>https://mobcup-ringtones.online/i-love-you-FG3ymukb</loc>
    </url>
    <url>
      <loc>https://mobcup-ringtones.online/meri-maa-ke-barabar-koi-nahi-jubin-nautiyal-UEtsFLgP</loc>
    </url>
    <url>
      <loc>https://mobcup-ringtones.online/mera-bhai-tu-naved-shaikh-mr-sohu-hindi-xplqsBCp</loc>
    </url>
    <url>
      <loc>https://mobcup-ringtones.online/taaza-khabar-ringtone-download-pagalworld-o6zrxSWr</loc>
    </url>
    <url>
      <loc>https://mobcup-ringtones.online/jannat-2-bgm-instrumental-krKwfJpH</loc>
    </url>
    <url>
      <loc>https://mobcup-ringtones.online/yeh-kaali-kaali-aankhen-banjo-VaXGOBC6</loc>
    </url>
    <url>
      <loc>https://mobcup-ringtones.online/humnava-mere-instrumental-J0gvZd4F</loc>
    </url>
    <url>
      <loc>https://mobcup-ringtones.online/tinka-tinka-jode-jaye-kaffara-hindi-kN67yA1s</loc>
    </url>
    <url>
      <loc>https://mobcup-ringtones.online/khushi-badhti-jani-chahiye-ScvznFNO</loc>
    </url>
    <url>
      <loc>https://mobcup-ringtones.online/khushi-badhti-jani-chahiye-instagram-reels-cwxbiEsy</loc>
    </url>
    <url>
      <loc>https://mobcup-ringtones.online/tere-sang-yaara-hindi-song-pL9KVr7b</loc>
    </url>
    <url>
      <loc>https://mobcup-ringtones.online/tujh-bin-ringtone-download-pagalworld-mp3-EZrOChOh</loc>
    </url>
    <url>
      <loc>https://mobcup-ringtones.online/dekho-na-khud-ko-zara-song-mnVV1ThH</loc>
    </url>
    <url>
      <loc>https://mobcup-ringtones.online/nainowale-ne-song-ez27aLsV</loc>
    </url>
    <url>
      <loc>https://mobcup-ringtones.online/tum-tak-song-4MBRBESQ</loc>
    </url>
    <url>
      <loc>https://mobcup-ringtones.online/sun-raha-hai-na-tu-flute-instrumental-B2oj2wWe</loc>
    </url>
    <url>
      <loc>https://mobcup-ringtones.online/maula-mere-maula-instrumental-bgm-HI2QNBot</loc>
    </url>
    <url>
      <loc>https://mobcup-ringtones.online/supne-ranjit-bawa-punjabi-KXrtWGqA</loc>
    </url>
    <url>
      <loc>https://mobcup-ringtones.online/tum-tak-lofi-slowed-reverb-eLrkfXKN</loc>
    </url>
    <url>
      <loc>https://mobcup-ringtones.online/kuch-na-kaho-instrumental-Aner4H48</loc>
    </url>
    <url>
      <loc>https://mobcup-ringtones.online/puche-ye-tu-ki-tujhme-jo-tum-mere-ho-anuv-jain-hindi-7KGkAuOW</loc>
    </url>
    <url>
      <loc>https://mobcup-ringtones.online/maula-mere-maula-flute-9Z33CosP</loc>
    </url>
    <url>
      <loc>https://mobcup-ringtones.online/aaj-bhi-2-vishal-mishra-hindi-3DQGrIZ3</loc>
    </url>
    <url>
      <loc>https://mobcup-ringtones.online/sunn-raha-hai-na-tu-ankit-tiwari-hindi-song-kCMV5saj</loc>
    </url>
    <url>
      <loc>https://mobcup-ringtones.online/supne-ranjit-bawa-simar-kaur-punjabi-ZcZoekPR</loc>
    </url>
    <url>
      <loc>https://mobcup-ringtones.online/vennilavu-saral-nee-PczE0MPe</loc>
    </url>
    <url>
      <loc>https://mobcup-ringtones.online/karwa-chauth-ka-vrat-song-mp3-download-YBWZFD9Q</loc>
    </url>
    <url>
      <loc>https://mobcup-ringtones.online/this-is-for-you-kanna-song-fEvVUI41</loc>
    </url>
    <url>
      <loc>https://mobcup-ringtones.online/pehla-tere-nain-dekheya-j20pGsfu</loc>
    </url>
    <url>
      <loc>https://mobcup-ringtones.online/irul-parappil-song-download-ringtone-mp3-ivaBy5Jt</loc>
    </url>
    <url>
      <loc>https://mobcup-ringtones.online/remo-birthday-bgm-mp3-download-3nALyz70</loc>
    </url>
    <url>
      <loc>https://mobcup-ringtones.online/aj-sara-bela-L92t70lR</loc>
    </url>
    <url>
      <loc>https://mobcup-ringtones.online/tu-khara-mun-chaai-song-download-MM3nLvBs</loc>
    </url>
    <url>
      <loc>https://mobcup-ringtones.online/tere-liye-paya-chooda-song-mp3-download-MuWqEG2g</loc>
    </url>
    <url>
      <loc>https://mobcup-ringtones.online/el-miedo-billa-sonipat-ala-deepty-haryanvi-urdkSkXa</loc>
    </url>
    <url>
      <loc>https://mobcup-ringtones.online/mangni-mahi-sharma-punjabi-BiF8qChm</loc>
    </url>
    <url>
      <loc>https://mobcup-ringtones.online/bolo-iya-raBzncyY</loc>
    </url>
    <url>
      <loc>https://mobcup-ringtones.online/el-miedo-billa-sonipat-ala-samridhi-puri-haryanvi-Ws4qfTOY</loc>
    </url>
    <url>
      <loc>https://mobcup-ringtones.online/balamuwa-ke-ballam-samar-singh-neha-raj-bhojpuri-DqvXCBT8</loc>
    </url>
    <url>
      <loc>https://mobcup-ringtones.online/vachindamma-telugu-song-gUWmKEDl</loc>
    </url>
    <url>
      <loc>https://mobcup-ringtones.online/pagal-ringtone-download-mp3-hAtJ74Y6</loc>
    </url>
    <url>
      <loc>https://mobcup-ringtones.online/ekkadiki-pothavu-chinnavada-ringtones-mp3-hnvbnNmU</loc>
    </url>
    <url>
      <loc>https://mobcup-ringtones.online/yaad-satave-sumit-parta-haryanvi-VR0bpCTr</loc>
    </url>
    <url>
      <loc>https://mobcup-ringtones.online/venilavu-saaral-amaran-sai-pallavi-sivakarthikeyan-tamil-rG2bRLJB</loc>
    </url>
    <url>
      <loc>https://mobcup-ringtones.online/chakkare-song-ringtone-download-LEu29bj4</loc>
    </url>
    <url>
      <loc>https://mobcup-ringtones.online/pehla-tere-nain-dekhe-song-punjabi-qGwDx4BI</loc>
    </url>
    <url>
      <loc>https://mobcup-ringtones.online/karwa-chauth-song-mp3-download-pagalworld-ringtone-instrumental-U5lup6sm</loc>
    </url>
    <url>
      <loc>https://mobcup-ringtones.online/venilavu-saaral-sai-pallavi-sivakarthikeyan-tamil-tRtHNHBE</loc>
    </url>
    <url>
      <loc>https://mobcup-ringtones.online/karwa-chauth-jass-manak-punjabi-Kr2j7MCa</loc>
    </url>
    <url>
      <loc>https://mobcup-ringtones.online/dheema-song-download-L9TsqbJk</loc>
    </url>
    <url>
      <loc>https://mobcup-ringtones.online/life-partner-ringtone-download-tamil-female-version-FZ7CyxEV</loc>
    </url>
    <url>
      <loc>https://mobcup-ringtones.online/ve-m-karwa-chauth-da-vart-soniya-Dr736CIC</loc>
    </url>
    <url>
      <loc>https://mobcup-ringtones.online/tere-liye-paya-juda-tere-liye-bindiya-vZmokRsG</loc>
    </url>
    <url>
      <loc>https://mobcup-ringtones.online/tere-liye-hi-paya-chooda-mp3-song-download-fjBwF94p</loc>
    </url>
    <url>
      <loc>https://mobcup-ringtones.online/tujh-bin-sYRkweRg</loc>
    </url>
    <url>
      <loc>https://mobcup-ringtones.online/chann-sitare-ammy-virk-punjabi-HkCvWAuh</loc>
    </url>
    <url>
      <loc>https://mobcup-ringtones.online/cheap-thrills-song-download-mp3-pagalworld-instrumental-cwZJ6jPq</loc>
    </url>
    <url>
      <loc>https://mobcup-ringtones.online/thee-illai-bgm-ZXSeaJaE</loc>
    </url>
    <url>
      <loc>https://mobcup-ringtones.online/ya-ya-ya-yadava-malayalam-song-mp3-free-download-IDTt2KAQ</loc>
    </url>
    <url>
      <loc>https://mobcup-ringtones.online/dheema-dheema-Ebd4JHaL</loc>
    </url>
    <url>
      <loc>https://mobcup-ringtones.online/love-insurance-kompany-song-download-dayzlncQ</loc>
    </url>
    <url>
      <loc>https://mobcup-ringtones.online/nagiro-nagiraro-song-download-mp3-WZ9Kbcrr</loc>
    </url>
    <url>
      <loc>https://mobcup-ringtones.online/aakashame-nuvvani-song-download-vU9UjEZP</loc>
    </url>
    <url>
      <loc>https://mobcup-ringtones.online/world-best-ringtone-instrumental-romantic-nIV2cybs</loc>
    </url>
    <url>
      <loc>https://mobcup-ringtones.online/chogada-unplugged-3IOcNMUT</loc>
    </url>
    <url>
      <loc>https://mobcup-ringtones.online/vayyari-godari-song-download-mp3-laEWQ5Un</loc>
    </url>
    <url>
      <loc>https://mobcup-ringtones.online/hey-rangule-bgm-bzbB9Aum</loc>
    </url>
    <url>
      <loc>https://mobcup-ringtones.online/hey-rangule-telugu-song-jM8yJMB6</loc>
    </url>
    <url>
      <loc>https://mobcup-ringtones.online/ve-kamleya-arijit-singh-hindi-CFbxoijB</loc>
    </url>
    <url>
      <loc>https://mobcup-ringtones.online/yeh-kaali-kaali-aankhen-instrumental-banjo-f9zaXhmx</loc>
    </url>
    <url>
      <loc>https://mobcup-ringtones.online/maru-man-mohi-gayu-song-ringtone-download-male-version-F16HqYhW</loc>
    </url>
    <url>
      <loc>https://mobcup-ringtones.online/ve-kamleya-lofi-slowed-reverb-Hm7fHb9q</loc>
    </url>
    <url>
      <loc>https://mobcup-ringtones.online/instrumental-ringtone-download-mp3-pagalworld-14epGse4</loc>
    </url>
    <url>
      <loc>https://mobcup-ringtones.online/vipin-violin-ringtone-download-pagalworld-mo90ndFb</loc>
    </url>
    <url>
      <loc>https://mobcup-ringtones.online/hey-minnale-bgm-tamil-gNSMUzUw</loc>
    </url>
    <url>
      <loc>https://mobcup-ringtones.online/anguvana-konil-song-WLzMahOH</loc>
    </url>
    <url>
      <loc>https://mobcup-ringtones.online/tum-saath-ho-tamil-version-download-SCMgX6AL</loc>
    </url>
    <url>
      <loc>https://mobcup-ringtones.online/nenemi-naa-song-gaMeovS1</loc>
    </url>
    <url>
      <loc>https://mobcup-ringtones.online/kiliye-malayalam-song-vh8Ky15h</loc>
    </url>
    <url>
      <loc>https://mobcup-ringtones.online/kanmani-anbodu-ringtone-instrumental-9zapFMAO</loc>
    </url>
    <url>
      <loc>https://mobcup-ringtones.online/hey-rangule-anurag-kulkarni-ramya-behara-telugu-kQ33uxdM</loc>
    </url>
    <url>
      <loc>https://mobcup-ringtones.online/maru-man-mohi-gayu-song-E3Jh5gZk</loc>
    </url>
    <url>
      <loc>https://mobcup-ringtones.online/hey-minnale-amaran-song-tamil-a98reYAV</loc>
    </url>
    <url>
      <loc>https://mobcup-ringtones.online/hey-minnale-amaran-song-download-3y1YUHdQ</loc>
    </url>
    <url>
      <loc>https://mobcup-ringtones.online/moham-kondal-song-malayalam-cE44NKKq</loc>
    </url>
    <url>
      <loc>https://mobcup-ringtones.online/maru-man-mohi-gayu-esAm3fy2</loc>
    </url>
    <url>
      <loc>https://mobcup-ringtones.online/life-partner-ringtone-download-tamil-female-version-VbsPonDA</loc>
    </url>
    <url>
      <loc>https://mobcup-ringtones.online/maru-man-mohi-gayu-santvani-trivedi-gujarati-0Ohb5BV4</loc>
    </url>
    <url>
      <loc>https://mobcup-ringtones.online/one-love-song-punjabi-86Lk7OuP</loc>
    </url>
    <url>
      <loc>https://mobcup-ringtones.online/heart-touching-flute-ringtone-download-pagalworld-XSoaGSfU</loc>
    </url>
    <url>
      <loc>https://mobcup-ringtones.online/keteki-flute-iFDBkmBY</loc>
    </url>
    <url>
      <loc>https://mobcup-ringtones.online/tu-haiye-haali-aave-zg5vFH4U</loc>
    </url>
    <url>
      <loc>https://mobcup-ringtones.online/maula-mere-maula-instrumental-ringtone-download-GSS8CYbi</loc>
    </url>
    <url>
      <loc>https://mobcup-ringtones.online/maru-man-mohi-gayu-gujarati-song-V3lOL801</loc>
    </url>
    <url>
      <loc>https://mobcup-ringtones.online/kali-bindi-marathi-song-Vb5PN5fh</loc>
    </url>
    <url>
      <loc>https://mobcup-ringtones.online/malayalam-flute-zzwqjB3n</loc>
    </url>
    <url>
      <loc>https://mobcup-ringtones.online/kali-bindi-sanju-rathod-akriti-negi-marathi-npHYV26d</loc>
    </url>
    <url>
      <loc>https://mobcup-ringtones.online/kali-bindi-sanju-rathod-akriti-negi-DKYLNw1U</loc>
    </url>
    <url>
      <loc>https://mobcup-ringtones.online/doctory-punjabi-song-LNu2XiT5</loc>
    </url>
    <url>
      <loc>https://mobcup-ringtones.online/doctory-mankirt-aulakh-gungun-bakshi-avvy-sra-punjabi-BxBU1twD</loc>
    </url>
    <url>
      <loc>https://mobcup-ringtones.online/doctory-mankirt-aulakh-punjabi-FW9zanOF</loc>
    </url>
    <url>
      <loc>https://mobcup-ringtones.online/doctory-mankirt-aulakh-gungun-bakshi-punjabi-QWISJpXk</loc>
    </url>
    <url>
      <loc>https://mobcup-ringtones.online/kali-bindi-bgm-instrumental-bimiHs9E</loc>
    </url>
    <url>
      <loc>https://mobcup-ringtones.online/kali-bindi-sanju-rathod-marathi-RMWK6x1k</loc>
    </url>
    <url>
      <loc>https://mobcup-ringtones.online/thai-thakka-kalyanam-kapil-kapilan-aparna-tamil-zyTTm6fH</loc>
    </url>
    <url>
      <loc>https://mobcup-ringtones.online/kiven-karange-guzara-gurdas-maan-punjabi-IfQqWr4L</loc>
    </url>
    <url>
      <loc>https://mobcup-ringtones.online/nenjil-maamazhai-mp3-song-download-masstamilan-6YVFcabE</loc>
    </url>
    <url>
      <loc>https://mobcup-ringtones.online/chillanjirukkiye-song-5gVsZ1Wn</loc>
    </url>
    <url>
      <loc>https://mobcup-ringtones.online/kanmani-anbodu-whistle-instrumental-J0OpCQkm</loc>
    </url>
    <url>
      <loc>https://mobcup-ringtones.online/hithalaka-karibyada-maava-song-NnDC54lp</loc>
    </url>
    <url>
      <loc>https://mobcup-ringtones.online/kiliye-song-WjQCrvBL</loc>
    </url>
    <url>
      <loc>https://mobcup-ringtones.online/mushkil-hai-vicky-vidya-ka-woh-wala-video-hindi-song-kFDEynFW</loc>
    </url>
    <url>
      <loc>https://mobcup-ringtones.online/haye-tu-badal-gaya-baby-baby-nimrat-khaira-punjabi-X50wqYZZ</loc>
    </url>
    <url>
      <loc>https://mobcup-ringtones.online/hey-minnale-song-KgRRBxRq</loc>
    </url>
    <url>
      <loc>https://mobcup-ringtones.online/maara-movie-bgm-59PieGoE</loc>
    </url>
    <url>
      <loc>https://mobcup-ringtones.online/kaalamaagi-chusina-song-RVcMD4el</loc>
    </url>
    <url>
      <loc>https://mobcup-ringtones.online/adiye-bgm-ringtone-download-i5GFdyis</loc>
    </url>
    <url>
      <loc>https://mobcup-ringtones.online/aakashame-nuvvani-ringtone-download-mp3-8suXYNx2</loc>
    </url>
    <url>
      <loc>https://mobcup-ringtones.online/jiji-maa-ringtone-download-pagalworld-wk0J4Xob</loc>
    </url>
    <url>
      <loc>https://mobcup-ringtones.online/maru-jenmam-irunthal-kooda-song-download-T6kENurK</loc>
    </url>
    <url>
      <loc>https://mobcup-ringtones.online/majha-yek-number-malaika-arora-siddharth-marathi-YDgJW6Rf</loc>
    </url>
    <url>
      <loc>https://mobcup-ringtones.online/tum-tak-ar-rahman-hindi-taV94vXC</loc>
    </url>
    <url>
      <loc>https://mobcup-ringtones.online/maru-jenmam-irunthal-kooda-song-9T4tjuwn</loc>
    </url>
    <url>
      <loc>https://mobcup-ringtones.online/yeh-kaali-kaali-aankhen-banjo-mp3-download-JqoB8Cjq</loc>
    </url>
    <url>
      <loc>https://mobcup-ringtones.online/a-love-blossoms-bgm-LVVcskVz</loc>
    </url>
    <url>
      <loc>https://mobcup-ringtones.online/raja-rani-movie-bgm-aOYTPjbI</loc>
    </url>
    <url>
      <loc>https://mobcup-ringtones.online/dhinam-oru-kavithai-song-download-0pQrPOFa</loc>
    </url>
    <url>
      <loc>https://mobcup-ringtones.online/andaaz-miel-punjabi-mAaE0TAQ</loc>
    </url>
    <url>
      <loc>https://mobcup-ringtones.online/premikula-roju-bgm-instrumental-vVRNT0f2</loc>
    </url>
    <url>
      <loc>https://mobcup-ringtones.online/aakashame-nuvvani-song-1bRRF8N4</loc>
    </url>
    <url>
      <loc>https://mobcup-ringtones.online/dhinam-oru-kavithai-song-ringtone-download-masstamilan-aohynqYI</loc>
    </url>
    <url>
      <loc>https://mobcup-ringtones.online/ye-tune-kya-kiya-guitar-instrumental-60eXjV1Q</loc>
    </url>
    <url>
      <loc>https://mobcup-ringtones.online/diamond-raja-naa-songs-RdOaXlnk</loc>
    </url>
    <url>
      <loc>https://mobcup-ringtones.online/amaran-sai-pallavi-intro-bgm-yp4fqwPP</loc>
    </url>
    <url>
      <loc>https://mobcup-ringtones.online/neeve-na-pakkanunte-chale-naa-songs-IICFln6m</loc>
    </url>
    <url>
      <loc>https://mobcup-ringtones.online/sairat-flute-instrumental-PVh3wARb</loc>
    </url>
    <url>
      <loc>https://mobcup-ringtones.online/thinam-oru-kavithai-unai-patriye-VZSunj2z</loc>
    </url>
    <url>
      <loc>https://mobcup-ringtones.online/saaho-love-bgm-ringtone-download-mp3-fiSqnyAW</loc>
    </url>
    <url>
      <loc>https://mobcup-ringtones.online/varayo-varayo-song-ThqZUhe8</loc>
    </url>
    <url>
      <loc>https://mobcup-ringtones.online/un-samayal-arayil-song-bgm-uoI87E4R</loc>
    </url>
    <url>
      <loc>https://mobcup-ringtones.online/dhinam-oru-kavithai-song-84M9JD4R</loc>
    </url>
    <url>
      <loc>https://mobcup-ringtones.online/azhagiya-asura-bgm-ECE1W0P6</loc>
    </url>
    <url>
      <loc>https://mobcup-ringtones.online/kadalalle-bgm-n4I4eOy0</loc>
    </url>
    <url>
      <loc>https://mobcup-ringtones.online/one-love-shubh-punjabi-jN95djkj</loc>
    </url>
    <url>
      <loc>https://mobcup-ringtones.online/kadhal-sugamanathu-song-download-masstamilan-JdZ5mo1E</loc>
    </url>
    <url>
      <loc>https://mobcup-ringtones.online/chahun-main-ya-na-instrumental-Rn5hqbN4</loc>
    </url>
    <url>
      <loc>https://mobcup-ringtones.online/chahun-main-ya-naa-arijit-singh-palak-muchhal-hindi-uxmTasbd</loc>
    </url>
    <url>
      <loc>https://mobcup-ringtones.online/madam-sir-madam-anthe-sid-sriram-telugu-cZ14UvMd</loc>
    </url>
    <url>
      <loc>https://mobcup-ringtones.online/un-paarvaiyil-oraayiram-instrumental-bgm-1lzbvihW</loc>
    </url>
    <url>
      <loc>https://mobcup-ringtones.online/manthayil-ne-mani-theru-song-download-masstamilan-ringtone-instrumental-XZEXsiCQ</loc>
    </url>
    <url>
      <loc>https://mobcup-ringtones.online/kadalalle-song-VIl1dN6A</loc>
    </url>
    <url>
      <loc>https://mobcup-ringtones.online/chahun-main-ya-naa-lofi-slowed-reverb-k3v1tBMI</loc>
    </url>
    <url>
      <loc>https://mobcup-ringtones.online/7th-sense-bgm-nvHdLmVe</loc>
    </url>
    <url>
      <loc>https://mobcup-ringtones.online/anegan-love-bgm-KVD8aUH4</loc>
    </url>
    <url>
      <loc>https://mobcup-ringtones.online/prema-ane-pariksha-rasi-instrumental-VttXOFId</loc>
    </url>
    <url>
      <loc>https://mobcup-ringtones.online/pyar-vyar-bunny-johal-punjabi-hw27ocKi</loc>
    </url>
    <url>
      <loc>https://mobcup-ringtones.online/ye-tune-kya-kiya-song-935pzy6R</loc>
    </url>
    <url>
      <loc>https://mobcup-ringtones.online/ye-raatein-ye-mausam-instrumental-ringtone-mp3-download-e07nJmaj</loc>
    </url>
    <url>
      <loc>https://mobcup-ringtones.online/mere-rashke-qamar-instrumental-JjvfUTSK</loc>
    </url>
    <url>
      <loc>https://mobcup-ringtones.online/chillanjirukkiye-song-ringtone-download-tamil-lmL5kvth</loc>
    </url>
    <url>
      <loc>https://mobcup-ringtones.online/nenemi-anna-ringtone-download-EaOj9ZCk</loc>
    </url>
    <url>
      <loc>https://mobcup-ringtones.online/pyar-vyar-song-download-mp3-yXniVIFM</loc>
    </url>
    <url>
      <loc>https://mobcup-ringtones.online/mere-rashke-qamar-mp3-song-download-6AfUyctb</loc>
    </url>
    <url>
      <loc>https://mobcup-ringtones.online/aadat-instrumental-d1Mjrj2Q</loc>
    </url>
    <url>
      <loc>https://mobcup-ringtones.online/aaja-tenu-sahan-de-dhaage-mp3-download-FIeUbm5L</loc>
    </url>
    <url>
      <loc>https://mobcup-ringtones.online/mere-mehboob-song-YElVHPZD</loc>
    </url>
    <url>
      <loc>https://mobcup-ringtones.online/puche-ye-tu-ki-tujhme-cOoYcNiu</loc>
    </url>
    <url>
      <loc>https://mobcup-ringtones.online/mere-mehboob-shilpa-rao-sachet-tandon-rajkummar-rao-hindi-nvIOYGzG</loc>
    </url>
    <url>
      <loc>https://mobcup-ringtones.online/tere-mere-pyar-nu-nazar-lag-jave-na-73prhPt5</loc>
    </url>
    <url>
      <loc>https://mobcup-ringtones.online/tera-mera-hai-pyar-amar-instrumental-BLW7gT3c</loc>
    </url>
    <url>
      <loc>https://mobcup-ringtones.online/mere-mehboob-shilpa-rao-sachet-tandon-hindi-love-MeUkaJQk</loc>
    </url>
    <url>
      <loc>https://mobcup-ringtones.online/yeh-kaali-kaali-aankhen-instrumental-865Ridj7</loc>
    </url>
    <url>
      <loc>https://mobcup-ringtones.online/mere-mehboob-shilpa-rao-sachet-tandon-hindi-kN3seP73</loc>
    </url>
    <url>
      <loc>https://mobcup-ringtones.online/mere-mehboob-rajkummar-rao-tripti-dimri-hindi-hDJ1VftP</loc>
    </url>
    <url>
      <loc>https://mobcup-ringtones.online/amruta-kolatkar-songs-download-8HjUTZ7O</loc>
    </url>
    <url>
      <loc>https://mobcup-ringtones.online/ishq-ringtone-download-faheem-abdullah-lMDF0EE5</loc>
    </url>
    <url>
      <loc>https://mobcup-ringtones.online/keteki-bgm-ia4FGbFo</loc>
    </url>
    <url>
      <loc>https://mobcup-ringtones.online/gulabi-sadi-song-OZ4B34Uc</loc>
    </url>
    <url>
      <loc>https://mobcup-ringtones.online/akame-poothi-avalanu-sajeer-koppaam-malayalam-Azq8qbny</loc>
    </url>
    <url>
      <loc>https://mobcup-ringtones.online/dekho-na-dekho-na-zulfon-se-anuv-jain-mp3-kJrXsmoM</loc>
    </url>
    <url>
      <loc>https://mobcup-ringtones.online/gulabi-sadi-lofi-slowed-reverb-wV9TGjyL</loc>
    </url>
    <url>
      <loc>https://mobcup-ringtones.online/janaka-aithe-ganaka-telugu-song-gHLs2HEn</loc>
    </url>
    <url>
      <loc>https://mobcup-ringtones.online/yeh-kaali-kaali-aankhen-banjo-instrumental-FtACaccH</loc>
    </url>
    <url>
      <loc>https://mobcup-ringtones.online/kaise-hua-vishal-mishra-kabir-singh-hindi-10MPKMag</loc>
    </url>
    <url>
      <loc>https://mobcup-ringtones.online/amaran-violin-ZRwQG8wC</loc>
    </url>
    <url>
      <loc>https://mobcup-ringtones.online/pranam-kanna-song-bgm-b2ZsL3dN</loc>
    </url>
    <url>
      <loc>https://mobcup-ringtones.online/neeyum-njanum-onnane-song-mp3-download-5d0BIvVx</loc>
    </url>
    <url>
      <loc>https://mobcup-ringtones.online/kamar-damage-khesari-lal-yadav-bhojpuri-eaLBCCV0</loc>
    </url>
    <url>
      <loc>https://mobcup-ringtones.online/nainowale-ne-neeti-mohan-hindi-GqRWrVwW</loc>
    </url>
    <url>
      <loc>https://mobcup-ringtones.online/dhara-kamar-raja-ji-neelkamal-singh-bhojpuri-UI8bQZEJ</loc>
    </url>
    <url>
      <loc>https://mobcup-ringtones.online/nainowale-ne-instrumental-7saJynwI</loc>
    </url>
    <url>
      <loc>https://mobcup-ringtones.online/nainowale-ne-lofi-slowed-reverb-BxMbQTp4</loc>
    </url>
    <url>
      <loc>https://mobcup-ringtones.online/tum-todo-na-dil-mera-instrumental-bgm-q87Riem5</loc>
    </url>
    <url>
      <loc>https://mobcup-ringtones.online/malayalam-nostalgic-4X7mAcE2</loc>
    </url>
    <url>
      <loc>https://mobcup-ringtones.online/aaj-na-ladi-marjaneya-jass-manak-BJe6NLpw</loc>
    </url>
    <url>
      <loc>https://mobcup-ringtones.online/pehla-tere-nain-dekhe-song-NkG3ywKB</loc>
    </url>
    <url>
      <loc>https://mobcup-ringtones.online/tu-hath-fad-ke-leja-sidhua-4qa1PyiU</loc>
    </url>
    <url>
      <loc>https://mobcup-ringtones.online/el-miedo-haryanvi-song-fUWNzqLr</loc>
    </url>
    <url>
      <loc>https://mobcup-ringtones.online/vennilavu-saaral-bgm-TbNFpyfO</loc>
    </url>
    <url>
      <loc>https://mobcup-ringtones.online/abhi-mujh-mein-x-nazar-kadh-deva-song-XcjEewSI</loc>
    </url>
    <url>
      <loc>https://mobcup-ringtones.online/babuaan-se-hila-IvGkJHPD</loc>
    </url>
    <url>
      <loc>https://mobcup-ringtones.online/karwa-chauth-vnt-gaba-a8sDMDvj</loc>
    </url>
    <url>
      <loc>https://mobcup-ringtones.online/super-kannada-ringtone-download-mp3-eAZSdQ5H</loc>
    </url>
    <url>
      <loc>https://mobcup-ringtones.online/yaad-satave-haryanvi-song-2u7TADJO</loc>
    </url>
    <url>
      <loc>https://mobcup-ringtones.online/en-chakkare-song-prZIzaKt</loc>
    </url>
    <url>
      <loc>https://mobcup-ringtones.online/tere-bina-na-guzara-WcoKxkqD</loc>
    </url>
    <url>
      <loc>https://mobcup-ringtones.online/nagiro-song-download-5yFk69sH</loc>
    </url>
    <url>
      <loc>https://mobcup-ringtones.online/tere-bina-na-guzara-e-josh-brar-punjabi-o0hM1ylj</loc>
    </url>
    <url>
      <loc>https://mobcup-ringtones.online/pehla-tere-nain-dekhe-song-download-DSxRMTaM</loc>
    </url>
    <url>
      <loc>https://mobcup-ringtones.online/kammani-ee-premalekha-instrumental-ringtone-download-pagalworld-xexDB6x0</loc>
    </url>
    <url>
      <loc>https://mobcup-ringtones.online/bulbuli-bengali-song-YxuRgokn</loc>
    </url>
    <url>
      <loc>https://mobcup-ringtones.online/hey-rangule-NjllJ3Dx</loc>
    </url>
    <url>
      <loc>https://mobcup-ringtones.online/char-pach-taraliya-todi-gujarati-Pn5Sbfs6</loc>
    </url>
    <url>
      <loc>https://mobcup-ringtones.online/mere-naam-tu-instrumental-ringtone-download-pagalworld-5piYhN7k</loc>
    </url>
    <url>
      <loc>https://mobcup-ringtones.online/heart-touching-bansuri-NKyBkVbU</loc>
    </url>
    <url>
      <loc>https://mobcup-ringtones.online/hithalaka-karibyada-maava-bgm-instrumental-30fCdZTH</loc>
    </url>
    <url>
      <loc>https://mobcup-ringtones.online/marathi-love-song-ringtone-female-version-download-waqgFm7y</loc>
    </url>
    <url>
      <loc>https://mobcup-ringtones.online/sonthamulla-vazhkai-song-ViLW8akP</loc>
    </url>
    <url>
      <loc>https://mobcup-ringtones.online/nazar-kadh-deva-ringtone-download-mp3-hindi-cTSkrnM4</loc>
    </url>
    <url>
      <loc>https://mobcup-ringtones.online/once-more-theme-bgm-Nw3CPL99</loc>
    </url>
    <url>
      <loc>https://mobcup-ringtones.online/vip-marathi-ringtone-download-mp3-WqFRLZBC</loc>
    </url>
    <url>
      <loc>https://mobcup-ringtones.online/love-navratri-ringtone-mp3-download-tbMfGBgW</loc>
    </url>
    <url>
      <loc>https://mobcup-ringtones.online/tamil-flute-EogZQsoG</loc>
    </url>
    <url>
      <loc>https://mobcup-ringtones.online/nee-pottu-vacha-efBlw3sK</loc>
    </url>
    <url>
      <loc>https://mobcup-ringtones.online/kannukulle-unnai-vaithen-kannamma-song-npveG88c</loc>
    </url>
    <url>
      <loc>https://mobcup-ringtones.online/uyire-uyire-bgm-instrumental-mZCTntI4</loc>
    </url>
    <url>
      <loc>https://mobcup-ringtones.online/vandiyila-maman-ponnu-song-drpGyORf</loc>
    </url>
    <url>
      <loc>https://mobcup-ringtones.online/anegan-love-bgm-HtUTizrp</loc>
    </url>
    <url>
      <loc>https://mobcup-ringtones.online/mr-innocent-bgm-2aV8pjPx</loc>
    </url>
    <url>
      <loc>https://mobcup-ringtones.online/un-paarvaiyil-oraayiram-song-download-ReVWbkYJ</loc>
    </url>
    <url>
      <loc>https://mobcup-ringtones.online/love-message-cGqVUdTQ</loc>
    </url>
    <url>
      <loc>https://mobcup-ringtones.online/qismat-song-instrumental-wT0aJ60L</loc>
    </url>
    <url>
      <loc>https://mobcup-ringtones.online/pasamulla-pandiyare-song-download-qL9M7DAN</loc>
    </url>
    <url>
      <loc>https://mobcup-ringtones.online/enna-solla-pogirai-bgm-B0yeCBRu</loc>
    </url>
    <url>
      <loc>https://mobcup-ringtones.online/azhake-changulakkana-song-HCmhZxIP</loc>
    </url>
    <url>
      <loc>https://mobcup-ringtones.online/azhake-changulakkana-TAqOacFO</loc>
    </url>
    <url>
      <loc>https://mobcup-ringtones.online/pottu-vacha-thanga-kudam-Mb0CYSej</loc>
    </url>
    <url>
      <loc>https://mobcup-ringtones.online/taare-zameen-par-song-9KfvNzIr</loc>
    </url>
    <url>
      <loc>https://mobcup-ringtones.online/armed-song-download-malayalam-VaFDVyHd</loc>
    </url>
    <url>
      <loc>https://mobcup-ringtones.online/premikula-roju-bgm-Q10Zzoya</loc>
    </url>
    <url>
      <loc>https://mobcup-ringtones.online/karke-fly-song-download-mp3-aFN2yp78</loc>
    </url>
    <url>
      <loc>https://mobcup-ringtones.online/gummadi-gummadi-bgm-ClhUpxO2</loc>
    </url>
    <url>
      <loc>https://mobcup-ringtones.online/parimitha-neram-instrumental-bgm-NFliPoNX</loc>
    </url>
    <url>
      <loc>https://mobcup-ringtones.online/amma-bgm-3Rg7kwTz</loc>
    </url>
    <url>
      <loc>https://mobcup-ringtones.online/thaen-sudare-song-H1Z2k6cz</loc>
    </url>
    <url>
      <loc>https://mobcup-ringtones.online/armed-song-download-malayalam-2hnb64Gk</loc>
    </url>
    <url>
      <loc>https://mobcup-ringtones.online/yaad-yaad-yaad-bas-yaad-reh-jati-hai-yaad-reh-jaati-hai-b-praak-hindi-bfBP2mxY</loc>
    </url>
    <url>
      <loc>https://mobcup-ringtones.online/o-pass-kehne-ko-mere-yaad-reh-jaati-hai-b-praak-hindi-5RMFnguS</loc>
    </url>
    <url>
      <loc>https://mobcup-ringtones.online/pass-kehne-ko-mere-kuch-bhi-bacha-nahi-yaad-reh-jaati-hai-b-praak-hindi-uFeY3JkX</loc>
    </url>
    <url>
      <loc>https://mobcup-ringtones.online/vijay-patidar-5292-nKCT7n33</loc>
    </url>
    <url>
      <loc>https://mobcup-ringtones.online/tha-sirf-tuhi-mera-tu-bhi-raha-nahi-yaad-reh-jaati-hai-b-praak-hindi-FjBQlWjc</loc>
    </url>
    <url>
      <loc>https://mobcup-ringtones.online/zindagi-aur-bhi-hamain-tadpati-hai-yaad-reh-jaati-hai-b-praak-hindi-uo8PTtEs</loc>
    </url>
    <url>
      <loc>https://mobcup-ringtones.online/samne-kyu-nahi-ho-tum-yaad-reh-jaati-hai-b-praak-payel-dev-hindi-7bzoaNSO</loc>
    </url>
    <url>
      <loc>https://mobcup-ringtones.online/tu-na-ho-to-har-cheez-mit-jati-hai-yaad-reh-jaati-hai-b-praak-hindi-6nWM1FQP</loc>
    </url>
    <url>
      <loc>https://mobcup-ringtones.online/ni-aaja-tenu-sahan-de-dhaage-ch-piro-lavan-diljit-dosanjh-h4wdjC2N</loc>
    </url>
    <url>
      <loc>https://mobcup-ringtones.online/channa-jayi-na-kuldeep-manak-punjabi-ieyArU5n</loc>
    </url>
    <url>
      <loc>https://mobcup-ringtones.online/i-love-you-message-FSGZvVza</loc>
    </url>
    <url>
      <loc>https://mobcup-ringtones.online/tere-mere-pyar-nu-najar-na-lg-jave-diljit-dosanjh-peUGJYnF</loc>
    </url>
    <url>
      <loc>https://mobcup-ringtones.online/ni-aaja-tenu-diljit-dosanjh-punjabi-WgdfNBtm</loc>
    </url>
    <url>
      <loc>https://mobcup-ringtones.online/iniyum-kaanan-varam-song-2LON72TX</loc>
    </url>
    <url>
      <loc>https://mobcup-ringtones.online/main-das-nahi-sakda-andaaz-punjabi-sad-FC7VE70V</loc>
    </url>
    <url>
      <loc>https://mobcup-ringtones.online/iniyum-kanan-varam-lw8OZZv6</loc>
    </url>
    <url>
      <loc>https://mobcup-ringtones.online/iniyum-kaanan-varam-najim-arshad-adios-amigo-malayalam-B3ukw8a4</loc>
    </url>
    <url>
      <loc>https://mobcup-ringtones.online/iniyum-kanan-varam-bgm-7uczFlBk</loc>
    </url>
    <url>
      <loc>https://mobcup-ringtones.online/nanban-oruvan-vantha-piragu-ar-rahman-90s-tamil-songs-4ILbyb6n</loc>
    </url>
    <url>
      <loc>https://mobcup-ringtones.online/na-pakkanunte-chalu-z6WFNl4Z</loc>
    </url>
    <url>
      <loc>https://mobcup-ringtones.online/bus-yara-tere-mar-da-andaaz-MnMF288S</loc>
    </url>
    <url>
      <loc>https://mobcup-ringtones.online/akame-poothi-avalanu-malayalam-song-VrczKd8h</loc>
    </url>
    <url>
      <loc>https://mobcup-ringtones.online/keteki-flute-ringtone-download-pagalworld-s4ciYi0H</loc>
    </url>
    <url>
      <loc>https://mobcup-ringtones.online/kanmani-anbodu-song-THtgLSCz</loc>
    </url>
    <url>
      <loc>https://mobcup-ringtones.online/keteki-sannidhya-bhuyan-tavreed-3QLpF597</loc>
    </url>
    <url>
      <loc>https://mobcup-ringtones.online/kadaisi-ulaga-por-love-bgm-ringtone-kadaisi-ulaga-por-bgm-ringtone-hip-hop-tamizha-aadhi-rn9ylK6K</loc>
    </url>
    <url>
      <loc>https://mobcup-ringtones.online/romantic-female-song-ringtone-download-mp3-RqVKCIXs</loc>
    </url>
    <url>
      <loc>https://mobcup-ringtones.online/kiliye-song-bgm-ZGdqs5oe</loc>
    </url>
    <url>
      <loc>https://mobcup-ringtones.online/tu-muskuraye-ringtone-download-G5b4WyR3</loc>
    </url>
    <url>
      <loc>https://mobcup-ringtones.online/main-ishq-likhu-song-EKuBPdOy</loc>
    </url>
    <url>
      <loc>https://mobcup-ringtones.online/tu-muskuraye-to-dil-ko-chain-aaye-JxtkTBq9</loc>
    </url>
    <url>
      <loc>https://mobcup-ringtones.online/ye-kya-baat-hai-aaj-ki-chandni-me-KGTzHnCq</loc>
    </url>
    <url>
      <loc>https://mobcup-ringtones.online/tum-todo-na-dil-mera-instrumental-rBGIT4Ya</loc>
    </url>
    <url>
      <loc>https://mobcup-ringtones.online/tu-muskuraye-rochak-kohli-hindi-song-4R5LywH8</loc>
    </url>
    <url>
      <loc>https://mobcup-ringtones.online/goat-of-chepauk-bgm-download-kaeDFwGu</loc>
    </url>
    <url>
      <loc>https://mobcup-ringtones.online/enduko-emo-bgm-nWYgi2xP</loc>
    </url>
    <url>
      <loc>https://mobcup-ringtones.online/keteki-ringtone-download-YNIiiwJ3</loc>
    </url>
    <url>
      <loc>https://mobcup-ringtones.online/tum-todo-na-ar-rahman-hindi-cMfBhwva</loc>
    </url>
    <url>
      <loc>https://mobcup-ringtones.online/devara-vocal-bgm-kgkbt9ZF</loc>
    </url>
    <url>
      <loc>https://mobcup-ringtones.online/chittemma-song-bgm-ringtone-download-mp3-XV5vmg4U</loc>
    </url>
    <url>
      <loc>https://mobcup-ringtones.online/mahakali-announcement-tZLWisTm</loc>
    </url>
    <url>
      <loc>https://mobcup-ringtones.online/vaidehi-kathirunthal-bgm-music-download-pagalworld-FCT9rCc7</loc>
    </url>
    <url>
      <loc>https://mobcup-ringtones.online/jayam-bgm-wlgp1HQF</loc>
    </url>
    <url>
      <loc>https://mobcup-ringtones.online/beast-bgm-ringtone-download-t7oVKPPX</loc>
    </url>
    <url>
      <loc>https://mobcup-ringtones.online/amaran-trailer-bgm-bzpchlub</loc>
    </url>
    <url>
      <loc>https://mobcup-ringtones.online/vettaiyan-entry-bgm-rYduSawD</loc>
    </url>
    <url>
      <loc>https://mobcup-ringtones.online/kallajodu-college-papa-instrumental-bgm-ZlLqIVNA</loc>
    </url>
    <url>
      <loc>https://mobcup-ringtones.online/abhi-toh-party-shuru-hui-hai-instrumental-music-heEeVAmz</loc>
    </url>
    <url>
      <loc>https://mobcup-ringtones.online/amaran-venilavu-saaral-bgm-pGgyTp0t</loc>
    </url>
    <url>
      <loc>https://mobcup-ringtones.online/yolo-song-bgm-6KiIwtL7</loc>
    </url>
    <url>
      <loc>https://mobcup-ringtones.online/venilavu-saaral-amaran-bgm-jalLQHCh</loc>
    </url>
    <url>
      <loc>https://mobcup-ringtones.online/dheema-bgm-1icw8h3T</loc>
    </url>
    <url>
      <loc>https://mobcup-ringtones.online/sdt18-glimpse-bgm-Ev9WMLym</loc>
    </url>
    <url>
      <loc>https://mobcup-ringtones.online/marco-teaser-bgm-SehAxpnU</loc>
    </url>
    <url>
      <loc>https://mobcup-ringtones.online/ekkadiki-pothavu-chinnavada-ringtones-background-music-mp3-download-preEx96p</loc>
    </url>
    <url>
      <loc>https://mobcup-ringtones.online/bloody-beggar-trailer-bgm-dNMnOIr0</loc>
    </url>
    <url>
      <loc>https://mobcup-ringtones.online/akhanda-2-title-teaser-bgm-G8O5rXVm</loc>
    </url>
    <url>
      <loc>https://mobcup-ringtones.online/mechanic-rocky-trailer-bgm-tVEivQz0</loc>
    </url>
    <url>
      <loc>https://mobcup-ringtones.online/padi-padi-leche-manasu-violin-bgm-M0qEhYJ0</loc>
    </url>
    <url>
      <loc>https://mobcup-ringtones.online/jasmine-song-bgm-cTEnINTx</loc>
    </url>
    <url>
      <loc>https://mobcup-ringtones.online/padi-padi-leche-manasu-bgm-Hi7akljt</loc>
    </url>
    <url>
      <loc>https://mobcup-ringtones.online/hey-minnale-bgm-vnQYSXw8</loc>
    </url>
    <url>
      <loc>https://mobcup-ringtones.online/bulbuli-song-download-pagalworld-mp3-pmuUn9JC</loc>
    </url>
    <url>
      <loc>https://mobcup-ringtones.online/spark-flute-bgm-7cikSabL</loc>
    </url>
    <url>
      <loc>https://mobcup-ringtones.online/revolver-rita-teaser-bgm-ebAsLG1b</loc>
    </url>
    <url>
      <loc>https://mobcup-ringtones.online/bagichay-bulbuli-tui-mp3-song-download-pagalworld-instrumental-6NMEA9JZ</loc>
    </url>
    <url>
      <loc>https://mobcup-ringtones.online/thani-oruvan-bgm-c7Rzss3N</loc>
    </url>
    <url>
      <loc>https://mobcup-ringtones.online/polladhavan-bgm-download-hY8Uj1ho</loc>
    </url>
    <url>
      <loc>https://mobcup-ringtones.online/nandri-solla-unakku-instrumental-nWebJN91</loc>
    </url>
    <url>
      <loc>https://mobcup-ringtones.online/ambaraala-veedhilo-bgm-2ITilzVs</loc>
    </url>
    <url>
      <loc>https://mobcup-ringtones.online/bhool-bhulaiyaa-3-zVVSKuVW</loc>
    </url>
    <url>
      <loc>https://mobcup-ringtones.online/ganapathiye-varuvai-song-ringtone-download-masstamilan-instrumental-Muz5n8kg</loc>
    </url>
    <url>
      <loc>https://mobcup-ringtones.online/guruvayoor-ambala-nadayil-ringtone-instrumental-mp3-download-5wd1VrQ7</loc>
    </url>
    <url>
      <loc>https://mobcup-ringtones.online/hey-minnale-bgm-ringtone-download-VrpaRyRw</loc>
    </url>
    <url>
      <loc>https://mobcup-ringtones.online/chann-sitare-instrumental-rcdDy3zF</loc>
    </url>
    <url>
      <loc>https://mobcup-ringtones.online/piku-sarod-instrumental-mp3-download-pagalworld-CPKEZMug</loc>
    </url>
    <url>
      <loc>https://mobcup-ringtones.online/king-of-the-sea-bgm-ringtone-download-instrumental-A18B0T1b</loc>
    </url>
    <url>
      <loc>https://mobcup-ringtones.online/odia-movie-karma-download-Yx8YrC3A</loc>
    </url>
    <url>
      <loc>https://mobcup-ringtones.online/bhool-bhulaiyaa-ringtone-download-instrumental-jsaTu8ls</loc>
    </url>
    <url>
      <loc>https://mobcup-ringtones.online/seenugadi-love-story-ringtones-instrumental-UUktLfWL</loc>
    </url>
    <url>
      <loc>https://mobcup-ringtones.online/devara-vocal-bgm-download-Q8E6JvWz</loc>
    </url>
    <url>
      <loc>https://mobcup-ringtones.online/marco-malayalam-movie-bgm-download-vHloDd41</loc>
    </url>
    <url>
      <loc>https://mobcup-ringtones.online/love-you-zindagi-instrumental-ringtone-mp3-download-9BNqS937</loc>
    </url>
    <url>
      <loc>https://mobcup-ringtones.online/vaidehi-kathirunthal-bgm-music-download-49HK4cqa</loc>
    </url>
    <url>
      <loc>https://mobcup-ringtones.online/jesus-instrumental-rw1n0L9a</loc>
    </url>
    <url>
      <loc>https://mobcup-ringtones.online/rathiriyil-paadum-paattu-ringtone-download-instrumental-vKbgI86u</loc>
    </url>
    <url>
      <loc>https://mobcup-ringtones.online/vishwambhara-teaser-bgm-VLvhcXe7</loc>
    </url>
    <url>
      <loc>https://mobcup-ringtones.online/chittemma-song-bgm-oX9TBlPx</loc>
    </url>
    <url>
      <loc>https://mobcup-ringtones.online/unakku-thaan-instrumental-M6xAQWTM</loc>
    </url>
    <url>
      <loc>https://mobcup-ringtones.online/sri-butha-nadam-sri-sabari-kshetram-song-download-ringtone-instrumental-JgNqJTH7</loc>
    </url>
    <url>
      <loc>https://mobcup-ringtones.online/annamalai-bgm-mp3-song-download-masstamilan-instrumental-iNCxWbSU</loc>
    </url>
    <url>
      <loc>https://mobcup-ringtones.online/goat-the-real-og-ZSlbZK6M</loc>
    </url>
    <url>
      <loc>https://mobcup-ringtones.online/kadhal-thithikudhe-ringtone-download-mp3-instrumental-wb5MHVwx</loc>
    </url>
    <url>
      <loc>https://mobcup-ringtones.online/dwarika-desh-joyo-ringtone-instrumental-oldIsWas</loc>
    </url>
    <url>
      <loc>https://mobcup-ringtones.online/pawan-prabhati-jag-ko-jagati-instrumental-flute-afbiXfJF</loc>
    </url>
    <url>
      <loc>https://mobcup-ringtones.online/poser-instrumental-vMjtwvdq</loc>
    </url>
    <url>
      <loc>https://mobcup-ringtones.online/nagiro-song-ringtone-download-mp3-pagalworld-instrumental-N6JkMWM0</loc>
    </url>
    <url>
      <loc>https://mobcup-ringtones.online/way-down-we-go-instrumental-1aFqMYNd</loc>
    </url>
    <url>
      <loc>https://mobcup-ringtones.online/vettaiyan-title-teaser-bgm-download-Uh7M6KhS</loc>
    </url>
    <url>
      <loc>https://mobcup-ringtones.online/mera-bhai-tu-meri-jaan-hai-instrumental-ringtone-download-pagalworld-TQm2R5lA</loc>
    </url>
    <url>
      <loc>https://mobcup-ringtones.online/hey-penne-bgm-19EkWzIH</loc>
    </url>
    <url>
      <loc>https://mobcup-ringtones.online/vettaiyan-theme-download-IKjlmYpm</loc>
    </url>
    <url>
      <loc>https://mobcup-ringtones.online/saaho-bgm-telugu-f6RglQdr</loc>
    </url>
    <url>
      <loc>https://mobcup-ringtones.online/vettaiyan-theme-music-download-6PytsYKW</loc>
    </url>
    <url>
      <loc>https://mobcup-ringtones.online/funk-do-bounce-brazilian-funk-QH258Ovp</loc>
    </url>
    <url>
      <loc>https://mobcup-ringtones.online/vettaiyan-bgm-download-masstamilan-mp3-download-Lieqwt2D</loc>
    </url>
    <url>
      <loc>https://mobcup-ringtones.online/ugamma-rath-jodya-re-instrumental-1sgNh0bk</loc>
    </url>
    <url>
      <loc>https://mobcup-ringtones.online/chubinidze-avtandil-music-instrumental-yNfTIj6d</loc>
    </url>
    <url>
      <loc>https://mobcup-ringtones.online/mission-gandhi-bgm-FDH4PhkK</loc>
    </url>
    <url>
      <loc>https://mobcup-ringtones.online/ugamma-rath-jodya-re-instrumental-0cDSc1Yp</loc>
    </url>
    <url>
      <loc>https://mobcup-ringtones.online/devara-container-bgm-download-55QLw6EB</loc>
    </url>
    <url>
      <loc>https://mobcup-ringtones.online/tiktokiocom-nada-dering-mp3-6KJM12kM</loc>
    </url>
    <url>
      <loc>https://mobcup-ringtones.online/devara-bgm-download-naa-songs-uShZX3NW</loc>
    </url>
    <url>
      <loc>https://mobcup-ringtones.online/jawan-flrJuXYY</loc>
    </url>
    <url>
      <loc>https://mobcup-ringtones.online/bhool-bhulaiyaa-3-trailer-bgm-gQ3Rk8I3</loc>
    </url>
    <url>
      <loc>https://mobcup-ringtones.online/still-with-you-instrumental-nmQIfVFZ</loc>
    </url>
    <url>
      <loc>https://mobcup-ringtones.online/chillanjirukkiye-song-bgm-7xCFgaaH</loc>
    </url>
    <url>
      <loc>https://mobcup-ringtones.online/bhool-bhulaiyaa-instrumental-BciUq3f6</loc>
    </url>
    <url>
      <loc>https://mobcup-ringtones.online/goat-bgm-ost-download-1BThuKdy</loc>
    </url>
    <url>
      <loc>https://mobcup-ringtones.online/dear-kavya-bgm-telugu-4H2H8gXB</loc>
    </url>
    <url>
      <loc>https://mobcup-ringtones.online/devara-slowed-bgm-ringtone-anirudh-vocals-jr-ntr-NX8jlk9x</loc>
    </url>
    <url>
      <loc>https://mobcup-ringtones.online/ambajipeta-marriage-band-sad-love-climax-bgm-A3x0ZSsd</loc>
    </url>
    <url>
      <loc>https://mobcup-ringtones.online/bhool-bhulaiyaa-3-teaser-bgm-ZupFXU5U</loc>
    </url>
    <url>
      <loc>https://mobcup-ringtones.online/ram-siya-ram-ringtone-instrumental-mp3-download-1QQ3WIwD</loc>
    </url>
    <url>
      <loc>https://mobcup-ringtones.online/ugamma-rath-jodya-re-bgm-instrumental-PPo1QmHB</loc>
    </url>
    <url>
      <loc>https://mobcup-ringtones.online/nannaku-prematho-bgm-s6LXPJhG</loc>
    </url>
    <url>
      <loc>https://mobcup-ringtones.online/rolex-bgm-sUvAxDYx</loc>
    </url>
    <url>
      <loc>https://mobcup-ringtones.online/three-movie-bgm-qLgichBR</loc>
    </url>
    <url>
      <loc>https://mobcup-ringtones.online/the-real-og-bgm-download-tamil-O1cnZOVS</loc>
    </url>
    <url>
      <loc>https://mobcup-ringtones.online/3-moonu-film-bgm-N69ElsKY</loc>
    </url>
    <url>
      <loc>https://mobcup-ringtones.online/singham-again-trailer-bgm-urTRcvEW</loc>
    </url>
    <url>
      <loc>https://mobcup-ringtones.online/aaha-tamatar-bada-mazedar-instrumental-bDZgb3va</loc>
    </url>
    <url>
      <loc>https://mobcup-ringtones.online/matka-teaser-bgm-8URAcJKq</loc>
    </url>
    <url>
      <loc>https://mobcup-ringtones.online/metro-madness-goat-bgm-9lSNevmA</loc>
    </url>
    <url>
      <loc>https://mobcup-ringtones.online/amaran-sai-pallavi-intro-music-bgm-hYfc3DA5</loc>
    </url>
    <url>
      <loc>https://mobcup-ringtones.online/mission-gandhi-bgm-download-isoxZNG6</loc>
    </url>
    <url>
      <loc>https://mobcup-ringtones.online/thangalaan-war-bgm-mv4C3zTf</loc>
    </url>
    <url>
      <loc>https://mobcup-ringtones.online/the-real-og-bgm-YuONs2n0</loc>
    </url>
    <url>
      <loc>https://mobcup-ringtones.online/devara-bhaira-entry-bgm-NhRE56sX</loc>
    </url>
    <url>
      <loc>https://mobcup-ringtones.online/bero-00-mp3-GEY94Ob8</loc>
    </url>
    <url>
      <loc>https://mobcup-ringtones.online/meri-maa-ke-barabar-koi-nahi-instrumental-bgm-5ULRV9zH</loc>
    </url>
    <url>
      <loc>https://mobcup-ringtones.online/maan-karate-bgm-ringtone-download-mp3-T6NjMGEG</loc>
    </url>
    <url>
      <loc>https://mobcup-ringtones.online/hey-minnale-bgm-6SSsiJSy</loc>
    </url>
    <url>
      <loc>https://mobcup-ringtones.online/maa-durga-background-music-download-GyP90zwT</loc>
    </url>
    <url>
      <loc>https://mobcup-ringtones.online/goat-original-background-score-download-MCGKKSxy</loc>
    </url>
    <url>
      <loc>https://mobcup-ringtones.online/amaran-sai-pallavi-intro-music-37KpbBtB</loc>
    </url>
    <url>
      <loc>https://mobcup-ringtones.online/rolex-IPpHJXJi</loc>
    </url>
    <url>
      <loc>https://mobcup-ringtones.online/navratri-instrumental-music-free-download-pagalworld-AjFvsRws</loc>
    </url>
    <url>
      <loc>https://mobcup-ringtones.online/sai-pallavi-intro-bgm-in-amaran-download-WjepVNaO</loc>
    </url>
    <url>
      <loc>https://mobcup-ringtones.online/ra-macha-macha-game-changer-bgm-Se1tdkDE</loc>
    </url>
    <url>
      <loc>https://mobcup-ringtones.online/devara-emotional-bgm-zpGzMnLQ</loc>
    </url>
    <url>
      <loc>https://mobcup-ringtones.online/raa-macha-macha-bgm-weFUyQMB</loc>
    </url>
    <url>
      <loc>https://mobcup-ringtones.online/aigiri-nandini-instrumental-IfT4tz2m</loc>
    </url>
    <url>
      <loc>https://mobcup-ringtones.online/ayudha-pooja-song-bgm-Wvy3w5c3</loc>
    </url>
    <url>
      <loc>https://mobcup-ringtones.online/devara-wedding-dance-bgm-3MDUKvti</loc>
    </url>
    <url>
      <loc>https://mobcup-ringtones.online/ayudha-pooja-bgm-devara-J4NTV98I</loc>
    </url>
    <url>
      <loc>https://mobcup-ringtones.online/the-goat-thalapathys-swag-bgm-Dt6Bi6iK</loc>
    </url>
    <url>
      <loc>https://mobcup-ringtones.online/navratri-instrumental-hW1TN6Qk</loc>
    </url>
    <url>
      <loc>https://mobcup-ringtones.online/the-beloved-goat-life-OgD4zNol</loc>
    </url>
    <url>
      <loc>https://mobcup-ringtones.online/dharmaveer-2-GMnj3Z51</loc>
    </url>
    <url>
      <loc>https://mobcup-ringtones.online/devara-sad-bgm-Vguy6FPf</loc>
    </url>
    <url>
      <loc>https://mobcup-ringtones.online/devara-theme-bgm-BX90oSyq</loc>
    </url>
    <url>
      <loc>https://mobcup-ringtones.online/be-a-hero-bgm-song-download-meP5wp58</loc>
    </url>
    <url>
      <loc>https://mobcup-ringtones.online/amaran-ringtone-bgm-YmJ1s6wH</loc>
    </url>
    <url>
      <loc>https://mobcup-ringtones.online/amaran-sai-pallavi-intro-bgm-instrumental-z5kURrZs</loc>
    </url>
    <url>
      <loc>https://mobcup-ringtones.online/moti-verana-instrumental-LIXCOmur</loc>
    </url>
    <url>
      <loc>https://mobcup-ringtones.online/devara-villain-bgm-i2gBBUTO</loc>
    </url>
    <url>
      <loc>https://mobcup-ringtones.online/devara-slow-bgm-download-G7XXJA3m</loc>
    </url>
    <url>
      <loc>https://mobcup-ringtones.online/asuran-bgm-lilCOD5W</loc>
    </url>
    <url>
      <loc>https://mobcup-ringtones.online/devara-dance-bgm-SKpJJR30</loc>
    </url>
    <url>
      <loc>https://mobcup-ringtones.online/rolex-bgm-ringtone-download-si5pno2V</loc>
    </url>
    <url>
      <loc>https://mobcup-ringtones.online/varayo-varayo-bgm-GrKKROUk</loc>
    </url>
    <url>
      <loc>https://mobcup-ringtones.online/ram-siya-ram-instrumental-5oYVFRSm</loc>
    </url>
    <url>
      <loc>https://mobcup-ringtones.online/manasilayo-bgm-a3m6fIFB</loc>
    </url>
    <url>
      <loc>https://mobcup-ringtones.online/goat-vs-og-bgm-Ruch9Qkb</loc>
    </url>
    <url>
      <loc>https://mobcup-ringtones.online/amaran-sai-pallavi-bgm-r8h8Yfbn</loc>
    </url>
    <url>
      <loc>https://mobcup-ringtones.online/surya-saturday-bgm-download-g5ZqKScp</loc>
    </url>
    <url>
      <loc>https://mobcup-ringtones.online/heart-of-amaran-bgm-download-yLqS3xAQ</loc>
    </url>
    <url>
      <loc>https://mobcup-ringtones.online/kaarkuzhal-kadavaiye-bgm-ringtone-download-U5qAjdLv</loc>
    </url>
    <url>
      <loc>https://mobcup-ringtones.online/demonte-colony-2-bgm-download-sPZb9h9w</loc>
    </url>
    <url>
      <loc>https://mobcup-ringtones.online/meri-jung-one-man-army-sad-bgm-dBToiXJq</loc>
    </url>
    <url>
      <loc>https://mobcup-ringtones.online/suryas-saturday-bgm-download-jBAPQtrM</loc>
    </url>
    <url>
      <loc>https://mobcup-ringtones.online/anegan-bgm-ringtone-download-1rKQwozN</loc>
    </url>
    <url>
      <loc>https://mobcup-ringtones.online/be-a-hero-bgm-song-lpv6JNYZ</loc>
    </url>
    <url>
      <loc>https://mobcup-ringtones.online/surya-saturday-bgm-odazJ73Z</loc>
    </url>
    <url>
      <loc>https://mobcup-ringtones.online/goat-rap-bgm-download-RVYaIaMG</loc>
    </url>
    <url>
      <loc>https://mobcup-ringtones.online/devara-villain-bgm-dxiwUcg3</loc>
    </url>
    <url>
      <loc>https://mobcup-ringtones.online/amaran-sai-pallavi-intro-bgm-4bbKoctX</loc>
    </url>
    <url>
      <loc>https://mobcup-ringtones.online/cuckoo-movie-bgm-WolYjYYG</loc>
    </url>
    <url>
      <loc>https://mobcup-ringtones.online/preminche-premava-song-bgm-ringtone-download-clbno9Xm</loc>
    </url>
    <url>
      <loc>https://mobcup-ringtones.online/giftson-durai-bgm-u9jcS5lN</loc>
    </url>
    <url>
      <loc>https://mobcup-ringtones.online/journey-bgm-W0gUvd6o</loc>
    </url>
    <url>
      <loc>https://mobcup-ringtones.online/jay-jay-bgm-ringtone-download-masstamilan-tamil-g7cOZwQu</loc>
    </url>
    <url>
      <loc>https://mobcup-ringtones.online/thavasi-bgm-ringtone-download-instrumental-Mw41zpsg</loc>
    </url>
    <url>
      <loc>https://mobcup-ringtones.online/king-of-the-sea-bgm-download-OtcCEapo</loc>
    </url>
    <url>
      <loc>https://mobcup-ringtones.online/nandanam-climax-bgm-theme-music-mp3-download-4n5abszg</loc>
    </url>
    <url>
      <loc>https://mobcup-ringtones.online/hunter-vantaar-bgm-BK6CNGgG</loc>
    </url>
    <url>
      <loc>https://mobcup-ringtones.online/devara-red-bgm-aXeSUOGT</loc>
    </url>
    <url>
      <loc>https://mobcup-ringtones.online/kodi-aruvi-song-bgm-g0hXU9y4</loc>
    </url>
    <url>
      <loc>https://mobcup-ringtones.online/colour-photo-movie-bgm-gHCNHfYC</loc>
    </url>
    <url>
      <loc>https://mobcup-ringtones.online/vidyasagar-bgm-ZMZ4TWr9</loc>
    </url>
    <url>
      <loc>https://mobcup-ringtones.online/nalla-manam-un-pol-song-bgm-TcaHW5sj</loc>
    </url>
    <url>
      <loc>https://mobcup-ringtones.online/telugu-medium-web-series-bgm-download-ENK45Egw</loc>
    </url>
    <url>
      <loc>https://mobcup-ringtones.online/adios-amigo-bgm-T9o5d1hz</loc>
    </url>
    <url>
      <loc>https://mobcup-ringtones.online/surya-mass-movie-bgm-kGEZnLoz</loc>
    </url>
    <url>
      <loc>https://mobcup-ringtones.online/mass-movie-emotional-bgm-M1eYCP9d</loc>
    </url>
    <url>
      <loc>https://mobcup-ringtones.online/3-movie-uyire-uyire-bgm-2ZMWG6zx</loc>
    </url>
    <url>
      <loc>https://mobcup-ringtones.online/filhall-instrumental-bgm-6Du5vhJm</loc>
    </url>
    <url>
      <loc>https://mobcup-ringtones.online/devara-jr-ntr-entry-bgm-RRlulxX2</loc>
    </url>
    <url>
      <loc>https://mobcup-ringtones.online/vijay-master-bgm-O6pcw6N3</loc>
    </url>
    <url>
      <loc>https://mobcup-ringtones.online/warning-2-bgm-HJpBSchl</loc>
    </url>
    <url>
      <loc>https://mobcup-ringtones.online/aranmanai-kili-bgm-JfX8jGJe</loc>
    </url>
    <url>
      <loc>https://mobcup-ringtones.online/born-to-shine-instrumental-bgm-PpJ66Vik</loc>
    </url>
    <url>
      <loc>https://mobcup-ringtones.online/mun-paniya-bgm-instrumental-0oH8GQ6w</loc>
    </url>
    <url>
      <loc>https://mobcup-ringtones.online/devara-title-card-bgm-LgkDyxye</loc>
    </url>
    <url>
      <loc>https://mobcup-ringtones.online/chillanjirukkiye-bgm-2tDEHHZo</loc>
    </url>
    <url>
      <loc>https://mobcup-ringtones.online/rasave-unnai-nambi-flute-uQ8b0cwW</loc>
    </url>
    <url>
      <loc>https://mobcup-ringtones.online/deiva-thirumagal-bgm-instrumental-7upTTeF1</loc>
    </url>
    <url>
      <loc>https://mobcup-ringtones.online/bommarillu-bgm-instrumental-MOKIR6x5</loc>
    </url>
    <url>
      <loc>https://mobcup-ringtones.online/dear-kavya-bgm-Gnv4v2IU</loc>
    </url>
    <url>
      <loc>https://mobcup-ringtones.online/saaho-bgm-G7SjfMYA</loc>
    </url>
    <url>
      <loc>https://mobcup-ringtones.online/devara-entry-bgm-Rt9PNGfb</loc>
    </url>
    <url>
      <loc>https://mobcup-ringtones.online/bommarillu-movie-bgm-m7KlGKDA</loc>
    </url>
    <url>
      <loc>https://mobcup-ringtones.online/amaran-sai-pallavi-intro-bgm-brV4CQ63</loc>
    </url>
    <url>
      <loc>https://mobcup-ringtones.online/7th-sense-love-bgm-DxO4bOIw</loc>
    </url>
    <url>
      <loc>https://mobcup-ringtones.online/beast-bgm-8zs5r6xR</loc>
    </url>
    <url>
      <loc>https://mobcup-ringtones.online/senorita-instrumental-bgm-xy8lVmLk</loc>
    </url>
    <url>
      <loc>https://mobcup-ringtones.online/indru-netru-naalai-bgm-h9u1HmuA</loc>
    </url>
    <url>
      <loc>https://mobcup-ringtones.online/arm-climax-bgm-n9C34gdG</loc>
    </url>
    <url>
      <loc>https://mobcup-ringtones.online/igilikins-music-1muFpdCE</loc>
    </url>
    <url>
      <loc>https://mobcup-ringtones.online/king-of-sea-bgm-iooh7Rjo</loc>
    </url>
    <url>
      <loc>https://mobcup-ringtones.online/bhakt-vatsal-namah-instrumental-bgm-U5tprRLg</loc>
    </url>
    <url>
      <loc>https://mobcup-ringtones.online/bibas-music-OXSfDtaB</loc>
    </url>
    <url>
      <loc>https://mobcup-ringtones.online/devara-music-Sn9gFVVX</loc>
    </url>
    <url>
      <loc>https://mobcup-ringtones.online/irul-parappil-song-mp3-download-ringtone-pagalworld-instrumental-NzTRK0xA</loc>
    </url>
    <url>
      <loc>https://mobcup-ringtones.online/thimirukaariye-bgm-yGcZ2f5F</loc>
    </url>
    <url>
      <loc>https://mobcup-ringtones.online/leo-ringtone-download-masstamilan-mp3-PrfWkjkv</loc>
    </url>
    <url>
      <loc>https://mobcup-ringtones.online/vijay-patidar-music-download-r8cekgS7</loc>
    </url>
    <url>
      <loc>https://mobcup-ringtones.online/humnava-mere-music-EKLCvWzM</loc>
    </url>
    <url>
      <loc>https://mobcup-ringtones.online/tb-beatz-ringtone-download-mp3-SykC7h2T</loc>
    </url>
    <url>
      <loc>https://mobcup-ringtones.online/humnava-mere-instrumental-UprQK7OM</loc>
    </url>
    <url>
      <loc>https://mobcup-ringtones.online/anegan-tamil-bgm-QQOay47A</loc>
    </url>
    <url>
      <loc>https://mobcup-ringtones.online/tum-todo-na-instrumental-ringtone-download-mp3-7yaUhfNp</loc>
    </url>
    <url>
      <loc>https://mobcup-ringtones.online/remix-nitro-4ERI86Yl</loc>
    </url>
    <url>
      <loc>https://mobcup-ringtones.online/devara-release-trailer-bgm-download-ArC1nr1H</loc>
    </url>
    <url>
      <loc>https://mobcup-ringtones.online/humnava-mere-flute-dRAeQ5YQ</loc>
    </url>
    <url>
      <loc>https://mobcup-ringtones.online/ram-ram-jai-raja-ram-flute-instrumental-YkmhndDJ</loc>
    </url>
    <url>
      <loc>https://mobcup-ringtones.online/yeh-kaali-kaali-aankhen-i8PnYu6c</loc>
    </url>
    <url>
      <loc>https://mobcup-ringtones.online/arm-bgm-qI49ppfW</loc>
    </url>
    <url>
      <loc>https://mobcup-ringtones.online/kompa-frozy-instrumental-JAfwctwt</loc>
    </url>
    <url>
      <loc>https://mobcup-ringtones.online/heeriye-flute-vM5RmJsn</loc>
    </url>
    <url>
      <loc>https://mobcup-ringtones.online/hookah-bar-ringtone-download-instrumental-jhxewmXe</loc>
    </url>
    <url>
      <loc>https://mobcup-ringtones.online/radha-krishna-serial-flute-instrumental-MlXT0KB9</loc>
    </url>
    <url>
      <loc>https://mobcup-ringtones.online/bahut-jatate-ho-chah-humse-instrumental-wtIV5sCC</loc>
    </url>
    <url>
      <loc>https://mobcup-ringtones.online/kamiti-kurrollu-8Kese4Vx</loc>
    </url>
    <url>
      <loc>https://mobcup-ringtones.online/mahabharat-dib1Qd6e</loc>
    </url>
    <url>
      <loc>https://mobcup-ringtones.online/mujhse-mohabbat-ka-izhar-karti-instrumental-jBeu13ev</loc>
    </url>
    <url>
      <loc>https://mobcup-ringtones.online/gulabi-sadi-instrumental-bgm-GW1NB4zt</loc>
    </url>
    <url>
      <loc>https://mobcup-ringtones.online/hara-hu-baba-ringtone-download-female-version-instrumental-t0ZcgXEK</loc>
    </url>
    <url>
      <loc>https://mobcup-ringtones.online/jona-caso-good-looking-rkt-yxe7PUo0</loc>
    </url>
    <url>
      <loc>https://mobcup-ringtones.online/mahi-tenu-khabar-nahi-instrumental-9eggAwEE</loc>
    </url>
    <url>
      <loc>https://mobcup-ringtones.online/still-with-you-acoustic-U741Vxnp</loc>
    </url>
    <url>
      <loc>https://mobcup-ringtones.online/ek-dusre-se-instrumental-137AZEBQ</loc>
    </url>
    <url>
      <loc>https://mobcup-ringtones.online/dekha-tenu-ringtone-download-instrumental-5SEtWYhp</loc>
    </url>
    <url>
      <loc>https://mobcup-ringtones.online/chod-ke-na-ja-o-piya-instrumental-GmbKcDzG</loc>
    </url>
    <url>
      <loc>https://mobcup-ringtones.online/tu-na-ja-mere-badshah-ringtone-instrumental-dQ15tNU1</loc>
    </url>
    <url>
      <loc>https://mobcup-ringtones.online/iphone-16-ringtone-instrumental-XINEyWbN</loc>
    </url>
    <url>
      <loc>https://mobcup-ringtones.online/happy-birthday-instrumental-fKtAprUM</loc>
    </url>
    <url>
      <loc>https://mobcup-ringtones.online/aaya-mausam-dosti-ka-instrumental-ringtone-mp3-download-WCCIx0t3</loc>
    </url>
    <url>
      <loc>https://mobcup-ringtones.online/tujhse-naraz-nahi-zindagi-ringtone-instrumental-download-RrWXMr5F</loc>
    </url>
    <url>
      <loc>https://mobcup-ringtones.online/jai-ganesh-instrumental-mp3-download-TmqH06tg</loc>
    </url>
    <url>
      <loc>https://mobcup-ringtones.online/sawan-ki-rut-hai-aaja-maa-ringtone-download-instrumental-tyXLXniC</loc>
    </url>
    <url>
      <loc>https://mobcup-ringtones.online/main-kabhi-batlata-nahi-instrumental-rLySBqWA</loc>
    </url>
    <url>
      <loc>https://mobcup-ringtones.online/mera-hriday-tum-ringtone-instrumental-Zwb8J95G</loc>
    </url>
    <url>
      <loc>https://mobcup-ringtones.online/banke-hawa-mein-instrumental-TyPrsMzi</loc>
    </url>
    <url>
      <loc>https://mobcup-ringtones.online/umagaya-baap-ringtone-instrumental-21aM7sh9</loc>
    </url>
    <url>
      <loc>https://mobcup-ringtones.online/apna-hi-saya-dekh-ke-tum-instrumental-1Jj4EXQW</loc>
    </url>
    <url>
      <loc>https://mobcup-ringtones.online/dam-tara-dam-tara-instrumental-PwR5fpoD</loc>
    </url>
    <url>
      <loc>https://mobcup-ringtones.online/gulabi-aankhen-instrumental-vgJu87x1</loc>
    </url>
    <url>
      <loc>https://mobcup-ringtones.online/sri-ranga-ranganathanin-song-ringtone-download-instrumental-tamil-jU8VlhUe</loc>
    </url>
    <url>
      <loc>https://mobcup-ringtones.online/pookal-pookum-tharunam-ringtone-flute-instrumental-9AqwgbnB</loc>
    </url>
    <url>
      <loc>https://mobcup-ringtones.online/tu-hi-to-jannat-meri-instrumental-WDjwE6gT</loc>
    </url>
    <url>
      <loc>https://mobcup-ringtones.online/tu-hi-meri-shab-hai-instrumental-ringtone-download-mp3-pagalworld-a1MTWvvd</loc>
    </url>
    <url>
      <loc>https://mobcup-ringtones.online/meri-zindagi-hai-tu-instrumental-ringtone-download-pagalworld-c3fEXlF4</loc>
    </url>
    <url>
      <loc>https://mobcup-ringtones.online/ved-ekache-prem-hote-mp3-song-download-ringtone-instrumental-pOd0ub1L</loc>
    </url>
    <url>
      <loc>https://mobcup-ringtones.online/heart-touching-bhakti-ringtone-instrumental-mp3-download-1dFZiYqj</loc>
    </url>
    <url>
      <loc>https://mobcup-ringtones.online/teri-khair-mangdi-ringtone-download-instrumental-S99gXVC8</loc>
    </url>
    <url>
      <loc>https://mobcup-ringtones.online/shri-ram-janki-instrumental-ynSQUTu7</loc>
    </url>
    <url>
      <loc>https://mobcup-ringtones.online/tum-agar-saath-dene-ka-vada-karo-instrumental-X9pqfkSB</loc>
    </url>
    <url>
      <loc>https://mobcup-ringtones.online/dil-to-pagal-hai-instrumental-ringtone-mp3-download-dueRyhqG</loc>
    </url>
    <url>
      <loc>https://mobcup-ringtones.online/tu-samne-baitha-rahe-instrumental-oSIWzcy0</loc>
    </url>
    <url>
      <loc>https://mobcup-ringtones.online/laal-ishq-instrumental-ringtone-download-pagalworld-n5lYWI45</loc>
    </url>
    <url>
      <loc>https://mobcup-ringtones.online/radha-ramanam-song-ringtone-download-mp3-instrumental-NtO1biEB</loc>
    </url>
    <url>
      <loc>https://mobcup-ringtones.online/cheap-thrills-instrumental-mp3-download-hBjHvcVJ</loc>
    </url>
    <url>
      <loc>https://mobcup-ringtones.online/dil-nashi-dil-nashi-instrumental-Q0Z3gagN</loc>
    </url>
    <url>
      <loc>https://mobcup-ringtones.online/teri-baaton-mein-aisa-uljha-jiya-ringtone-download-instrumental-ooTdP5eI</loc>
    </url>
    <url>
      <loc>https://mobcup-ringtones.online/puja-instrumental-music-free-download-0BM2MUKu</loc>
    </url>
    <url>
      <loc>https://mobcup-ringtones.online/dil-se-re-instrumental-OGrnLrMN</loc>
    </url>
    <url>
      <loc>https://mobcup-ringtones.online/doston-se-jhooti-mooti-instrumental-tn8qma8r</loc>
    </url>
    <url>
      <loc>https://mobcup-ringtones.online/tere-bina-besuadi-ratiya-instrumental-ADC8dCuv</loc>
    </url>
    <url>
      <loc>https://mobcup-ringtones.online/tera-fitoor-ringtone-flute-download-x7cxNphX</loc>
    </url>
    <url>
      <loc>https://mobcup-ringtones.online/hey-ram-hey-ram-flute-instrumental-zy3fIew8</loc>
    </url>
    <url>
      <loc>https://mobcup-ringtones.online/tujhe-bhula-diya-instrumental-8btFVqVQ</loc>
    </url>
    <url>
      <loc>https://mobcup-ringtones.online/poonthotta-kavalkaran-ringtone-instrumental-Mek5LPd3</loc>
    </url>
    <url>
      <loc>https://mobcup-ringtones.online/o-palan-hare-ringtone-instrumental-mp3-download-BYElwaw8</loc>
    </url>
    <url>
      <loc>https://mobcup-ringtones.online/mangal-bhavan-amangal-hari-ringtone-instrumental-new-version-c1vjYZXH</loc>
    </url>
    <url>
      <loc>https://mobcup-ringtones.online/aao-tumhe-chand-pe-le-jaye-instrumental-ZY3xZFDp</loc>
    </url>
    <url>
      <loc>https://mobcup-ringtones.online/soch-na-sake-instrumental-fOngzkWm</loc>
    </url>
    <url>
      <loc>https://mobcup-ringtones.online/muskurana-bhi-tujhi-se-sikha-hai-instrumental-lEDWKxAj</loc>
    </url>
    <url>
      <loc>https://mobcup-ringtones.online/angu-vaana-konilu-instrumental-kVvamMeM</loc>
    </url>
    <url>
      <loc>https://mobcup-ringtones.online/hawa-hawa-ringtone-instrumental-R1WUgEKf</loc>
    </url>
    <url>
      <loc>https://mobcup-ringtones.online/hum-pyar-karne-wale-instrumental-ringtone-mp3-download-8m0UTf4Y</loc>
    </url>
    <url>
      <loc>https://mobcup-ringtones.online/khodiyar-maa-ringtone-mp3-download-pagalworld-instrumental-2urxTy5q</loc>
    </url>
    <url>
      <loc>https://mobcup-ringtones.online/mazi-tuzi-reshimgathi-ringtone-instrumental-download-5R1JLSGH</loc>
    </url>
    <url>
      <loc>https://mobcup-ringtones.online/kannalane-violin-ringtone-instrumental-b86ce3LG</loc>
    </url>
    <url>
      <loc>https://mobcup-ringtones.online/ilahi-instrumental-ufaWAx9R</loc>
    </url>
    <url>
      <loc>https://mobcup-ringtones.online/kaha-tum-chale-gaye-instrumental-7hVd6ybJ</loc>
    </url>
    <url>
      <loc>https://mobcup-ringtones.online/din-shagna-da-instrumental-mp3-download-Ovfl6puw</loc>
    </url>
    <url>
      <loc>https://mobcup-ringtones.online/heeriye-flute-instrumental-r15MyGgc</loc>
    </url>
    <url>
      <loc>https://mobcup-ringtones.online/hath-rakh-de-tu-dil-pe-zara-instrumental-UyXsr0DO</loc>
    </url>
    <url>
      <loc>https://mobcup-ringtones.online/pachai-kiligal-tholodu-instrumental-Qz2k6PJG</loc>
    </url>
    <url>
      <loc>https://mobcup-ringtones.online/heeriye-instrumental-47H4m2H8</loc>
    </url>
    <url>
      <loc>https://mobcup-ringtones.online/kannalane-instrumental-flute-FOJxs36N</loc>
    </url>
    <url>
      <loc>https://mobcup-ringtones.online/mundhinam-parthene-instrumental-ttlYyI5k</loc>
    </url>
    <url>
      <loc>https://mobcup-ringtones.online/pari-hu-main-instrumental-ZmJmGeQ7</loc>
    </url>
    <url>
      <loc>https://mobcup-ringtones.online/sukoon-mila-ringtone-instrumental-E0IlCFdL</loc>
    </url>
    <url>
      <loc>https://mobcup-ringtones.online/naam-hai-tera-tera-instrumental-ringtone-download-pagalworld-0G8pEO1H</loc>
    </url>
    <url>
      <loc>https://mobcup-ringtones.online/sar-ko-jhuka-ke-aaya-main-tere-samne-instrumental-Y8lPasYC</loc>
    </url>
    <url>
      <loc>https://mobcup-ringtones.online/shrimad-ramayan-ringtone-instrumental-mp3-download-yAm9Dq3N</loc>
    </url>
    <url>
      <loc>https://mobcup-ringtones.online/govind-bolo-hari-gopal-bolo-ringtone-instrumental-HY2K7L4r</loc>
    </url>
    <url>
      <loc>https://mobcup-ringtones.online/mere-pass-tum-ho-ringtone-instrumental-mp3-download-1B900Kdg</loc>
    </url>
    <url>
      <loc>https://mobcup-ringtones.online/abhi-na-jao-chhod-kar-ringtone-download-female-version-instrumental-vQytkCS4</loc>
    </url>
    <url>
      <loc>https://mobcup-ringtones.online/deville-poser-instrumental-ringtone-download-mp3-3Ed21cqc</loc>
    </url>
    <url>
      <loc>https://mobcup-ringtones.online/jhuthi-khai-thi-kasam-instrumental-fcBlcDhL</loc>
    </url>
    <url>
      <loc>https://mobcup-ringtones.online/aaj-ki-raat-maza-husn-ka-ringtone-download-instrumental-0lGzNyG5</loc>
    </url>
    <url>
      <loc>https://mobcup-ringtones.online/hum-yaar-hain-tumhare-instrumental-ringtone-download-pagalworld-0q4b93SD</loc>
    </url>
    <url>
      <loc>https://mobcup-ringtones.online/jana-gana-mana-ringtone-instrumental-download-2wEnBDUS</loc>
    </url>
    <url>
      <loc>https://mobcup-ringtones.online/tu-abhalacha-janu-shukratara-song-download-pagalworld-ringtone-instrumental-OwB6yICY</loc>
    </url>
    <url>
      <loc>https://mobcup-ringtones.online/preminche-premava-instrumental-ringtone-free-download-6Vo7GOcW</loc>
    </url>
    <url>
      <loc>https://mobcup-ringtones.online/tu-jo-mila-instrumental-ringtone-download-KmWdHaD3</loc>
    </url>
    <url>
      <loc>https://mobcup-ringtones.online/kasme-wade-pyar-wafa-instrumental-28x7gTf2</loc>
    </url>
    <url>
      <loc>https://mobcup-ringtones.online/shivsena-instrumental-mp3-ringtone-download-BjS90K1l</loc>
    </url>
    <url>
      <loc>https://mobcup-ringtones.online/bajlo-tomar-alor-benu-instrumental-5fPbI3Pr</loc>
    </url>
    <url>
      <loc>https://mobcup-ringtones.online/chanda-sitare-instrumental-a8mRrtvv</loc>
    </url>
    <url>
      <loc>https://mobcup-ringtones.online/alan-walker-ringtone-instrumental-J1F2t3WI</loc>
    </url>
    <url>
      <loc>https://mobcup-ringtones.online/tum-bin-main-dekhu-to-instrumental-ringtone-download-pagalworld-VCZd8qP6</loc>
    </url>
    <url>
      <loc>https://mobcup-ringtones.online/kammani-ee-premalekha-instrumental-ringtone-download-pagalworld-mp4FnG7v</loc>
    </url>
    <url>
      <loc>https://mobcup-ringtones.online/tum-bin-main-dekhu-to-kya-se-kya-instrumental-JWTMpa8h</loc>
    </url>
    <url>
      <loc>https://mobcup-ringtones.online/tere-naam-ringtone-instrumental-download-mp3-vmFoYxOI</loc>
    </url>
    <url>
      <loc>https://mobcup-ringtones.online/om-enum-pranava-manthira-kandhane-song-download-ringtone-instrumental-somfYDHS</loc>
    </url>
    <url>
      <loc>https://mobcup-ringtones.online/apna-bana-le-instrumental-piak4Zvw</loc>
    </url>
    <url>
      <loc>https://mobcup-ringtones.online/achyutam-keshavam-flute-instrumental-iknsYLFw</loc>
    </url>
    <url>
      <loc>https://mobcup-ringtones.online/titli-song-instrumental-H8msRUzp</loc>
    </url>
    <url>
      <loc>https://mobcup-ringtones.online/na-hoke-bhi-kareeb-tu-instrumental-tcp1eVhH</loc>
    </url>
    <url>
      <loc>https://mobcup-ringtones.online/tu-maro-dariyo-instrumental-sdefBJ5f</loc>
    </url>
    <url>
      <loc>https://mobcup-ringtones.online/ekdantay-vakratunday-instrumental-ringtone-download-gCSxZLxs</loc>
    </url>
    <url>
      <loc>https://mobcup-ringtones.online/tum-bin-main-dekhu-to-instrumental-BwMBEw4o</loc>
    </url>
    <url>
      <loc>https://mobcup-ringtones.online/still-with-you-ringtone-instrumental-download-XBeJmMkR</loc>
    </url>
    <url>
      <loc>https://mobcup-ringtones.online/ha-sarkari-gopal-bharwad-Z3ShY2oD</loc>
    </url>
    <url>
      <loc>https://mobcup-ringtones.online/sarkari-tune-ringtone-download-mp3-YxbKDO4g</loc>
    </url>
    <url>
      <loc>https://mobcup-ringtones.online/ambajipeta-marriage-band-bgm-3sheuUAy</loc>
    </url>
    <url>
      <loc>https://mobcup-ringtones.online/good-looking-rkt-song-0neqksEa</loc>
    </url>
    <url>
      <loc>https://mobcup-ringtones.online/still-with-you-guitar-instrumental-xTDHGvNT</loc>
    </url>
    <url>
      <loc>https://mobcup-ringtones.online/kompa-passion-frozy-Z0MXSxou</loc>
    </url>
    <url>
      <loc>https://mobcup-ringtones.online/good-looking-rkt-gA682jJG</loc>
    </url>
    <url>
      <loc>https://mobcup-ringtones.online/still-with-you-guitar-ynvyIijD</loc>
    </url>
    <url>
      <loc>https://mobcup-ringtones.online/sarkari-tune-banjo-ringtone-download-pagalworld-fFts1nv8</loc>
    </url>
    <url>
      <loc>https://mobcup-ringtones.online/still-with-you-acoustic-guitar-mp3-download-2xpYjO2d</loc>
    </url>
    <url>
      <loc>https://mobcup-ringtones.online/radha-krishna-serial-ringtone-download-mp3-pagalworld-SL40Y8F1</loc>
    </url>
    <url>
      <loc>https://mobcup-ringtones.online/airtel-B3kCk05H</loc>
    </url>
    <url>
      <loc>https://mobcup-ringtones.online/madhur-bansuri-instrumental-YQrQyHm6</loc>
    </url>
    <url>
      <loc>https://mobcup-ringtones.online/ae-dil-hai-mushkil-instrumental-fV8LTvqq</loc>
    </url>
    <url>
      <loc>https://mobcup-ringtones.online/aigiri-nandini-instrumental-mp3-free-download-LDuVKJ2t</loc>
    </url>
    <url>
      <loc>https://mobcup-ringtones.online/aigiri-nandini-violin-qVRF6NK6</loc>
    </url>
    <url>
      <loc>https://mobcup-ringtones.online/sanson-ki-mala-pe-simru-me-shiv-ka-naam-flute-ltX3MqiA</loc>
    </url>
    <url>
      <loc>https://mobcup-ringtones.online/varsham-flute-JKf6mBSS</loc>
    </url>
    <url>
      <loc>https://mobcup-ringtones.online/aigiri-nandini-flute-instrumental-EeCCv6wH</loc>
    </url>
    <url>
      <loc>https://mobcup-ringtones.online/akshay-kumar-bansuri-X4dKzS5V</loc>
    </url>
    <url>
      <loc>https://mobcup-ringtones.online/maa-durga-instrumental-hnt0YrQk</loc>
    </url>
    <url>
      <loc>https://mobcup-ringtones.online/tamally-maak-mp3-x8i49hIf</loc>
    </url>
    <url>
      <loc>https://mobcup-ringtones.online/aigiri-nandini-violin-instrumental-t218uDcC</loc>
    </url>
    <url>
      <loc>https://mobcup-ringtones.online/chamunda-maa-ni-ringtone-instrumental-GsKgTjGf</loc>
    </url>
    <url>
      <loc>https://mobcup-ringtones.online/tum-prem-ho-tum-preet-ho-instrumental-5LASy3dD</loc>
    </url>
    <url>
      <loc>https://mobcup-ringtones.online/navratri-background-music-free-download-qISvUn3D</loc>
    </url>
    <url>
      <loc>https://mobcup-ringtones.online/navratri-music-dzQxtlz4</loc>
    </url>
    <url>
      <loc>https://mobcup-ringtones.online/mahabharat-krishna-flute-ringtone-download-mp3-pagalworld-kuGOJM0I</loc>
    </url>
    <url>
      <loc>https://mobcup-ringtones.online/durge-durgat-bhari-flute-KZV16f1I</loc>
    </url>
    <url>
      <loc>https://mobcup-ringtones.online/navratri-instrumental-music-mp3-free-download-BxxWw3eg</loc>
    </url>
    <url>
      <loc>https://mobcup-ringtones.online/vidipothe-HVmThrHi</loc>
    </url>
    <url>
      <loc>https://mobcup-ringtones.online/bhor-bhai-din-chad-gaya-meri-ambe-instrumental-ULs5O0ad</loc>
    </url>
    <url>
      <loc>https://mobcup-ringtones.online/love-reddy-AQc5DIB9</loc>
    </url>
    <url>
      <loc>https://mobcup-ringtones.online/navratri-flute-yHDVcES1</loc>
    </url>
    <url>
      <loc>https://mobcup-ringtones.online/neelone-anandam-song-download-qALAnnoC</loc>
    </url>
    <url>
      <loc>https://mobcup-ringtones.online/meri-maa-ke-barabar-koi-nahi-instrumental-uwAvM0lF</loc>
    </url>
    <url>
      <loc>https://mobcup-ringtones.online/durga-maa-instrumental-uIb21Zli</loc>
    </url>
    <url>
      <loc>https://mobcup-ringtones.online/aa-bandham-abaddam-song-4nRblZjv</loc>
    </url>
    <url>
      <loc>https://mobcup-ringtones.online/aa-bandham-abaddam-song-mp3-download-QxdJonJW</loc>
    </url>
    <url>
      <loc>https://mobcup-ringtones.online/pranam-kanna-song-TNKm5UQh</loc>
    </url>
    <url>
      <loc>https://mobcup-ringtones.online/ambara-veedhilo-song-download-JXo9W6zH</loc>
    </url>
    <url>
      <loc>https://mobcup-ringtones.online/bhoolokam-srishticha-song-download-6GrgsytR</loc>
    </url>
    <url>
      <loc>https://mobcup-ringtones.online/deevinchave-samruddiga-song-shzH1Rti</loc>
    </url>
    <url>
      <loc>https://mobcup-ringtones.online/pranam-kanna-kailash-kher-telugu-5ogRvIui</loc>
    </url>
    <url>
      <loc>https://mobcup-ringtones.online/vidipothe-song-BAJagfsL</loc>
    </url>
    <url>
      <loc>https://mobcup-ringtones.online/aa-bandham-abaddam-song-download-TwXLx2b8</loc>
    </url>
    <url>
      <loc>https://mobcup-ringtones.online/vidipothe-female-version-0wNaQX0T</loc>
    </url>
    <url>
      <loc>https://mobcup-ringtones.online/pranam-kanna-naa-songs-oG7vCrAf</loc>
    </url>
    <url>
      <loc>https://mobcup-ringtones.online/pranam-kanna-song-download-GhfgDfP3</loc>
    </url>
    <url>
      <loc>https://mobcup-ringtones.online/neelone-anandam-song-L6qdMaNk</loc>
    </url>
    <url>
      <loc>https://mobcup-ringtones.online/kalle-naa-song-download-EejW01fI</loc>
    </url>
    <url>
      <loc>https://mobcup-ringtones.online/jaya-janardhana-bhakti-n8qyKBdg</loc>
    </url>
    <url>
      <loc>https://mobcup-ringtones.online/bhoolokam-srishticha-karthavinu-sthuthi-Ee2a7hj8</loc>
    </url>
    <url>
      <loc>https://mobcup-ringtones.online/jasmine-harika-narayan-mani-sharma-telugu-4YqKuZwq</loc>
    </url>
    <url>
      <loc>https://mobcup-ringtones.online/hey-rangule-song-download-RWSm2qts</loc>
    </url>
    <url>
      <loc>https://mobcup-ringtones.online/pottel-naa-songs-mp3-download-ozLs76WP</loc>
    </url>
    <url>
      <loc>https://mobcup-ringtones.online/ambara-veedhilo-juvNafLU</loc>
    </url>
    <url>
      <loc>https://mobcup-ringtones.online/kallajodu-college-papa-telugu-song-C1fh34de</loc>
    </url>
    <url>
      <loc>https://mobcup-ringtones.online/jasmine-dhruva-sarja-giorgia-andriani-telugu-NXnTkMbZ</loc>
    </url>
    <url>
      <loc>https://mobcup-ringtones.online/jasmine-telugu-song-2HIjS1oE</loc>
    </url>
    <url>
      <loc>https://mobcup-ringtones.online/amma-pade-jola-pata-telugu-song-fqa7A1mV</loc>
    </url>
    <url>
      <loc>https://mobcup-ringtones.online/vayyari-godari-song-download-bBkrITTA</loc>
    </url>
    <url>
      <loc>https://mobcup-ringtones.online/a-singidilo-rangulane-mp3-song-ringtone-download-naa-songs-ReCVng5B</loc>
    </url>
    <url>
      <loc>https://mobcup-ringtones.online/nagiro-song-ringtone-download-mp3-pagalworld-oxviNIYU</loc>
    </url>
    <url>
      <loc>https://mobcup-ringtones.online/hey-rangule-song-TSosymP6</loc>
    </url>
    <url>
      <loc>https://mobcup-ringtones.online/ambaraala-veedhilo-naa-songs-vK29wPIo</loc>
    </url>
    <url>
      <loc>https://mobcup-ringtones.online/vachindamma-sid-sriram-telugu-JBzLl3lR</loc>
    </url>
    <url>
      <loc>https://mobcup-ringtones.online/ambaraala-veedhilo-sindhuri-telugu-SIXfiW5W</loc>
    </url>
    <url>
      <loc>https://mobcup-ringtones.online/ambaraala-veedhilo-arm-movie-tovino-thomas-telugu-taMECkzy</loc>
    </url>
    <url>
      <loc>https://mobcup-ringtones.online/vayyari-godari-song-telugu-wnKPIqEW</loc>
    </url>
    <url>
      <loc>https://mobcup-ringtones.online/tirumala-vasa-sri-venkatesa-usha-telugu-dNNvbit7</loc>
    </url>
    <url>
      <loc>https://mobcup-ringtones.online/tirumala-konda-song-telugu-OD97ng2X</loc>
    </url>
    <url>
      <loc>https://mobcup-ringtones.online/enduku-puttindi-song-download-ringtone-devara-ntr-5Bh3EC8V</loc>
    </url>
    <url>
      <loc>https://mobcup-ringtones.online/devara-title-song-download-mp3-M3sOJa06</loc>
    </url>
    <url>
      <loc>https://mobcup-ringtones.online/hey-rangule-sivakarthikeyan-sai-pallavi-telugu-7ZSxCh2v</loc>
    </url>
    <url>
      <loc>https://mobcup-ringtones.online/durga-amma-KmbfjFBs</loc>
    </url>
    <url>
      <loc>https://mobcup-ringtones.online/deevinchave-samruddiga-song-ringtone-download-mp3-1yM48wxs</loc>
    </url>
    <url>
      <loc>https://mobcup-ringtones.online/devara-red-sea-song-telugu-vHsBDAw1</loc>
    </url>
    <url>
      <loc>https://mobcup-ringtones.online/vijayawada-durgamma-songs-mp3-download-naa-songs-1fctOPQZ</loc>
    </url>
    <url>
      <loc>https://mobcup-ringtones.online/thala-vanchi-eragade-song-64q2sJ5G</loc>
    </url>
    <url>
      <loc>https://mobcup-ringtones.online/maha-kanaka-durga-s-janaki-telugu-nPVozzcK</loc>
    </url>
    <url>
      <loc>https://mobcup-ringtones.online/nenu-edhi-anna-song-download-m4IqKWgv</loc>
    </url>
    <url>
      <loc>https://mobcup-ringtones.online/durga-devi-ringtone-mp3-download-telugu-LKF8JN5R</loc>
    </url>
    <url>
      <loc>https://mobcup-ringtones.online/maha-kanaka-durga-s-janaki-telugu-song-DmRtxNmH</loc>
    </url>
    <url>
      <loc>https://mobcup-ringtones.online/durgamma-kolupu-dubbula-ashok-telugu-8nxLLx9W</loc>
    </url>
    <url>
      <loc>https://mobcup-ringtones.online/durgamma-kolupu-song-download-naa-songs-6S4ih7Rl</loc>
    </url>
    <url>
      <loc>https://mobcup-ringtones.online/durgamma-ringtones-telugu-naa-songs-nreevSfm</loc>
    </url>
    <url>
      <loc>https://mobcup-ringtones.online/durga-devi-ringtones-telugu-naa-songs-download-pagalworld-z8IekB8h</loc>
    </url>
    <url>
      <loc>https://mobcup-ringtones.online/durga-amma-ringtone-download-telugu-f3DukiYK</loc>
    </url>
    <url>
      <loc>https://mobcup-ringtones.online/amma-durgamma-mp3-song-download-naa-songs-g7vlpRVB</loc>
    </url>
    <url>
      <loc>https://mobcup-ringtones.online/nammaka-tappani-song-ghGMLLLQ</loc>
    </url>
    <url>
      <loc>https://mobcup-ringtones.online/raa-macha-macha-game-changer-telugu-song-DoOZZZqu</loc>
    </url>
    <url>
      <loc>https://mobcup-ringtones.online/amma-pade-jola-pata-song-UgzDHQmU</loc>
    </url>
    <url>
      <loc>https://mobcup-ringtones.online/devara-ayudha-pooja-song-waTzCpHT</loc>
    </url>
    <url>
      <loc>https://mobcup-ringtones.online/aakashame-nuvvani-sid-sriram-chinmayi-sripada-telugu-ttEGtFbi</loc>
    </url>
    <url>
      <loc>https://mobcup-ringtones.online/neeve-na-pakka-na-vuntey-chake-UEy23fWF</loc>
    </url>
    <url>
      <loc>https://mobcup-ringtones.online/raa-macha-macha-game-changer-ram-charan-telugu-NFf5VtdN</loc>
    </url>
    <url>
      <loc>https://mobcup-ringtones.online/rathalo-leni-radhamma-song-download-mp3-ZdGhUzeg</loc>
    </url>
    <url>
      <loc>https://mobcup-ringtones.online/kalle-navi-kalalu-nivi-aakashame-nuvvani-naa-songs-ftTdSlik</loc>
    </url>
    <url>
      <loc>https://mobcup-ringtones.online/gummadi-gummadi-song-AVuflYLO</loc>
    </url>
    <url>
      <loc>https://mobcup-ringtones.online/nanna-nuvvu-na-pranam-song-BPvdRkGe</loc>
    </url>
    <url>
      <loc>https://mobcup-ringtones.online/prema-garadi-telugu-song-qFlYhlrb</loc>
    </url>
    <url>
      <loc>https://mobcup-ringtones.online/janaka-aithe-ganaka-song-ringtone-download-qSndTvUo</loc>
    </url>
    <url>
      <loc>https://mobcup-ringtones.online/o-chandrama-song-zCPrpO54</loc>
    </url>
    <url>
      <loc>https://mobcup-ringtones.online/darling-movie-bgm-Jq9o3fOO</loc>
    </url>
    <url>
      <loc>https://mobcup-ringtones.online/nanna-nuvvu-na-pranam-animal-telugu-qY6idU8Z</loc>
    </url>
    <url>
      <loc>https://mobcup-ringtones.online/nandi-anna-bagundi-kanna-song-download-gt4v0DSx</loc>
    </url>
    <url>
      <loc>https://mobcup-ringtones.online/priyathama-priyathama-telugu-song-FApqQWYm</loc>
    </url>
    <url>
      <loc>https://mobcup-ringtones.online/nenemi-anna-bagundi-kanna-song-HfJ4JASM</loc>
    </url>
    <url>
      <loc>https://mobcup-ringtones.online/telugu-heart-touching-ringtones-naa-songs-mp3-download-mNHPVZGp</loc>
    </url>
    <url>
      <loc>https://mobcup-ringtones.online/vazhvu-thodangum-idam-neethane-song-mp3-download-fwU906x6</loc>
    </url>
    <url>
      <loc>https://mobcup-ringtones.online/committee-kurrollu-bgm-qj2CyaXb</loc>
    </url>
    <url>
      <loc>https://mobcup-ringtones.online/needhi-anna-bagundi-kanna-song-download-IQPr2XqJ</loc>
    </url>
    <url>
      <loc>https://mobcup-ringtones.online/committee-kurrollu-ringtone-download-OJJahu6o</loc>
    </url>
    <url>
      <loc>https://mobcup-ringtones.online/prema-gaaradi-committee-kurrollu-armaan-malik-telugu-yvN8Vcw2</loc>
    </url>
    <url>
      <loc>https://mobcup-ringtones.online/prema-gaaradi-committee-kurrollu-telugu-song-epomYEnQ</loc>
    </url>
    <url>
      <loc>https://mobcup-ringtones.online/uyire-uyire-bgm-5I1S7ihc</loc>
    </url>
    <url>
      <loc>https://mobcup-ringtones.online/committee-kurrollu-climax-bgm-9zLmmbwv</loc>
    </url>
    <url>
      <loc>https://mobcup-ringtones.online/prema-gaaradi-kamiti-kurrallu-gAyx2gQi</loc>
    </url>
    <url>
      <loc>https://mobcup-ringtones.online/committee-kurrollu-interval-sad-bgm-PKCldS6m</loc>
    </url>
    <url>
      <loc>https://mobcup-ringtones.online/bhavamulona-9i1NfRf4</loc>
    </url>
    <url>
      <loc>https://mobcup-ringtones.online/needhi-anna-bagundi-kanna-song-download-MX5NF18B</loc>
    </url>
    <url>
      <loc>https://mobcup-ringtones.online/nenedhi-kanna-bagundhi-anna-T7OWRSNI</loc>
    </url>
    <url>
      <loc>https://mobcup-ringtones.online/prema-garadi-commite-kurrollu-dl6awwK7</loc>
    </url>
    <url>
      <loc>https://mobcup-ringtones.online/prema-garadi-commite-kurrollu-rUHZS3gC</loc>
    </url>
    <url>
      <loc>https://mobcup-ringtones.online/neenemi-anna-bagundi-kanna-iVHgSy9E</loc>
    </url>
    <url>
      <loc>https://mobcup-ringtones.online/prema-garadi-song-rlku0VP7</loc>
    </url>
    <url>
      <loc>https://mobcup-ringtones.online/needhi-anna-bagundi-kanna-song-lyrics-download-mbAfNKBt</loc>
    </url>
    <url>
      <loc>https://mobcup-ringtones.online/needhi-anna-bagundi-kanna-song-download-UBPTvlOM</loc>
    </url>
    <url>
      <loc>https://mobcup-ringtones.online/sa-ri-ma-pa-song-LYGcQePX</loc>
    </url>
    <url>
      <loc>https://mobcup-ringtones.online/janaka-aithe-ganaka-naa-songs-EOAkF6tJ</loc>
    </url>
    <url>
      <loc>https://mobcup-ringtones.online/chittamalli-song-6di1bo7y</loc>
    </url>
    <url>
      <loc>https://mobcup-ringtones.online/red-sea-devara-syQI3hMx</loc>
    </url>
    <url>
      <loc>https://mobcup-ringtones.online/needhi-anna-bagundi-kanna-song-5gksAAMR</loc>
    </url>
    <url>
      <loc>https://mobcup-ringtones.online/priyathama-priyathama-kcN8HFSl</loc>
    </url>
    <url>
      <loc>https://mobcup-ringtones.online/om-namah-shivaya-ringtone-telugu-naa-songs-download-MfwJfPga</loc>
    </url>
    <url>
      <loc>https://mobcup-ringtones.online/aay-movie-telugu-bgm-RzuQKBCZ</loc>
    </url>
    <url>
      <loc>https://mobcup-ringtones.online/sa-ri-pa-ma-nani-3qxyqDgL</loc>
    </url>
    <url>
      <loc>https://mobcup-ringtones.online/devara-red-sea-bgm-HY7XG50F</loc>
    </url>
    <url>
      <loc>https://mobcup-ringtones.online/aay-movie-bgm-download-YBGrtjhc</loc>
    </url>
    <url>
      <loc>https://mobcup-ringtones.online/aay-telugu-movie-bgm-hjMffCAs</loc>
    </url>
    <url>
      <loc>https://mobcup-ringtones.online/aay-sufiyana-telugu-song-ynQAeWQ9</loc>
    </url>
    <url>
      <loc>https://mobcup-ringtones.online/aay-movie-bgm-kuzIg7lS</loc>
    </url>
    <url>
      <loc>https://mobcup-ringtones.online/aay-movie-climax-bgm-2TAEsEJv</loc>
    </url>
    <url>
      <loc>https://mobcup-ringtones.online/aay-movie-heroine-entry-bgm-eRV9PpAq</loc>
    </url>
    <url>
      <loc>https://mobcup-ringtones.online/bujji-bujji-ganapayya-luRCPxI4</loc>
    </url>
    <url>
      <loc>https://mobcup-ringtones.online/aay-movie-hero-entry-bgm-HUadcAc6</loc>
    </url>
    <url>
      <loc>https://mobcup-ringtones.online/aay-movie-sufiyana-song-bgm-sN1Bjupo</loc>
    </url>
    <url>
      <loc>https://mobcup-ringtones.online/devara-naa-songs-nBIsesDH</loc>
    </url>
    <url>
      <loc>https://mobcup-ringtones.online/palikina-prathi-matalo-song-EkIeT1bs</loc>
    </url>
    <url>
      <loc>https://mobcup-ringtones.online/3-movie-bgm-violin-gr4LIJwL</loc>
    </url>
    <url>
      <loc>https://mobcup-ringtones.online/taqdeer-instrumental-hmyTpnl9</loc>
    </url>
    <url>
      <loc>https://mobcup-ringtones.online/taqdeer-violin-bgm-xOGC7EHP</loc>
    </url>
    <url>
      <loc>https://mobcup-ringtones.online/taqdeer-movie-instrumental-2Rf48QQG</loc>
    </url>
    <url>
      <loc>https://mobcup-ringtones.online/nagarjuna-hmm-dj-song-ka2k4FsT</loc>
    </url>
    <url>
      <loc>https://mobcup-ringtones.online/undipovachu-ga-elaa-BT2njwgx</loc>
    </url>
    <url>
      <loc>https://mobcup-ringtones.online/taqdeer-movie-bgm-OVg3MnLq</loc>
    </url>
    <url>
      <loc>https://mobcup-ringtones.online/palikina-prathi-maatalo-TQ8pPm9J</loc>
    </url>
    <url>
      <loc>https://mobcup-ringtones.online/undipovachu-ga-naa-songs-download-ihJPBApn</loc>
    </url>
    <url>
      <loc>https://mobcup-ringtones.online/3-movie-uyire-uyire-bgm-A7MRkdJ1</loc>
    </url>
    <url>
      <loc>https://mobcup-ringtones.online/nannaku-prematho-songs-download-ringtone-mp3-QMEqyxw8</loc>
    </url>
    <url>
      <loc>https://mobcup-ringtones.online/nannaku-prematho-ringtones-mp3-naa-songs-2IUFgWQ6</loc>
    </url>
    <url>
      <loc>https://mobcup-ringtones.online/3-moonu-bgm-VRblxotl</loc>
    </url>
    <url>
      <loc>https://mobcup-ringtones.online/3-movie-violin-bgm-sYIa2gll</loc>
    </url>
    <url>
      <loc>https://mobcup-ringtones.online/nallanchu-tella-cheera-mr-bachchan-telugu-song-b9thung6</loc>
    </url>
    <url>
      <loc>https://mobcup-ringtones.online/priyathama-priyathama-song-WYuEo8K7</loc>
    </url>
    <url>
      <loc>https://mobcup-ringtones.online/nannaku-prematho-ucGBgM60</loc>
    </url>
    <url>
      <loc>https://mobcup-ringtones.online/3-movie-love-bgm-1N6sotQ7</loc>
    </url>
    <url>
      <loc>https://mobcup-ringtones.online/nallanchu-tella-cheera-mr-bachchan-ravi-teja-zDONCumg</loc>
    </url>
    <url>
      <loc>https://mobcup-ringtones.online/3-movie-bgm-bhJNnbEa</loc>
    </url>
    <url>
      <loc>https://mobcup-ringtones.online/o-pilla-venkati-4hpIMxGA</loc>
    </url>
    <url>
      <loc>https://mobcup-ringtones.online/enduku-puttindi-puttindi-song-chuttamalle-devara-telugu-2MF8n8Qt</loc>
    </url>
    <url>
      <loc>https://mobcup-ringtones.online/yenduku-puttindi-puttindhi-emo-nuvvante-song-devara-9g0tyjnh</loc>
    </url>
    <url>
      <loc>https://mobcup-ringtones.online/enduku-puttindi-song-7wUlwgAL</loc>
    </url>
    <url>
      <loc>https://mobcup-ringtones.online/yenduku-puttindi-puttindhi-emo-nuvvante-RxyX0T5e</loc>
    </url>
    <url>
      <loc>https://mobcup-ringtones.online/gokula-krishna-gopala-krishna-5Fkh9CET</loc>
    </url>
    <url>
      <loc>https://mobcup-ringtones.online/gopikamma-mukunda-varun-tej-telugu-song-nIOtbEbq</loc>
    </url>
    <url>
      <loc>https://mobcup-ringtones.online/jaya-janardhana-s5F6PaHC</loc>
    </url>
    <url>
      <loc>https://mobcup-ringtones.online/baby-movie-lovefail-bgm-W1GsYjS6</loc>
    </url>
    <url>
      <loc>https://mobcup-ringtones.online/desam-manade-tejam-manade-CNPWDN5n</loc>
    </url>
    <url>
      <loc>https://mobcup-ringtones.online/desam-manade-g4BaQaB5</loc>
    </url>
    <url>
      <loc>https://mobcup-ringtones.online/chuttamalle-devara-bgm-N4QgRINs</loc>
    </url>
    <url>
      <loc>https://mobcup-ringtones.online/chuttamalle-devara-telugu-song-005zdhWu</loc>
    </url>
    <url>
      <loc>https://mobcup-ringtones.online/desam-manade-desh-bhakti-song-NLxk2CO5</loc>
    </url>
    <url>
      <loc>https://mobcup-ringtones.online/baby-movie-bgm-elxBuHSv</loc>
    </url>
    <url>
      <loc>https://mobcup-ringtones.online/raksha-bandhan-song-telugu-Xe6ovBn3</loc>
    </url>
    <url>
      <loc>https://mobcup-ringtones.online/chuttamalle-song-devara-shilpa-rao-telugu-76Fxl4kP</loc>
    </url>
    <url>
      <loc>https://mobcup-ringtones.online/chuttamalle-devara-ntr-janhvi-kapoor-telugu-LgbEaANp</loc>
    </url>
    <url>
      <loc>https://mobcup-ringtones.online/varsham-movie-bgm-C7pQtD66</loc>
    </url>
    <url>
      <loc>https://mobcup-ringtones.online/o-pilaga-venkati-prabha-telugu-song-6h6ae1FW</loc>
    </url>
    <url>
      <loc>https://mobcup-ringtones.online/the-raja-saab-glimpse-bgm-dNzJtb2O</loc>
    </url>
    <url>
      <loc>https://mobcup-ringtones.online/nanna-nuvvu-na-pranam-zkUq6eZf</loc>
    </url>
    <url>
      <loc>https://mobcup-ringtones.online/ennenni-chitralu-chesave-n-c-karunya-telugu-song-dnYtxU2c</loc>
    </url>
    <url>
      <loc>https://mobcup-ringtones.online/meesamunna-nesthama-song-K0nIPBhP</loc>
    </url>
    <url>
      <loc>https://mobcup-ringtones.online/mr-bachchan-teaser-bgm-W3WfbJGw</loc>
    </url>
    <url>
      <loc>https://mobcup-ringtones.online/telugu-friendship-songs-bbuRiOPZ</loc>
    </url>
    <url>
      <loc>https://mobcup-ringtones.online/o-pilaga-venkatesh-song-UZRQe17U</loc>
    </url>
    <url>
      <loc>https://mobcup-ringtones.online/ennenni-chitralu-chesave-n-c-karunya-telugu-romantic-neZN59lm</loc>
    </url>
    <url>
      <loc>https://mobcup-ringtones.online/the-raja-saab-glimpse-uU9RFKOY</loc>
    </url>
    <url>
      <loc>https://mobcup-ringtones.online/o-pilaga-venkatesh-DrLSZMTR</loc>
    </url>
    <url>
      <loc>https://mobcup-ringtones.online/anuvanuvu-om-bheem-bush-telugu-song-JypRGOAZ</loc>
    </url>
    <url>
      <loc>https://mobcup-ringtones.online/fire-song-kanguva-anurag-kulkarni-Yzc8zcd5</loc>
    </url>
    <url>
      <loc>https://mobcup-ringtones.online/kanguva-fire-telugu-song-Aos4OQQB</loc>
    </url>
    <url>
      <loc>https://mobcup-ringtones.online/fire-song-kanguva-deepthi-suresh-ldzJTRML</loc>
    </url>
    <url>
      <loc>https://mobcup-ringtones.online/nallapoosalaina-chaalayya-medaku-souraa-bharateeyudu-2-0FcHyyJ8</loc>
    </url>
    <url>
      <loc>https://mobcup-ringtones.online/fire-kanguva-anurag-kulkarni-suriya-telugu-song-VWfNtYC3</loc>
    </url>
    <url>
      <loc>https://mobcup-ringtones.online/kanguva-fire-song-telugu-APcnUaZs</loc>
    </url>
    <url>
      <loc>https://mobcup-ringtones.online/sandhadi-sandhadi-committee-kurrollu-telugu-song-GyZFYDJR</loc>
    </url>
    <url>
      <loc>https://mobcup-ringtones.online/majili-bgm-oP3v4EGi</loc>
    </url>
    <url>
      <loc>https://mobcup-ringtones.online/yolo-tamil-song-7NefGVB4</loc>
    </url>
    <url>
      <loc>https://mobcup-ringtones.online/uchathila-anirudh-ravichander-rajinikanth-tamil-qRLfX7dh</loc>
    </url>
    <url>
      <loc>https://mobcup-ringtones.online/jachdi-ayushmann-khurrana-punjabi-omH6QmdY</loc>
    </url>
    <url>
      <loc>https://mobcup-ringtones.online/balamuwa-ke-ballam-bhojpuri-song-bmqVfOLv</loc>
    </url>
    <url>
      <loc>https://mobcup-ringtones.online/tere-bina-na-guzara-e-song-download-iqMmWLm8</loc>
    </url>
    <url>
      <loc>https://mobcup-ringtones.online/yolo-devi-sri-prasad-lavita-lobo-tamil-DZW4IeOq</loc>
    </url>
    <url>
      <loc>https://mobcup-ringtones.online/o-chote-unnanu-anuvanuvuu-om-bheem-bush-nYIJdR2j</loc>
    </url>
    <url>
      <loc>https://mobcup-ringtones.online/yo-rohtak-se-2-song-download-z5Bjt1Nk</loc>
    </url>
    <url>
      <loc>https://mobcup-ringtones.online/chambal-k-dakku-song-haryanvi-oPRoLyHE</loc>
    </url>
    <url>
      <loc>https://mobcup-ringtones.online/balamuwa-ke-ballam-samar-singh-neha-raj-namrita-malla-bhojpuri-3LAEBdio</loc>
    </url>
    <url>
      <loc>https://mobcup-ringtones.online/azadi-amaran-tamil-rqNMVsno</loc>
    </url>
    <url>
      <loc>https://mobcup-ringtones.online/lamba-lamba-ghunghat-harjeet-deewana-komal-choudhary-haryanvi-c2vGz9uu</loc>
    </url>
    <url>
      <loc>https://mobcup-ringtones.online/yaad-satave-manisha-sharma-haryanvi-0diX3NvP</loc>
    </url>
    <url>
      <loc>https://mobcup-ringtones.online/snake-punjabi-song-7A8TyEUR</loc>
    </url>
    <url>
      <loc>https://mobcup-ringtones.online/sanjay-dutt-vadda-grewal-mahi-sharma-punjabi-hwm1qx8M</loc>
    </url>
    <url>
      <loc>https://mobcup-ringtones.online/medicine-punjabi-song-bTq8EZ0g</loc>
    </url>
    <url>
      <loc>https://mobcup-ringtones.online/losing-myself-punjabi-song-iPJKokwX</loc>
    </url>
    <url>
      <loc>https://mobcup-ringtones.online/el-miedo-billa-sonipat-ala-haryanvi-qAR7ckqE</loc>
    </url>
    <url>
      <loc>https://mobcup-ringtones.online/chori-tera-dil-bintu-pabra-kp-kundu-6mwmaMJB</loc>
    </url>
    <url>
      <loc>https://mobcup-ringtones.online/karwachauth-pe-ke-lyana-se-gulshan-music-haryanvi-dcQIHDe6</loc>
    </url>
    <url>
      <loc>https://mobcup-ringtones.online/snake-cheema-y-punjabi-WiP7m0Vz</loc>
    </url>
    <url>
      <loc>https://mobcup-ringtones.online/sifar-safar-karan-aujla-mxrci-punjabi-sJQYgxq5</loc>
    </url>
    <url>
      <loc>https://mobcup-ringtones.online/russian-bandana-dhanda-nyoliwala-Jbph8T7C</loc>
    </url>
    <url>
      <loc>https://mobcup-ringtones.online/mangni-korala-maan-punjabi-hbY9mzXE</loc>
    </url>
    <url>
      <loc>https://mobcup-ringtones.online/snake-gur-sidhu-punjabi-NzNsXOCz</loc>
    </url>
    <url>
      <loc>https://mobcup-ringtones.online/jai-bajrangbali-singham-again-mov4TCUA</loc>
    </url>
    <url>
      <loc>https://mobcup-ringtones.online/dheema-dheema-NenVW2gE</loc>
    </url>
    <url>
      <loc>https://mobcup-ringtones.online/vennilavu-saaral-song-download-VCdhdqXD</loc>
    </url>
    <url>
      <loc>https://mobcup-ringtones.online/sifar-safar-song-Tyd2EXqE</loc>
    </url>
    <url>
      <loc>https://mobcup-ringtones.online/bad-fellas-gulzaar-chhaniwala-anjali-99-haryanvi-DhiUcQfj</loc>
    </url>
    <url>
      <loc>https://mobcup-ringtones.online/dheema-dheema-anirudh-song-download-gwAIqUfm</loc>
    </url>
    <url>
      <loc>https://mobcup-ringtones.online/modi-manohar-nayab-mp3-download-ViP6mojG</loc>
    </url>
    <url>
      <loc>https://mobcup-ringtones.online/hey-superstar-da-anirudh-ravichander-dpwStwFx</loc>
    </url>
    <url>
      <loc>https://mobcup-ringtones.online/dussehra-2024-NzShsuy7</loc>
    </url>
    <url>
      <loc>https://mobcup-ringtones.online/hey-superstar-da-song-kDgAS1yU</loc>
    </url>
    <url>
      <loc>https://mobcup-ringtones.online/laada-ki-machine-raj-mawar-manisha-sharma-NpX2coTt</loc>
    </url>
    <url>
      <loc>https://mobcup-ringtones.online/kehna-galat-galat-jyoti-nooran-javed-mohsin-hindi-BsdBCtiL</loc>
    </url>
    <url>
      <loc>https://mobcup-ringtones.online/badnam-vikkie-maan-punjabi-IgScAjQt</loc>
    </url>
    <url>
      <loc>https://mobcup-ringtones.online/maai-song-hansraj-raghuwanshi-loGHidP8</loc>
    </url>
    <url>
      <loc>https://mobcup-ringtones.online/gypsy-2-song-haryanvi-Yv0toHgw</loc>
    </url>
    <url>
      <loc>https://mobcup-ringtones.online/anthem-of-martin-dhruva-sarja-vaibhavi-shandilya-hindi-0HBbXYBK</loc>
    </url>
    <url>
      <loc>https://mobcup-ringtones.online/tu-jaan-hai-meri-bhagwan-hai-meri-maai-hansraj-raghuwanshi-YdDd9mjG</loc>
    </url>
    <url>
      <loc>https://mobcup-ringtones.online/tari-chaniya-choli-song-gujarati-b6L5F2bR</loc>
    </url>
    <url>
      <loc>https://mobcup-ringtones.online/o-maai-main-balak-tu-mata-maai-hansraj-raghuwanshi-fQYWTNCV</loc>
    </url>
    <url>
      <loc>https://mobcup-ringtones.online/o-hath-pakdti-na-tu-mera-maai-hansraj-raghuwanshi-6hMF8EL7</loc>
    </url>
    <url>
      <loc>https://mobcup-ringtones.online/tere-fulo-se-pero-ko-prem-se-rakh-du-mata-maai-hansraj-raghuwanshi-7PgQTC1m</loc>
    </url>
    <url>
      <loc>https://mobcup-ringtones.online/jachdi-ayushmann-khurrana-garba-song-Ap1lsXpO</loc>
    </url>
    <url>
      <loc>https://mobcup-ringtones.online/jyot-jagau-bhawan-sajaun-roj-kru-jagrata-maai-hansraj-raghuwanshi-1hOExPEl</loc>
    </url>
    <url>
      <loc>https://mobcup-ringtones.online/maai-hansraj-raghuwanshi-hindi-det2SKaA</loc>
    </url>
    <url>
      <loc>https://mobcup-ringtones.online/jo-n-manga-tha-mene-wo-bhi-hai-paya-maai-hansraj-raghuwanshi-pDLqf42l</loc>
    </url>
    <url>
      <loc>https://mobcup-ringtones.online/majha-yek-number-jonita-gandhi-marathi-uI02aJPt</loc>
    </url>
    <url>
      <loc>https://mobcup-ringtones.online/majha-yek-number-marathi-song-wbK37T9J</loc>
    </url>
    <url>
      <loc>https://mobcup-ringtones.online/shukrana-amrit-maan-punjabi-dLPaOWaB</loc>
    </url>
    <url>
      <loc>https://mobcup-ringtones.online/majha-yek-number-malaika-arora-siddharth-jonita-gandhi-marathi-qm19Ksis</loc>
    </url>
    <url>
      <loc>https://mobcup-ringtones.online/hey-minnale-amaran-ringtone-download-mp3-PoLMh5cP</loc>
    </url>
    <url>
      <loc>https://mobcup-ringtones.online/devara-ayudha-pooja-bgm-xKPPUhaL</loc>
    </url>
    <url>
      <loc>https://mobcup-ringtones.online/hey-minnale-haricharan-shweta-mohan-tamil-oD15pU6U</loc>
    </url>
    <url>
      <loc>https://mobcup-ringtones.online/maai-hansraj-raghuwanshi-navratri-special-jf0SgQcA</loc>
    </url>
    <url>
      <loc>https://mobcup-ringtones.online/maa-ka-mann-vishal-mishra-RbRP9KXw</loc>
    </url>
    <url>
      <loc>https://mobcup-ringtones.online/pagal-banawe-song-ringtone-download-sinta-mp3-pagalworld-0A3vQc0d</loc>
    </url>
    <url>
      <loc>https://mobcup-ringtones.online/hey-banane-oru-poo-mp3-download-EUTUlvEZ</loc>
    </url>
    <url>
      <loc>https://mobcup-ringtones.online/desi-hood-lofi-slowed-reverb-ea49F11n</loc>
    </url>
    <url>
      <loc>https://mobcup-ringtones.online/pagal-banawe-song-download-mp3-BYMxsN4C</loc>
    </url>
    <url>
      <loc>https://mobcup-ringtones.online/angu-vana-koni-PpVf5vYj</loc>
    </url>
    <url>
      <loc>https://mobcup-ringtones.online/yaad-reh-jaati-hai-b-praak-hindi-song-etw1EYJ5</loc>
    </url>
    <url>
      <loc>https://mobcup-ringtones.online/chillanjirukkiye-lubber-pandhu-tamil-song-tOzWcFpP</loc>
    </url>
    <url>
      <loc>https://mobcup-ringtones.online/dua-kijiye-sameer-khan-hindi-TnOlZnjm</loc>
    </url>
    <url>
      <loc>https://mobcup-ringtones.online/angu-vaana-konilu-arm-movie-tovino-thomas-malayalam-pMf4f8gd</loc>
    </url>
    <url>
      <loc>https://mobcup-ringtones.online/chakar-shivbache-honar-lTEE5TU6</loc>
    </url>
    <url>
      <loc>https://mobcup-ringtones.online/hello-moto-tF0mEgKP</loc>
    </url>
    <url>
      <loc>https://mobcup-ringtones.online/char-sal-se-pagal-song-download-xa2x7Twi</loc>
    </url>
    <url>
      <loc>https://mobcup-ringtones.online/vettaiyan-hunter-vantaar-tamil-song-eJZh9JzT</loc>
    </url>
    <url>
      <loc>https://mobcup-ringtones.online/millionaire-ringtone-yo-yo-honey-singh-2AigyXCZ</loc>
    </url>
    <url>
      <loc>https://mobcup-ringtones.online/way-down-we-go-high-volume-PnspM5Q1</loc>
    </url>
    <url>
      <loc>https://mobcup-ringtones.online/vettaiyan-hunter-k5LJjGyK</loc>
    </url>
    <url>
      <loc>https://mobcup-ringtones.online/ey-banane-FffgOYFV</loc>
    </url>
    <url>
      <loc>https://mobcup-ringtones.online/milenge-hum-nahi-song-i6Jm4ebu</loc>
    </url>
    <url>
      <loc>https://mobcup-ringtones.online/haye-dil-tu-jaan-tu-ringtone-download-ErcRVIRZ</loc>
    </url>
    <url>
      <loc>https://mobcup-ringtones.online/hunter-vantaar-vettaiyan-rajinikanth-tamil-HaNsz0zy</loc>
    </url>
    <url>
      <loc>https://mobcup-ringtones.online/eyy-banane-vaazha-malayalam-song-NlLhLsqS</loc>
    </url>
    <url>
      <loc>https://mobcup-ringtones.online/devara-fear-song-g1GVHugV</loc>
    </url>
    <url>
      <loc>https://mobcup-ringtones.online/ek-phool-marathi-ringtone-download-BHRadiTA</loc>
    </url>
    <url>
      <loc>https://mobcup-ringtones.online/mi-vel-tuzya-bhavati-ek-phool-marathi-75sCKDyZ</loc>
    </url>
    <url>
      <loc>https://mobcup-ringtones.online/mi-vel-tuzya-bhavati-ringtone-download-mp3-Xsy3rRBg</loc>
    </url>
    <url>
      <loc>https://mobcup-ringtones.online/wait-a-minute-kOGobfun</loc>
    </url>
    <url>
      <loc>https://mobcup-ringtones.online/manne-nambi-adios-amigo-malayalam-song-VHlrhDKP</loc>
    </url>
    <url>
      <loc>https://mobcup-ringtones.online/mi-vel-tuzya-bhavti-tu-zad-chndnach-buZEtRV7</loc>
    </url>
    <url>
      <loc>https://mobcup-ringtones.online/yahi-wali-lunga-Z9vIhAf9</loc>
    </url>
    <url>
      <loc>https://mobcup-ringtones.online/yahi-wali-lunga-nahi-manunga-eetio08d</loc>
    </url>
    <url>
      <loc>https://mobcup-ringtones.online/yahi-wali-lunga-yahi-wali-lunga-Iy4JKzu1</loc>
    </url>
    <url>
      <loc>https://mobcup-ringtones.online/ve-haniya-peijczs4</loc>
    </url>
    <url>
      <loc>https://mobcup-ringtones.online/chal-kudiye-jigra-hindi-song-rxu4Tqt7</loc>
    </url>
    <url>
      <loc>https://mobcup-ringtones.online/chal-kudiye-jigra-diljit-dosanjh-alia-bhatt-REzIQnjS</loc>
    </url>
    <url>
      <loc>https://mobcup-ringtones.online/chal-kudiye-jigra-alia-bhatt-H3J7jMpc</loc>
    </url>
    <url>
      <loc>https://mobcup-ringtones.online/meer-editxz-bgm-JqgjEryw</loc>
    </url>
    <url>
      <loc>https://mobcup-ringtones.online/thaye-thaye-magalena-vanthai-07m4W0PD</loc>
    </url>
    <url>
      <loc>https://mobcup-ringtones.online/devarafearanirudh-ravichander-0GpACsec</loc>
    </url>
    <url>
      <loc>https://mobcup-ringtones.online/chal-kudiye-jigra-diljit-dosanjh-hindi-Ib1s7Wed</loc>
    </url>
    <url>
      <loc>https://mobcup-ringtones.online/hridayam-muriyum-song-85tH6Mmv</loc>
    </url>
    <url>
      <loc>https://mobcup-ringtones.online/chal-kudiye-jigra-diljit-dosanjh-Muth9Ln0</loc>
    </url>
    <url>
      <loc>https://mobcup-ringtones.online/goat-the-jeevan-clone-bgm-se6CmLPf</loc>
    </url>
    <url>
      <loc>https://mobcup-ringtones.online/char-sal-se-pagal-bana-rakha-hai-tH9OAdnL</loc>
    </url>
    <url>
      <loc>https://mobcup-ringtones.online/mere-jaise-toh-milenge-milenge-hum-nahi-tPy8XvHx</loc>
    </url>
    <url>
      <loc>https://mobcup-ringtones.online/chaar-saal-se-pagal-bana-rakha-hai-DBRX7plB</loc>
    </url>
    <url>
      <loc>https://mobcup-ringtones.online/manasilayo-song-download-masstamilan-GUSQ0grF</loc>
    </url>
    <url>
      <loc>https://mobcup-ringtones.online/white-mustang-mUs1uT9D</loc>
    </url>
    <url>
      <loc>https://mobcup-ringtones.online/bonita-ringtone-download-VfFpNvfJ</loc>
    </url>
    <url>
      <loc>https://mobcup-ringtones.online/mere-jaise-toh-milenge-kunaal-vermaa-CiGheAPm</loc>
    </url>
    <url>
      <loc>https://mobcup-ringtones.online/goat-jeevan-bgm-download-qqs9pcc4</loc>
    </url>
    <url>
      <loc>https://mobcup-ringtones.online/white-mustang-lana-del-rey-bkqboqX2</loc>
    </url>
    <url>
      <loc>https://mobcup-ringtones.online/goat-jeevan-bgm-download-uITmo7UF</loc>
    </url>
    <url>
      <loc>https://mobcup-ringtones.online/unakkum-enakkum-bgm-instrumental-Fsftzrmg</loc>
    </url>
    <url>
      <loc>https://mobcup-ringtones.online/ye-jaan-jaan-kya-laga-rakha-hai-milenge-hum-nahi-kunaal-vermaa-hindi-rWOdy9lF</loc>
    </url>
    <url>
      <loc>https://mobcup-ringtones.online/soduni-gokulas-bgcpL20q</loc>
    </url>
    <url>
      <loc>https://mobcup-ringtones.online/chandrama-ringtone-download-mp3-TsHEbCgY</loc>
    </url>
    <url>
      <loc>https://mobcup-ringtones.online/soduni-gokulas-ba-re-duWwUSlK</loc>
    </url>
    <url>
      <loc>https://mobcup-ringtones.online/ye-jaan-jaan-kya-laga-rakha-hai-LpvByoVq</loc>
    </url>
    <url>
      <loc>https://mobcup-ringtones.online/jab-rang-jagta-hai-tasveer-jagta-hai-iydPIvMS</loc>
    </url>
    <url>
      <loc>https://mobcup-ringtones.online/jab-rang-jagte-hai-kaffara-6a1tEffj</loc>
    </url>
    <url>
      <loc>https://mobcup-ringtones.online/vettaiyan-song-ringtone-download-DdLyodBn</loc>
    </url>
    <url>
      <loc>https://mobcup-ringtones.online/bonita-song-honey-singh-5SDNpQhZ</loc>
    </url>
    <url>
      <loc>https://mobcup-ringtones.online/husn-walon-ko-na-dil-do-yah-daga-dete-hain-t6lP8VCK</loc>
    </url>
    <url>
      <loc>https://mobcup-ringtones.online/russian-bandana-dhanda-nyoliwala-haryanvi-song-hV7zEz1F</loc>
    </url>
    <url>
      <loc>https://mobcup-ringtones.online/kajra-mohabbat-wala-shilpi-raj-pawan-singh-Qfe8iynj</loc>
    </url>
    <url>
      <loc>https://mobcup-ringtones.online/russian-bandana-dhanda-nyoliwala-SnUElKBO</loc>
    </url>
    <url>
      <loc>https://mobcup-ringtones.online/jab-rang-jagta-hai-HFd5OZym</loc>
    </url>
    <url>
      <loc>https://mobcup-ringtones.online/russian-bandana-song-mp3-ezmjuNyu</loc>
    </url>
    <url>
      <loc>https://mobcup-ringtones.online/onam-bgm-h2ox903f</loc>
    </url>
    <url>
      <loc>https://mobcup-ringtones.online/russian-bandana-dhanda-nyoliwala-haryanvi-7MpbQ3ja</loc>
    </url>
    <url>
      <loc>https://mobcup-ringtones.online/millionaire-lofi-slowed-reverb-yXQEmufp</loc>
    </url>
    <url>
      <loc>https://mobcup-ringtones.online/jo-tum-mere-ho-CQRUpqKq</loc>
    </url>
    <url>
      <loc>https://mobcup-ringtones.online/en-kolgiraai-b6xBigNA</loc>
    </url>
    <url>
      <loc>https://mobcup-ringtones.online/maine-chaha-tujhe-meri-khata-nahi-GQveDmpO</loc>
    </url>
    <url>
      <loc>https://mobcup-ringtones.online/millionaire-ringtone-download-7BcVZTVQ</loc>
    </url>
    <url>
      <loc>https://mobcup-ringtones.online/kurumba-song-t91mUHZ2</loc>
    </url>
    <url>
      <loc>https://mobcup-ringtones.online/fly-karke-sabba-jasmeen-akhtar-punjabi-VQgLA0HL</loc>
    </url>
    <url>
      <loc>https://mobcup-ringtones.online/jay-shri-ram-gKYZ5JFN</loc>
    </url>
    <url>
      <loc>https://mobcup-ringtones.online/old-money-song-ZWjI6xEB</loc>
    </url>
    <url>
      <loc>https://mobcup-ringtones.online/nenjin-ezhuth-song-xtbRFxhJ</loc>
    </url>
    <url>
      <loc>https://mobcup-ringtones.online/happy-onam-yiS7biTP</loc>
    </url>
    <url>
      <loc>https://mobcup-ringtones.online/chandrama-benisha-paudel-m6zoYF1w</loc>
    </url>
    <url>
      <loc>https://mobcup-ringtones.online/maru-jenmam-eduthal-kooda-zNjar8MP</loc>
    </url>
    <url>
      <loc>https://mobcup-ringtones.online/kitni-chahat-chupaye-rapkid-arfat-RSnzxgLn</loc>
    </url>
    <url>
      <loc>https://mobcup-ringtones.online/r-kobe-r-kobe-song-EdfIKS4b</loc>
    </url>
    <url>
      <loc>https://mobcup-ringtones.online/tum-jo-aaye-ho-meri-duniya-mein-PNBUJscu</loc>
    </url>
    <url>
      <loc>https://mobcup-ringtones.online/makane-vaazha-song-hMHaBqJB</loc>
    </url>
    <url>
      <loc>https://mobcup-ringtones.online/kaffara-instrumental-2kJzAQhN</loc>
    </url>
    <url>
      <loc>https://mobcup-ringtones.online/chandrama-benisha-poudel-PGNRd6wQ</loc>
    </url>
    <url>
      <loc>https://mobcup-ringtones.online/aarambh-ganpati-song-L8eEEOHG</loc>
    </url>
    <url>
      <loc>https://mobcup-ringtones.online/millionaire-song-nRQfj4H9</loc>
    </url>
    <url>
      <loc>https://mobcup-ringtones.online/russian-weapon-ringtone-download-sjMWfmGq</loc>
    </url>
    <url>
      <loc>https://mobcup-ringtones.online/albelo-gujrati-Mgz9ABlD</loc>
    </url>
    <url>
      <loc>https://mobcup-ringtones.online/fear-song-devara-3Rq6JPtc</loc>
    </url>
    <url>
      <loc>https://mobcup-ringtones.online/chilam-ke-sutte-raj-mawer-haryanvi-zgrCQ1Qu</loc>
    </url>
    <url>
      <loc>https://mobcup-ringtones.online/dil-tu-jaan-tu-panjabi-song-6kGtTgzY</loc>
    </url>
    <url>
      <loc>https://mobcup-ringtones.online/kapda-matching-karva-che-instrumental-wOF1lLvi</loc>
    </url>
    <url>
      <loc>https://mobcup-ringtones.online/aaj-ki-raat-instrumental-music-bgm-9DrIxx3M</loc>
    </url>
    <url>
      <loc>https://mobcup-ringtones.online/dil-tu-jaan-tu-darda-di-dawa-tu-song-jWsQB0tT</loc>
    </url>
    <url>
      <loc>https://mobcup-ringtones.online/ar-kobe-fjKnVfWN</loc>
    </url>
    <url>
      <loc>https://mobcup-ringtones.online/paththa-vaikkum-song-download-DGQQ8Vlf</loc>
    </url>
    <url>
      <loc>https://mobcup-ringtones.online/chilam-ke-sutte-song-cFXBFEiD</loc>
    </url>
    <url>
      <loc>https://mobcup-ringtones.online/give-it-all-away-zyyrodj7</loc>
    </url>
    <url>
      <loc>https://mobcup-ringtones.online/aar-kobe-arijit-singh-kxRFBM0K</loc>
    </url>
    <url>
      <loc>https://mobcup-ringtones.online/bhima-new-ringtones-kannada-ZLIgr22F</loc>
    </url>
    <url>
      <loc>https://mobcup-ringtones.online/love-marriage-karenge-court-mein-ts58CmdJ</loc>
    </url>
    <url>
      <loc>https://mobcup-ringtones.online/boom-boom-bengaluru-moDuHcrU</loc>
    </url>
    <url>
      <loc>https://mobcup-ringtones.online/give-it-all-away-arjun-vXZzYk0B</loc>
    </url>
    <url>
      <loc>https://mobcup-ringtones.online/appa-cha-vishay-yPPSeAyG</loc>
    </url>
    <url>
      <loc>https://mobcup-ringtones.online/aar-kobe-arijit-singh-bengali-song-xSM0vPhE</loc>
    </url>
    <url>
      <loc>https://mobcup-ringtones.online/bheema-movie-bgm-oV7cpWWg</loc>
    </url>
    <url>
      <loc>https://mobcup-ringtones.online/makane-vaazha-malayalam-song-qRCkEUUu</loc>
    </url>
    <url>
      <loc>https://mobcup-ringtones.online/millionaire-NIGZpQ7J</loc>
    </url>
    <url>
      <loc>https://mobcup-ringtones.online/some-mistakes-get-made-me-1hJBytno</loc>
    </url>
    <url>
      <loc>https://mobcup-ringtones.online/hey-gagana-krishnam-pranaya-sakhi-sonu-nigam-kannada-FZHYXV6q</loc>
    </url>
    <url>
      <loc>https://mobcup-ringtones.online/ae-dil-zara-tune-XlHLBR37</loc>
    </url>
    <url>
      <loc>https://mobcup-ringtones.online/hey-gagana-krishnam-pranaya-sakhi-kannada-song-oQ2LJZwB</loc>
    </url>
    <url>
      <loc>https://mobcup-ringtones.online/makane-vazha-tamil-song-r7qbCpSl</loc>
    </url>
    <url>
      <loc>https://mobcup-ringtones.online/old-money-WgypOJuF</loc>
    </url>
    <url>
      <loc>https://mobcup-ringtones.online/some-mistakes-get-made-that039s-right-that039s-ok-english-song-NmOvp0Jy</loc>
    </url>
    <url>
      <loc>https://mobcup-ringtones.online/hey-gagana-kannada-h4V2YXaf</loc>
    </url>
    <url>
      <loc>https://mobcup-ringtones.online/tumhare-the-d0RNjche</loc>
    </url>
    <url>
      <loc>https://mobcup-ringtones.online/maru-jenmam-eduthal-kooda-song-PQpUWb8X</loc>
    </url>
    <url>
      <loc>https://mobcup-ringtones.online/ram-aayenge-to-utsav-manayenge-2j6wu5Kn</loc>
    </url>
    <url>
      <loc>https://mobcup-ringtones.online/ram-aayenge-female-qpKwzVWm</loc>
    </url>
    <url>
      <loc>https://mobcup-ringtones.online/rathamaarey-vishal-mishra-vignesh-shivan-tamil-T6YBtW7c</loc>
    </url>
    <url>
      <loc>https://mobcup-ringtones.online/mukke-paye-si-b-praak-rlxbuxYf</loc>
    </url>
    <url>
      <loc>https://mobcup-ringtones.online/hithalaka-karibyada-maava-2I3LSjU5</loc>
    </url>
    <url>
      <loc>https://mobcup-ringtones.online/ram-aayenge-swasti-mehul-tidB7w0K</loc>
    </url>
    <url>
      <loc>https://mobcup-ringtones.online/nagri-nagri-wpbanot5</loc>
    </url>
    <url>
      <loc>https://mobcup-ringtones.online/kanave-unai-hanan-shaah-rWQIpxSK</loc>
    </url>
    <url>
      <loc>https://mobcup-ringtones.online/uchathila-vettaiyan-tamil-fHaNDsxL</loc>
    </url>
    <url>
      <loc>https://mobcup-ringtones.online/feeling-proud-indian-army-indian-army-rLYnsU2P</loc>
    </url>
    <url>
      <loc>https://mobcup-ringtones.online/vanvaas-movie-announcement-rIkP2cUT</loc>
    </url>
    <url>
      <loc>https://mobcup-ringtones.online/dhoom-machale-funny-toy-phone-3yKUaaCT</loc>
    </url>
    <url>
      <loc>https://mobcup-ringtones.online/alakh-niranjan-8pTJTxFM</loc>
    </url>
    <url>
      <loc>https://mobcup-ringtones.online/vivo-WAkrjK0W</loc>
    </url>
    <url>
      <loc>https://mobcup-ringtones.online/dhoom-machale-J1A6bKUb</loc>
    </url>
    <url>
      <loc>https://mobcup-ringtones.online/yolo-song-tamil-D5XbbxfJ</loc>
    </url>
    <url>
      <loc>https://mobcup-ringtones.online/chiu-kau-cha-ghas-song-download-mp3-vCopnHge</loc>
    </url>
    <url>
      <loc>https://mobcup-ringtones.online/enge-irul-endralum-rG9kPXOU</loc>
    </url>
    <url>
      <loc>https://mobcup-ringtones.online/amma-paiyan-song-latZ2o6W</loc>
    </url>
    <url>
      <loc>https://mobcup-ringtones.online/shri-ram-jay-ram-jay-jay-ram-0txlTfnL</loc>
    </url>
    <url>
      <loc>https://mobcup-ringtones.online/marad-ha-matha-ke-darad-parul-yadav-gaurav-kushwaha-bhojpuri-Ecxk7Wm2</loc>
    </url>
    <url>
      <loc>https://mobcup-ringtones.online/mere-veer-bhagat-singh-meenu-singh-punjabi-ejdTIXDP</loc>
    </url>
    <url>
      <loc>https://mobcup-ringtones.online/hamaro-dhan-radha-3SWaq89h</loc>
    </url>
    <url>
      <loc>https://mobcup-ringtones.online/ek-nazar-kripa-ki-kardo-WISYGeHB</loc>
    </url>
    <url>
      <loc>https://mobcup-ringtones.online/beer-song-ringtone-download-tamil-aTM6Mt3k</loc>
    </url>
    <url>
      <loc>https://mobcup-ringtones.online/mujhko-kirti-na-vaibhav-na-yash-chahiye-Xv6qotwU</loc>
    </url>
    <url>
      <loc>https://mobcup-ringtones.online/jai-jai-radharaman-hari-bol-tsTYpHPq</loc>
    </url>
    <url>
      <loc>https://mobcup-ringtones.online/babuaan-pawan-singh-shilpi-raj-bhojpuri-NIL7BzOm</loc>
    </url>
    <url>
      <loc>https://mobcup-ringtones.online/en-thai-uruvagum-munne-song-download-ringtone-mp3-w2F099RE</loc>
    </url>
    <url>
      <loc>https://mobcup-ringtones.online/braj-jan-priyatam-mp3-song-download-oZgUpAP1</loc>
    </url>
    <url>
      <loc>https://mobcup-ringtones.online/ladh-re-tu-baliraja-song-ringtone-download-pagalworld-mp3-pagalworld-Wfn2GLEY</loc>
    </url>
    <url>
      <loc>https://mobcup-ringtones.online/iphone-16-A1uA3HFx</loc>
    </url>
    <url>
      <loc>https://mobcup-ringtones.online/good-morning-pineapple-mp3-download-SEu9oraW</loc>
    </url>
    <url>
      <loc>https://mobcup-ringtones.online/ya-devi-sarva-bhuteshu-ringtone-download-pagalworld-mp3-AegZ5Dhq</loc>
    </url>
    <url>
      <loc>https://mobcup-ringtones.online/kalam-song-vikas-karora-mp3-download-3ktYH2DA</loc>
    </url>
    <url>
      <loc>https://mobcup-ringtones.online/rathnam-ringtone-download-tamil-mp3-VRdpkXbQ</loc>
    </url>
    <url>
      <loc>https://mobcup-ringtones.online/hamri-uljhan-suljhao-bhagwan-male-version-obtZP3v5</loc>
    </url>
    <url>
      <loc>https://mobcup-ringtones.online/siya-ram-ringtone-download-mp3-6YW7FXKv</loc>
    </url>
    <url>
      <loc>https://mobcup-ringtones.online/yeh-rishta-kya-kehlata-hai-ringtone-download-pagalworld-mp3-wEYPub1n</loc>
    </url>
    <url>
      <loc>https://mobcup-ringtones.online/snake-cheema-y-gur-sidhu-punjabi-y8f0q7dI</loc>
    </url>
    <url>
      <loc>https://mobcup-ringtones.online/govind-bolo-hari-gopal-bolo-ringtone-download-pagalworld-mp3-RR4yPRUC</loc>
    </url>
    <url>
      <loc>https://mobcup-ringtones.online/medicine-r-nait-deepak-dhillon-punjabi-7BgHU6ss</loc>
    </url>
    <url>
      <loc>https://mobcup-ringtones.online/karwachauth-pe-ke-lyana-se-haryanvi-song-AvyNC88u</loc>
    </url>
    <url>
      <loc>https://mobcup-ringtones.online/sunke-khan-bhaini-punjabi-6TQY4Dx6</loc>
    </url>
    <url>
      <loc>https://mobcup-ringtones.online/blue-yung-kai-mp3-download-tuRDVySY</loc>
    </url>
    <url>
      <loc>https://mobcup-ringtones.online/yaad-satave-sumit-parta-manisha-sharma-haryanvi-cP5Tyyc7</loc>
    </url>
    <url>
      <loc>https://mobcup-ringtones.online/lamba-lamba-ghunghat-haryanvi-song-POKOcdw9</loc>
    </url>
    <url>
      <loc>https://mobcup-ringtones.online/chori-tera-dil-haryanvi-song-5o8QLyNE</loc>
    </url>
    <url>
      <loc>https://mobcup-ringtones.online/venilavu-saaral-sai-pallavi-sivakarthikeyan-amaran-xCv0ggul</loc>
    </url>
    <url>
      <loc>https://mobcup-ringtones.online/mangni-korala-maan-mahi-sharma-punjabi-7RSoNufk</loc>
    </url>
    <url>
      <loc>https://mobcup-ringtones.online/phulwanti-movie-download-A51J2D3R</loc>
    </url>
    <url>
      <loc>https://mobcup-ringtones.online/juice-pila-do-mosambi-ka-meme-download-usTCXQqe</loc>
    </url>
    <url>
      <loc>https://mobcup-ringtones.online/hath-fadke-song-download-bJHgM0oT</loc>
    </url>
    <url>
      <loc>https://mobcup-ringtones.online/mangni-punjabi-song-W7N1yUdQ</loc>
    </url>
    <url>
      <loc>https://mobcup-ringtones.online/docomo-Dg7EVYTK</loc>
    </url>
    <url>
      <loc>https://mobcup-ringtones.online/karwa-chauth-harry-lather-haryanvi-90sebueH</loc>
    </url>
    <url>
      <loc>https://mobcup-ringtones.online/sifar-safar-punjabi-song-UsS6J2fT</loc>
    </url>
    <url>
      <loc>https://mobcup-ringtones.online/venilavu-saaral-kapil-kapilan-rakshita-suresh-tamil-m7Y8hRb5</loc>
    </url>
    <url>
      <loc>https://mobcup-ringtones.online/kanmani-tamil-song-qhdTnVYx</loc>
    </url>
    <url>
      <loc>https://mobcup-ringtones.online/o-tere-mere-pyar-de-taare-gawah-ne-a2vwWG1x</loc>
    </url>
    <url>
      <loc>https://mobcup-ringtones.online/radhe-radhe-bol-hBAZ3zi2</loc>
    </url>
    <url>
      <loc>https://mobcup-ringtones.online/hath-fadke-sidhu-moose-wala-punjabi-4BSbz5B6</loc>
    </url>
    <url>
      <loc>https://mobcup-ringtones.online/anbana-magal-vanthal-song-download-ringtone-mp3-masstamilan-TxOv0tjN</loc>
    </url>
    <url>
      <loc>https://mobcup-ringtones.online/juice-pila-do-mosambi-ka-audio-download-4yAthDsd</loc>
    </url>
    <url>
      <loc>https://mobcup-ringtones.online/bad-fellas-haryanvi-song-iadKBG5V</loc>
    </url>
    <url>
      <loc>https://mobcup-ringtones.online/mr-bihari-please-pickup-the-phone-AjRPgbRb</loc>
    </url>
    <url>
      <loc>https://mobcup-ringtones.online/om-cham-cham-chapal-chalanta-song-mp3-download-Uqq7K27G</loc>
    </url>
    <url>
      <loc>https://mobcup-ringtones.online/radha-govaldi-song-download-PCqbPkv7</loc>
    </url>
    <url>
      <loc>https://mobcup-ringtones.online/tu-abhalacha-janu-shukratara-ringtone-mp3-download-pagal-e1jpjZEe</loc>
    </url>
    <url>
      <loc>https://mobcup-ringtones.online/bajrang-baan-EE0puSJq</loc>
    </url>
    <url>
      <loc>https://mobcup-ringtones.online/ram-siya-ram-hwHfLPU3</loc>
    </url>
    <url>
      <loc>https://mobcup-ringtones.online/cheap-thrills-song-english-6sfpuEKK</loc>
    </url>
    <url>
      <loc>https://mobcup-ringtones.online/kanya-pujan-jo-kare-anuradha-paudwal-N3J3yzM5</loc>
    </url>
    <url>
      <loc>https://mobcup-ringtones.online/ailama-pailama-song-mp3-download-wz8Tp0c7</loc>
    </url>
    <url>
      <loc>https://mobcup-ringtones.online/naina-jo-mile-hai-sarkar-se-CBx11ah1</loc>
    </url>
    <url>
      <loc>https://mobcup-ringtones.online/hey-ram-hey-ram-jagjit-singh-57aLRvc5</loc>
    </url>
    <url>
      <loc>https://mobcup-ringtones.online/ram-aayenge-vishal-mishra-WB8gEKs6</loc>
    </url>
    <url>
      <loc>https://mobcup-ringtones.online/pari-hu-main-falguni-pathak-EvzUtXjz</loc>
    </url>
    <url>
      <loc>https://mobcup-ringtones.online/dholida-dhol-re-vagad-dandiya-NuaWONDu</loc>
    </url>
    <url>
      <loc>https://mobcup-ringtones.online/still-with-you-iphone-D0cGldB7</loc>
    </url>
    <url>
      <loc>https://mobcup-ringtones.online/achyutam-keshavam-sZeRZJ31</loc>
    </url>
    <url>
      <loc>https://mobcup-ringtones.online/menu-sari-duniya-to-changi-meri-maa-lagdi-mp3-download-mxn8KyTG</loc>
    </url>
    <url>
      <loc>https://mobcup-ringtones.online/hare-krishna-ringtone-iskcon-mp3-download-4P8hKQOm</loc>
    </url>
    <url>
      <loc>https://mobcup-ringtones.online/aigiri-nandini-remix-MKsAY0uR</loc>
    </url>
    <url>
      <loc>https://mobcup-ringtones.online/vichudo-gujarati-song-LQqXUPm2</loc>
    </url>
    <url>
      <loc>https://mobcup-ringtones.online/char-panch-taraliya-jhanjariyu-umesh-barot-gujarati-C3mIa6bh</loc>
    </url>
    <url>
      <loc>https://mobcup-ringtones.online/amar-saptamir-bikel-mp3-song-download-y2M9IC6D</loc>
    </url>
    <url>
      <loc>https://mobcup-ringtones.online/bhes-badal-narka-ravan-SfreXJwi</loc>
    </url>
    <url>
      <loc>https://mobcup-ringtones.online/babuaan-pawan-singh-shilpi-raj-chandani-singh-bhojpuri-sYA4hYk3</loc>
    </url>
    <url>
      <loc>https://mobcup-ringtones.online/avlothan-nammala-mudichu-vittinga-ponga-meme-audio-download-SQNC6Fdf</loc>
    </url>
    <url>
      <loc>https://mobcup-ringtones.online/ye-ye-meme-8Esdm2H7</loc>
    </url>
    <url>
      <loc>https://mobcup-ringtones.online/chambal-k-dakku-rahul-muana-ruba-khan-haryanvi-byt7OCro</loc>
    </url>
    <url>
      <loc>https://mobcup-ringtones.online/maqsad-meme-song-PZcONhwQ</loc>
    </url>
    <url>
      <loc>https://mobcup-ringtones.online/mudichu-vittinga-ponga-meme-4nkRo9Cx</loc>
    </url>
    <url>
      <loc>https://mobcup-ringtones.online/marad-ha-matha-ke-darad-shivani-singh-bhojpuri-L16opsib</loc>
    </url>
    <url>
      <loc>https://mobcup-ringtones.online/marad-ha-matha-ke-darad-song-bhojpuri-8FjfQThD</loc>
    </url>
    <url>
      <loc>https://mobcup-ringtones.online/ni-aaja-tenu-diljit-dosanjh-song-download-UOToiAB4</loc>
    </url>
    <url>
      <loc>https://mobcup-ringtones.online/hey-minnale-ringtone-download-female-version-4WeBzZY8</loc>
    </url>
    <url>
      <loc>https://mobcup-ringtones.online/keep-up-ringtone-mp3-download-MwCOEWQn</loc>
    </url>
    <url>
      <loc>https://mobcup-ringtones.online/lamba-lamba-ghunghat-ajay-hooda-kavita-joshi-haryanvi-olHgp2Dp</loc>
    </url>
    <url>
      <loc>https://mobcup-ringtones.online/sequencia-malefica-mp3-download-PyVueT2Y</loc>
    </url>
    <url>
      <loc>https://mobcup-ringtones.online/sunke-punjabi-song-l9aJk0GU</loc>
    </url>
    <url>
      <loc>https://mobcup-ringtones.online/kakan-ringtone-mp3-down-C41lHCNf</loc>
    </url>
    <url>
      <loc>https://mobcup-ringtones.online/azadi-arivu-gv-prakash-kumar-tamil-L4CES5BI</loc>
    </url>
    <url>
      <loc>https://mobcup-ringtones.online/whine-in-brazil-song-download-mp3-TJ0nFbKN</loc>
    </url>
    <url>
      <loc>https://mobcup-ringtones.online/azadi-arivu-tamil-3YVlZQVa</loc>
    </url>
    <url>
      <loc>https://mobcup-ringtones.online/yolo-suriya-disha-patani-kanguva-fk1MKRkW</loc>
    </url>
    <url>
      <loc>https://mobcup-ringtones.online/sanjay-dutt-punjabi-song-BmYpCCxj</loc>
    </url>
    <url>
      <loc>https://mobcup-ringtones.online/angu-vaana-konilu-ring-tone-Jeduakw1</loc>
    </url>
    <url>
      <loc>https://mobcup-ringtones.online/dheema-dheema-anirudh-song-download-0vbuQWRA</loc>
    </url>
    <url>
      <loc>https://mobcup-ringtones.online/hy-minnale-dhpYkVYj</loc>
    </url>
    <url>
      <loc>https://mobcup-ringtones.online/kali-bindi-song-marathi-M2tWFoRr</loc>
    </url>
    <url>
      <loc>https://mobcup-ringtones.online/cheri-cheri-lady-song-english-nNbEslLZ</loc>
    </url>
    <url>
      <loc>https://mobcup-ringtones.online/jaya-shara-rama-masaja-tana-Q7MxwNdB</loc>
    </url>
    <url>
      <loc>https://mobcup-ringtones.online/azhake-changulakkana-song-download-vzH9WVgs</loc>
    </url>
    <url>
      <loc>https://mobcup-ringtones.online/kunjilam-vave-ringtone-download-iamF8ZB5</loc>
    </url>
    <url>
      <loc>https://mobcup-ringtones.online/desi-hood-sabi-bhinder-punjabi-song-HV6x5rF5</loc>
    </url>
    <url>
      <loc>https://mobcup-ringtones.online/mo-jaga-kalia-re-cvOLo8Zv</loc>
    </url>
    <url>
      <loc>https://mobcup-ringtones.online/soduni-gokulas-ringtone-mp3-download-sqld9M2Y</loc>
    </url>
    <url>
      <loc>https://mobcup-ringtones.online/tere-bina-na-guzara-e-satinder-sartaaj-punjabi-nWT1kMj4</loc>
    </url>
    <url>
      <loc>https://mobcup-ringtones.online/char-panch-taraliya-song-9Hlngz6r</loc>
    </url>
    <url>
      <loc>https://mobcup-ringtones.online/chhoti-chhoti-kanyaye-mp3-song-download-pagalworld-pXHnrfuQ</loc>
    </url>
    <url>
      <loc>https://mobcup-ringtones.online/radha-govaldi-song-29bwHYqN</loc>
    </url>
    <url>
      <loc>https://mobcup-ringtones.online/bagichay-bulbuli-tui-z4cciduh</loc>
    </url>
    <url>
      <loc>https://mobcup-ringtones.online/vage-vage-2-aghori-muzik-gujarati-LEb4409v</loc>
    </url>
    <url>
      <loc>https://mobcup-ringtones.online/radha-govaldi-song-download-ringtone-pagalworld-CtfFkQEe</loc>
    </url>
    <url>
      <loc>https://mobcup-ringtones.online/bagichay-bulbuli-tui-mp3-song-download-xugDBNCd</loc>
    </url>
    <url>
      <loc>https://mobcup-ringtones.online/birthday-ringtone-download-mp3-7KpJ46i0</loc>
    </url>
    <url>
      <loc>https://mobcup-ringtones.online/radha-govaldi-ringtone-download-pagalworld-mp3-pagalworld-EQaXHVj4</loc>
    </url>
    <url>
      <loc>https://mobcup-ringtones.online/radha-nu-roop-che-song-mp3-download-kRAYtBmH</loc>
    </url>
    <url>
      <loc>https://mobcup-ringtones.online/ailo-uma-barite-bengali-song-KMsJ4HiP</loc>
    </url>
    <url>
      <loc>https://mobcup-ringtones.online/mat-kar-maya-ko-ahankar-rajasthani-20NXAoa0</loc>
    </url>
    <url>
      <loc>https://mobcup-ringtones.online/gypsy-2-pranjal-dahiya-haryanvi-PDZdiOGv</loc>
    </url>
    <url>
      <loc>https://mobcup-ringtones.online/amar-saptamir-bikel-song-492OxyYg</loc>
    </url>
    <url>
      <loc>https://mobcup-ringtones.online/rang-bhini-radha-aditya-gadhavi-gujarati-pVLtK1tp</loc>
    </url>
    <url>
      <loc>https://mobcup-ringtones.online/blue-yung-kai-mp3-download-BCifmHte</loc>
    </url>
    <url>
      <loc>https://mobcup-ringtones.online/radha-govaldi-song-download-pagalworld-mp3-6VMIwwhP</loc>
    </url>
    <url>
      <loc>https://mobcup-ringtones.online/rang-bhini-radha-8jZEkFvd</loc>
    </url>
    <url>
      <loc>https://mobcup-ringtones.online/veera-skanda-ringtone-download-mp3-rjvSPm95</loc>
    </url>
    <url>
      <loc>https://mobcup-ringtones.online/people-x-nainowale-ne-MtkANW4U</loc>
    </url>
    <url>
      <loc>https://mobcup-ringtones.online/chaniya-choli-song-download-jigardan-gadhavi-mp3-download-MeiFYL97</loc>
    </url>
    <url>
      <loc>https://mobcup-ringtones.online/anguvana-konil-song-RGjhC9Wd</loc>
    </url>
    <url>
      <loc>https://mobcup-ringtones.online/dhoom-machale-funny-toy-phone-iQhzKrMd</loc>
    </url>
    <url>
      <loc>https://mobcup-ringtones.online/bling-bang-bang-born-creepy-nuts-english-nKUTMe12</loc>
    </url>
    <url>
      <loc>https://mobcup-ringtones.online/ailo-uma-barite-Qo2Gwbmf</loc>
    </url>
    <url>
      <loc>https://mobcup-ringtones.online/gori-radha-ne-kado-kaan-gujarati-W6eSxVOR</loc>
    </url>
    <url>
      <loc>https://mobcup-ringtones.online/sorgame-endralum-remix-song-7fkcUgfD</loc>
    </url>
    <url>
      <loc>https://mobcup-ringtones.online/ugamma-rath-jodya-re-osman-mir-gujarati-Q1HxEZgt</loc>
    </url>
    <url>
      <loc>https://mobcup-ringtones.online/ladh-re-tu-baliraja-ringtone-download-mp3-pagalworld-pagal-hindi-ZnhMgS9Z</loc>
    </url>
    <url>
      <loc>https://mobcup-ringtones.online/meri-maa-ke-barabar-koi-nahi-song-926dVB5F</loc>
    </url>
    <url>
      <loc>https://mobcup-ringtones.online/garba-ringtone-download-mp3-OmunY53r</loc>
    </url>
    <url>
      <loc>https://mobcup-ringtones.online/thangalaan-war-song-tamil-tpe5Fgcb</loc>
    </url>
    <url>
      <loc>https://mobcup-ringtones.online/tera-jod-dhara-par-koi-nahi-meri-maa-ke-barabar-koi-nahi-jubin-nautiyal-YFI57g9d</loc>
    </url>
    <url>
      <loc>https://mobcup-ringtones.online/meri-maa-ke-barabar-koi-nahi-jubin-nautiyal-nQtRG3wj</loc>
    </url>
    <url>
      <loc>https://mobcup-ringtones.online/tamally-maak-mp3-song-EWl4Veu9</loc>
    </url>
    <url>
      <loc>https://mobcup-ringtones.online/maa-kasam-humane-sagar-archana-padhi-sambalpuri-QoBtNpZB</loc>
    </url>
    <url>
      <loc>https://mobcup-ringtones.online/menu-sari-duniya-to-changi-meri-maa-lagdi-mp3-knWEbWPx</loc>
    </url>
    <url>
      <loc>https://mobcup-ringtones.online/tamally-maak-x-calling-you-mp3-CdEBpe6f</loc>
    </url>
    <url>
      <loc>https://mobcup-ringtones.online/rakheyo-nimaneya-da-maan-mp3-download-djpunjab-6scTrXoj</loc>
    </url>
    <url>
      <loc>https://mobcup-ringtones.online/khata-shayama-ragatana-daunalda-2024-NTCBN0nn</loc>
    </url>
    <url>
      <loc>https://mobcup-ringtones.online/adharam-madhuram-lofi-slowed-reverb-ryqANaW3</loc>
    </url>
    <url>
      <loc>https://mobcup-ringtones.online/narayan-mil-jayega-jubin-nautiyal-QZJG8wWG</loc>
    </url>
    <url>
      <loc>https://mobcup-ringtones.online/kinna-billo-kinna-billo-jachdi-ayushmann-khurrana-lLbDNOeC</loc>
    </url>
    <url>
      <loc>https://mobcup-ringtones.online/hey-minnale-amaran-tamil-song-H30CxICL</loc>
    </url>
    <url>
      <loc>https://mobcup-ringtones.online/main-balak-tu-mata-sherawaliye-song-D0omfjHi</loc>
    </url>
    <url>
      <loc>https://mobcup-ringtones.online/galgoto-geeta-rabari-mp3-download-1KzmXAw2</loc>
    </url>
    <url>
      <loc>https://mobcup-ringtones.online/rasave-unna-nambi-song-dra2cR4r</loc>
    </url>
    <url>
      <loc>https://mobcup-ringtones.online/rathha-rathha-bl-ragatana-daunalda-famal-t9iywoEP</loc>
    </url>
    <url>
      <loc>https://mobcup-ringtones.online/rukh-vi-tere-patte-tere-wah-guru-happy-raikoti-punjabi-UjVC6Rr7</loc>
    </url>
    <url>
      <loc>https://mobcup-ringtones.online/cheri-cheri-lady-ringtone-download-mp3-MsPVFyFG</loc>
    </url>
    <url>
      <loc>https://mobcup-ringtones.online/sifar-safar-karan-aujla-punjabi-OjuQ4IFU</loc>
    </url>
    <url>
      <loc>https://mobcup-ringtones.online/badnam-vikkie-maan-mp3-download-WhPOa8wz</loc>
    </url>
    <url>
      <loc>https://mobcup-ringtones.online/meri-maa-mera-rab-jfn7zxSq</loc>
    </url>
    <url>
      <loc>https://mobcup-ringtones.online/meri-maa-mera-rab-akki-aryan-punjabi-wrYamU3W</loc>
    </url>
    <url>
      <loc>https://mobcup-ringtones.online/desi-hood-sabi-bhinder-punjabi-D7dWMUqF</loc>
    </url>
    <url>
      <loc>https://mobcup-ringtones.online/sunke-khan-bhaini-guri-nimana-punjabi-dIfyK6bS</loc>
    </url>
    <url>
      <loc>https://mobcup-ringtones.online/sanjay-dutt-vadda-grewal-deepak-dhillon-punjabi-Swsm0PPl</loc>
    </url>
    <url>
      <loc>https://mobcup-ringtones.online/losing-myself-ap-dhillon-punjabi-n6kLtRjy</loc>
    </url>
    <url>
      <loc>https://mobcup-ringtones.online/jis-sajna-de-sajan-baniye-ishq-di-maari-punjabi-xSNgCR5b</loc>
    </url>
    <url>
      <loc>https://mobcup-ringtones.online/meri-maa-mera-rab-ringtone-sidhu-moose-wala-CYSuCQ2Q</loc>
    </url>
    <url>
      <loc>https://mobcup-ringtones.online/rakhiyo-nimaniya-da-maan-mp3-download-djpunjab-laHyY6g4</loc>
    </url>
    <url>
      <loc>https://mobcup-ringtones.online/rab-wargi-maa-meri-amrinder-gill-NJKFAdel</loc>
    </url>
    <url>
      <loc>https://mobcup-ringtones.online/rab-bhi-maa-jealous-karda-maa-r-nait-punjabi-qV7Mzlqi</loc>
    </url>
    <url>
      <loc>https://mobcup-ringtones.online/rab-bhi-maa-jealous-karda-song-YnOX1TB8</loc>
    </url>
    <url>
      <loc>https://mobcup-ringtones.online/bapu-tere-karke-bXC2EEwC</loc>
    </url>
    <url>
      <loc>https://mobcup-ringtones.online/tarsem-jassar-raza-KcR19vPh</loc>
    </url>
    <url>
      <loc>https://mobcup-ringtones.online/meri-maa-mera-rab-sidhu-moose-wala-oPVA9mzw</loc>
    </url>
    <url>
      <loc>https://mobcup-ringtones.online/lakh-pardesi-gurdas-maan-punjabi-xQfsdAkI</loc>
    </url>
    <url>
      <loc>https://mobcup-ringtones.online/meri-maa-mera-rab-sidhu-moose-wala-punjabi-0WtECWTA</loc>
    </url>
    <url>
      <loc>https://mobcup-ringtones.online/mere-veer-bhagat-singh-song-MuDxSPrB</loc>
    </url>
    <url>
      <loc>https://mobcup-ringtones.online/farmaish-parmish-verma-laddi-chahal-punjabi-SmuUx4qD</loc>
    </url>
    <url>
      <loc>https://mobcup-ringtones.online/315-ap-dhillon-punjabi-8zGDejRE</loc>
    </url>
    <url>
      <loc>https://mobcup-ringtones.online/born-to-shine-diljit-dosanjh-goat-punjabi-WZgvbG92</loc>
    </url>
    <url>
      <loc>https://mobcup-ringtones.online/main-fan-bhagat-singh-da-bhagat-singh-desh-bhakti-ctIBUqik</loc>
    </url>
    <url>
      <loc>https://mobcup-ringtones.online/mere-veer-bhagat-singh-meenu-singh-7rMdqBzs</loc>
    </url>
    <url>
      <loc>https://mobcup-ringtones.online/mukh-duniya-mod-lave-heuQjmNw</loc>
    </url>
    <url>
      <loc>https://mobcup-ringtones.online/oh-shera-uth-zara-6AH5S3UE</loc>
    </url>
    <url>
      <loc>https://mobcup-ringtones.online/qismat-song-download-mp3-TbMeJqUS</loc>
    </url>
    <url>
      <loc>https://mobcup-ringtones.online/saza-ringtone-download-aACFFqwx</loc>
    </url>
    <url>
      <loc>https://mobcup-ringtones.online/rabba-tera-palla-fadya-pm1UOhXv</loc>
    </url>
    <url>
      <loc>https://mobcup-ringtones.online/neend-ka-to-kya-hai-ringtone-download-vpF1k9Ha</loc>
    </url>
    <url>
      <loc>https://mobcup-ringtones.online/saza-jyotica-tangri-bibi-rajni-punjabi-gsl06Tsp</loc>
    </url>
    <url>
      <loc>https://mobcup-ringtones.online/o-shera-uth-zara-ringtone-download-UFbx5mwE</loc>
    </url>
    <url>
      <loc>https://mobcup-ringtones.online/bas-yaara-bas-yaara-andaaz-miel-punjabi-ivoG2ppb</loc>
    </url>
    <url>
      <loc>https://mobcup-ringtones.online/one-love-blue-kJiJl4KF</loc>
    </url>
    <url>
      <loc>https://mobcup-ringtones.online/donali-lofi-song-download-n5gojRWE</loc>
    </url>
    <url>
      <loc>https://mobcup-ringtones.online/birbal-song-download-hWMIm3vs</loc>
    </url>
    <url>
      <loc>https://mobcup-ringtones.online/karke-fly-sabba-jasmeen-akhtar-RO4VQiiu</loc>
    </url>
    <url>
      <loc>https://mobcup-ringtones.online/andaaz-song-ringtone-download-wcRGAgyf</loc>
    </url>
    <url>
      <loc>https://mobcup-ringtones.online/saza-ringtone-download-Ns10Ryf4</loc>
    </url>
    <url>
      <loc>https://mobcup-ringtones.online/o-shera-uth-zara-aoZLHpb8</loc>
    </url>
    <url>
      <loc>https://mobcup-ringtones.online/oo-shera-uth-zara-lu0kM7Hh</loc>
    </url>
    <url>
      <loc>https://mobcup-ringtones.online/donali-song-download-karam-brar-xJLKQZTP</loc>
    </url>
    <url>
      <loc>https://mobcup-ringtones.online/oh-shera-uth-zara-Ewk8IDhE</loc>
    </url>
    <url>
      <loc>https://mobcup-ringtones.online/andaaz-pasand-aaya-j58BJ4gk</loc>
    </url>
    <url>
      <loc>https://mobcup-ringtones.online/teer-te-taj-3LzKafq0</loc>
    </url>
    <url>
      <loc>https://mobcup-ringtones.online/andaaz-pasand-aaya-punjabi-song-snNTykSw</loc>
    </url>
    <url>
      <loc>https://mobcup-ringtones.online/bas-yaara-tere-maaran-da-andaaz-pasand-aaya-mIcXezJh</loc>
    </url>
    <url>
      <loc>https://mobcup-ringtones.online/suniya-suniya-rata-instrumental-kI9saMRQ</loc>
    </url>
    <url>
      <loc>https://mobcup-ringtones.online/mummy-ne-bola-henry-song-download-mp3-34xUNcIi</loc>
    </url>
    <url>
      <loc>https://mobcup-ringtones.online/donali-lofi-AAZSHImG</loc>
    </url>
    <url>
      <loc>https://mobcup-ringtones.online/donali-snehil-pancholi-karam-brar-lofi-IcTD1pKV</loc>
    </url>
    <url>
      <loc>https://mobcup-ringtones.online/suniya-suniya-rata-ringtone-download-mp3-FpQlt4Uv</loc>
    </url>
    <url>
      <loc>https://mobcup-ringtones.online/suniya-suniya-rata-ringtone-download-YUepugDW</loc>
    </url>
    <url>
      <loc>https://mobcup-ringtones.online/suniya-suniya-rata-TM0nLUVg</loc>
    </url>
    <url>
      <loc>https://mobcup-ringtones.online/suniya-suniya-rata-lofi-slowed-reverb-yXNU0Kbr</loc>
    </url>
    <url>
      <loc>https://mobcup-ringtones.online/rakh-le-bana-ke-menu-rani-dil-di-7pfPvGeZ</loc>
    </url>
    <url>
      <loc>https://mobcup-ringtones.online/rabba-tera-palla-fadya-mp3-download-6CVYZbjV</loc>
    </url>
    <url>
      <loc>https://mobcup-ringtones.online/neend-ka-to-kya-hai-EpwfIy3O</loc>
    </url>
    <url>
      <loc>https://mobcup-ringtones.online/daryaa-song-XD8eOhnP</loc>
    </url>
    <url>
      <loc>https://mobcup-ringtones.online/rabba-tera-palla-fadya-ok-9cECBNqE</loc>
    </url>
    <url>
      <loc>https://mobcup-ringtones.online/neend-ka-to-kya-hai-song-cg8xNI8b</loc>
    </url>
    <url>
      <loc>https://mobcup-ringtones.online/neend-ka-to-kya-hai-aaye-na-jaye-YUEuUM6Y</loc>
    </url>
    <url>
      <loc>https://mobcup-ringtones.online/kallu-kaliya-juttni-panjabi-ws44qWPt</loc>
    </url>
    <url>
      <loc>https://mobcup-ringtones.online/saza-roopi-gill-ZIrNfwde</loc>
    </url>
    <url>
      <loc>https://mobcup-ringtones.online/bibi-rajni-rabba-tera-palla-fadya-A0FSaV0j</loc>
    </url>
    <url>
      <loc>https://mobcup-ringtones.online/we-want-justice-nnl9of6N</loc>
    </url>
    <url>
      <loc>https://mobcup-ringtones.online/teer-te-taj-kgdQI2DY</loc>
    </url>
    <url>
      <loc>https://mobcup-ringtones.online/daryaa-ringtone-download-YdcfMrXD</loc>
    </url>
    <url>
      <loc>https://mobcup-ringtones.online/dear-mama-TtbgmDGd</loc>
    </url>
    <url>
      <loc>https://mobcup-ringtones.online/family-song-r-nait-punjabi-cPA3ZYIA</loc>
    </url>
    <url>
      <loc>https://mobcup-ringtones.online/koi-aaye-na-rabba-song-x7Sx1WDz</loc>
    </url>
    <url>
      <loc>https://mobcup-ringtones.online/teer-te-taj-by-kamal-VwnsGnRt</loc>
    </url>
    <url>
      <loc>https://mobcup-ringtones.online/bibi-rajni-punjabi-giiPnxSW</loc>
    </url>
    <url>
      <loc>https://mobcup-ringtones.online/saza-bibi-rajni-ringtone-download-m5l4qpLm</loc>
    </url>
    <url>
      <loc>https://mobcup-ringtones.online/teer-te-taj-song-Q1OIpVuM</loc>
    </url>
    <url>
      <loc>https://mobcup-ringtones.online/nagri-nagri-jyoti-nooran-punjabi-sad-zr1a98C6</loc>
    </url>
    <url>
      <loc>https://mobcup-ringtones.online/dariya-song-download-pagalworld-mp3-DcS5xUy9</loc>
    </url>
    <url>
      <loc>https://mobcup-ringtones.online/bapu-tere-karke-punjabi-song-Pnkc328p</loc>
    </url>
    <url>
      <loc>https://mobcup-ringtones.online/titli-satinder-sartaaj-MdlaBmrU</loc>
    </url>
    <url>
      <loc>https://mobcup-ringtones.online/attach-song-cLtuWOQ9</loc>
    </url>
    <url>
      <loc>https://mobcup-ringtones.online/asi-aaye-ha-tere-dwar-raja-ji-BOvC86ob</loc>
    </url>
    <url>
      <loc>https://mobcup-ringtones.online/bhra-bhra-preet-sandhu-FemHyW7w</loc>
    </url>
    <url>
      <loc>https://mobcup-ringtones.online/bapu-tere-karke-amar-sandhu-pq7HvoVD</loc>
    </url>
    <url>
      <loc>https://mobcup-ringtones.online/attach-sidhu-moose-wala-steel-banglez-punjabi-scT5knGM</loc>
    </url>
    <url>
      <loc>https://mobcup-ringtones.online/attach-sidhu-moose-wala-steel-banglez-3oo955ES</loc>
    </url>
    <url>
      <loc>https://mobcup-ringtones.online/attach-sidhu-moose-wala-punjabi-song-UZdujvuL</loc>
    </url>
    <url>
      <loc>https://mobcup-ringtones.online/asi-aaye-hai-tere-dwar-raja-ji-mp3-download-mr-jatt-aejJTZex</loc>
    </url>
    <url>
      <loc>https://mobcup-ringtones.online/attach-sidhu-moose-wala-NrDAXnlH</loc>
    </url>
    <url>
      <loc>https://mobcup-ringtones.online/paise-naal-mull-naio-mildi-class-jatt-mehkma-F19ZKLH3</loc>
    </url>
    <url>
      <loc>https://mobcup-ringtones.online/mere-jeha-rutba-oh-laike-kithon-aun-jatt-mehkma-glory-vSsxR5XR</loc>
    </url>
    <url>
      <loc>https://mobcup-ringtones.online/ferrariyaan-da-joda-chakka-cash-uttey-jatt-mehkma-glory-yo-yo-honey-singh-7DtYJ3ms</loc>
    </url>
    <url>
      <loc>https://mobcup-ringtones.online/oh-firde-a-sheher-tere-kam-piche-jatt-mehkma-glory-yo-yo-honey-singh-KfkTWfcC</loc>
    </url>
    <url>
      <loc>https://mobcup-ringtones.online/asle-naal-mag-peya-dash-uttey-jatt-mehkma-glory-vhSHWNOO</loc>
    </url>
    <url>
      <loc>https://mobcup-ringtones.online/panjeya-te-keete-hoye-oh-beh-ke-kithon-aun-H17jSJYA</loc>
    </url>
    <url>
      <loc>https://mobcup-ringtones.online/jatt-mehkma-yo-yo-honey-singh-glory-panjabi-7KVTu3Bw</loc>
    </url>
    <url>
      <loc>https://mobcup-ringtones.online/sabar-ni-pal-da-oh-seh-ke-kithon-aun-jatt-mehkma-aEqUW7GV</loc>
    </url>
    <url>
      <loc>https://mobcup-ringtones.online/te-jatt-ethe-aaya-hoya-aish-uttey-jatt-mehkma-glory-yo-yo-honey-singh-ovBF6NbW</loc>
    </url>
    <url>
      <loc>https://mobcup-ringtones.online/rounds-n-ring-navaan-sandhu-yo-yo-honey-singh-MVDvNTvA</loc>
    </url>
    <url>
      <loc>https://mobcup-ringtones.online/ise-kehte-hai-hip-hop-b1j3Zbvc</loc>
    </url>
    <url>
      <loc>https://mobcup-ringtones.online/rounds-n-ring-navaan-sandhu-glory-hD1nW0jw</loc>
    </url>
    <url>
      <loc>https://mobcup-ringtones.online/chadai-meri-ajj-vi-tapaundi-ohna-nu-jatt-mehkma-54lcZXFy</loc>
    </url>
    <url>
      <loc>https://mobcup-ringtones.online/karde-o-firde-group-baaziyaan-jatt-mehkma-43VwaeD0</loc>
    </url>
    <url>
      <loc>https://mobcup-ringtones.online/ohi-ohi-yaar-bus-kar-ge-gadari-jatt-mehkma-7EoCg9pr</loc>
    </url>
    <url>
      <loc>https://mobcup-ringtones.online/rounds-n-ring-yo-yo-honey-singh-glory-punjabi-song-eFVfMXcm</loc>
    </url>
    <url>
      <loc>https://mobcup-ringtones.online/yaad-meri-ajj-vi-rawaundi-ohna-nu-jatt-mehkma-8rjrtNh6</loc>
    </url>
    <url>
      <loc>https://mobcup-ringtones.online/jinna-jinna-kolo-encash-ni-me-hoya-jatt-mehkma-LRo3pm7v</loc>
    </url>
    <url>
      <loc>https://mobcup-ringtones.online/chup-mere-ajj-vi-satuandi-ohna-nu-jatt-mehkma-sfo0wHK7</loc>
    </url>
    <url>
      <loc>https://mobcup-ringtones.online/rounds-n-ring-navaan-sandhu-I0iq76jU</loc>
    </url>
    <url>
      <loc>https://mobcup-ringtones.online/akh-poori-shakki-jatt-di-jatt-mehkma-yo-yo-honey-singh-ry5bnNJ0</loc>
    </url>
    <url>
      <loc>https://mobcup-ringtones.online/nit-hi-threat-milde-jatt-mehkma-yo-yo-honey-singh-GAq6883U</loc>
    </url>
    <url>
      <loc>https://mobcup-ringtones.online/keda-lau-ga-dak-mehkma-jatt-mehkma-fxErVXRY</loc>
    </url>
    <url>
      <loc>https://mobcup-ringtones.online/rounds-n-ring-bonafide-english-song-ObQDPBQz</loc>
    </url>
    <url>
      <loc>https://mobcup-ringtones.online/chamber-ch-round-dhakk-le-jatt-mehkma-KEFNoJx5</loc>
    </url>
    <url>
      <loc>https://mobcup-ringtones.online/yaar-beli-naal-chakle-jatt-mehkma-yo-yo-honey-singh-s7iATFGK</loc>
    </url>
    <url>
      <loc>https://mobcup-ringtones.online/samjeya-chala-si-attach-ni-me-hoya-jatt-mehkma-SXTQVEsn</loc>
    </url>
    <url>
      <loc>https://mobcup-ringtones.online/karde-si-kaabu-par-catch-ni-me-hoya-jatt-mehkma-BOlzQQ0r</loc>
    </url>
    <url>
      <loc>https://mobcup-ringtones.online/tadke-hi-naal-shak-le-jatt-mehkma-yo-yo-honey-singh-xu1grpn0</loc>
    </url>
    <url>
      <loc>https://mobcup-ringtones.online/kaale-karobaar-chalde-jatt-mehkma-td9nSbqh</loc>
    </url>
    <url>
      <loc>https://mobcup-ringtones.online/poora-fatte-chak-mehkma-jatt-mehkma-yo-yo-honey-singh-R4GXVKWJ</loc>
    </url>
    <url>
      <loc>https://mobcup-ringtones.online/yaari-bahmnaa-naal-jatt-mehkma-yo-yo-honey-singh-3BdSHHZq</loc>
    </url>
    <url>
      <loc>https://mobcup-ringtones.online/punda-phire-dhakk-mehkma-jatt-mehkma-7xfAxkP6</loc>
    </url>
    <url>
      <loc>https://mobcup-ringtones.online/soch-ton-vi-paar-chalde-jatt-mehkma-U8ychipr</loc>
    </url>
    <url>
      <loc>https://mobcup-ringtones.online/yaari-bahmnaa-naal-pakki-jatt-di-jatt-mehkma-VDSXBGkD</loc>
    </url>
    <url>
      <loc>https://mobcup-ringtones.online/naal-jede-yaar-chalde-jatt-mehkma-HT4QbPQ8</loc>
    </url>
    <url>
      <loc>https://mobcup-ringtones.online/kaali-caddi-lucky-jatt-di-jatt-mehkma-yo-yo-honey-singh-mTa3FvJB</loc>
    </url>
    <url>
      <loc>https://mobcup-ringtones.online/te-dinda-naio-fuck-mehkma-jatt-mehkma-lHNgQNX0</loc>
    </url>
    <url>
      <loc>https://mobcup-ringtones.online/tere-shehar-vich-khauff-yaar-da-jatt-mehkma-1SjIP5S9</loc>
    </url>
    <url>
      <loc>https://mobcup-ringtones.online/jatt-mehkma-yo-yo-honey-singh-4B0XMi5m</loc>
    </url>
    <url>
      <loc>https://mobcup-ringtones.online/karwa-chauth-sharan-maan-punjabi-8IuYJp0X</loc>
    </url>
    <url>
      <loc>https://mobcup-ringtones.online/antidote-karan-aujla-four-me-ep-zMeOxCUq</loc>
    </url>
    <url>
      <loc>https://mobcup-ringtones.online/antidote-karan-aujla-IOZ1kL4B</loc>
    </url>
    <url>
      <loc>https://mobcup-ringtones.online/powerplay-agsy-english-x-punjabi-SqP0F4WO</loc>
    </url>
    <url>
      <loc>https://mobcup-ringtones.online/o-billo-ni-eh-jatt-mehkma-yo-yo-honey-singh-p4Rv6fIr</loc>
    </url>
    <url>
      <loc>https://mobcup-ringtones.online/jatt-mehkma-yo-yo-honey-singh-glory-JQqDqS99</loc>
    </url>
    <url>
      <loc>https://mobcup-ringtones.online/jatt-mehkma-yo-yo-honey-singh-glory-punjabi-rap-QjcjibvY</loc>
    </url>
    <url>
      <loc>https://mobcup-ringtones.online/antidote-karan-aujla-punjabi-song-NyN5PN28</loc>
    </url>
    <url>
      <loc>https://mobcup-ringtones.online/jatt-mehkma-yo-yo-honey-singh-punjabi-song-rzeYiINc</loc>
    </url>
    <url>
      <loc>https://mobcup-ringtones.online/happy-raksha-bandhan-ravneet-singh-punjabi-XvPqQiO1</loc>
    </url>
    <url>
      <loc>https://mobcup-ringtones.online/billo-kehndi-kaka-ji-zayn-saifi-punjabi-song-jOqd26TH</loc>
    </url>
    <url>
      <loc>https://mobcup-ringtones.online/powerplay-parmish-verma-punjabi-song-H8Cl4WsH</loc>
    </url>
    <url>
      <loc>https://mobcup-ringtones.online/billo-bagge-billeyan-da-ki-krengi-billo-kehndi-V0GyFGU5</loc>
    </url>
    <url>
      <loc>https://mobcup-ringtones.online/billo-kehndi-kaka-ji-zayn-saifi-Y0UTuZZo</loc>
    </url>
    <url>
      <loc>https://mobcup-ringtones.online/o-veer-mere-RWoc8m2h</loc>
    </url>
    <url>
      <loc>https://mobcup-ringtones.online/vin-tudh-hor-je-mangna-lofi-bhai-sarabjit-singh-ji-sAR7MyfI</loc>
    </url>
    <url>
      <loc>https://mobcup-ringtones.online/powerplay-parmish-verma-x-agsy-6k6dGoXb</loc>
    </url>
    <url>
      <loc>https://mobcup-ringtones.online/rakhdi-shani-shah-brother-sister-song-Bn7UF2WE</loc>
    </url>
    <url>
      <loc>https://mobcup-ringtones.online/pyaar-te-parivaar-2-nb7274C0</loc>
    </url>
    <url>
      <loc>https://mobcup-ringtones.online/dil-tu-jaan-tu-instrumental-8WnIyIaD</loc>
    </url>
    <url>
      <loc>https://mobcup-ringtones.online/rakhdi-shani-shah-raksha-bandhan-song-jwm4c9gs</loc>
    </url>
    <url>
      <loc>https://mobcup-ringtones.online/dil-de-vich-de-de-thodi-jehi-than-tu-dil-tu-jaan-tu-gurnazar-punjabi-NjK9nCFn</loc>
    </url>
    <url>
      <loc>https://mobcup-ringtones.online/teri-saanson-mein-ab-ghul-jaane-ko-dil-karta-hai-dil-tu-jaan-tu-gurnazar-punjabi-AI30FrRs</loc>
    </url>
    <url>
      <loc>https://mobcup-ringtones.online/rakhdi-shani-shah-4buqPTK4</loc>
    </url>
    <url>
      <loc>https://mobcup-ringtones.online/dil-tu-jaan-tu-gurnazar-punjabi-romantic-sRBUFdCS</loc>
    </url>
    <url>
      <loc>https://mobcup-ringtones.online/veer-ki-ardaas-veera-ringtone-download-mp4-sQTCm3Gw</loc>
    </url>
    <url>
      <loc>https://mobcup-ringtones.online/dil-karta-hai-tujhe-kar-loon-main-kareeb-itna-dil-tu-jaan-tu-gurnazar-punjabi-Ch16vNrA</loc>
    </url>
    <url>
      <loc>https://mobcup-ringtones.online/dil-tu-jaan-tu-gurnazar-b0ZJNDs2</loc>
    </url>
    <url>
      <loc>https://mobcup-ringtones.online/naa-de-piche-laa-lai-mera-naa-tu-dil-tu-jaan-tu-gurnazar-punjabi-Sg4KPbXw</loc>
    </url>
    <url>
      <loc>https://mobcup-ringtones.online/teri-zulfon-mein-ulajh-jane-ko-dil-karta-hai-dil-tu-jaan-tu-gurnazar-punjabi-BGtZ9G7q</loc>
    </url>
    <url>
      <loc>https://mobcup-ringtones.online/zulf-sunehri-shamaan-wargi-dil-tu-jaan-tu-gurnazar-punjabi-Ra4yC9hs</loc>
    </url>
    <url>
      <loc>https://mobcup-ringtones.online/jal-raha-hoon-ab-bujh-jane-ko-dil-karta-hai-dil-tu-jaan-tu-gurnazar-punjabi-5XXcFtBM</loc>
    </url>
    <url>
      <loc>https://mobcup-ringtones.online/sagar-wargian-gehraiyaan-akhiyan-suraj-warga-nigh-tera-qxlU4IMs</loc>
    </url>
    <url>
      <loc>https://mobcup-ringtones.online/sagar-wargian-gehrian-akhian-40sqjBlj</loc>
    </url>
    <url>
      <loc>https://mobcup-ringtones.online/channan-warga-mukh-tera-dil-tu-jaan-tu-gurnazar-punjabi-2Un3lSqR</loc>
    </url>
    <url>
      <loc>https://mobcup-ringtones.online/main-haan-raahi-yaara-mera-raah-tu-dil-tu-jaan-tu-gurnazar-punjabi-U53PxxBH</loc>
    </url>
    <url>
      <loc>https://mobcup-ringtones.online/jal-raha-hoon-ab-bujh-jane-ko-dil-tu-jaan-tu-gurnazar-punjabi-buW08wUc</loc>
    </url>
    <url>
      <loc>https://mobcup-ringtones.online/hai-pahadaan-di-thandi-hawa-tu-dil-tu-jaan-tu-gurnazar-punjabi-EQzkfWMi</loc>
    </url>
    <url>
      <loc>https://mobcup-ringtones.online/teri-zulfon-mein-ulajh-jane-ko-dil-tu-jaan-tu-gurnazar-punjabi-Ehv27BAs</loc>
    </url>
    <url>
      <loc>https://mobcup-ringtones.online/jad-tak-main-jeena-mere-jeen-di-wajah-tu-dil-tu-jaan-tu-gurnazar-punjabi-i4SoFioB</loc>
    </url>
    <url>
      <loc>https://mobcup-ringtones.online/haye-dil-tu-jaan-tu-dard-di-dawa-tu-dil-tu-jaan-tu-gurnazar-punjabi-GVfXCf3z</loc>
    </url>
    <url>
      <loc>https://mobcup-ringtones.online/tenu-ki-dassa-mere-layi-kya-tu-E2K4hI5r</loc>
    </url>
    <url>
      <loc>https://mobcup-ringtones.online/jad-tak-main-jeena-dil-tu-jaan-tu-gurnazar-punjabi-lb8vOhGM</loc>
    </url>
    <url>
      <loc>https://mobcup-ringtones.online/mere-layi-dhadkan-mere-layi-saah-tu-dil-tu-jaan-tu-gurnazar-punjabi-5KkEpnnF</loc>
    </url>
    <url>
      <loc>https://mobcup-ringtones.online/sagar-wargian-gehraiyaan-akhiyan-suraj-warga-nigh-tera-dil-tu-jaan-tu-gurnazar-punjabi-jC44aRQH</loc>
    </url>
    <url>
      <loc>https://mobcup-ringtones.online/tenu-ki-dassa-mere-layi-kya-tu-dil-tu-jaan-tu-gurnazar-punjabi-chGQY9QB</loc>
    </url>
    <url>
      <loc>https://mobcup-ringtones.online/dil-tu-jaan-tu-darda-di-dawa-tu-dil-tu-jaan-tu-gurnazar-punjabi-0ZQd2ZMu</loc>
    </url>
    <url>
      <loc>https://mobcup-ringtones.online/mere-layi-dhadkan-mere-layi-saah-tu-PaJcZ0XQ</loc>
    </url>
    <url>
      <loc>https://mobcup-ringtones.online/sagar-wargian-gehrian-akhian-dil-tu-jaan-tu-gurnazar-punjabi-HXsXm1Ad</loc>
    </url>
    <url>
      <loc>https://mobcup-ringtones.online/chalda-ae-naa-ranjit-bawa-PJ0e9qY2</loc>
    </url>
    <url>
      <loc>https://mobcup-ringtones.online/sau-khake-harf-cheema-gurlez-akhtar-xr8LwyGA</loc>
    </url>
    <url>
      <loc>https://mobcup-ringtones.online/nagri-nagri-jyoti-nooran-bibi-rajni-NBfV45ix</loc>
    </url>
    <url>
      <loc>https://mobcup-ringtones.online/sau-khake-harf-cheema-mahi-sharma-dh9Q713a</loc>
    </url>
    <url>
      <loc>https://mobcup-ringtones.online/umraan-lameriyan-juss-mixsingh-punjabi-WiPBVnBg</loc>
    </url>
    <url>
      <loc>https://mobcup-ringtones.online/murder-shree-brar-gurlez-akhtar-B9yJGu0Q</loc>
    </url>
    <url>
      <loc>https://mobcup-ringtones.online/murder-shree-brar-gurlez-akhtar-punjabi-song-mGF474xK</loc>
    </url>
    <url>
      <loc>https://mobcup-ringtones.online/umraan-lameriyan-juss-punjabi-song-ws1vcTPv</loc>
    </url>
    <url>
      <loc>https://mobcup-ringtones.online/masle-gulab-sidhu-punjabi-song-98SeIqPa</loc>
    </url>
    <url>
      <loc>https://mobcup-ringtones.online/dam-rakh-di-r-nait-simar-kaur-pranjal-dahiya-oSjM9uuI</loc>
    </url>
    <url>
      <loc>https://mobcup-ringtones.online/ode-di-aa-gori-sada-haal-puchdi-old-money-ap-dhillon-punjabi-qT4enggu</loc>
    </url>
    <url>
      <loc>https://mobcup-ringtones.online/chann-dev-kharoud-harmanjeet-singh-JwwQo8VY</loc>
    </url>
    <url>
      <loc>https://mobcup-ringtones.online/old-money-ap-dhillon-salman-khan-sanjay-dutt-Rymzg4Ql</loc>
    </url>
    <url>
      <loc>https://mobcup-ringtones.online/old-money-ap-dhillon-shinda-kahlon-punjabi-S8trdfLl</loc>
    </url>
    <url>
      <loc>https://mobcup-ringtones.online/umraan-lameriyan-juss-mixsingh-EUfaK6f6</loc>
    </url>
    <url>
      <loc>https://mobcup-ringtones.online/chann-b-praak-gandhi-3-yarran-da-yaar-1nTMGOXd</loc>
    </url>
    <url>
      <loc>https://mobcup-ringtones.online/chann-b-praak-humming-CbXPIKb8</loc>
    </url>
    <url>
      <loc>https://mobcup-ringtones.online/chann-b-praak-punjabi-song-ojQsF6oD</loc>
    </url>
    <url>
      <loc>https://mobcup-ringtones.online/old-money-ap-dhillon-punjabi-song-W1DlsWbI</loc>
    </url>
    <url>
      <loc>https://mobcup-ringtones.online/chann-gandhi-3-yarran-da-yaar-punjabi-jHviN17x</loc>
    </url>
    <url>
      <loc>https://mobcup-ringtones.online/old-money-ap-dhillon-salman-khan-TMa04wKw</loc>
    </url>
    <url>
      <loc>https://mobcup-ringtones.online/dil-tu-jaan-tu-4y7sTDQK</loc>
    </url>
    <url>
      <loc>https://mobcup-ringtones.online/tu-jo-mileya-juss-punjabi-romantic-20Kshil8</loc>
    </url>
    <url>
      <loc>https://mobcup-ringtones.online/dildarian-song-amrinder-gill-lqsMq1S0</loc>
    </url>
    <url>
      <loc>https://mobcup-ringtones.online/tere-dil-de-kareeb-mainu-rehn-de-kassam-garry-sandhu-punjabi-IFODoxUw</loc>
    </url>
    <url>
      <loc>https://mobcup-ringtones.online/dil-vich-thaan-prabh-gill-panjabi-usTr6aCJ</loc>
    </url>
    <url>
      <loc>https://mobcup-ringtones.online/tere-te-sona-aur-koi-na-kassam-garry-sandhu-punjabi-yX7qWJEW</loc>
    </url>
    <url>
      <loc>https://mobcup-ringtones.online/maa-ringtone-amrit-maan-mjWzX2Sx</loc>
    </url>
    <url>
      <loc>https://mobcup-ringtones.online/dil-tu-jaan-tu-gurnazar-punjabi-song-jHZhiqRm</loc>
    </url>
    <url>
      <loc>https://mobcup-ringtones.online/dil-tu-jaan-tu-song-t0475N2H</loc>
    </url>
    <url>
      <loc>https://mobcup-ringtones.online/jhooth-keha-juss-mixsingh-gJOaFg9i</loc>
    </url>
    <url>
      <loc>https://mobcup-ringtones.online/manga-rab-to-duava-kassam-garry-sandhu-punjabi-jKJ3ctcX</loc>
    </url>
    <url>
      <loc>https://mobcup-ringtones.online/kassam-garry-sandhu-punjabi-song-ak7sbhPX</loc>
    </url>
    <url>
      <loc>https://mobcup-ringtones.online/kasam-garry-sandhu-D846wmLJ</loc>
    </url>
    <url>
      <loc>https://mobcup-ringtones.online/kassam-garry-sandhu-punjabi-romantic-love-41cxT9Lh</loc>
    </url>
    <url>
      <loc>https://mobcup-ringtones.online/tera-c-main-tera-ha-kade-ta-tu-avenga-2-runbir-60cX3YKb</loc>
    </url>
    <url>
      <loc>https://mobcup-ringtones.online/kade-ta-tu-avenga-2-runbir-punjabi-song-ZnCHk0fe</loc>
    </url>
    <url>
      <loc>https://mobcup-ringtones.online/tu-waja-meri-muskan-di-ae-manga-rab-to-duava-kassam-garry-sandhu-punjabi-EOeCbaaY</loc>
    </url>
    <url>
      <loc>https://mobcup-ringtones.online/tu-hi-aye-khuda-yaara-kade-ta-tu-avenga-2-runbir-punjabi-song-GA3vq7YC</loc>
    </url>
    <url>
      <loc>https://mobcup-ringtones.online/tera-si-main-tera-ha-kade-ta-tu-avenga-2-zfwG1oDr</loc>
    </url>
    <url>
      <loc>https://mobcup-ringtones.online/chori-tera-dil-bintu-pabra-kp-kundu-haryanvi-KNIqEiJ7</loc>
    </url>
    <url>
      <loc>https://mobcup-ringtones.online/teri-lod-nahi-inder-chahal-punjabi-heart-touching-0ZneqbVv</loc>
    </url>
    <url>
      <loc>https://mobcup-ringtones.online/anthem-of-martin-prudhvi-chandra-kannada-9RhgHsjl</loc>
    </url>
    <url>
      <loc>https://mobcup-ringtones.online/dhara-kamar-raja-ji-neelkamal-singh-shrishti-uttrakhandi-bhojpuri-LoXbWrTf</loc>
    </url>
    <url>
      <loc>https://mobcup-ringtones.online/yolo-devi-sri-prasad-kanguva-suriya-tamil-pJZ1Ql2G</loc>
    </url>
    <url>
      <loc>https://mobcup-ringtones.online/one-love-shubh-punjabi-song-cARysKK6</loc>
    </url>
    <url>
      <loc>https://mobcup-ringtones.online/karwachauth-pe-ke-lyana-se-nidhi-sharma-haryanvi-0TlO0YpB</loc>
    </url>
    <url>
      <loc>https://mobcup-ringtones.online/uchathila-anirudh-ravichander-sean-roldan-tamil-qzi93dYQ</loc>
    </url>
    <url>
      <loc>https://mobcup-ringtones.online/chambal-k-dakku-masoom-sharma-swara-verma-haryanvi-GHCICQHg</loc>
    </url>
    <url>
      <loc>https://mobcup-ringtones.online/aaja-ve-mahiya-imran-khan-punjabi-heart-touching-iu0fnj4c</loc>
    </url>
    <url>
      <loc>https://mobcup-ringtones.online/dasara-festival-8FLryaaF</loc>
    </url>
    <url>
      <loc>https://mobcup-ringtones.online/kanya-pujan-song-mp3-download-pagalworld-TlrqgBoe</loc>
    </url>
    <url>
      <loc>https://mobcup-ringtones.online/chhoti-chhoti-kanya-sonali-dutta-yiwyNCfT</loc>
    </url>
    <url>
      <loc>https://mobcup-ringtones.online/moti-verana-amit-trivedi-gujarati-giZ7KI3i</loc>
    </url>
    <url>
      <loc>https://mobcup-ringtones.online/gypsy-2-pranjal-dahiya-gd-kaur-dinesh-golan-haryanvi-kMQFUVhR</loc>
    </url>
    <url>
      <loc>https://mobcup-ringtones.online/maa-kali-tandav-tLKTJ5a3</loc>
    </url>
    <url>
      <loc>https://mobcup-ringtones.online/chhoti-chhoti-kanya-ka-roop-dhar-ke-Y81FAqrf</loc>
    </url>
    <url>
      <loc>https://mobcup-ringtones.online/bad-fellas-gulzaar-chhaniwala-haryanvi-UDQS2UDH</loc>
    </url>
    <url>
      <loc>https://mobcup-ringtones.online/karwachauth-pe-ke-lyana-se-gulshan-music-nidhi-sharma-haryanvi-CB9yNbwW</loc>
    </url>
    <url>
      <loc>https://mobcup-ringtones.online/bad-fellas-gulzaar-chhaniwala-87AgWJYb</loc>
    </url>
    <url>
      <loc>https://mobcup-ringtones.online/sawan-ki-rut-hai-aaja-maa-mp3-song-QV7HiHnB</loc>
    </url>
    <url>
      <loc>https://mobcup-ringtones.online/bhor-bhai-din-QgwKG9kS</loc>
    </url>
    <url>
      <loc>https://mobcup-ringtones.online/meldi-maa-ni-N9P0S9Ke</loc>
    </url>
    <url>
      <loc>https://mobcup-ringtones.online/ashapura-maa-ringtone-mp3-download-pagalworld-6F8ckJ4i</loc>
    </url>
    <url>
      <loc>https://mobcup-ringtones.online/mogal-maa-ringtone-mp3-download-xMU9U5iW</loc>
    </url>
    <url>
      <loc>https://mobcup-ringtones.online/modi-manohar-nayab-amit-saini-rohtakiya-ws8esNc9</loc>
    </url>
    <url>
      <loc>https://mobcup-ringtones.online/dooja-koi-dwar-na-dikhe-lakhvir-singh-lakkha-ZCth8Y1K</loc>
    </url>
    <url>
      <loc>https://mobcup-ringtones.online/jogani-maa-ni-ukdzUE7x</loc>
    </url>
    <url>
      <loc>https://mobcup-ringtones.online/chali-aana-meri-maa-shehnaz-akhtar-vsMAwh70</loc>
    </url>
    <url>
      <loc>https://mobcup-ringtones.online/pawan-singh-maa-bhojpuri-vLKCxVTY</loc>
    </url>
    <url>
      <loc>https://mobcup-ringtones.online/mamta-se-teri-badhke-maiya-meri-to-dharohar-koi-nahi-8j3Ph8i9</loc>
    </url>
    <url>
      <loc>https://mobcup-ringtones.online/maa-meri-maa-meri-maa-ke-barabar-koi-nahi-jubin-nautiyal-DZoCmIyf</loc>
    </url>
    <url>
      <loc>https://mobcup-ringtones.online/boson-poro-maa-kumar-sanu-bengali-Lr1I60lj</loc>
    </url>
    <url>
      <loc>https://mobcup-ringtones.online/jai-jai-durga-maa-mp3-song-HDMWOk49</loc>
    </url>
    <url>
      <loc>https://mobcup-ringtones.online/kab-se-bulau-mere-ghar-aao-maa-ringtone-download-paga-1lpwqmfJ</loc>
    </url>
    <url>
      <loc>https://mobcup-ringtones.online/maa-main-khada-dware-pe-mp3-JTjPUmCF</loc>
    </url>
    <url>
      <loc>https://mobcup-ringtones.online/maa-mangala-bhajan-mp3-song-download-pagalworld-zjBAjlGQ</loc>
    </url>
    <url>
      <loc>https://mobcup-ringtones.online/mamta-se-teri-badhke-maiya-meri-maa-ke-barabar-koi-nahi-jubin-nautiyal-YBmMLhWX</loc>
    </url>
    <url>
      <loc>https://mobcup-ringtones.online/jagdati-pahado-wali-maa-meri-bigdi-banane-aaja-mp3-tTY1whMz</loc>
    </url>
    <url>
      <loc>https://mobcup-ringtones.online/meri-to-dharohar-koi-nahi-meri-maa-ke-barabar-koi-nahi-jubin-nautiyal-tTvFm83g</loc>
    </url>
    <url>
      <loc>https://mobcup-ringtones.online/kya-batau-teri-maaya-jab-kabhi-main-ladkhadaya-bMZ3dyJg</loc>
    </url>
    <url>
      <loc>https://mobcup-ringtones.online/bhar-jati-hai-jholi-khali-meri-maa-ke-barabar-koi-nahi-jubin-nautiyal-rG9yXtJ2</loc>
    </url>
    <url>
      <loc>https://mobcup-ringtones.online/khil-jati-hai-sukhi-dali-meri-maa-ke-barabar-koi-nahi-jubin-nautiyal-68KmELJl</loc>
    </url>
    <url>
      <loc>https://mobcup-ringtones.online/jab-kabhi-main-ladkhadaya-meri-maa-ke-barabar-koi-nahi-jubin-nautiyal-LIqhr14R</loc>
    </url>
    <url>
      <loc>https://mobcup-ringtones.online/teri-hi-mehar-hai-mehrawali-meri-maa-ke-barabar-koi-nahi-jubin-nautiyal-HH8vqNTB</loc>
    </url>
    <url>
      <loc>https://mobcup-ringtones.online/kya-batau-teri-maaya-meri-maa-ke-barabar-koi-nahi-jubin-nautiyal-ZQffhL5l</loc>
    </url>
    <url>
      <loc>https://mobcup-ringtones.online/tune-10-bhujao-se-sambhala-meri-maa-ke-barabar-koi-nahi-jubin-nautiyal-IaUrfBqv</loc>
    </url>
    <url>
      <loc>https://mobcup-ringtones.online/ho-gaya-mere-ghar-mein-ujala-meri-maa-ke-barabar-koi-nahi-jubin-nautiyal-LEsoOrCK</loc>
    </url>
    <url>
      <loc>https://mobcup-ringtones.online/khil-jati-hai-sukhi-dali-bhar-jati-hai-jholi-khali-uPntFCyM</loc>
    </url>
    <url>
      <loc>https://mobcup-ringtones.online/tere-mandiro-mein-maayi-maine-jyot-kya-jalayi-2lrRvCap</loc>
    </url>
    <url>
      <loc>https://mobcup-ringtones.online/andhiyaro-me-chamka-tara-meri-maa-ke-barabar-koi-nahi-jubin-nautiyal-J3qbbsXk</loc>
    </url>
    <url>
      <loc>https://mobcup-ringtones.online/maine-jyot-kya-jalayi-meri-maa-ke-barabar-koi-nahi-jubin-nautiyal-kNASIdtK</loc>
    </url>
    <url>
      <loc>https://mobcup-ringtones.online/tere-jaisa-ujagar-koi-nahi-meri-maa-ke-barabar-koi-nahi-jubin-nautiyal-ihzvXV98</loc>
    </url>
    <url>
      <loc>https://mobcup-ringtones.online/hey-kalratri-hey-kalyani-tera-jod-dhara-par-koi-nahi-yNa39zr9</loc>
    </url>
    <url>
      <loc>https://mobcup-ringtones.online/suraj-bhi-yahan-hai-chanda-bhi-tere-jaisa-ujagar-koi-nahi-k0w6EPKR</loc>
    </url>
    <url>
      <loc>https://mobcup-ringtones.online/jab-na-hoga-tera-aanchal-naina-mere-honge-jal-thal-JnNQWIk2</loc>
    </url>
    <url>
      <loc>https://mobcup-ringtones.online/naam-tera-jab-bhi-hai-pukara-meri-maa-ke-barabar-koi-nahi-jubin-nautiyal-CQSRGWIQ</loc>
    </url>
    <url>
      <loc>https://mobcup-ringtones.online/tere-mandiro-mein-maayi-meri-maa-ke-barabar-koi-nahi-jubin-nautiyal-QlIDOUy7</loc>
    </url>
    <url>
      <loc>https://mobcup-ringtones.online/dukh-dur-hua-mera-sara-andhiyaro-me-chamka-tara-XOv2tkqq</loc>
    </url>
    <url>
      <loc>https://mobcup-ringtones.online/suraj-bhi-yahan-hai-chanda-bhi-meri-maa-ke-barabar-koi-nahi-jubin-nautiyal-RwL4UP2i</loc>
    </url>
    <url>
      <loc>https://mobcup-ringtones.online/jayenge-kahan-fir-mere-aansu-meri-maa-ke-barabar-koi-nahi-jubin-nautiyal-6mW2Un1A</loc>
    </url>
    <url>
      <loc>https://mobcup-ringtones.online/mere-itne-jyada-paas-hai-tu-meri-maa-ke-barabar-koi-nahi-jubin-nautiyal-y7AVZy03</loc>
    </url>
    <url>
      <loc>https://mobcup-ringtones.online/jese-phool-aur-bagiya-meri-maa-ke-barabar-koi-nahi-jubin-nautiyal-3j6Zahkr</loc>
    </url>
    <url>
      <loc>https://mobcup-ringtones.online/teri-mamta-se-jo-gehra-ho-aisa-to-sagar-koi-nahi-y6makhWb</loc>
    </url>
    <url>
      <loc>https://mobcup-ringtones.online/dukh-dur-hua-mera-sara-meri-maa-ke-barabar-koi-nahi-jubin-nautiyal-Hy1Q2KU0</loc>
    </url>
    <url>
      <loc>https://mobcup-ringtones.online/jese-dhara-aur-nadiyan-meri-maa-ke-barabar-koi-nahi-jubin-nautiyal-iGpkENVz</loc>
    </url>
    <url>
      <loc>https://mobcup-ringtones.online/jab-na-hoga-tera-aanchal-meri-maa-ke-barabar-koi-nahi-jubin-nautiyal-uaeZ9GUr</loc>
    </url>
    <url>
      <loc>https://mobcup-ringtones.online/jese-dhara-aur-nadiya-jese-phool-aur-bagiya-QADU1HBE</loc>
    </url>
    <url>
      <loc>https://mobcup-ringtones.online/aisa-to-sagar-koi-nahi-meri-maa-ke-barabar-koi-nahi-jubin-nautiyal-PJUvbNRs</loc>
    </url>
    <url>
      <loc>https://mobcup-ringtones.online/naina-mere-honge-jal-thal-meri-maa-ke-barabar-koi-nahi-jubin-nautiyal-HfDjSA76</loc>
    </url>
    <url>
      <loc>https://mobcup-ringtones.online/parvat-pe-lage-shaiya-teri-meri-maa-ke-barabar-koi-nahi-jubin-nautiyal-WO1mKa9W</loc>
    </url>
    <url>
      <loc>https://mobcup-ringtones.online/ooncha-hai-bhawan-uncha-mandir-meri-maa-ke-barabar-koi-nahi-jubin-nautiyal-wNnxS6b9</loc>
    </url>
    <url>
      <loc>https://mobcup-ringtones.online/charno-me-jhuke-badal-bhi-tere-meri-maa-ke-barabar-koi-nahi-jubin-nautiyal-FUyHEYG2</loc>
    </url>
    <url>
      <loc>https://mobcup-ringtones.online/teri-mamta-se-jo-gehra-ho-meri-maa-ke-barabar-koi-nahi-jubin-nautiyal-ncPKPTPW</loc>
    </url>
    <url>
      <loc>https://mobcup-ringtones.online/aigiri-nandini-e2XIkYiN</loc>
    </url>
    <url>
      <loc>https://mobcup-ringtones.online/mere-sar-pe-hai-tere-pyar-ki-chaya-maai-hansraj-raghuwanshi-3iDVZjVa</loc>
    </url>
    <url>
      <loc>https://mobcup-ringtones.online/teri-mamta-ne-maiya-jina-sikhaya-maai-hansraj-raghuwanshi-gaBO7lIU</loc>
    </url>
    <url>
      <loc>https://mobcup-ringtones.online/main-khada-dware-pe-new-version-gqdEFsbE</loc>
    </url>
    <url>
      <loc>https://mobcup-ringtones.online/hey-kalratri-hey-kalyani-meri-maa-ke-barabar-koi-nahi-jubin-nautiyal-30sIlAn0</loc>
    </url>
    <url>
      <loc>https://mobcup-ringtones.online/oonchi-hai-shaan-maiya-teri-meri-maa-ke-barabar-koi-nahi-jubin-nautiyal-0s5yxu6z</loc>
    </url>
    <url>
      <loc>https://mobcup-ringtones.online/sar-hathno-sayo-karti-gujarati-Xh0efWv0</loc>
    </url>
    <url>
      <loc>https://mobcup-ringtones.online/karni-maa-mhare-subh-ri-ghadi-ramavtar-marwadi-hhY1eq1v</loc>
    </url>
    <url>
      <loc>https://mobcup-ringtones.online/aigiri-nandini-remix-ringtone-pagalworld-download-UWoIkvpE</loc>
    </url>
    <url>
      <loc>https://mobcup-ringtones.online/goddess-durga-U9Ox1U2N</loc>
    </url>
    <url>
      <loc>https://mobcup-ringtones.online/angna-padharo-maharani-song-Cws5ckfU</loc>
    </url>
    <url>
      <loc>https://mobcup-ringtones.online/mahishasura-mardini-stotram-dFxA0KLe</loc>
    </url>
    <url>
      <loc>https://mobcup-ringtones.online/main-khada-dware-pe-lakhbir-singh-lakkha-cz8GwISE</loc>
    </url>
    <url>
      <loc>https://mobcup-ringtones.online/bhor-bhai-din-chadh-gaya-meri-ambe-remix-pjXeJda7</loc>
    </url>
    <url>
      <loc>https://mobcup-ringtones.online/maa-durga-bengali-ringtone-download-pagalworld-xU4CvTpL</loc>
    </url>
    <url>
      <loc>https://mobcup-ringtones.online/sarv-mangal-mangalye-alka-yagnik-0hGaDS1L</loc>
    </url>
    <url>
      <loc>https://mobcup-ringtones.online/jis-ghar-me-maa-jyot-jale-mp3-ringtone-download-pagalworld-DjvnzXFf</loc>
    </url>
    <url>
      <loc>https://mobcup-ringtones.online/maa-chintpurni-Nf8LREd6</loc>
    </url>
    <url>
      <loc>https://mobcup-ringtones.online/maa-sherawali-song-mp3-download-pagalworld-2438dDAh</loc>
    </url>
    <url>
      <loc>https://mobcup-ringtones.online/meldi-maa-song-download-mp3-pagalworld-dr1KKSx4</loc>
    </url>
    <url>
      <loc>https://mobcup-ringtones.online/chamunda-maa-ringtone-download-mp3-pagalworld-Kb0ROhA5</loc>
    </url>
    <url>
      <loc>https://mobcup-ringtones.online/o-maa-sherawali-7jspBRr3</loc>
    </url>
    <url>
      <loc>https://mobcup-ringtones.online/maai-ni-maai-ringtone-download-mp3-H0Ftw7wy</loc>
    </url>
    <url>
      <loc>https://mobcup-ringtones.online/aai-ashapura-maa-gujarati-1qOI2ROE</loc>
    </url>
    <url>
      <loc>https://mobcup-ringtones.online/kaisi-ye-der-lagai-maa-durge-qyNygQw0</loc>
    </url>
    <url>
      <loc>https://mobcup-ringtones.online/rab-se-badhkar-hai-tu-maa-vwaW2PdA</loc>
    </url>
    <url>
      <loc>https://mobcup-ringtones.online/bhor-bhai-din-chad-gaya-meri-ambe-ringtone-narendra-chanchal-MluaQvtu</loc>
    </url>
    <url>
      <loc>https://mobcup-ringtones.online/maa-ke-punya-se-jagat-bana-hai-Qr0wCJDn</loc>
    </url>
    <url>
      <loc>https://mobcup-ringtones.online/durga-hai-meri-maa-iKdt8mOf</loc>
    </url>
    <url>
      <loc>https://mobcup-ringtones.online/aai-ambe-jagdambe-tu-sarya-jagachi-aai-yRznbgJb</loc>
    </url>
    <url>
      <loc>https://mobcup-ringtones.online/tara-maa-song-2USVbve5</loc>
    </url>
    <url>
      <loc>https://mobcup-ringtones.online/ambe-krupa-kari-adarsh-shinde-marathi-9fsn6ci7</loc>
    </url>
    <url>
      <loc>https://mobcup-ringtones.online/sawan-ki-rut-hai-aaja-maa-sonu-nigam-fHVGKemL</loc>
    </url>
    <url>
      <loc>https://mobcup-ringtones.online/jaise-auro-ke-kiye-hai-dukh-dur-maa-sonu-nigam-lH2A2VM6</loc>
    </url>
    <url>
      <loc>https://mobcup-ringtones.online/navratri-remix-RdA9B5wP</loc>
    </url>
    <url>
      <loc>https://mobcup-ringtones.online/man-ki-murade-puri-kar-maa-lakhbir-singh-lakkha-MmZP8fFj</loc>
    </url>
    <url>
      <loc>https://mobcup-ringtones.online/ashtami-song-GkgP2EcX</loc>
    </url>
    <url>
      <loc>https://mobcup-ringtones.online/sarv-mangal-mangalye-VfW8SMfJ</loc>
    </url>
    <url>
      <loc>https://mobcup-ringtones.online/aaj-more-angna-me-ambe-rani-aayi-mp3-ringtone-song-download-pagalworld-S1U9pc1j</loc>
    </url>
    <url>
      <loc>https://mobcup-ringtones.online/aavi-nav-navratri-re-kinjal-dave-garba-song-4Orzc4Fo</loc>
    </url>
    <url>
      <loc>https://mobcup-ringtones.online/aigiri-nandini-mahishasura-mardini-OgccPO4B</loc>
    </url>
    <url>
      <loc>https://mobcup-ringtones.online/aai-tulja-bhavani-marathi-UQZhpHPy</loc>
    </url>
    <url>
      <loc>https://mobcup-ringtones.online/galgoto-geeta-rabari-mp3-CH0feHaE</loc>
    </url>
    <url>
      <loc>https://mobcup-ringtones.online/painjanacha-naad-aala-lyrics-in-marathi-mp3-kIWeUXjp</loc>
    </url>
    <url>
      <loc>https://mobcup-ringtones.online/savar-savar-ambabai-marathi-xcNHTMnD</loc>
    </url>
    <url>
      <loc>https://mobcup-ringtones.online/painjanacha-naad-aala-mp3-song-9ed95wn8</loc>
    </url>
    <url>
      <loc>https://mobcup-ringtones.online/kitna-sundar-lage-meri-maa-ka-bhawan-zyEMaYz2</loc>
    </url>
    <url>
      <loc>https://mobcup-ringtones.online/aai-ambe-jagdambe-marathi-nSZVJ2X1</loc>
    </url>
    <url>
      <loc>https://mobcup-ringtones.online/kaisi-ye-der-lagai-maa-durge-lakhbir-singh-lakkha-ctICF7gU</loc>
    </url>
    <url>
      <loc>https://mobcup-ringtones.online/jai-mata-di-notification-tone-mp3-download-DNtU7FJm</loc>
    </url>
    <url>
      <loc>https://mobcup-ringtones.online/durga-ji-ki-aarti-gLd2k9IK</loc>
    </url>
    <url>
      <loc>https://mobcup-ringtones.online/aai-tuzya-g-charni-a8wau9Ci</loc>
    </url>
    <url>
      <loc>https://mobcup-ringtones.online/bhor-bhai-din-chad-gaya-meri-ambe-mp3-K7c3N4ac</loc>
    </url>
    <url>
      <loc>https://mobcup-ringtones.online/mahishasura-mardini-new-version-3Xws9vGw</loc>
    </url>
    <url>
      <loc>https://mobcup-ringtones.online/ambe-tu-hai-jagdambe-kali-anuradha-paudwal-xLhqfTQe</loc>
    </url>
    <url>
      <loc>https://mobcup-ringtones.online/jay-aadhya-shakti-fjkUdW05</loc>
    </url>
    <url>
      <loc>https://mobcup-ringtones.online/ho-jaye-dukhde-dur-lakhbir-singh-lakkha-eTeMwW9o</loc>
    </url>
    <url>
      <loc>https://mobcup-ringtones.online/meri-maa-mera-rab-pooran-viram-akki-aryan-punjabi-a6cqFYrV</loc>
    </url>
    <url>
      <loc>https://mobcup-ringtones.online/aa-maa-aa-tujhe-dil-ne-pukara-05nHXzaN</loc>
    </url>
    <url>
      <loc>https://mobcup-ringtones.online/jai-mata-di-95Ue9Uau</loc>
    </url>
    <url>
      <loc>https://mobcup-ringtones.online/maa-kali-tandav-ringtone-download-mp3-4h8GjGKY</loc>
    </url>
    <url>
      <loc>https://mobcup-ringtones.online/maa-kali-song-xX3rlAGb</loc>
    </url>
    <url>
      <loc>https://mobcup-ringtones.online/jaise-auro-ke-liye-hai-dukh-dur-maa-mp3-0ZJTTVUh</loc>
    </url>
    <url>
      <loc>https://mobcup-ringtones.online/kum-kum-na-pagla-padya-gujarati-garba-SKDQSn6V</loc>
    </url>
    <url>
      <loc>https://mobcup-ringtones.online/sawan-ki-rut-hai-aaja-maa-mp3-mFHYtKpX</loc>
    </url>
    <url>
      <loc>https://mobcup-ringtones.online/sher-pe-sawar-hoke-aaja-sherawaliye-aDh2Nc3B</loc>
    </url>
    <url>
      <loc>https://mobcup-ringtones.online/farmaish-song-lofi-slowed-reverb-VZwjQ3Sf</loc>
    </url>
    <url>
      <loc>https://mobcup-ringtones.online/punjab-gur-sidhu-pindi-ala-kaptaan-tt6q5tyr</loc>
    </url>
    <url>
      <loc>https://mobcup-ringtones.online/punjab-gur-sidhu-punjabi-song-gj1X2Mx2</loc>
    </url>
    <url>
      <loc>https://mobcup-ringtones.online/mombattiye-diljit-dosanjh-jaani-punjabi-1B2KTyUY</loc>
    </url>
    <url>
      <loc>https://mobcup-ringtones.online/tera-shehar-nawab-oBnV9zkq</loc>
    </url>
    <url>
      <loc>https://mobcup-ringtones.online/tikka-gulab-sidhu-punjabi-song-lRzCSyq6</loc>
    </url>
    <url>
      <loc>https://mobcup-ringtones.online/family-routine-khan-bhaini-WdyyjGqd</loc>
    </url>
    <url>
      <loc>https://mobcup-ringtones.online/envy-amar-sehmbi-simar-kaur-EV9chLiY</loc>
    </url>
    <url>
      <loc>https://mobcup-ringtones.online/tera-shehar-nawab-punjabi-sad-song-7hKT7Z8x</loc>
    </url>
    <url>
      <loc>https://mobcup-ringtones.online/family-routine-khan-bhaini-punjabi-song-aE4hoMKD</loc>
    </url>
    <url>
      <loc>https://mobcup-ringtones.online/sephora-ki-pandora-la-du-lain-ni-be-mine-shubh-punjabi-b0MJWq6j</loc>
    </url>
    <url>
      <loc>https://mobcup-ringtones.online/la-le-jatt-naal-yaari-kyon-dardi-rakane-ni-be-mine-shubh-punjabi-SQXizZF6</loc>
    </url>
    <url>
      <loc>https://mobcup-ringtones.online/jaan-ke-gali-de-vichon-langdi-be-mine-shubh-punjabi-Hw4asLGG</loc>
    </url>
    <url>
      <loc>https://mobcup-ringtones.online/katal-kara-du-teri-akh-kude-be-mine-shubh-punjabi-IcwD6z7D</loc>
    </url>
    <url>
      <loc>https://mobcup-ringtones.online/mere-te-saheli-teri-mardi-be-mine-shubh-punjabi-z65E7OIu</loc>
    </url>
    <url>
      <loc>https://mobcup-ringtones.online/te-utto-nakk-chadd-di-ae-rakh-lakk-te-hath-ni-be-mine-shubh-punjabi-s1OZc7s8</loc>
    </url>
    <url>
      <loc>https://mobcup-ringtones.online/ho-dekhi-na-dekhi-na-deri-karr-ji-be-mine-shubh-punjabi-75j8k146</loc>
    </url>
    <url>
      <loc>https://mobcup-ringtones.online/dil-kalla-sambh-ke-tu-rakh-kude-be-mine-shubh-punjabi-kAAJJtsK</loc>
    </url>
    <url>
      <loc>https://mobcup-ringtones.online/samb-loon-main-teri-aa-bhrawa-be-mine-shubh-punjabi-W7xTgUPm</loc>
    </url>
    <url>
      <loc>https://mobcup-ringtones.online/jaan-kaddi-jandiyan-adawa-be-mine-shubh-punjabi-lMhmentq</loc>
    </url>
    <url>
      <loc>https://mobcup-ringtones.online/fakkar-ki-vaili-saare-chakk-te-be-mine-shubh-punjabi-fIizglUy</loc>
    </url>
    <url>
      <loc>https://mobcup-ringtones.online/o-nakhre-tere-ne-kinne-patt-te-be-mine-shubh-punjabi-P5PLaVmY</loc>
    </url>
    <url>
      <loc>https://mobcup-ringtones.online/ik-vaari-je-tu-haan-kare-be-mine-shubh-punjabi-0HHw3Tr4</loc>
    </url>
    <url>
      <loc>https://mobcup-ringtones.online/sajje-haath-naal-zulfaan-sanware-be-mine-shubh-punjabi-v4JgZzbD</loc>
    </url>
    <url>
      <loc>https://mobcup-ringtones.online/ni-tu-akhan-naal-kardi-ishare-be-mine-shubh-punjabi-uDidf2wH</loc>
    </url>
    <url>
      <loc>https://mobcup-ringtones.online/dekh-mathe-ta-tyudiya-kyon-pawe-be-mine-shubh-punjabi-sDLw16oP</loc>
    </url>
    <url>
      <loc>https://mobcup-ringtones.online/dukh-tere-saare-hi-chuka-daan-be-mine-shubh-punjabi-sCaJdbzX</loc>
    </url>
    <url>
      <loc>https://mobcup-ringtones.online/kedi-gallo-fikra-ae-kardi-be-mine-shubh-punjabi-9jW1YaX1</loc>
    </url>
    <url>
      <loc>https://mobcup-ringtones.online/jind-tere-naam-vi-kara-daan-be-mine-shubh-punjabi-iPugX3pr</loc>
    </url>
    <url>
      <loc>https://mobcup-ringtones.online/billo-ni-main-sidhi-rakhi-rab-naal-jod-kude-be-mine-shubh-punjabi-ssaENWn6</loc>
    </url>
    <url>
      <loc>https://mobcup-ringtones.online/who-the-karan-aujla-yeah-proof-vjIkQrXw</loc>
    </url>
    <url>
      <loc>https://mobcup-ringtones.online/bach-bach-zehr-vibe-QhjCE0rP</loc>
    </url>
    <url>
      <loc>https://mobcup-ringtones.online/meri-heer-kambi-rajpuria-punjabi-song-8pBRp7jc</loc>
    </url>
    <url>
      <loc>https://mobcup-ringtones.online/addiction-garry-sandhu-punjabi-song-whF3DBwv</loc>
    </url>
    <url>
      <loc>https://mobcup-ringtones.online/meri-heer-kambi-rajpuria-yGnQ90wq</loc>
    </url>
    <url>
      <loc>https://mobcup-ringtones.online/kitte-na-kitte-tu-bhi-haar-broken-heart-sippy-gill-punjabi-TOyCn7fm</loc>
    </url>
    <url>
      <loc>https://mobcup-ringtones.online/mitran-nu-milke-jayegi-jad-addiction-garry-sandhu-punjabi-68YYLbHE</loc>
    </url>
    <url>
      <loc>https://mobcup-ringtones.online/broken-heart-sippy-gill-6eTQLKUI</loc>
    </url>
    <url>
      <loc>https://mobcup-ringtones.online/broken-heart-sippy-gill-punjabi-song-tLRfc4A6</loc>
    </url>
    <url>
      <loc>https://mobcup-ringtones.online/kitte-na-kitte-tu-v-haar-jayega-NZ9eFC6M</loc>
    </url>
    <url>
      <loc>https://mobcup-ringtones.online/khokhe-mankirt-aulakh-simar-kaur-punjabi-song-je4w2JRv</loc>
    </url>
    <url>
      <loc>https://mobcup-ringtones.online/shyama-aan-baso-vrindavan-mein-ringtone-download-fjKsPp1h</loc>
    </url>
    <url>
      <loc>https://mobcup-ringtones.online/winning-speech-karan-aujla-whgjQSy7</loc>
    </url>
    <url>
      <loc>https://mobcup-ringtones.online/aj-sara-bela-shreya-ghoshal-bengali-2mCSbtEv</loc>
    </url>
    <url>
      <loc>https://mobcup-ringtones.online/winning-speech-karan-aujla-punjabi-song-6n2CP1pq</loc>
    </url>
    <url>
      <loc>https://mobcup-ringtones.online/ho-gaya-pyar-ni-idk-how-karan-aujla-aPEZso5y</loc>
    </url>
    <url>
      <loc>https://mobcup-ringtones.online/fan-iko-naar-da-winning-speech-karan-aujla-punjabi-song-y4T8zWUB</loc>
    </url>
    <url>
      <loc>https://mobcup-ringtones.online/le-liya-kudi-ne-dil-sadda-tauba-tauba-karan-aujla-punjabi-song-IxQiplAA</loc>
    </url>
    <url>
      <loc>https://mobcup-ringtones.online/mainu-maut-da-koi-khauf-nahi-0ewqYSZK</loc>
    </url>
    <url>
      <loc>https://mobcup-ringtones.online/addiction-garry-sandhu-lTyxuFvG</loc>
    </url>
    <url>
      <loc>https://mobcup-ringtones.online/radha-gori-re-by-atul-purohit-ocu7Hree</loc>
    </url>
    <url>
      <loc>https://mobcup-ringtones.online/ram-ram-ringtone-download-mp3-4677LDww</loc>
    </url>
    <url>
      <loc>https://mobcup-ringtones.online/radha-govaldi-ringtone-download-pagalworld-nkC5rKk4</loc>
    </url>
    <url>
      <loc>https://mobcup-ringtones.online/atul-purohit-hu-gokul-no-govadiyo-tlyqfMhQ</loc>
    </url>
    <url>
      <loc>https://mobcup-ringtones.online/jai-shree-mahakal-message-tone-mp3-download-pagalworld-instrumental-i5M6zZ9z</loc>
    </url>
    <url>
      <loc>https://mobcup-ringtones.online/radha-gori-re-bCRWdlMp</loc>
    </url>
    <url>
      <loc>https://mobcup-ringtones.online/radha-nu-roop-che-song-mp3-ringtone-download-pagalworld-RtCR32Co</loc>
    </url>
    <url>
      <loc>https://mobcup-ringtones.online/radhe-radhe-radhe-bol-ringtone-mp3-download-H8HXScLd</loc>
    </url>
    <url>
      <loc>https://mobcup-ringtones.online/hu-gokul-no-govaliyo-mp3-download-Tk42AWab</loc>
    </url>
    <url>
      <loc>https://mobcup-ringtones.online/ya-devi-sarva-bhuteshu-ringtone-download-pagalworld-mp3-hYGWzFcp</loc>
    </url>
    <url>
      <loc>https://mobcup-ringtones.online/aigiri-nandini-remix-ringtone-download-pagalworld-B0MKMcDM</loc>
    </url>
    <url>
      <loc>https://mobcup-ringtones.online/tu-g-durga-tu-bhavani-ringtone-download-pagalworld-Y1pUorEg</loc>
    </url>
    <url>
      <loc>https://mobcup-ringtones.online/meri-maa-pyari-maa-ringtone-download-pagalworld-YZapfLt2</loc>
    </url>
    <url>
      <loc>https://mobcup-ringtones.online/navratri-ringtone-download-pagalworld-mp3-cfKxAJ6e</loc>
    </url>
    <url>
      <loc>https://mobcup-ringtones.online/sukhat-raha-tu-hasat-raha-ringtone-mp3-download-pagalworld-hindi-yR9km78L</loc>
    </url>
    <url>
      <loc>https://mobcup-ringtones.online/gujarati-garba-ringtone-download-pagalworld-mp3-KMw5oL9B</loc>
    </url>
    <url>
      <loc>https://mobcup-ringtones.online/meri-maa-ke-barabar-koi-nahi-mp3-song-download-pagalworld-h0JbI5HB</loc>
    </url>
    <url>
      <loc>https://mobcup-ringtones.online/maa-ka-phone-aaya-ringtone-download-pagalworld-mp3-8IiKaTtt</loc>
    </url>
    <url>
      <loc>https://mobcup-ringtones.online/bajlo-tomar-alor-benu-YLlT1TNF</loc>
    </url>
    <url>
      <loc>https://mobcup-ringtones.online/bajlo-tomar-alor-benu-ringtone-download-pagalworld-PqpR8xTY</loc>
    </url>
    <url>
      <loc>https://mobcup-ringtones.online/empire-ogryzek-mp3-download-7Zxn0RGj</loc>
    </url>
    <url>
      <loc>https://mobcup-ringtones.online/papa-meri-jaan-ringtone-download-pagalworld-mp3-download-XRyglMk8</loc>
    </url>
    <url>
      <loc>https://mobcup-ringtones.online/vaidehi-kathirunthal-sad-bgm-mp3-download-pagalworld-RbtRnbo8</loc>
    </url>
    <url>
      <loc>https://mobcup-ringtones.online/igilikins-ringtone-download-mp3-pagalworld-ol4pJxSu</loc>
    </url>
    <url>
      <loc>https://mobcup-ringtones.online/heart-touching-love-ringtone-download-pagalworld-ZE9YSqv5</loc>
    </url>
    <url>
      <loc>https://mobcup-ringtones.online/vaidehi-kathirunthal-bgm-ringtone-download-pagalworld-CJmSxIlN</loc>
    </url>
    <url>
      <loc>https://mobcup-ringtones.online/niyati-bhed-nahi-karti-jubin-nautiyal-LLc3ebKn</loc>
    </url>
    <url>
      <loc>https://mobcup-ringtones.online/humnava-mere-song-download-mp3-pagalworld-unygq9XO</loc>
    </url>
    <url>
      <loc>https://mobcup-ringtones.online/humnava-mere-ringtone-download-pagalworld-JijSzSII</loc>
    </url>
    <url>
      <loc>https://mobcup-ringtones.online/shree-ram-janki-prem-mehra-lofi-CMOGxP4d</loc>
    </url>
    <url>
      <loc>https://mobcup-ringtones.online/masoom-si-gudiya-meri-ringtone-download-pagalworld-XMKyvgin</loc>
    </url>
    <url>
      <loc>https://mobcup-ringtones.online/shendur-lal-chadhayo-ringtone-download-pagalworld-ikbfjwnm</loc>
    </url>
    <url>
      <loc>https://mobcup-ringtones.online/masoom-si-gudiya-meri-ringtone-download-pagalworld-C4ti86IH</loc>
    </url>
    <url>
      <loc>https://mobcup-ringtones.online/i-am-so-lonely-song-mp3-download-pagalworld-qe26Xknt</loc>
    </url>
    <url>
      <loc>https://mobcup-ringtones.online/sanand-manand-vane-vasantam-song-ringtone-download-pagalworld-MhjGLkWD</loc>
    </url>
    <url>
      <loc>https://mobcup-ringtones.online/amruta-kolatkar-zindagi-ke-safar-mein-QmKWNFUS</loc>
    </url>
    <url>
      <loc>https://mobcup-ringtones.online/bhes-badal-narka-ravan-ringtone-download-pagalworld-SJ6JhzI1</loc>
    </url>
    <url>
      <loc>https://mobcup-ringtones.online/sanand-manand-vane-vasantam-song-mp3-ringtone-download-pagalworld-i5E125Kw</loc>
    </url>
    <url>
      <loc>https://mobcup-ringtones.online/good-morning-pineapple-Ck7ah8b5</loc>
    </url>
    <url>
      <loc>https://mobcup-ringtones.online/ek-bar-jo-raghubar-ki-nazron-ka-ringtone-mp3-download-pagalworld-DswY7AMn</loc>
    </url>
    <url>
      <loc>https://mobcup-ringtones.online/mann-meriyan-tahir-abbas-hindi-PhRyUJiV</loc>
    </url>
    <url>
      <loc>https://mobcup-ringtones.online/ekdantay-vakratunday-flute-ringtone-download-pagalworld-1SBXc80M</loc>
    </url>
    <url>
      <loc>https://mobcup-ringtones.online/kompa-passion-ringtone-download-rnOSOYRB</loc>
    </url>
    <url>
      <loc>https://mobcup-ringtones.online/ganpati-ringtone-download-marathi-mp3-dj-pagalworld-EH3BxLer</loc>
    </url>
    <url>
      <loc>https://mobcup-ringtones.online/ilayathalapathy-goat-bgm-download-06k1PE0E</loc>
    </url>
    <url>
      <loc>https://mobcup-ringtones.online/andaaz-movie-song-vCIBZSXF</loc>
    </url>
    <url>
      <loc>https://mobcup-ringtones.online/tere-bina-x-zaroor-QMGO4qhN</loc>
    </url>
    <url>
      <loc>https://mobcup-ringtones.online/na-aur-deewana-kar-na-koi-bahana-kar-JJ0QCTjs</loc>
    </url>
    <url>
      <loc>https://mobcup-ringtones.online/mere-man-mandir-ke-tum-bhagwan-rahe-1wDp63YE</loc>
    </url>
    <url>
      <loc>https://mobcup-ringtones.online/ek-dantay-vakra-tunday-QwxrwAfr</loc>
    </url>
    <url>
      <loc>https://mobcup-ringtones.online/bye-bye-bye-LFgKy2mz</loc>
    </url>
    <url>
      <loc>https://mobcup-ringtones.online/ganesh-visarjan-song-mp3-download-pagalworld-UfewucoM</loc>
    </url>
    <url>
      <loc>https://mobcup-ringtones.online/uri-song-download-mp3-pagalworld-Uv4o9Jkh</loc>
    </url>
    <url>
      <loc>https://mobcup-ringtones.online/shri-krishna-govind-hare-murari-ringtone-mp3-download-pagalworld-male-version-kh6jL6Oi</loc>
    </url>
    <url>
      <loc>https://mobcup-ringtones.online/ganapati-visarjan-for-YB45Ls1E</loc>
    </url>
    <url>
      <loc>https://mobcup-ringtones.online/deadpool-wolverin-bye-bye-bye-xDelJtGF</loc>
    </url>
    <url>
      <loc>https://mobcup-ringtones.online/romantic-love-flute-ringtone-download-pagalworld-mp3-M2RCOQKM</loc>
    </url>
    <url>
      <loc>https://mobcup-ringtones.online/ekdantay-vakratunday-ringtone-download-pagalworld-RQHb54tB</loc>
    </url>
    <url>
      <loc>https://mobcup-ringtones.online/tu-mera-koi-na-mp3-song-download-ringtone-pagalworld-instrumental-KSfOLcTi</loc>
    </url>
    <url>
      <loc>https://mobcup-ringtones.online/goat-ilayathalapathy-bgm-YuBOK2i4</loc>
    </url>
    <url>
      <loc>https://mobcup-ringtones.online/shendur-lal-chadhayo-ringtone-download-pagalworld-Ljszk4Kf</loc>
    </url>
    <url>
      <loc>https://mobcup-ringtones.online/jai-devi-hartalika-r8ar5DiT</loc>
    </url>
    <url>
      <loc>https://mobcup-ringtones.online/goat-bgm-download-masstamilan-mp3-pagalworld-PvSYrQNe</loc>
    </url>
    <url>
      <loc>https://mobcup-ringtones.online/krishna-flute-ringtone-download-pagalworld-7DeVZyZ8</loc>
    </url>
    <url>
      <loc>https://mobcup-ringtones.online/ye-le-meme-sound-download-qxviq1JU</loc>
    </url>
    <url>
      <loc>https://mobcup-ringtones.online/gori-radha-ne-kalo-kaan-ringtone-mp3-download-pagal-mmSnhcrW</loc>
    </url>
    <url>
      <loc>https://mobcup-ringtones.online/onam-ringtone-download-pagalworld-Ok7fAqnG</loc>
    </url>
    <url>
      <loc>https://mobcup-ringtones.online/hartalika-I5RFnJxp</loc>
    </url>
    <url>
      <loc>https://mobcup-ringtones.online/jo-teri-nazron-ko-sukoon-de-ringtone-download-pagalworld-0Gj2fedU</loc>
    </url>
    <url>
      <loc>https://mobcup-ringtones.online/goat-bgm-download-pagalworld-KC2Zc976</loc>
    </url>
    <url>
      <loc>https://mobcup-ringtones.online/sukh-karta-dukh-harta-ringtone-download-pagalworld-male-version-yMc25g0M</loc>
    </url>
    <url>
      <loc>https://mobcup-ringtones.online/aala-bailgada-ringtone-download-mp3-pagalworld-fdhsjTTr</loc>
    </url>
    <url>
      <loc>https://mobcup-ringtones.online/mara-tata-jhapaugdhaya-savaraya-ringtone-download-pagalworld-EHlsgHMg</loc>
    </url>
    <url>
      <loc>https://mobcup-ringtones.online/ganpati-ganadhisha-ringtone-download-mp3-pagalworld-cqaOyntc</loc>
    </url>
    <url>
      <loc>https://mobcup-ringtones.online/ya-lu-lu-ringtone-download-pagalworld-PfaWavNN</loc>
    </url>
    <url>
      <loc>https://mobcup-ringtones.online/goat-bgm-ringtone-download-mp3-instrumental-pagalworld-btISDRHc</loc>
    </url>
    <url>
      <loc>https://mobcup-ringtones.online/son-pavlani-aale-bappa-ringtone-download-pagalworld-A8rMOmbK</loc>
    </url>
    <url>
      <loc>https://mobcup-ringtones.online/paani-song-Sua0hWM6</loc>
    </url>
    <url>
      <loc>https://mobcup-ringtones.online/jannat-2-sad-music-download-pagalworld-NaiyDVQ6</loc>
    </url>
    <url>
      <loc>https://mobcup-ringtones.online/ganpati-aale-song-download-pagalworld-mp3-xWTlR9cp</loc>
    </url>
    <url>
      <loc>https://mobcup-ringtones.online/sukhkarta-dukhharta-mp3-download-pagalworld-mVN9j9Ge</loc>
    </url>
    <url>
      <loc>https://mobcup-ringtones.online/ganesh-chaturthi-bgm-ringtone-download-pagalworld-WB8PbcZD</loc>
    </url>
    <url>
      <loc>https://mobcup-ringtones.online/ganesh-chaturthi-ringtone-download-pagalworld-F9I45sMb</loc>
    </url>
    <url>
      <loc>https://mobcup-ringtones.online/new-ganpati-ringtone-marathi-mp3-download-pagalworld-DxXV9prs</loc>
    </url>
    <url>
      <loc>https://mobcup-ringtones.online/ghar-me-padharo-gajanan-ji-ringtone-download-pagalworld-LjplZNRp</loc>
    </url>
    <url>
      <loc>https://mobcup-ringtones.online/vinayaka-ringtones-download-mp3-pagalworld-PxM0m6AC</loc>
    </url>
    <url>
      <loc>https://mobcup-ringtones.online/ya-re-ya-sare-ya-ringtone-download-pagalworld-akjosyCA</loc>
    </url>
    <url>
      <loc>https://mobcup-ringtones.online/ekdantay-vakratunday-ringtone-download-pagalworld-HjJV5zHU</loc>
    </url>
    <url>
      <loc>https://mobcup-ringtones.online/sukh-karta-dukh-harta-mp3-songs-download-pagalworld-FYDUAMtC</loc>
    </url>
    <url>
      <loc>https://mobcup-ringtones.online/ganpati-bappa-morya-ringtone-download-pagalworld-mp3-2236zppG</loc>
    </url>
    <url>
      <loc>https://mobcup-ringtones.online/tujhme-prabhu-dikhta-hai-guruvar-main-kya-karun-CPGpcjaG</loc>
    </url>
    <url>
      <loc>https://mobcup-ringtones.online/happy-teachers-day-2024-zcXcmkpZ</loc>
    </url>
    <url>
      <loc>https://mobcup-ringtones.online/ganpati-song-ringtone-download-pagalworld-LDQaONG3</loc>
    </url>
    <url>
      <loc>https://mobcup-ringtones.online/kabhi-main-kabhi-tum-ringtone-download-instrumental-Fhj6AFWF</loc>
    </url>
    <url>
      <loc>https://mobcup-ringtones.online/ganpati-ringtone-mp3-download-pagalworld-uBIYRzln</loc>
    </url>
    <url>
      <loc>https://mobcup-ringtones.online/kapda-matching-karva-che-ringtone-download-oQKy41A0</loc>
    </url>
    <url>
      <loc>https://mobcup-ringtones.online/ganpati-ringtone-marathi-mp3-download-pagalworld-ylDHzcMI</loc>
    </url>
    <url>
      <loc>https://mobcup-ringtones.online/happy-teachers-day-ringtone-song-les43O0e</loc>
    </url>
    <url>
      <loc>https://mobcup-ringtones.online/mare-kapda-matching-karva-che-lofi-slowed-reverb-9td8M3Or</loc>
    </url>
    <url>
      <loc>https://mobcup-ringtones.online/itni-kirpa-sanware-banaye-rakhna-mp3-song-download-pagalworld-4IKlbGcw</loc>
    </url>
    <url>
      <loc>https://mobcup-ringtones.online/ganpati-bappa-morya-ringtone-download-pagalworld-mp3-ShdyWfr4</loc>
    </url>
    <url>
      <loc>https://mobcup-ringtones.online/ganpati-bappa-morya-song-ringtone-download-pagalworld-cenCI839</loc>
    </url>
    <url>
      <loc>https://mobcup-ringtones.online/ya-re-ya-sare-ya-mp3-ringtone-download-pagalworld-itlb51xs</loc>
    </url>
    <url>
      <loc>https://mobcup-ringtones.online/ya-re-ya-sare-ya-ringtone-download-pagalworld-YZ9GGYfp</loc>
    </url>
    <url>
      <loc>https://mobcup-ringtones.online/ganpati-bappa-morya-ringtone-download-pagalworld-PDA8DK4j</loc>
    </url>
    <url>
      <loc>https://mobcup-ringtones.online/sukh-karta-dukh-harta-ringtone-download-pagalworld-ZqZM8uvB</loc>
    </url>
    <url>
      <loc>https://mobcup-ringtones.online/bappa-wala-gana-ringtone-download-mp3-pagalworld-BfhGeUbD</loc>
    </url>
    <url>
      <loc>https://mobcup-ringtones.online/sukh-karta-dukh-harta-ringtone-mp3-download-pagalworld-gmZMrwVM</loc>
    </url>
    <url>
      <loc>https://mobcup-ringtones.online/agle-baras-aana-hi-hoga-mp3-ringtone-download-pagalworld-XzfXmS4R</loc>
    </url>
    <url>
      <loc>https://mobcup-ringtones.online/ganpati-bappa-morya-ringtone-download-pagalworld-6E8Yvt5y</loc>
    </url>
    <url>
      <loc>https://mobcup-ringtones.online/vaidehi-kathirunthal-bgm-ringtone-download-GHmkH7gu</loc>
    </url>
    <url>
      <loc>https://mobcup-ringtones.online/vaidehi-kathirunthal-bgm-tamil-dZfI7qlb</loc>
    </url>
    <url>
      <loc>https://mobcup-ringtones.online/vaithegi-kathirunthal-tamil-bgm-L7acP4Li</loc>
    </url>
    <url>
      <loc>https://mobcup-ringtones.online/vaithegi-kathirunthal-bgm-download-veUxxB2f</loc>
    </url>
    <url>
      <loc>https://mobcup-ringtones.online/zim-zim-pani-ma-ringtone-download-pagalworld-JTBpiRLB</loc>
    </url>
    <url>
      <loc>https://mobcup-ringtones.online/vaidehi-kathirunthal-bgm-E3MAAtmF</loc>
    </url>
    <url>
      <loc>https://mobcup-ringtones.online/mare-kapda-matching-karva-6-U5nUtxW9</loc>
    </url>
    <url>
      <loc>https://mobcup-ringtones.online/vaidehi-kathirunthal-bgm-ringtone-download-tamil-biHNTPAK</loc>
    </url>
    <url>
      <loc>https://mobcup-ringtones.online/vaidehi-kathirunthal-lala-bgm-mp3-download-0itjCGAU</loc>
    </url>
    <url>
      <loc>https://mobcup-ringtones.online/mare-kapda-matching-karva-che-1oyjbNsu</loc>
    </url>
    <url>
      <loc>https://mobcup-ringtones.online/kappaleri-poyaachu-indian-tamil-bgm-zkhN5pRL</loc>
    </url>
    <url>
      <loc>https://mobcup-ringtones.online/thatha-thatha-konjam-podi-kodu-wWow8Kq8</loc>
    </url>
    <url>
      <loc>https://mobcup-ringtones.online/mo-jaga-kalia-re-song-9J4Kr6aM</loc>
    </url>
    <url>
      <loc>https://mobcup-ringtones.online/mangal-bhavan-amangal-hari-H8OzIcnB</loc>
    </url>
    <url>
      <loc>https://mobcup-ringtones.online/hanuman-chalisa-ringtone-mp3-download-pagalworld-25sKmmR0</loc>
    </url>
    <url>
      <loc>https://mobcup-ringtones.online/labbaik-allahumma-labbaik-ZqmPuktE</loc>
    </url>
    <url>
      <loc>https://mobcup-ringtones.online/radhe-radhe-message-tone-rvlf8viI</loc>
    </url>
    <url>
      <loc>https://mobcup-ringtones.online/aragh-mora-lei-lihin-0EjmMas3</loc>
    </url>
    <url>
      <loc>https://mobcup-ringtones.online/anabana-magal-vanthal-ambani-naan-aagiren-yi7LCA0m</loc>
    </url>
    <url>
      <loc>https://mobcup-ringtones.online/snehithane-ringtone-download-UKQxMH8C</loc>
    </url>
    <url>
      <loc>https://mobcup-ringtones.online/kunjilam-vave-0G3y34YK</loc>
    </url>
    <url>
      <loc>https://mobcup-ringtones.online/pothavillaye-shreya-ghoshal-tamil-c84gLwde</loc>
    </url>
    <url>
      <loc>https://mobcup-ringtones.online/bhole-baba-shankar-ringtone-download-mp3-hWliW2Qo</loc>
    </url>
    <url>
      <loc>https://mobcup-ringtones.online/vijay-patidar-ringtone-download-yAcqFu5n</loc>
    </url>
    <url>
      <loc>https://mobcup-ringtones.online/angu-vaana-konilu-tkOoMBd6</loc>
    </url>
    <url>
      <loc>https://mobcup-ringtones.online/diet-mountain-dew-lana-del-rey-english-CX86dYEc</loc>
    </url>
    <url>
      <loc>https://mobcup-ringtones.online/har-har-gange-song-M5Wyp6ro</loc>
    </url>
    <url>
      <loc>https://mobcup-ringtones.online/athi-manoharam-song-download-Mj4FHpSo</loc>
    </url>
    <url>
      <loc>https://mobcup-ringtones.online/entha-uyiraiyum-7hT3w6c0</loc>
    </url>
    <url>
      <loc>https://mobcup-ringtones.online/har-har-gange-lofi-slowed-reverb-Ie4OKYNj</loc>
    </url>
    <url>
      <loc>https://mobcup-ringtones.online/kunjilam-vave-song-ringtone-download-arm-JMfss6C2</loc>
    </url>
    <url>
      <loc>https://mobcup-ringtones.online/iphone-16-pro-max-ringtone-download-mp3-kYNjTGa9</loc>
    </url>
    <url>
      <loc>https://mobcup-ringtones.online/pothavillaye-song-download-33brtWu8</loc>
    </url>
    <url>
      <loc>https://mobcup-ringtones.online/neeve-na-pakkanunte-chale-BbWr7MAY</loc>
    </url>
    <url>
      <loc>https://mobcup-ringtones.online/apple-iphone-16-sBuh15D2</loc>
    </url>
    <url>
      <loc>https://mobcup-ringtones.online/aazhi-soozhndha-song-ringtone-download-b2ja0kpQ</loc>
    </url>
    <url>
      <loc>https://mobcup-ringtones.online/jai-radha-madhav-ringtone-female-version-eXqgSw32</loc>
    </url>
    <url>
      <loc>https://mobcup-ringtones.online/jai-radha-madhav-jai-kunj-bihari-DRxuc4iD</loc>
    </url>
    <url>
      <loc>https://mobcup-ringtones.online/angu-vaana-konilu-ringtones-arm-hFGnUjdg</loc>
    </url>
    <url>
      <loc>https://mobcup-ringtones.online/dont-worry-baby-chinnamma-song-Ybr6Kwgb</loc>
    </url>
    <url>
      <loc>https://mobcup-ringtones.online/o-bitiya-rani-meri-x2d6r1S9</loc>
    </url>
    <url>
      <loc>https://mobcup-ringtones.online/matta-song-ringtone-download-wLYkIrFY</loc>
    </url>
    <url>
      <loc>https://mobcup-ringtones.online/funk-estranho-slowed-zH6vfOi5</loc>
    </url>
    <url>
      <loc>https://mobcup-ringtones.online/angu-vannu-kannil-ringtone-download-4kdXm907</loc>
    </url>
    <url>
      <loc>https://mobcup-ringtones.online/nadakura-nadai-azhagu-tamil-rap-song-gyTEvyaN</loc>
    </url>
    <url>
      <loc>https://mobcup-ringtones.online/hare-rama-hare-krishna-rahsmi-yogni-p7spzYlW</loc>
    </url>
    <url>
      <loc>https://mobcup-ringtones.online/angu-vaana-konilu-song-7VbuZqIv</loc>
    </url>
    <url>
      <loc>https://mobcup-ringtones.online/hare-krishna-hare-krishna-ringtone-download-female-sEm4EWZj</loc>
    </url>
    <url>
      <loc>https://mobcup-ringtones.online/shara-kashhanae-gavatha-hara-marara-ph9jnMrS</loc>
    </url>
    <url>
      <loc>https://mobcup-ringtones.online/tamil-kadavul-murugan-ringtone-download-tamilrockers-3CRR82KF</loc>
    </url>
    <url>
      <loc>https://mobcup-ringtones.online/kuber-dhwani-audio-download-bwt6oPAf</loc>
    </url>
    <url>
      <loc>https://mobcup-ringtones.online/anbe-anbe-kollathey-ar-rahman-90s-tamil-songs-GZESbdyJ</loc>
    </url>
    <url>
      <loc>https://mobcup-ringtones.online/kiliye-song-ringtone-download-arm-gbMHkx9c</loc>
    </url>
    <url>
      <loc>https://mobcup-ringtones.online/shiv-shakti-serial-song-ivj5KfFt</loc>
    </url>
    <url>
      <loc>https://mobcup-ringtones.online/omana-penne-ar-rahman-90s-tamil-songs-wfWtjO8e</loc>
    </url>
    <url>
      <loc>https://mobcup-ringtones.online/omg-ponnu-ar-rahman-90s-tamil-songs-dXQWSyBB</loc>
    </url>
    <url>
      <loc>https://mobcup-ringtones.online/jab-rang-jagta-hai-song-h2Phk1pk</loc>
    </url>
    <url>
      <loc>https://mobcup-ringtones.online/tu-muskuraye-dil-ko-GIHTQi0Z</loc>
    </url>
    <url>
      <loc>https://mobcup-ringtones.online/kiliye-arm-song-ringtone-download-WPymBGNd</loc>
    </url>
    <url>
      <loc>https://mobcup-ringtones.online/pachai-kiligal-ar-rahman-90s-tamil-songs-zsupv09F</loc>
    </url>
    <url>
      <loc>https://mobcup-ringtones.online/adi-podi-deepali-song-aotuOG4E</loc>
    </url>
    <url>
      <loc>https://mobcup-ringtones.online/marudaani-song-PklDxrkS</loc>
    </url>
    <url>
      <loc>https://mobcup-ringtones.online/jai-bhim-ringtone-download-O9vsLX5l</loc>
    </url>
    <url>
      <loc>https://mobcup-ringtones.online/the-goat-villain-bgm-download-dKJWrxdJ</loc>
    </url>
    <url>
      <loc>https://mobcup-ringtones.online/anarkali-marikar-kanmani-anbodu-tamil-song-gpAspU8w</loc>
    </url>
    <url>
      <loc>https://mobcup-ringtones.online/vaidehi-kathirunthal-bgm-instrumental-wk95qb6W</loc>
    </url>
    <url>
      <loc>https://mobcup-ringtones.online/lubber-pandhu-bgm-i7N300Q3</loc>
    </url>
    <url>
      <loc>https://mobcup-ringtones.online/zindagi-ke-safar-mein-new-version-mp3-download-KvLGrH6F</loc>
    </url>
    <url>
      <loc>https://mobcup-ringtones.online/tujhse-preet-lagi-hai-radhe-krishna-chaturvedi-5m9VYE7c</loc>
    </url>
    <url>
      <loc>https://mobcup-ringtones.online/nadakura-nadai-azhagu-rap-song-download-wNXUdNq9</loc>
    </url>
    <url>
      <loc>https://mobcup-ringtones.online/om-krishnaya-vasudevaya-ringtone-mp3-download-female-version-251YFZ8x</loc>
    </url>
    <url>
      <loc>https://mobcup-ringtones.online/yeh-raaten-yeh-mausam-instrumental-bgm-Y6ltLJrK</loc>
    </url>
    <url>
      <loc>https://mobcup-ringtones.online/hua-shankhnad-shastra-utha-kar-kailash-kher-dussehra-hindi-FFgsEi5n</loc>
    </url>
    <url>
      <loc>https://mobcup-ringtones.online/nirvana-shatakam-lord-shiva-bhakti-HSsIkmDP</loc>
    </url>
    <url>
      <loc>https://mobcup-ringtones.online/hanuman-chalisa-MWyHpO3w</loc>
    </url>
    <url>
      <loc>https://mobcup-ringtones.online/the-goat-climax-bgm-NZpnR1wu</loc>
    </url>
    <url>
      <loc>https://mobcup-ringtones.online/kanmani-anbodu-instrumental-UTd1yCyt</loc>
    </url>
    <url>
      <loc>https://mobcup-ringtones.online/maa-aa-rahi-hai-dj3SscZf</loc>
    </url>
    <url>
      <loc>https://mobcup-ringtones.online/pyar-ka-tohfa-tera-instrumental-bgm-UTd7KrbW</loc>
    </url>
    <url>
      <loc>https://mobcup-ringtones.online/chandrachooda-w1aFvGkq</loc>
    </url>
    <url>
      <loc>https://mobcup-ringtones.online/perumal-song-ringtone-download-E2Oj8a3J</loc>
    </url>
    <url>
      <loc>https://mobcup-ringtones.online/arm-bgm-ringtone-download-Lz34jdWU</loc>
    </url>
    <url>
      <loc>https://mobcup-ringtones.online/jinukku-singari-tamil-song-grmtgTlz</loc>
    </url>
    <url>
      <loc>https://mobcup-ringtones.online/ye-kya-baat-hai-aaj-ki-chandni-me-WZhTKJ5l</loc>
    </url>
    <url>
      <loc>https://mobcup-ringtones.online/shri-ram-janki-baithe-hai-mere-seene-mein-prem-mehra-LFF8I72C</loc>
    </url>
    <url>
      <loc>https://mobcup-ringtones.online/shree-ram-janki-lofi-ringtone-download-a4Ictufl</loc>
    </url>
    <url>
      <loc>https://mobcup-ringtones.online/jeeva-neene-sonu-nigam-martin-kannada-2lul9JZg</loc>
    </url>
    <url>
      <loc>https://mobcup-ringtones.online/anarkali-marikar-kanmani-anbodu-cover-song-CdXWHIE7</loc>
    </url>
    <url>
      <loc>https://mobcup-ringtones.online/shree-ram-janki-dj-mix-t4CGJ9ob</loc>
    </url>
    <url>
      <loc>https://mobcup-ringtones.online/jeeva-neene-martin-kannada-song-br02yxoW</loc>
    </url>
    <url>
      <loc>https://mobcup-ringtones.online/sakkathagavle-sumne-nagthale-MRMCJGjV</loc>
    </url>
    <url>
      <loc>https://mobcup-ringtones.online/sakkathagavle-porki-kannada-song-wAVT0fSg</loc>
    </url>
    <url>
      <loc>https://mobcup-ringtones.online/eyy-banana-song-download-wEK9e486</loc>
    </url>
    <url>
      <loc>https://mobcup-ringtones.online/radhe-radhe-ringtone-download-mp3-eymcIpIy</loc>
    </url>
    <url>
      <loc>https://mobcup-ringtones.online/kis-baat-pe-ruthe-ho-song-0cWRCJzS</loc>
    </url>
    <url>
      <loc>https://mobcup-ringtones.online/kanmani-anbodu-cover-song-flute-0FUI49mW</loc>
    </url>
    <url>
      <loc>https://mobcup-ringtones.online/kiliye-arm-ringtone-download-faRlHD78</loc>
    </url>
    <url>
      <loc>https://mobcup-ringtones.online/madi-tara-khode-mathu-jigar-thakor-gujarati-Nvj2fBHA</loc>
    </url>
    <url>
      <loc>https://mobcup-ringtones.online/palkhi-nighali-rajachi-sanjay-sawant-marathi-GEjRoB4x</loc>
    </url>
    <url>
      <loc>https://mobcup-ringtones.online/arm-movie-bgm-Cqe4mVbP</loc>
    </url>
    <url>
      <loc>https://mobcup-ringtones.online/tujhse-preet-lagi-hai-radhe-song-AMYWD41c</loc>
    </url>
    <url>
      <loc>https://mobcup-ringtones.online/jeeva-neene-martin-song-download-lrnflVyb</loc>
    </url>
    <url>
      <loc>https://mobcup-ringtones.online/leo-bgm-ringtone-download-axxtJatv</loc>
    </url>
    <url>
      <loc>https://mobcup-ringtones.online/mass-movie-sad-bgm-pCUuu4Ob</loc>
    </url>
    <url>
      <loc>https://mobcup-ringtones.online/antha-aagayam-song-PkYjIcMv</loc>
    </url>
    <url>
      <loc>https://mobcup-ringtones.online/infinity-castle-iphone-basAuvFK</loc>
    </url>
    <url>
      <loc>https://mobcup-ringtones.online/ar-rahman-tamil-melody-ringtone-download-Kc0ZlmZK</loc>
    </url>
    <url>
      <loc>https://mobcup-ringtones.online/diet-mountain-dew-SCCRKGQe</loc>
    </url>
    <url>
      <loc>https://mobcup-ringtones.online/infinity-castle-Jc8cnPQl</loc>
    </url>
    <url>
      <loc>https://mobcup-ringtones.online/shiv-tandav-stotram-fIG4RPUs</loc>
    </url>
    <url>
      <loc>https://mobcup-ringtones.online/bella-ciao-ringtone-instrumental-download-drR4MqJ9</loc>
    </url>
    <url>
      <loc>https://mobcup-ringtones.online/karuna-karo-kasht-haro-vishnupriya-avi-ji-cRbkmLRL</loc>
    </url>
    <url>
      <loc>https://mobcup-ringtones.online/marhaba-ya-mustafa-ringtone-download-YlHJbRHy</loc>
    </url>
    <url>
      <loc>https://mobcup-ringtones.online/ek-hazaron-mein-meri-behna-hai-shreya-ghoshal-jjbRPgaA</loc>
    </url>
    <url>
      <loc>https://mobcup-ringtones.online/meri-behna-song-NsZjnz4Z</loc>
    </url>
    <url>
      <loc>https://mobcup-ringtones.online/o-behna-meri-muskan-teri-song-Vf3fZfQa</loc>
    </url>
    <url>
      <loc>https://mobcup-ringtones.online/matten-bgm-ringtone-download-BmZGSzvk</loc>
    </url>
    <url>
      <loc>https://mobcup-ringtones.online/hi-nanna-bgm-giHCJJjN</loc>
    </url>
    <url>
      <loc>https://mobcup-ringtones.online/ni-sa-gari-sa-song-mNLUinIU</loc>
    </url>
    <url>
      <loc>https://mobcup-ringtones.online/kadhalar-dhinam-bgm-AkGixOuT</loc>
    </url>
    <url>
      <loc>https://mobcup-ringtones.online/neeti-mullai-flute-T2zVRrzy</loc>
    </url>
    <url>
      <loc>https://mobcup-ringtones.online/dabzee-ringtone-download-EADdsOLo</loc>
    </url>
    <url>
      <loc>https://mobcup-ringtones.online/sanand-manand-vane-vasantam-ringtone-download-female-version-mjAp5QM4</loc>
    </url>
    <url>
      <loc>https://mobcup-ringtones.online/kuch-log-ek-roz-jo-bichad-jate-hai-r1Lcz66Z</loc>
    </url>
    <url>
      <loc>https://mobcup-ringtones.online/main-ishq-likhu-hindi-song-udCo9quJ</loc>
    </url>
    <url>
      <loc>https://mobcup-ringtones.online/sivappu-manjal-pachai-bgm-DpHROP3e</loc>
    </url>
    <url>
      <loc>https://mobcup-ringtones.online/akame-poothi-avalanu-song-ND15pQv9</loc>
    </url>
    <url>
      <loc>https://mobcup-ringtones.online/radhe-krishna-krishna-hare-hare-OlikS6wI</loc>
    </url>
    <url>
      <loc>https://mobcup-ringtones.online/kuch-log-ek-roz-jo-bichad-jate-hai-ringtone-download-female-version-TgyYs9Lr</loc>
    </url>
    <url>
      <loc>https://mobcup-ringtones.online/har-har-shambhu-ringtone-mp3-OxTVSJgI</loc>
    </url>
    <url>
      <loc>https://mobcup-ringtones.online/asuran-ringtone-download-UdFrfuF9</loc>
    </url>
    <url>
      <loc>https://mobcup-ringtones.online/krishna-ji-aaye-bachaye-mujhe-GmEaxuHx</loc>
    </url>
    <url>
      <loc>https://mobcup-ringtones.online/amruta-kolatkar-songs-mp3-download-m9mhtNa6</loc>
    </url>
    <url>
      <loc>https://mobcup-ringtones.online/veera-skanda-ringtone-download-WiNfPh9j</loc>
    </url>
    <url>
      <loc>https://mobcup-ringtones.online/red-sea-ringtone-download-ruWzINjS</loc>
    </url>
    <url>
      <loc>https://mobcup-ringtones.online/marhaba-ya-mustafa-ar-rahman-wj9t2x1g</loc>
    </url>
    <url>
      <loc>https://mobcup-ringtones.online/sanand-manand-ringtone-download-t8jsmBZT</loc>
    </url>
    <url>
      <loc>https://mobcup-ringtones.online/veera-skanda-ringtone-download-mp3-NdA33FGo</loc>
    </url>
    <url>
      <loc>https://mobcup-ringtones.online/gajanana-shri-ganraya-song-7aEnuA1s</loc>
    </url>
    <url>
      <loc>https://mobcup-ringtones.online/vennilavin-thaliralle-song-KhQO1Jv8</loc>
    </url>
    <url>
      <loc>https://mobcup-ringtones.online/pothavillaye-tamil-song-gH82K7eb</loc>
    </url>
    <url>
      <loc>https://mobcup-ringtones.online/ye-le-meme-sound-effects-EhxWBSBP</loc>
    </url>
    <url>
      <loc>https://mobcup-ringtones.online/paijanacha-naad-YIRYeHll</loc>
    </url>
    <url>
      <loc>https://mobcup-ringtones.online/namoh-namoh-song-swdmdkQZ</loc>
    </url>
    <url>
      <loc>https://mobcup-ringtones.online/hua-shankhnaad-ringtone-download-usZqK45S</loc>
    </url>
    <url>
      <loc>https://mobcup-ringtones.online/ishq-faheem-abdullah-ringtone-download-RrHGBB4c</loc>
    </url>
    <url>
      <loc>https://mobcup-ringtones.online/palkhi-nighali-rajachi-marathi-song-cm3CLFag</loc>
    </url>
    <url>
      <loc>https://mobcup-ringtones.online/ganraya-ganraya-ganraya-ho-song-BKE4U1Gn</loc>
    </url>
    <url>
      <loc>https://mobcup-ringtones.online/kitna-suhana-sa-yeh-apna-safar-hai-pCdrbU4p</loc>
    </url>
    <url>
      <loc>https://mobcup-ringtones.online/goat-villain-bgm-mp3-download-tamil-OJQB7mJD</loc>
    </url>
    <url>
      <loc>https://mobcup-ringtones.online/palkhi-nighali-rajachi-ringtone-download-YFxWk7vE</loc>
    </url>
    <url>
      <loc>https://mobcup-ringtones.online/verse-fusion-ringtone-download-hhl4UXsk</loc>
    </url>
    <url>
      <loc>https://mobcup-ringtones.online/anegan-bgm-instrumental-X3qM2Gdd</loc>
    </url>
    <url>
      <loc>https://mobcup-ringtones.online/tujhya-hatani-majhi-nazar-kadh-deva-J1s7YvBD</loc>
    </url>
    <url>
      <loc>https://mobcup-ringtones.online/shiv-shakti-ringtone-download-YGrhOr1z</loc>
    </url>
    <url>
      <loc>https://mobcup-ringtones.online/har-har-gange-hLbBgE0O</loc>
    </url>
    <url>
      <loc>https://mobcup-ringtones.online/anbana-magal-vanthal-tamil-song-auaVYznf</loc>
    </url>
    <url>
      <loc>https://mobcup-ringtones.online/enthara-enthara-bgm-WcLvrJzx</loc>
    </url>
    <url>
      <loc>https://mobcup-ringtones.online/devara-red-sea-vsjTgmGc</loc>
    </url>
    <url>
      <loc>https://mobcup-ringtones.online/chal-tere-mere-iss-kisse-ringtone-download-pycEvxjb</loc>
    </url>
    <url>
      <loc>https://mobcup-ringtones.online/ekdantay-vakratunday-female-version-tDhWjovM</loc>
    </url>
    <url>
      <loc>https://mobcup-ringtones.online/enthara-enthara-song-e5joR0RG</loc>
    </url>
    <url>
      <loc>https://mobcup-ringtones.online/koi-itna-khubsurat-khoobsurat-lofi-slowed-reverb-jdI5Zpq3</loc>
    </url>
    <url>
      <loc>https://mobcup-ringtones.online/manasilayo-song-ringtone-download-nbCZSuRS</loc>
    </url>
    <url>
      <loc>https://mobcup-ringtones.online/pothavillaye-song-Han94U6N</loc>
    </url>
    <url>
      <loc>https://mobcup-ringtones.online/onam-vannallo-song-download-N3zzGGEH</loc>
    </url>
    <url>
      <loc>https://mobcup-ringtones.online/hua-shankhnaad-song-zmftNwul</loc>
    </url>
    <url>
      <loc>https://mobcup-ringtones.online/vettaiyan-ringtone-download-tamil-ikUzGXTw</loc>
    </url>
    <url>
      <loc>https://mobcup-ringtones.online/sivantha-kangal-mRIxi0qV</loc>
    </url>
    <url>
      <loc>https://mobcup-ringtones.online/nazar-kadh-deva-marathi-song-11zLak0F</loc>
    </url>
    <url>
      <loc>https://mobcup-ringtones.online/sanand-manand-vane-vasantam-song-CqKuKP1y</loc>
    </url>
    <url>
      <loc>https://mobcup-ringtones.online/sakkathagavle-song-GDvLBqEF</loc>
    </url>
    <url>
      <loc>https://mobcup-ringtones.online/nenem-anna-bagundi-kanna-song-GEfqBFgI</loc>
    </url>
    <url>
      <loc>https://mobcup-ringtones.online/onapattin-thalam-thullum-kalyani-malayalam-hBkULVBH</loc>
    </url>
    <url>
      <loc>https://mobcup-ringtones.online/ekdantay-vakratunday-flute-instrumental-A6g76nuY</loc>
    </url>
    <url>
      <loc>https://mobcup-ringtones.online/onam-vannallo-child-voice-V8wPKA74</loc>
    </url>
    <url>
      <loc>https://mobcup-ringtones.online/valyettan-manathe-manithumba-kVo7mwcS</loc>
    </url>
    <url>
      <loc>https://mobcup-ringtones.online/madi-tara-khode-mathu-gujarati-song-8G4CEqzy</loc>
    </url>
    <url>
      <loc>https://mobcup-ringtones.online/jinukku-singari-song-ringtone-download-masstamilan-kHlq0hpK</loc>
    </url>
    <url>
      <loc>https://mobcup-ringtones.online/goat-devil-bgm-p2ptlGeV</loc>
    </url>
    <url>
      <loc>https://mobcup-ringtones.online/janam-janam-ki-khoj-bataye-lofi-slowed-reverb-QbPf1eCi</loc>
    </url>
    <url>
      <loc>https://mobcup-ringtones.online/paijanacha-naad-song-Y2rWko00</loc>
    </url>
    <url>
      <loc>https://mobcup-ringtones.online/goat-climax-bgm-download-r4DYPCuX</loc>
    </url>
    <url>
      <loc>https://mobcup-ringtones.online/gata-only-marimba-anytunz-HSrMitx5</loc>
    </url>
    <url>
      <loc>https://mobcup-ringtones.online/iphone-16-pro-max-9wf9VBNg</loc>
    </url>
    <url>
      <loc>https://mobcup-ringtones.online/gata-only-pxoAFSPJ</loc>
    </url>
    <url>
      <loc>https://mobcup-ringtones.online/iphone-16-PwIKNZ8s</loc>
    </url>
    <url>
      <loc>https://mobcup-ringtones.online/iphone-notification-tone-download-8qI3wzMC</loc>
    </url>
    <url>
      <loc>https://mobcup-ringtones.online/ganpati-bappa-visarjan-C8tsX938</loc>
    </url>
    <url>
      <loc>https://mobcup-ringtones.online/iphone-16-pro-Yo9s0gpA</loc>
    </url>
    <url>
      <loc>https://mobcup-ringtones.online/tujhko-phir-se-jalwa-dikhana-hi-hoga-instrumental-iOZtPqzR</loc>
    </url>
    <url>
      <loc>https://mobcup-ringtones.online/palkhi-nighali-rajachi-instrumental-rEc5xggI</loc>
    </url>
    <url>
      <loc>https://mobcup-ringtones.online/kompa-pasion-frozy-marimba-DfxZMQ4K</loc>
    </url>
    <url>
      <loc>https://mobcup-ringtones.online/iphone-circle-notification-f2ieiaoc</loc>
    </url>
    <url>
      <loc>https://mobcup-ringtones.online/iphone-notification-tone-mp3-download-unywRCwY</loc>
    </url>
    <url>
      <loc>https://mobcup-ringtones.online/iphone-ting-tong-pPOZz9xf</loc>
    </url>
    <url>
      <loc>https://mobcup-ringtones.online/iphone-ting-message-v2HRCkWY</loc>
    </url>
    <url>
      <loc>https://mobcup-ringtones.online/kompa-frozy-marimba-yq20Qz1n</loc>
    </url>
    <url>
      <loc>https://mobcup-ringtones.online/iphone-notification-tone-YVVMx14X</loc>
    </url>
    <url>
      <loc>https://mobcup-ringtones.online/apple-sms-oBSIVwUf</loc>
    </url>
    <url>
      <loc>https://mobcup-ringtones.online/redmi-note-6-pro-lrEteIPm</loc>
    </url>
    <url>
      <loc>https://mobcup-ringtones.online/iphone-notification-tone-758vg9Zk</loc>
    </url>
    <url>
      <loc>https://mobcup-ringtones.online/pedro-pedro-marimba-remix-1ulFRlBd</loc>
    </url>
    <url>
      <loc>https://mobcup-ringtones.online/tu-mujhse-pyar-karti-hai-ya-nahi-meme-download-mp3-gGtxSehL</loc>
    </url>
    <url>
      <loc>https://mobcup-ringtones.online/mudichu-vittinga-ponga-meme-tamil-YPuWeOcE</loc>
    </url>
    <url>
      <loc>https://mobcup-ringtones.online/kompa-passion-OWF4efMr</loc>
    </url>
    <url>
      <loc>https://mobcup-ringtones.online/iphone-sms-ting-N04PGjNX</loc>
    </url>
    <url>
      <loc>https://mobcup-ringtones.online/iphone-standard-K4Ue6c78</loc>
    </url>
    <url>
      <loc>https://mobcup-ringtones.online/iphone-ting-1M5jRArc</loc>
    </url>
    <url>
      <loc>https://mobcup-ringtones.online/kompa-frozy-8R59NWsp</loc>
    </url>
    <url>
      <loc>https://mobcup-ringtones.online/ye-fas-gaya-meme-download-QVnvkrlL</loc>
    </url>
    <url>
      <loc>https://mobcup-ringtones.online/iphone-ting-iphone-notification-PWg5arr6</loc>
    </url>
    <url>
      <loc>https://mobcup-ringtones.online/chota-sa-mera-jahan-hai-meme-download-J0DrvltR</loc>
    </url>
    <url>
      <loc>https://mobcup-ringtones.online/khatam-tata-bye-bye-meme-download-5QhBqh5p</loc>
    </url>
    <url>
      <loc>https://mobcup-ringtones.online/tota-bole-te-te-te-EJhrZMe9</loc>
    </url>
    <url>
      <loc>https://mobcup-ringtones.online/khelega-free-fire-audio-6ayYXta8</loc>
    </url>
    <url>
      <loc>https://mobcup-ringtones.online/oooo-meme-yyC6LJhD</loc>
    </url>
    <url>
      <loc>https://mobcup-ringtones.online/maqsad-meme-song-download-An1l6Lj5</loc>
    </url>
    <url>
      <loc>https://mobcup-ringtones.online/aye-baigan-meme-Ikz81b8n</loc>
    </url>
    <url>
      <loc>https://mobcup-ringtones.online/laughing-meme-download-mp3-nZVMM3cA</loc>
    </url>
    <url>
      <loc>https://mobcup-ringtones.online/irunga-bhai-dialogue-lpWkduKF</loc>
    </url>
    <url>
      <loc>https://mobcup-ringtones.online/maza-nahi-aa-raha-hai-meme-download-mp3-iA7rHlu1</loc>
    </url>
    <url>
      <loc>https://mobcup-ringtones.online/lahar-mare-dheere-dheere-AchbxUgf</loc>
    </url>
    <url>
      <loc>https://mobcup-ringtones.online/mat-kar-maya-ko-ahankar-W8w7YELh</loc>
    </url>
    <url>
      <loc>https://mobcup-ringtones.online/mat-kar-maya-ko-ahankar-song-zbFvWbKD</loc>
    </url>
    <url>
      <loc>https://mobcup-ringtones.online/thatha-phonk-song-H1bnR9FW</loc>
    </url>
    <url>
      <loc>https://mobcup-ringtones.online/saanson-ki-maala-amrita-kaur-W8BEWXG4</loc>
    </url>
    <url>
      <loc>https://mobcup-ringtones.online/lahar-mare-dheere-dheere-devi-bhojpuri-song-UMCe3xyM</loc>
    </url>
    <url>
      <loc>https://mobcup-ringtones.online/hare-krishna-ringtone-iskcon-mp3-download-8yxyNkfN</loc>
    </url>
    <url>
      <loc>https://mobcup-ringtones.online/lahar-mare-dhire-dhire-mp3-download-GKkIIj1V</loc>
    </url>
    <url>
      <loc>https://mobcup-ringtones.online/pagal-banawe-song-HOdMTBmi</loc>
    </url>
    <url>
      <loc>https://mobcup-ringtones.online/sapne-dekhna-acchi-baat-hai-r6xK3Se1</loc>
    </url>
    <url>
      <loc>https://mobcup-ringtones.online/bella-ciao-ringtone-instrumental-download-SldXTJYu</loc>
    </url>
    <url>
      <loc>https://mobcup-ringtones.online/ek-tari-modak-kha-na-ganilya-re-qjXlkUBU</loc>
    </url>
    <url>
      <loc>https://mobcup-ringtones.online/ye-le-meme-0Mcw2EvS</loc>
    </url>
    <url>
      <loc>https://mobcup-ringtones.online/nadakura-nadai-azhagu-song-download-g0Y64Pd1</loc>
    </url>
    <url>
      <loc>https://mobcup-ringtones.online/karuna-karo-kasht-haro-baby-voice-vlN6Xx7W</loc>
    </url>
    <url>
      <loc>https://mobcup-ringtones.online/ye-jan-jan-kya-laga-rakha-hai-02qXuj2h</loc>
    </url>
    <url>
      <loc>https://mobcup-ringtones.online/nadakkura-nadai-azhagu-1ve7VU5b</loc>
    </url>
    <url>
      <loc>https://mobcup-ringtones.online/mummy-ne-bola-henry-bahar-mat-nikalo-G4U0xLOz</loc>
    </url>
    <url>
      <loc>https://mobcup-ringtones.online/palkhi-nighali-rajachi-song-78hQVGk9</loc>
    </url>
    <url>
      <loc>https://mobcup-ringtones.online/ek-tari-modak-kha-na-bEpdoBHG</loc>
    </url>
    <url>
      <loc>https://mobcup-ringtones.online/jhim-tapak-dam-dam-ringtone-download-oGtrkmJa</loc>
    </url>
    <url>
      <loc>https://mobcup-ringtones.online/phonk-OERRitNL</loc>
    </url>
    <url>
      <loc>https://mobcup-ringtones.online/tension-ek-ni-hoti-khatam-makha-duji-page-tayar-bole-pBM2JpWL</loc>
    </url>
    <url>
      <loc>https://mobcup-ringtones.online/tension-ek-nahi-hoti-khatam-song-xb3uucgg</loc>
    </url>
    <url>
      <loc>https://mobcup-ringtones.online/tuchki-tuiya-s7XqcXcj</loc>
    </url>
    <url>
      <loc>https://mobcup-ringtones.online/kalam-tut-gai-ke-song-download-A1jqQYg2</loc>
    </url>
    <url>
      <loc>https://mobcup-ringtones.online/chubinidze-avtandil-music-qUggxRCX</loc>
    </url>
    <url>
      <loc>https://mobcup-ringtones.online/one-love-blue-english-0Zxte1zA</loc>
    </url>
    <url>
      <loc>https://mobcup-ringtones.online/chin-tapak-dam-dam-ringtone-download-mp3-xXnYvgoH</loc>
    </url>
    <url>
      <loc>https://mobcup-ringtones.online/onam-pattin-thalam-thullum-r8MKKeSZ</loc>
    </url>
    <url>
      <loc>https://mobcup-ringtones.online/kallu-kaliya-x-juttni-panjabi-JQCdExSc</loc>
    </url>
    <url>
      <loc>https://mobcup-ringtones.online/ride-it-lofi-slowed-reverb-eDqtwrC6</loc>
    </url>
    <url>
      <loc>https://mobcup-ringtones.online/ride-it-instrumental-bgm-tW6AE9PU</loc>
    </url>
    <url>
      <loc>https://mobcup-ringtones.online/deke-charno-ki-seva-mujhe-meri-shyama-mp3-yOye2Hcj</loc>
    </url>
    <url>
      <loc>https://mobcup-ringtones.online/jise-chaha-tune-sach-me-kitna-chaha-aVgh4Yrt</loc>
    </url>
    <url>
      <loc>https://mobcup-ringtones.online/some-mistakes-get-made-G4TvCzEW</loc>
    </url>
    <url>
      <loc>https://mobcup-ringtones.online/deke-charno-ki-seva-mujhe-meri-shyama-chitravichitra-ji-EdpFdGTG</loc>
    </url>
    <url>
      <loc>https://mobcup-ringtones.online/igilikins-UWLmp4Hr</loc>
    </url>
    <url>
      <loc>https://mobcup-ringtones.online/mass-crying-meme-cuKWORYk</loc>
    </url>
    <url>
      <loc>https://mobcup-ringtones.online/kallu-kalia-song-es5mX3fG</loc>
    </url>
    <url>
      <loc>https://mobcup-ringtones.online/vrindavan-mein-hukum-chale-barsane-wali-ka-ringtone-pagal-LCB3W0Zc</loc>
    </url>
    <url>
      <loc>https://mobcup-ringtones.online/ram-aayenge-swasti-mehul-rjjAy7Te</loc>
    </url>
    <url>
      <loc>https://mobcup-ringtones.online/ek-tari-modak-kha-na-ganulya-re-BELlanuT</loc>
    </url>
    <url>
      <loc>https://mobcup-ringtones.online/vrandavan-me-hukum-chale-KreUmwdG</loc>
    </url>
    <url>
      <loc>https://mobcup-ringtones.online/onam-festival-2024-batkjE8e</loc>
    </url>
    <url>
      <loc>https://mobcup-ringtones.online/bye-bye-bye-deadpool-3-noy5paNq</loc>
    </url>
    <url>
      <loc>https://mobcup-ringtones.online/na-or-deewana-kar-na-koi-bahana-kar-hFQEVotf</loc>
    </url>
    <url>
      <loc>https://mobcup-ringtones.online/ek-tari-modak-kha-na-ganilya-re-ftmO6y5Y</loc>
    </url>
    <url>
      <loc>https://mobcup-ringtones.online/deadpool-3-zLY20unO</loc>
    </url>
    <url>
      <loc>https://mobcup-ringtones.online/prakash-das-ji-maharaj-ke-bhajan-vrindavan-mein-hukum-chale-barsane-wali-radhe-ka-NF1rpIrj</loc>
    </url>
    <url>
      <loc>https://mobcup-ringtones.online/mann-basgi-mp3-song-gwyPihnl</loc>
    </url>
    <url>
      <loc>https://mobcup-ringtones.online/adi-adi-meme-sound-download-d2GR7qeO</loc>
    </url>
    <url>
      <loc>https://mobcup-ringtones.online/some-mistakes-get-made-english-song-5q0T7pbr</loc>
    </url>
    <url>
      <loc>https://mobcup-ringtones.online/adi-adi-meme-FTbcuptv</loc>
    </url>
    <url>
      <loc>https://mobcup-ringtones.online/dhoom-machale-WsXGOGTx</loc>
    </url>
    <url>
      <loc>https://mobcup-ringtones.online/ganpati-songs-for-reels-mp3-download-2B40WwH2</loc>
    </url>
    <url>
      <loc>https://mobcup-ringtones.online/ganpati-bappa-reels-song-9QjEKm7D</loc>
    </url>
    <url>
      <loc>https://mobcup-ringtones.online/ye-aai-dev-bappa-aale-ringtone-mp3-download-4rhKDoeG</loc>
    </url>
    <url>
      <loc>https://mobcup-ringtones.online/a-aai-dev-bappa-aale-ringtone-download-5NKVZmgk</loc>
    </url>
    <url>
      <loc>https://mobcup-ringtones.online/sad-turkish-5dApPCvX</loc>
    </url>
    <url>
      <loc>https://mobcup-ringtones.online/gali-me-aaj-chand-nikla-L28GaDdN</loc>
    </url>
    <url>
      <loc>https://mobcup-ringtones.online/vakratunda-mahakaya-male-version-TDk2Njoa</loc>
    </url>
    <url>
      <loc>https://mobcup-ringtones.online/ganpati-bappa-morya-XxloDRes</loc>
    </url>
    <url>
      <loc>https://mobcup-ringtones.online/chubina-ge-georgian-music-ringtone-download-LiGzIu2o</loc>
    </url>
    <url>
      <loc>https://mobcup-ringtones.online/dont-copy-my-flow-ringtone-download-IeADQ1IJ</loc>
    </url>
    <url>
      <loc>https://mobcup-ringtones.online/mahara-kirtan-mein-ras-barsao-aao-ji-gajanan-aao-AnZPQBjq</loc>
    </url>
    <url>
      <loc>https://mobcup-ringtones.online/deva-shree-ganesha-song-gzfxLb91</loc>
    </url>
    <url>
      <loc>https://mobcup-ringtones.online/jai-dev-jai-dev-jai-mangal-murti-jeetu-sharma-ankita-dash-3Hd8Zohy</loc>
    </url>
    <url>
      <loc>https://mobcup-ringtones.online/sada-bhawani-dahini-sanmukh-rahe-ganesh-BCuKvUmu</loc>
    </url>
    <url>
      <loc>https://mobcup-ringtones.online/shree-ganesha-deva-song-XHWrzZAx</loc>
    </url>
    <url>
      <loc>https://mobcup-ringtones.online/aadi-aadi-meme-audio-download-Bg5xNDpr</loc>
    </url>
    <url>
      <loc>https://mobcup-ringtones.online/despacito-song-qjXfxsRr</loc>
    </url>
    <url>
      <loc>https://mobcup-ringtones.online/chubina-MKspjIoQ</loc>
    </url>
    <url>
      <loc>https://mobcup-ringtones.online/vatanyacha-gol-dana-fjKZyMcj</loc>
    </url>
    <url>
      <loc>https://mobcup-ringtones.online/vatanyacha-gol-dana-udya-maru-nako-tana-tana-wlhggYsY</loc>
    </url>
    <url>
      <loc>https://mobcup-ringtones.online/dhuso-baje-moti-khan-rajasthani-song-UpGu5WcE</loc>
    </url>
    <url>
      <loc>https://mobcup-ringtones.online/aisa-koi-raag-bata-de-tu-nache-main-gaon-dpV4NX6c</loc>
    </url>
    <url>
      <loc>https://mobcup-ringtones.online/eagle-hawk-bgm-WVKg2sZl</loc>
    </url>
    <url>
      <loc>https://mobcup-ringtones.online/dhuso-baje-jodha-pIxlJPZ6</loc>
    </url>
    <url>
      <loc>https://mobcup-ringtones.online/dhuso-baje-re-rathoda-ri-marwadi-UCFcmIVN</loc>
    </url>
    <url>
      <loc>https://mobcup-ringtones.online/budape-me-bhi-yuhi-chalega-lzXkgINN</loc>
    </url>
    <url>
      <loc>https://mobcup-ringtones.online/cheen-dapak-dam-dam-9rIdsgUm</loc>
    </url>
    <url>
      <loc>https://mobcup-ringtones.online/chub1nage-chubina-P4peh72r</loc>
    </url>
    <url>
      <loc>https://mobcup-ringtones.online/ya-lulu-ya-lulu-ringtone-mp3-download-pagalworld-mu0gNPBE</loc>
    </url>
    <url>
      <loc>https://mobcup-ringtones.online/ye-fas-gaya-cm-meme-download-2YSGWsGj</loc>
    </url>
    <url>
      <loc>https://mobcup-ringtones.online/chin-tapak-dam-dam-viral-memes-ihztoYw8</loc>
    </url>
    <url>
      <loc>https://mobcup-ringtones.online/budhape-me-bhi-yuhi-chalega-IWIwCNOa</loc>
    </url>
    <url>
      <loc>https://mobcup-ringtones.online/paani-vicky-tarori-haryanvi-song-7TdLU9mB</loc>
    </url>
    <url>
      <loc>https://mobcup-ringtones.online/prasad-behara-kfA8Bzvz</loc>
    </url>
    <url>
      <loc>https://mobcup-ringtones.online/budhape-mein-bhi-nu-hi-chalega-cGYRYLiN</loc>
    </url>
    <url>
      <loc>https://mobcup-ringtones.online/chub1nage-JVcGVoOX</loc>
    </url>
    <url>
      <loc>https://mobcup-ringtones.online/hum-sabka-maksad-ek-hi-hai-chin-tapak-dum-dum-1u41RUmD</loc>
    </url>
    <url>
      <loc>https://mobcup-ringtones.online/aha-aha-aa-aa-rap-Cnbnt3Dc</loc>
    </url>
    <url>
      <loc>https://mobcup-ringtones.online/me-and-the-devil-music-cWJG6NF2</loc>
    </url>
    <url>
      <loc>https://mobcup-ringtones.online/kakan-ringtone-mp3-download-eSkM7SQ7</loc>
    </url>
    <url>
      <loc>https://mobcup-ringtones.online/badmashi-khulke-tushar-payla-gyanender-shardhana-JHSZhBUn</loc>
    </url>
    <url>
      <loc>https://mobcup-ringtones.online/aataya-bhaca-marathi-XW82crmH</loc>
    </url>
    <url>
      <loc>https://mobcup-ringtones.online/me-and-the-devil-instrumental-fCTvadDt</loc>
    </url>
    <url>
      <loc>https://mobcup-ringtones.online/me-and-the-devil-QpRF8QUx</loc>
    </url>
    <url>
      <loc>https://mobcup-ringtones.online/farfasha-tv-WejDrqJq</loc>
    </url>
    <url>
      <loc>https://mobcup-ringtones.online/hum-sabka-maksad-ek-hi-hai-wKFD4okv</loc>
    </url>
    <url>
      <loc>https://mobcup-ringtones.online/some-mistakes-get-made-6cJbk7xt</loc>
    </url>
    <url>
      <loc>https://mobcup-ringtones.online/hum-sab-ka-maksad-ek-hi-hai-HVa6JP4f</loc>
    </url>
    <url>
      <loc>https://mobcup-ringtones.online/ai-ai-ai-song-TNfOJabz</loc>
    </url>
    <url>
      <loc>https://mobcup-ringtones.online/hum-sabka-maksad-ek-hi-h-ching-dapak-dum-dum-B5kMxmOZ</loc>
    </url>
    <url>
      <loc>https://mobcup-ringtones.online/tichki-tuiya-meme-notification-s8bDN1SV</loc>
    </url>
    <url>
      <loc>https://mobcup-ringtones.online/ai-ai-ai-ai-ya-lu-lu-lu-ya-lu-lu-lu-waBOBTm0</loc>
    </url>
    <url>
      <loc>https://mobcup-ringtones.online/ai-ai-ai-lu-lu-lu-fLn9KMqi</loc>
    </url>
    <url>
      <loc>https://mobcup-ringtones.online/chak-dum-dum-sCWM3waO</loc>
    </url>
    <url>
      <loc>https://mobcup-ringtones.online/mann-basgi-sinta-bhai-haryanvi-song-4TUFYU17</loc>
    </url>
    <url>
      <loc>https://mobcup-ringtones.online/ya-loulou-fi-nunu-WcmuOJPT</loc>
    </url>
    <url>
      <loc>https://mobcup-ringtones.online/apache-vishay-lay-hard-hai-vardaan-aFKsLqB6</loc>
    </url>
    <url>
      <loc>https://mobcup-ringtones.online/aataya-bhaca-AjlXpGOF</loc>
    </url>
    <url>
      <loc>https://mobcup-ringtones.online/apache-vishay-lay-hard-hai-vardaan-marathi-ZRZWSAcr</loc>
    </url>
    <url>
      <loc>https://mobcup-ringtones.online/ya-lulu-ya-lulu-fi-nunu-1jtXC22I</loc>
    </url>
    <url>
      <loc>https://mobcup-ringtones.online/aai-aai-aai-aai-ya-lulu-yalulu-C5BMGGFR</loc>
    </url>
    <url>
      <loc>https://mobcup-ringtones.online/ya-lulu-lulu-UZzuqthQ</loc>
    </url>
    <url>
      <loc>https://mobcup-ringtones.online/o-meri-laila-instrumental-only-music-JWLr12if</loc>
    </url>
    <url>
      <loc>https://mobcup-ringtones.online/faded-x-alone-lofi-slowed-reverb-6WBUtX85</loc>
    </url>
    <url>
      <loc>https://mobcup-ringtones.online/aai-aai-lulu-hJmsPKen</loc>
    </url>
    <url>
      <loc>https://mobcup-ringtones.online/radhe-radhe-bolo-jai-kanhaiya-lal-ki-BtIULGyE</loc>
    </url>
    <url>
      <loc>https://mobcup-ringtones.online/tuchki-tuiya-notification-tone-DZsmmna2</loc>
    </url>
    <url>
      <loc>https://mobcup-ringtones.online/govind-bolo-hari-gopal-bolo-song-Z9VS4P9y</loc>
    </url>
    <url>
      <loc>https://mobcup-ringtones.online/gopal-maro-paraniye-jule-re-new-version-JnSu06tQ</loc>
    </url>
    <url>
      <loc>https://mobcup-ringtones.online/go-go-govinda-mika-singh-5MDDu0jT</loc>
    </url>
    <url>
      <loc>https://mobcup-ringtones.online/ya-lulu-ya-lulu-i7VAhpsY</loc>
    </url>
    <url>
      <loc>https://mobcup-ringtones.online/radhe-krishna-hare-hare-shyama-aan-baso-q4122kOG</loc>
    </url>
    <url>
      <loc>https://mobcup-ringtones.online/baithi-kithe-badlan-toh-dur-honi-hai-FKbjgpNU</loc>
    </url>
    <url>
      <loc>https://mobcup-ringtones.online/troll-face-music-IUK7V5rm</loc>
    </url>
    <url>
      <loc>https://mobcup-ringtones.online/tuchki-tuiya-notification-yms2REWm</loc>
    </url>
    <url>
      <loc>https://mobcup-ringtones.online/mera-bhai-rakhi-raksha-bandhan-1LhMMnZa</loc>
    </url>
    <url>
      <loc>https://mobcup-ringtones.online/zaroor-aparshakti-khurana-hindi-song-0XgG6uws</loc>
    </url>
    <url>
      <loc>https://mobcup-ringtones.online/o-neele-ambar-wale-kumar-sanu-rakhi-song-oiRkYNDa</loc>
    </url>
    <url>
      <loc>https://mobcup-ringtones.online/rakshabandhan-aa-raha-hai-mahadev-o9LpBBza</loc>
    </url>
    <url>
      <loc>https://mobcup-ringtones.online/mera-bhai-rakhi-song-raksha-bandhan-ZrJzvxrs</loc>
    </url>
    <url>
      <loc>https://mobcup-ringtones.online/sache-dil-to-nibhana-bhena-rishta-YwfjPBcj</loc>
    </url>
    <url>
      <loc>https://mobcup-ringtones.online/tu-bol-ke-to-dekh-kaynat-bhi-main-lyadu-chhoti-bhen-shubham-mahi-XJdRCaKj</loc>
    </url>
    <url>
      <loc>https://mobcup-ringtones.online/tuchki-tuiya-meme-notification-tmkRwOsN</loc>
    </url>
    <url>
      <loc>https://mobcup-ringtones.online/jhim-tapak-dam-dam-f1H3geYj</loc>
    </url>
    <url>
      <loc>https://mobcup-ringtones.online/mere-dil-nede-har-pal-rehndiya-bhaina-meria-rakhi-song-7eTWDs1g</loc>
    </url>
    <url>
      <loc>https://mobcup-ringtones.online/dhana-x-o-meri-laila-RrqTtrVO</loc>
    </url>
    <url>
      <loc>https://mobcup-ringtones.online/chim-damak-dam-dam-lAVQDg01</loc>
    </url>
    <url>
      <loc>https://mobcup-ringtones.online/bye-bye-bye-tFurZgDr</loc>
    </url>
    <url>
      <loc>https://mobcup-ringtones.online/chota-bheem-notification-tone-jqdGJbT1</loc>
    </url>
    <url>
      <loc>https://mobcup-ringtones.online/chim-tapak-dam-dam-Dzmk8fRS</loc>
    </url>
    <url>
      <loc>https://mobcup-ringtones.online/jin-tapak-tam-tam-SkQuHhPw</loc>
    </url>
    <url>
      <loc>https://mobcup-ringtones.online/chin-damak-dam-dam-E3Sfe5ot</loc>
    </url>
    <url>
      <loc>https://mobcup-ringtones.online/chin-tapak-dum-dum-ringtone-mp3-download-pagalworld-pdgZruYR</loc>
    </url>
    <url>
      <loc>https://mobcup-ringtones.online/chin-tapak-dum-dum-notification-tone-download-XSQ2mDqy</loc>
    </url>
    <url>
      <loc>https://mobcup-ringtones.online/jin-tapak-tam-tam-LqUMHmvC</loc>
    </url>
    <url>
      <loc>https://mobcup-ringtones.online/chin-tapak-dum-dum-chota-bheem-notification-yeEsSAES</loc>
    </url>
    <url>
      <loc>https://mobcup-ringtones.online/chin-tapak-dum-dum-notification-sound-D0kwVwx1</loc>
    </url>
    <url>
      <loc>https://mobcup-ringtones.online/bye-bye-bye-deadpool-english-song-UMwfxvRB</loc>
    </url>
    <url>
      <loc>https://mobcup-ringtones.online/prasad-behara-mr-macha-funny-l-comedy-GAQnTNAn</loc>
    </url>
    <url>
      <loc>https://mobcup-ringtones.online/cheen-tapak-dam-dam-meme-instagram-reels-gJ9NTjY7</loc>
    </url>
    <url>
      <loc>https://mobcup-ringtones.online/cheek-damak-dam-dam-gZ9NfunM</loc>
    </url>
    <url>
      <loc>https://mobcup-ringtones.online/deadpool-wolverin-bye-bye-bye-gwJB5qre</loc>
    </url>
    <url>
      <loc>https://mobcup-ringtones.online/amma-pade-jola-pata-ammapata-2024-E827mEuV</loc>
    </url>
    <url>
      <loc>https://mobcup-ringtones.online/phir-kabhi-lofi-slowed-reverb-mVECPNS1</loc>
    </url>
    <url>
      <loc>https://mobcup-ringtones.online/chin-tapak-dum-dum-funny-notification-b7rdieYp</loc>
    </url>
    <url>
      <loc>https://mobcup-ringtones.online/cheen-tapak-dum-dum-Jo3rZVuR</loc>
    </url>
    <url>
      <loc>https://mobcup-ringtones.online/jhim-tapak-dam-dam-v1h6FRUq</loc>
    </url>
    <url>
      <loc>https://mobcup-ringtones.online/raat-di-gedi-gal-risk-di-HuSmlpjw</loc>
    </url>
    <url>
      <loc>https://mobcup-ringtones.online/cheen-tapak-dam-dam-M3Np8nJk</loc>
    </url>
    <url>
      <loc>https://mobcup-ringtones.online/kabhi-use-noor-noor-kehta-hoon-ishq-di-baajiyaan-diljit-dosanjh-AsRUvvc1</loc>
    </url>
    <url>
      <loc>https://mobcup-ringtones.online/cheen-tapak-dum-dum-notification-tone-kCh0In6Q</loc>
    </url>
    <url>
      <loc>https://mobcup-ringtones.online/cheen-tapak-dum-dum-message-tone-Bc9uf7F9</loc>
    </url>
    <url>
      <loc>https://mobcup-ringtones.online/ishq-di-baajiyaan-instrumental-0DuuImLm</loc>
    </url>
    <url>
      <loc>https://mobcup-ringtones.online/ishq-di-baajiyaan-ringtone-instrumental-download-arofgMxF</loc>
    </url>
    <url>
      <loc>https://mobcup-ringtones.online/chin-tapak-dum-dum-funny-notification-HP2S2fx9</loc>
    </url>
    <url>
      <loc>https://mobcup-ringtones.online/do-u-know-khel-khel-mein-hindi-song-t7F6le1Z</loc>
    </url>
    <url>
      <loc>https://mobcup-ringtones.online/muhammad-ali-jehi-aa-maar-jatt-di-SMsVw6Jj</loc>
    </url>
    <url>
      <loc>https://mobcup-ringtones.online/do-u-know-akshay-kumar-diljit-dosanjh-BOAR6F8E</loc>
    </url>
    <url>
      <loc>https://mobcup-ringtones.online/muhammad-ali-diljit-dosanjh-punjabi-song-47BP5aZJ</loc>
    </url>
    <url>
      <loc>https://mobcup-ringtones.online/kabhi-use-noor-noor-kehta-hoon-W40u48Jj</loc>
    </url>
    <url>
      <loc>https://mobcup-ringtones.online/o-taara-tutt-ke-mathe-te-aake-vajjeya-ki-hoya-b-praak-sad-song-ptLPAa1o</loc>
    </url>
    <url>
      <loc>https://mobcup-ringtones.online/zaroor-x-ishq-di-baajiyaan-NxfbH9nf</loc>
    </url>
    <url>
      <loc>https://mobcup-ringtones.online/muhammad-ali-diljit-dosanjh-ZqO7M8c8</loc>
    </url>
    <url>
      <loc>https://mobcup-ringtones.online/muhammad-ali-nle-choppa-english-song-yDcyoilA</loc>
    </url>
    <url>
      <loc>https://mobcup-ringtones.online/ho-rabb-nu-gussa-te-ni-aa-gaya-ki-hoya-b-praak-dL4y50T2</loc>
    </url>
    <url>
      <loc>https://mobcup-ringtones.online/ki-hoya-jatt-juliet-3-punjabi-song-2a3gshRO</loc>
    </url>
    <url>
      <loc>https://mobcup-ringtones.online/bhairava-anthem-song-promo-kalki-2898-ad-prabhas-diljit-dosanjh-95ahdW26</loc>
    </url>
    <url>
      <loc>https://mobcup-ringtones.online/aao-paas-mere-betho-karan-aujla-panjabi-GWPmZ6zO</loc>
    </url>
    <url>
      <loc>https://mobcup-ringtones.online/aao-paas-mere-betho-WS65dDNL</loc>
    </url>
    <url>
      <loc>https://mobcup-ringtones.online/tauba-tauba-bad-news-punjabi-song-5YrHSwI9</loc>
    </url>
    <url>
      <loc>https://mobcup-ringtones.online/aao-pass-me-to-baitho-bolo-kya-baat-hui-guilty-owOCNNZ7</loc>
    </url>
    <url>
      <loc>https://mobcup-ringtones.online/bhairava-anthem-kalki-telugu-song-iBnsps8d</loc>
    </url>
    <url>
      <loc>https://mobcup-ringtones.online/bhairava-anthem-kalki-2898-ad-prabhas-hindi-song-r1qw3Klc</loc>
    </url>
    <url>
      <loc>https://mobcup-ringtones.online/husn-tera-tauba-tauba-tauba-tauba-bad-news-punjabi-zqsIzFdM</loc>
    </url>
    <url>
      <loc>https://mobcup-ringtones.online/guilty-song-karan-aujla-LVuTP3nh</loc>
    </url>
    <url>
      <loc>https://mobcup-ringtones.online/aape-niklugi-ni-tu-hass-tan-sahi-tauba-tauba-bad-news-punjabi-3fsBluQu</loc>
    </url>
    <url>
      <loc>https://mobcup-ringtones.online/sohniye-sharab-da-tan-naam-lagda-tauba-tauba-bad-news-punjabi-Uf8ORoMx</loc>
    </url>
    <url>
      <loc>https://mobcup-ringtones.online/baaz-teri-sohniye-sareli-noori-vargi-tauba-tauba-bad-news-punjabi-Q09Sxzj0</loc>
    </url>
    <url>
      <loc>https://mobcup-ringtones.online/haan-milna-dass-de-tauba-tauba-bad-news-punjabi-AADIbh4y</loc>
    </url>
    <url>
      <loc>https://mobcup-ringtones.online/jadon-lak-hilda-ae-ohda-tan-nora-lagdi-tauba-tauba-bad-news-punjabi-3N4CUeTY</loc>
    </url>
    <url>
      <loc>https://mobcup-ringtones.online/jaan-mang-laan-main-tetho-jaan-warda-tauba-tauba-bad-news-punjabi-zNC6oyMe</loc>
    </url>
    <url>
      <loc>https://mobcup-ringtones.online/haye-mitran-ton-akh-teri-mange-kangana-tauba-tauba-bad-news-punjabi-iuXVJ57G</loc>
    </url>
    <url>
      <loc>https://mobcup-ringtones.online/hune-main-bana-daan-mainu-das-tan-sahi-tauba-tauba-bad-news-punjabi-3LdMK8Oa</loc>
    </url>
    <url>
      <loc>https://mobcup-ringtones.online/koi-thaan-dasse-meri-jaan-dass-de-tauba-tauba-bad-news-punjabi-KdS72XLn</loc>
    </url>
    <url>
      <loc>https://mobcup-ringtones.online/tere-vich-nasha-pehle-tod-da-kude-tauba-tauba-bad-news-punjabi-mjrvnFcB</loc>
    </url>
    <url>
      <loc>https://mobcup-ringtones.online/aithe-kehndi-too-much-desi-tan-hi-tauba-tauba-bad-news-punjabi-blNUAN3O</loc>
    </url>
    <url>
      <loc>https://mobcup-ringtones.online/tere-ton-ki-seekha-tere-te-ki-likha-tauba-tauba-bad-news-punjabi-wkwwDjhd</loc>
    </url>
    <url>
      <loc>https://mobcup-ringtones.online/kal-hi-tu-italy-to-aayi-marjaniye-tauba-tauba-bad-news-punjabi-6OZxPuTP</loc>
    </url>
    <url>
      <loc>https://mobcup-ringtones.online/sade-layi-free-nahi-bhora-lagdi-tauba-tauba-bad-news-punjabi-KTcrgJpB</loc>
    </url>
    <url>
      <loc>https://mobcup-ringtones.online/haye-dikhda-paranda-naiyon-dikhda-prada-tauba-tauba-bad-news-punjabi-rNr6xjI0</loc>
    </url>
    <url>
      <loc>https://mobcup-ringtones.online/tainu-kyun-na-dikha-tauba-tauba-bad-news-punjabi-EByBMmw0</loc>
    </url>
    <url>
      <loc>https://mobcup-ringtones.online/te-purse-tu-paris-ton-mangwaya-valentino-tauba-tauba-bad-news-punjabi-IeDtLjFU</loc>
    </url>
    <url>
      <loc>https://mobcup-ringtones.online/sohniye-ni-akh-teri-thief-ae-tauba-tauba-bad-news-punjabi-UCTWbiVn</loc>
    </url>
    <url>
      <loc>https://mobcup-ringtones.online/figure-tone-lagdi-latino-tauba-tauba-bad-news-punjabi-sT5pw8pc</loc>
    </url>
    <url>
      <loc>https://mobcup-ringtones.online/ik-vaari-dasdo-ji-ainni-kyun-shaukeeno-tauba-tauba-bad-news-punjabi-Tb5LV1UJ</loc>
    </url>
    <url>
      <loc>https://mobcup-ringtones.online/tauba-tauba-bad-newz-vicky-kaushal-glRdj8pU</loc>
    </url>
    <url>
      <loc>https://mobcup-ringtones.online/attach-BPK7ZpCm</loc>
    </url>
    <url>
      <loc>https://mobcup-ringtones.online/husn-tera-tauba-tauba-cdVpx2uW</loc>
    </url>
    <url>
      <loc>https://mobcup-ringtones.online/hale-thoda-saaf-jeha-nahi-irada-tauba-tauba-bad-news-punjabi-mhZsJO6q</loc>
    </url>
    <url>
      <loc>https://mobcup-ringtones.online/attach-s20osnD4</loc>
    </url>
    <url>
      <loc>https://mobcup-ringtones.online/idk-how-karan-aujla-four-me-ep-punjabi-song-saf6SX5g</loc>
    </url>
    <url>
      <loc>https://mobcup-ringtones.online/gutt-bari-lambi-ni-rakhi-ae-mutiyar-ne-tauba-tauba-bad-news-punjabi-mcsebkwq</loc>
    </url>
    <url>
      <loc>https://mobcup-ringtones.online/be-mine-shubh-punjabi-song-J7KnMxf2</loc>
    </url>
    <url>
      <loc>https://mobcup-ringtones.online/tauba-tauba-karan-aujla-punjabi-song-3oPsv576</loc>
    </url>
    <url>
      <loc>https://mobcup-ringtones.online/one-love-shubh-punjabi-love-T5AnCEYv</loc>
    </url>
    <url>
      <loc>https://mobcup-ringtones.online/devara-red-sea-bgm-0RJSqmdr</loc>
    </url>
    <url>
      <loc>https://mobcup-ringtones.online/tu-jo-mila-ringtone-download-ZBTIuvZi</loc>
    </url>
    <url>
      <loc>https://mobcup-ringtones.online/naach-meri-jaan-hoke-magn-tu-djXTnrLA</loc>
    </url>
    <url>
      <loc>https://mobcup-ringtones.online/naach-meri-jaan-hoke-magn-tu-kintu-prantu-VNqLuBxu</loc>
    </url>
    <url>
      <loc>https://mobcup-ringtones.online/rasave-unna-nambi-song-jLCql0wF</loc>
    </url>
    <url>
      <loc>https://mobcup-ringtones.online/tu-jo-mila-instrumental-cn4SvLtL</loc>
    </url>
    <url>
      <loc>https://mobcup-ringtones.online/nand-ghar-anand-bhayo-UvQbk55a</loc>
    </url>
    <url>
      <loc>https://mobcup-ringtones.online/naach-meri-jaan-mp3-song-r6BurT79</loc>
    </url>
    <url>
      <loc>https://mobcup-ringtones.online/tu-jo-mila-7N9DOOps</loc>
    </url>
    <url>
      <loc>https://mobcup-ringtones.online/bhar-do-jholi-meri-bajrangi-bhaijaan-jMWH7Jb3</loc>
    </url>
    <url>
      <loc>https://mobcup-ringtones.online/vitthal-vitthal-mauli-marathi-song-H6PF0nv0</loc>
    </url>
    <url>
      <loc>https://mobcup-ringtones.online/hum-tumhare-hain-sanam-instrumental-lS6PmpyR</loc>
    </url>
    <url>
      <loc>https://mobcup-ringtones.online/ye-bandhan-to-FE4E8LN4</loc>
    </url>
    <url>
      <loc>https://mobcup-ringtones.online/aakhir-tumhe-aana-hai-rDUcNPYT</loc>
    </url>
    <url>
      <loc>https://mobcup-ringtones.online/sawan-ko-mohabbat-badal-se-RFipR73g</loc>
    </url>
    <url>
      <loc>https://mobcup-ringtones.online/maar-muntha-chod-chinta-double-ismart-telugu-song-08zVBsos</loc>
    </url>
    <url>
      <loc>https://mobcup-ringtones.online/bahr-do-jholi-bajrangi-bhaijaan-P5daTRtK</loc>
    </url>
    <url>
      <loc>https://mobcup-ringtones.online/taaron-ko-mohabbat-amber-se-alka-yagnik-udit-narayan-old-hindi-45ZDFgae</loc>
    </url>
    <url>
      <loc>https://mobcup-ringtones.online/jinki-hoti-hai-behna-wo-bhai-kismat-wale-j3JkIDXz</loc>
    </url>
    <url>
      <loc>https://mobcup-ringtones.online/maar-muntha-chod-chinta-double-ismart-ram-pothineni-qucp36jI</loc>
    </url>
    <url>
      <loc>https://mobcup-ringtones.online/sara-jag-chdke-bas-tanu-hi-hai-chuniya-k4V2djTY</loc>
    </url>
    <url>
      <loc>https://mobcup-ringtones.online/steppa-maar-double-ismart-telugu-song-P9itO9z5</loc>
    </url>
    <url>
      <loc>https://mobcup-ringtones.online/sara-jag-chad-ke-dByLNJLW</loc>
    </url>
    <url>
      <loc>https://mobcup-ringtones.online/sara-jag-chad-ke-bas-tenu-hi-hai-chuniya-GBi1uOPO</loc>
    </url>
    <url>
      <loc>https://mobcup-ringtones.online/double-ismart-bgm-pL1B5Bcw</loc>
    </url>
    <url>
      <loc>https://mobcup-ringtones.online/chahe-akhiyan-chura-le-song-JFchx9Um</loc>
    </url>
    <url>
      <loc>https://mobcup-ringtones.online/maar-muntha-chod-chinta-double-ismart-DJ6EIlus</loc>
    </url>
    <url>
      <loc>https://mobcup-ringtones.online/chal-ve-dila-vishal-mishra-hindi-song-YkLgUWYJ</loc>
    </url>
    <url>
      <loc>https://mobcup-ringtones.online/chal-ve-dilaa-khel-khel-mein-akshay-kumar-hmDgjiiq</loc>
    </url>
    <url>
      <loc>https://mobcup-ringtones.online/chal-ve-dilaa-khel-khel-mein-hindi-9OiHlzj0</loc>
    </url>
    <url>
      <loc>https://mobcup-ringtones.online/raula-raula-bad-newz-hindi-song-s4dupqDO</loc>
    </url>
    <url>
      <loc>https://mobcup-ringtones.online/hauli-hauli-guru-randhawa-akshay-kumar-zpKH4yhV</loc>
    </url>
    <url>
      <loc>https://mobcup-ringtones.online/mere-mehboob-mere-sanam-bad-news-alka-yagnik-yjVnLCsi</loc>
    </url>
    <url>
      <loc>https://mobcup-ringtones.online/raula-raula-vicky-kaushal-triptii-dimri-gkKrBGX5</loc>
    </url>
    <url>
      <loc>https://mobcup-ringtones.online/hauli-hauli-neha-kakkar-ammy-virk-taapsee-pannu-tDeg0O9U</loc>
    </url>
    <url>
      <loc>https://mobcup-ringtones.online/hauli-hauli-khel-khel-mein-hindi-song-gBAamz04</loc>
    </url>
    <url>
      <loc>https://mobcup-ringtones.online/duur-na-karin-khel-khel-mein-5ZflF5XZ</loc>
    </url>
    <url>
      <loc>https://mobcup-ringtones.online/chahe-akhiyan-chura-le-par-dil-se-d6LrSiPE</loc>
    </url>
    <url>
      <loc>https://mobcup-ringtones.online/tera-sohna-sohna-mukhda-vekh-ke-raula-raula-bad-newz-xGVwsuZA</loc>
    </url>
    <url>
      <loc>https://mobcup-ringtones.online/mere-mehboob-mere-sanam-bad-news-udit-narayan-FOYJvcna</loc>
    </url>
    <url>
      <loc>https://mobcup-ringtones.online/aankhein-apni-meeche-meeche-mere-mehboob-mere-sanam-bad-news-4gdoyicG</loc>
    </url>
    <url>
      <loc>https://mobcup-ringtones.online/tumko-kya-bataye-piya-mere-mehboob-mere-sanam-bad-news-kSSHq2BS</loc>
    </url>
    <url>
      <loc>https://mobcup-ringtones.online/shukriya-meherbaani-karam-mere-mehboob-mere-sanam-bad-news-Z9UlGWYv</loc>
    </url>
    <url>
      <loc>https://mobcup-ringtones.online/baat-chedi-to-hai-kam-se-kam-mere-mehboob-mere-sanam-bad-news-NPPo4xUx</loc>
    </url>
    <url>
      <loc>https://mobcup-ringtones.online/tumko-hi-chahe-piya-mere-mehboob-mere-sanam-bad-news-lCqndzMe</loc>
    </url>
    <url>
      <loc>https://mobcup-ringtones.online/ikraar-ki-baatein-ho-ya-inkaar-ki-baatein-mere-mehboob-mere-sanam-bad-news-ksjpcuaa</loc>
    </url>
    <url>
      <loc>https://mobcup-ringtones.online/hum-aaye-tere-piche-piche-mere-mehboob-mere-sanam-bad-news-Ii2I39z2</loc>
    </url>
    <url>
      <loc>https://mobcup-ringtones.online/pehle-to-nahi-hoti-thi-yun-pyar-ki-baatein-mere-mehboob-mere-sanam-bad-news-R2ex4TAe</loc>
    </url>
    <url>
      <loc>https://mobcup-ringtones.online/hairan-hoon-main-sunke-sarkar-ki-baatein-mere-mehboob-mere-sanam-bad-news-MZCKDSad</loc>
    </url>
    <url>
      <loc>https://mobcup-ringtones.online/sapno-mein-mere-tum-aaye-mere-mehboob-mere-sanam-bad-news-q2UgDnYC</loc>
    </url>
    <url>
      <loc>https://mobcup-ringtones.online/tum-itna-badal-jaoge-mere-mehboob-mere-sanam-bad-news-5FVJDYPu</loc>
    </url>
    <url>
      <loc>https://mobcup-ringtones.online/rabb-warga-jubin-nautiyal-triptii-dimri-Pxn7mj51</loc>
    </url>
    <url>
      <loc>https://mobcup-ringtones.online/mere-mehboob-mere-sanam-bad-news-8fSkKcGf</loc>
    </url>
    <url>
      <loc>https://mobcup-ringtones.online/tum-itna-mujhe-chahoge-mere-mehboob-mere-sanam-bad-news-40BFphk3</loc>
    </url>
    <url>
      <loc>https://mobcup-ringtones.online/tum-yoon-ikraar-karoge-mere-mehboob-mere-sanam-bad-news-e5FnRfh7</loc>
    </url>
    <url>
      <loc>https://mobcup-ringtones.online/tum-itna-pyaar-karoge-mere-mehboob-mere-sanam-bad-news-SO0UMyHM</loc>
    </url>
    <url>
      <loc>https://mobcup-ringtones.online/mere-mehboob-mere-sanam-bad-newz-new-version-Ta79dwLj</loc>
    </url>
    <url>
      <loc>https://mobcup-ringtones.online/rab-warga-vicky-kaushal-hindi-song-c5p3m6JC</loc>
    </url>
    <url>
      <loc>https://mobcup-ringtones.online/mere-dil-pe-aise-chaaye-mere-mehboob-mere-sanam-bad-news-McrXQaJQ</loc>
    </url>
    <url>
      <loc>https://mobcup-ringtones.online/kab-maine-ye-socha-tha-Mr0wx2GX</loc>
    </url>
    <url>
      <loc>https://mobcup-ringtones.online/ram-aayenge-vishal-mishra-bhakti-xBuHHyhv</loc>
    </url>
    <url>
      <loc>https://mobcup-ringtones.online/jaanam-bad-news-hindi-song-cCFu6myr</loc>
    </url>
    <url>
      <loc>https://mobcup-ringtones.online/koi-itna-khubsurat-song-bpoJyhBR</loc>
    </url>
    <url>
      <loc>https://mobcup-ringtones.online/rabb-warga-bad-news-hindi-song-fxfIf6SA</loc>
    </url>
    <url>
      <loc>https://mobcup-ringtones.online/aaj-bhi-lofi-slowed-reverb-CcEgBrgG</loc>
    </url>
    <url>
      <loc>https://mobcup-ringtones.online/rabb-warga-bad-newz-jubin-nautiyal-yr4KFNkb</loc>
    </url>
    <url>
      <loc>https://mobcup-ringtones.online/ram-aayenge-Bf5oQPfz</loc>
    </url>
    <url>
      <loc>https://mobcup-ringtones.online/ram-aayenge-song-XB2Sq8T9</loc>
    </url>
    <url>
      <loc>https://mobcup-ringtones.online/ram-aayenge-vishal-mishra-PmkWbCtj</loc>
    </url>
    <url>
      <loc>https://mobcup-ringtones.online/aaj-bhi-mp3-JWtK36RZ</loc>
    </url>
    <url>
      <loc>https://mobcup-ringtones.online/koi-itna-khubsurat-kese-ho-sakta-h-37srbVwx</loc>
    </url>
    <url>
      <loc>https://mobcup-ringtones.online/duur-na-karin-song-hp1YKwiU</loc>
    </url>
    <url>
      <loc>https://mobcup-ringtones.online/naina-bheege-bheege-jaye-ram-aayenge-9ex6jZ7Q</loc>
    </url>
    <url>
      <loc>https://mobcup-ringtones.online/ram-aayenge-vishal-mishra-8u7fJWCE</loc>
    </url>
    <url>
      <loc>https://mobcup-ringtones.online/ki-koi-itna-khubsurat-kaise-ho-sakta-hai-lu47gD9K</loc>
    </url>
    <url>
      <loc>https://mobcup-ringtones.online/duur-na-karin-song-1ZY8hKhf</loc>
    </url>
    <url>
      <loc>https://mobcup-ringtones.online/animal-movie-telugu-oPlchlFn</loc>
    </url>
    <url>
      <loc>https://mobcup-ringtones.online/dur-na-karin-khel-khel-mein-vishal-mishra-hindi-MkSYBWPt</loc>
    </url>
    <url>
      <loc>https://mobcup-ringtones.online/khoobsurat-song-hJVeMhTE</loc>
    </url>
    <url>
      <loc>https://mobcup-ringtones.online/hey-mere-keshava-hey-mere-kanha-0ZGceKRD</loc>
    </url>
    <url>
      <loc>https://mobcup-ringtones.online/karte-jaye-shat-shat-bandan-saanwre-shyam-vishal-mishra-uAzTMRVV</loc>
    </url>
    <url>
      <loc>https://mobcup-ringtones.online/hai-madhusudan-hai-manmohan-saanwre-shyam-vishal-mishra-rLRaQV6Z</loc>
    </url>
    <url>
      <loc>https://mobcup-ringtones.online/hai-govinda-hai-gopala-hai-madhusudan-G1YlNIa8</loc>
    </url>
    <url>
      <loc>https://mobcup-ringtones.online/makhan-tumne-bhot-churaya-saanwre-shyam-vishal-mishra-VfHqud1Q</loc>
    </url>
    <url>
      <loc>https://mobcup-ringtones.online/aplak-tumko-takte-jaaye-saanwre-shyam-vishal-mishra-MiLEPevS</loc>
    </url>
    <url>
      <loc>https://mobcup-ringtones.online/sans-ka-dhan-jo-tumne-vidhata-diya-saanwre-shyam-4bMK0SrI</loc>
    </url>
    <url>
      <loc>https://mobcup-ringtones.online/saanwre-shyam-lofi-slowed-reverb-HpnzXALj</loc>
    </url>
    <url>
      <loc>https://mobcup-ringtones.online/jeevan-ka-sach-itna-sa-hai-saanwre-shyam-vishal-mishra-BKfkmp4Z</loc>
    </url>
    <url>
      <loc>https://mobcup-ringtones.online/chori-karlo-dukh-more-bhagwan-saanwre-shyam-CjzGs6XW</loc>
    </url>
    <url>
      <loc>https://mobcup-ringtones.online/hum-hai-naina-tum-ho-darshan-saanwre-shyam-vishal-mishra-01dDmPOg</loc>
    </url>
    <url>
      <loc>https://mobcup-ringtones.online/bheegti-ja-rahi-hai-yeh-aankhen-magar-aCJxhoMp</loc>
    </url>
    <url>
      <loc>https://mobcup-ringtones.online/muskuraye-tumhein-dekhte-dekhte-saanwre-shyam-Yo3ecUg7</loc>
    </url>
    <url>
      <loc>https://mobcup-ringtones.online/ek-ne-khoya-ek-ne-paya-saanwre-shyam-vishal-mishra-5sSuBRsN</loc>
    </url>
    <url>
      <loc>https://mobcup-ringtones.online/pran-jaye-tumhe-dekhte-dekhte-saanwre-shyam-q7Sx6ydH</loc>
    </url>
    <url>
      <loc>https://mobcup-ringtones.online/aisi-adbhut-tumhari-chavi-hai-prabhu-ueHe2475</loc>
    </url>
    <url>
      <loc>https://mobcup-ringtones.online/dono-ne-tumse-neh-lagaya-saanwre-shyam-vishal-mishra-3HKRQCvB</loc>
    </url>
    <url>
      <loc>https://mobcup-ringtones.online/hey-govinda-hey-gopala-saanwre-shyam-vishal-mishra-3fbFxASb</loc>
    </url>
    <url>
      <loc>https://mobcup-ringtones.online/ek-devki-ek-yashoda-saanwre-shyam-vishal-mishra-RXmhbg99</loc>
    </url>
    <url>
      <loc>https://mobcup-ringtones.online/bhigti-ja-rahi-hai-yeh-aankhen-magar-saanwre-shyam-vishal-mishra-WeEfA4ci</loc>
    </url>
    <url>
      <loc>https://mobcup-ringtones.online/dono-ne-chaha-god-me-chanda-saanwre-shyam-vishal-mishra-c9nkN00r</loc>
    </url>
    <url>
      <loc>https://mobcup-ringtones.online/saanwre-shyam-dekho-to-sharma-gayi-5mTY52b0</loc>
    </url>
    <url>
      <loc>https://mobcup-ringtones.online/hai-mere-maadhav-saanwre-shyam-vishal-mishra-4y8xsgQ8</loc>
    </url>
    <url>
      <loc>https://mobcup-ringtones.online/khoobsurat-stree-2-vishal-mishra-JbPOEkSt</loc>
    </url>
    <url>
      <loc>https://mobcup-ringtones.online/sanware-shyam-vishal-mishra-sItaPAhs</loc>
    </url>
    <url>
      <loc>https://mobcup-ringtones.online/tumhari-jhalak-pe-mar-mar-jaun-saanwre-shyam-WOHfzicv</loc>
    </url>
    <url>
      <loc>https://mobcup-ringtones.online/tumse-ye-naina-kaise-hatau-saanwre-shyam-VJKEfPq3</loc>
    </url>
    <url>
      <loc>https://mobcup-ringtones.online/aisi-adhbhut-tumhari-chavi-hai-prabhu-c4D1lG2d</loc>
    </url>
    <url>
      <loc>https://mobcup-ringtones.online/ye-ghataye-tumhein-dekhte-dekhte-saanwre-shyam-klQs8PcF</loc>
    </url>
    <url>
      <loc>https://mobcup-ringtones.online/hai-mere-mohan-hai-mere-maadhav-saanwre-shyam-IY9KECdT</loc>
    </url>
    <url>
      <loc>https://mobcup-ringtones.online/sanware-shyam-dekho-to-sharma-gayi-saanwre-shyam-g5kwucMb</loc>
    </url>
    <url>
      <loc>https://mobcup-ringtones.online/khoobsurat-stree-2-sachin-jigar-xkIjMVUi</loc>
    </url>
    <url>
      <loc>https://mobcup-ringtones.online/tu-humdum-hai-jaana-TuS2DstP</loc>
    </url>
    <url>
      <loc>https://mobcup-ringtones.online/srimathi-garu-song-bgm-OU4vI8IT</loc>
    </url>
    <url>
      <loc>https://mobcup-ringtones.online/humdum-savi-vishal-mishra-JzEWRQaS</loc>
    </url>
    <url>
      <loc>https://mobcup-ringtones.online/humdum-savi-hindi-song-vcLhgNXX</loc>
    </url>
    <url>
      <loc>https://mobcup-ringtones.online/ke-har-lamha-karu-haske-humdum-savi-hindi-I0vSnH2k</loc>
    </url>
    <url>
      <loc>https://mobcup-ringtones.online/khoobsurat-varun-dhawan-shraddha-kapoor-DhfTy4SR</loc>
    </url>
    <url>
      <loc>https://mobcup-ringtones.online/nai-lagda-lofi-AWpgJSq2</loc>
    </url>
    <url>
      <loc>https://mobcup-ringtones.online/srimathi-garu-lucky-baskhar-telugu-song-goEnl3nm</loc>
    </url>
    <url>
      <loc>https://mobcup-ringtones.online/khoobsurat-stree-2-hindi-song-GsPqEVOo</loc>
    </url>
    <url>
      <loc>https://mobcup-ringtones.online/kya-haal-hai-song-F2kbN5k8</loc>
    </url>
    <url>
      <loc>https://mobcup-ringtones.online/dil-to-pagal-hai-song-aBWMj04R</loc>
    </url>
    <url>
      <loc>https://mobcup-ringtones.online/brothers-movie-bgm-kw6YgMER</loc>
    </url>
    <url>
      <loc>https://mobcup-ringtones.online/aayega-maza-ab-barsaat-ka-remix-vimUs4WT</loc>
    </url>
    <url>
      <loc>https://mobcup-ringtones.online/kaise-hua-kabir-singh-instrumental-music-6RQyEEt6</loc>
    </url>
    <url>
      <loc>https://mobcup-ringtones.online/kya-haal-hai-sachet-parampara-hindi-song-z0cQAGBG</loc>
    </url>
    <url>
      <loc>https://mobcup-ringtones.online/yu-to-hai-lakho-chehre-hasi-UZJXLiZf</loc>
    </url>
    <url>
      <loc>https://mobcup-ringtones.online/maine-zindagi-tere-naam-ki-1MQDBbm2</loc>
    </url>
    <url>
      <loc>https://mobcup-ringtones.online/dhokha-sarfira-akshay-kumar-RFnz5MzD</loc>
    </url>
    <url>
      <loc>https://mobcup-ringtones.online/falak-tak-song-lAGFwrnW</loc>
    </url>
    <url>
      <loc>https://mobcup-ringtones.online/teri-ungli-pakad-ke-chala-mnPTL1ea</loc>
    </url>
    <url>
      <loc>https://mobcup-ringtones.online/o-palan-hare-krishna-bhakti-S2MRnJZx</loc>
    </url>
    <url>
      <loc>https://mobcup-ringtones.online/gehu-ke-khet-me-eg0r0m0l</loc>
    </url>
    <url>
      <loc>https://mobcup-ringtones.online/o-palan-hare-7RFl5LWp</loc>
    </url>
    <url>
      <loc>https://mobcup-ringtones.online/radha-to-man-ki-rani-hai-remix-song-UdzjdSpY</loc>
    </url>
    <url>
      <loc>https://mobcup-ringtones.online/natho-vasthava-song-DJQVyzAF</loc>
    </url>
    <url>
      <loc>https://mobcup-ringtones.online/choti-si-pyari-si-nanhi-si-song-lHN0bcIF</loc>
    </url>
    <url>
      <loc>https://mobcup-ringtones.online/dekhne-walon-ne-song-8dae0Tng</loc>
    </url>
    <url>
      <loc>https://mobcup-ringtones.online/akele-hum-akele-tum-song-LJSfpnbD</loc>
    </url>
    <url>
      <loc>https://mobcup-ringtones.online/kya-haal-hai-phir-aayi-hasseen-dillruba-IGjDFuBh</loc>
    </url>
    <url>
      <loc>https://mobcup-ringtones.online/gokul-ki-galiyon-mein-jamuna-kinare-DO5rCgcn</loc>
    </url>
    <url>
      <loc>https://mobcup-ringtones.online/agar-tum-saath-ho-eLtwu2HL</loc>
    </url>
    <url>
      <loc>https://mobcup-ringtones.online/agar-tum-saath-ho-song-xbuuoIsu</loc>
    </url>
    <url>
      <loc>https://mobcup-ringtones.online/dharti-sunehri-ambar-neela-G6ukxli9</loc>
    </url>
    <url>
      <loc>https://mobcup-ringtones.online/bhabi-meri-umar-neyani-mankirt-aulakh-09T5S1qe</loc>
    </url>
    <url>
      <loc>https://mobcup-ringtones.online/ehsas-nahi-tujhko-main-pyar-karu-kitna-iCEGlVNl</loc>
    </url>
    <url>
      <loc>https://mobcup-ringtones.online/mere-desh-me-mehmano-ko-bhagwan-kaha-jata-hai-YXqsEtUO</loc>
    </url>
    <url>
      <loc>https://mobcup-ringtones.online/mere-desh-me-mehmano-ko-dPsgkz5y</loc>
    </url>
    <url>
      <loc>https://mobcup-ringtones.online/jab-jab-bajaye-mohan-muraliya-iaTjVj0T</loc>
    </url>
    <url>
      <loc>https://mobcup-ringtones.online/maiya-yashoda-hum-saath-saath-hain-hindi-s8OTVA9u</loc>
    </url>
    <url>
      <loc>https://mobcup-ringtones.online/harichandana-malarile-onam-songs-7rdbBtMd</loc>
    </url>
    <url>
      <loc>https://mobcup-ringtones.online/onam-remix-Hv5K4y66</loc>
    </url>
    <url>
      <loc>https://mobcup-ringtones.online/onam-instrumental-music-0p5r92KA</loc>
    </url>
    <url>
      <loc>https://mobcup-ringtones.online/adharam-madhuram-vadanam-madhuram-swasti-mehul-OUe5Vco6</loc>
    </url>
    <url>
      <loc>https://mobcup-ringtones.online/aazhi-soozhndha-tamil-song-NK6CjoKE</loc>
    </url>
    <url>
      <loc>https://mobcup-ringtones.online/onam-vannallo-song-W7Upr2Yx</loc>
    </url>
    <url>
      <loc>https://mobcup-ringtones.online/onam-festival-song-R4YjjT5E</loc>
    </url>
    <url>
      <loc>https://mobcup-ringtones.online/happy-onam-2024-jY6b9GRx</loc>
    </url>
    <url>
      <loc>https://mobcup-ringtones.online/onam-festival-song-bgm-instrumental-efyJEy6g</loc>
    </url>
    <url>
      <loc>https://mobcup-ringtones.online/chal-tere-mere-iss-kisse-ka-sikka-uchhale-haan-ke-haan-monali-thakur-hindi-Ovc7UOHA</loc>
    </url>
    <url>
      <loc>https://mobcup-ringtones.online/teachers-day-song-tamil-5HkSTBhC</loc>
    </url>
    <url>
      <loc>https://mobcup-ringtones.online/happy-teachers-day-speech-TzraaD5G</loc>
    </url>
    <url>
      <loc>https://mobcup-ringtones.online/rabba-maavan-na-khovi-maa-amrit-maan-punjabi-jIFhJb30</loc>
    </url>
    <url>
      <loc>https://mobcup-ringtones.online/guru-me-sansar-samaya-teachers-day-fQVnThIR</loc>
    </url>
    <url>
      <loc>https://mobcup-ringtones.online/onam-vannallo-baby-voice-cHF2RyZe</loc>
    </url>
    <url>
      <loc>https://mobcup-ringtones.online/guru-brahma-guru-vishnu-wT1TDVFA</loc>
    </url>
    <url>
      <loc>https://mobcup-ringtones.online/megamo-aval-song-MYJ6rc6w</loc>
    </url>
    <url>
      <loc>https://mobcup-ringtones.online/megamo-aval-ZaDXL5WT</loc>
    </url>
    <url>
      <loc>https://mobcup-ringtones.online/megamo-aval-tamil-song-Vvl9eSLT</loc>
    </url>
    <url>
      <loc>https://mobcup-ringtones.online/teachers-day-special-background-music-J4Yb11c7</loc>
    </url>
    <url>
      <loc>https://mobcup-ringtones.online/tere-bina-besuadi-xBHdWl8d</loc>
    </url>
    <url>
      <loc>https://mobcup-ringtones.online/majnoon-yo-yo-honey-singh-instrumental-music-qSDJ9o4Z</loc>
    </url>
    <url>
      <loc>https://mobcup-ringtones.online/shamaan-de-vele-yo-yo-honey-singh-CkJVd5L2</loc>
    </url>
    <url>
      <loc>https://mobcup-ringtones.online/majnoon-yina-menez-oZfUB4fh</loc>
    </url>
    <url>
      <loc>https://mobcup-ringtones.online/tere-bina-besuadi-besuadi-VdbgPWIl</loc>
    </url>
    <url>
      <loc>https://mobcup-ringtones.online/majnoon-yina-menez-saudi-arabia-e4nP0N3E</loc>
    </url>
    <url>
      <loc>https://mobcup-ringtones.online/barse-megh-sakhi-Qb4u7x8q</loc>
    </url>
    <url>
      <loc>https://mobcup-ringtones.online/shamaan-de-vele-leo-grewal-lpvS0exH</loc>
    </url>
    <url>
      <loc>https://mobcup-ringtones.online/barse-megh-sakhi-bhai-lakhwinder-sing-ji-VO16cpnK</loc>
    </url>
    <url>
      <loc>https://mobcup-ringtones.online/sheeshe-wali-chuni-song-glory-yo-yo-honey-singh-haryanvi-SQeIaIDL</loc>
    </url>
    <url>
      <loc>https://mobcup-ringtones.online/malamaal-yina-menez-X1xzkGBO</loc>
    </url>
    <url>
      <loc>https://mobcup-ringtones.online/majnoon-yo-yo-honey-singh-J9dFRDPy</loc>
    </url>
    <url>
      <loc>https://mobcup-ringtones.online/thar-kaali-me-ratta-ne-sheeshe-wali-chuni-glory-girik-aman-haryanvi-A3mmlGEf</loc>
    </url>
    <url>
      <loc>https://mobcup-ringtones.online/bapu-ne-bapu-bole-meri-maa-ne-maa-bole-tu-sheeshe-wali-chuni-glory-yo-yo-honey-singh-c4XW9h0p</loc>
    </url>
    <url>
      <loc>https://mobcup-ringtones.online/hide-it-yo-yo-honey-singh-hindi-songs-luzKTX5J</loc>
    </url>
    <url>
      <loc>https://mobcup-ringtones.online/hide-it-yo-yo-honey-singh-glory-fhwKVslN</loc>
    </url>
    <url>
      <loc>https://mobcup-ringtones.online/hide-it-yo-yo-honey-singh-w25QDymh</loc>
    </url>
    <url>
      <loc>https://mobcup-ringtones.online/malamaal-yo-yo-honey-singh-hindi-rap-EFU3vARc</loc>
    </url>
    <url>
      <loc>https://mobcup-ringtones.online/sheeshe-wali-chuni-glory-girik-aman-yo-yo-honey-singh-CJSPGQVU</loc>
    </url>
    <url>
      <loc>https://mobcup-ringtones.online/malamaal-yo-yo-honey-singh-RfRIAyJP</loc>
    </url>
    <url>
      <loc>https://mobcup-ringtones.online/chhori-yo-yo-honey-singh-paradox-GMBDFIyE</loc>
    </url>
    <url>
      <loc>https://mobcup-ringtones.online/chalega-chalega-re-pyar-fer-khullam-khulla-sheeshe-wali-chuni-glory-yo-yo-honey-singh-LtqyYr4A</loc>
    </url>
    <url>
      <loc>https://mobcup-ringtones.online/high-on-me-yo-yo-honey-singh-glory-fpBaiGmS</loc>
    </url>
    <url>
      <loc>https://mobcup-ringtones.online/high-on-me-talwiinder-glory-IR019h6W</loc>
    </url>
    <url>
      <loc>https://mobcup-ringtones.online/wo-mere-ghar-ka-chulha-sheeshe-wali-chuni-glory-yo-yo-honey-singh-TkqnHujm</loc>
    </url>
    <url>
      <loc>https://mobcup-ringtones.online/tu-jispe-roti-pove-sheeshe-wali-chuni-glory-yo-yo-honey-singh-dYRmjQxG</loc>
    </url>
    <url>
      <loc>https://mobcup-ringtones.online/ib-kadsi-haa-bole-tu-sheeshe-wali-chuni-glory-yo-yo-honey-singh-Su0xbNB8</loc>
    </url>
    <url>
      <loc>https://mobcup-ringtones.online/jo-chahu-wa-bole-tu-sheeshe-wali-chuni-glory-yo-yo-honey-singh-ECWHEUIP</loc>
    </url>
    <url>
      <loc>https://mobcup-ringtones.online/high-on-me-yo-yo-honey-singh-hindi-rap-nvvEwvJs</loc>
    </url>
    <url>
      <loc>https://mobcup-ringtones.online/high-on-me-yo-yo-honey-singh-talwiinder-ICx8DUyb</loc>
    </url>
    <url>
      <loc>https://mobcup-ringtones.online/chhori-yo-yo-honey-singh-haryanvi-KM5hE1wj</loc>
    </url>
    <url>
      <loc>https://mobcup-ringtones.online/yo-yo-tera-ban-jave-dulha-sheeshe-wali-chuni-glory-yo-yo-honey-singh-1x03hW1U</loc>
    </url>
    <url>
      <loc>https://mobcup-ringtones.online/bonita-the-shams-k7YJiL4Y</loc>
    </url>
    <url>
      <loc>https://mobcup-ringtones.online/bonita-the-shams-hindi-song-s0pb4gAi</loc>
    </url>
    <url>
      <loc>https://mobcup-ringtones.online/chhori-paradox-DgeMejWb</loc>
    </url>
    <url>
      <loc>https://mobcup-ringtones.online/bonita-the-shams-glory-NzIP3yhq</loc>
    </url>
    <url>
      <loc>https://mobcup-ringtones.online/bonita-yo-yo-honey-singh-the-shams-sad-song-N79B4PgF</loc>
    </url>
    <url>
      <loc>https://mobcup-ringtones.online/teri-gelya-photu-lena-sheeshe-wali-chuni-glory-yo-yo-honey-singh-1Edo9DhG</loc>
    </url>
    <url>
      <loc>https://mobcup-ringtones.online/tu-meri-dulhan-banja-sheeshe-wali-chuni-glory-yo-yo-honey-singh-OSX4Qzs9</loc>
    </url>
    <url>
      <loc>https://mobcup-ringtones.online/chamach-pe-le-rasgulla-sheeshe-wali-chuni-glory-yo-yo-honey-singh-M6cuTEZQ</loc>
    </url>
    <url>
      <loc>https://mobcup-ringtones.online/bonita-yo-yo-honey-singh-ZrxW61LV</loc>
    </url>
    <url>
      <loc>https://mobcup-ringtones.online/beeba-yo-yo-honey-singh-glory-aIomI9PU</loc>
    </url>
    <url>
      <loc>https://mobcup-ringtones.online/bera-ni-kad-ghalegi-sheeshe-wali-chuni-glory-yo-yo-honey-singh-sLF3anVn</loc>
    </url>
    <url>
      <loc>https://mobcup-ringtones.online/ghalegi-gal-me-mala-sheeshe-wali-chuni-glory-yo-yo-honey-singh-sywclryy</loc>
    </url>
    <url>
      <loc>https://mobcup-ringtones.online/beeba-laioung-glory-english-mZ0joXV5</loc>
    </url>
    <url>
      <loc>https://mobcup-ringtones.online/lapatayo-yo-yo-honey-singh-pho-glory-sT0kqAhY</loc>
    </url>
    <url>
      <loc>https://mobcup-ringtones.online/beeba-wahab-bugti-yo-yo-honey-singh-4fwYZAVc</loc>
    </url>
    <url>
      <loc>https://mobcup-ringtones.online/beeba-laioung-4BpugrVq</loc>
    </url>
    <url>
      <loc>https://mobcup-ringtones.online/chori-tu-chala-chala-sheeshe-wali-chuni-glory-yo-yo-honey-singh-GoCKViUs</loc>
    </url>
    <url>
      <loc>https://mobcup-ringtones.online/jaan-ka-gaala-gaala-sheeshe-wali-chuni-glory-yo-yo-honey-singh-ax5MhlO9</loc>
    </url>
    <url>
      <loc>https://mobcup-ringtones.online/lapatayo-yo-yo-honey-singh-EWPXsAvN</loc>
    </url>
    <url>
      <loc>https://mobcup-ringtones.online/rap-god-sahiban-glory-yjM4MQT1</loc>
    </url>
    <url>
      <loc>https://mobcup-ringtones.online/lapatayo-pho-qilpFXFp</loc>
    </url>
    <url>
      <loc>https://mobcup-ringtones.online/re-thar-kaali-me-ratta-ne-ghumadiyu-rani-re-sheeshe-wali-chuni-glory-girik-aman-w4egyPpl</loc>
    </url>
    <url>
      <loc>https://mobcup-ringtones.online/lapatayo-pho-glory-hindi-songs-mfieqnZ9</loc>
    </url>
    <url>
      <loc>https://mobcup-ringtones.online/lapatayo-pho-glory-zVeFv1ck</loc>
    </url>
    <url>
      <loc>https://mobcup-ringtones.online/lugayi-banau-apni-su-chora-gurgame-aala-sheeshe-wali-chuni-glory-girik-aman-IaouNq6b</loc>
    </url>
    <url>
      <loc>https://mobcup-ringtones.online/rap-god-yo-yo-honey-singh-glory-NLzAWKmS</loc>
    </url>
    <url>
      <loc>https://mobcup-ringtones.online/tanne-sheeshe-wali-chuni-main-leadyun-rani-re-sheeshe-wali-chuni-glory-girik-aman-donmMRTs</loc>
    </url>
    <url>
      <loc>https://mobcup-ringtones.online/tanne-jhajhar-te-silvadeyu-sheeshe-wali-chuni-glory-girik-aman-4ObfB3C8</loc>
    </url>
    <url>
      <loc>https://mobcup-ringtones.online/payal-yo-yo-honey-singh-hindi-song-ATa4hyTF</loc>
    </url>
    <url>
      <loc>https://mobcup-ringtones.online/rap-god-handles-glory-HFwPc7gz</loc>
    </url>
    <url>
      <loc>https://mobcup-ringtones.online/payal-yo-yo-honey-singh-eeQTGFCV</loc>
    </url>
    <url>
      <loc>https://mobcup-ringtones.online/caliente-yo-yo-honey-singh-glory-hindi-3gphQ4uj</loc>
    </url>
    <url>
      <loc>https://mobcup-ringtones.online/payal-yo-yo-honey-singh-glory-ZxKPOrUj</loc>
    </url>
    <url>
      <loc>https://mobcup-ringtones.online/tere-daaman-baaman-gaj-aala-sheeshe-wali-chuni-glory-girik-aman-HbEzPKzj</loc>
    </url>
    <url>
      <loc>https://mobcup-ringtones.online/caliente-yo-yo-honey-singh-hindi-rap-song-cEdmkuOW</loc>
    </url>
    <url>
      <loc>https://mobcup-ringtones.online/caliente-yo-yo-honey-singh-glory-album-zHiqfpXd</loc>
    </url>
    <url>
      <loc>https://mobcup-ringtones.online/manne-deve-na-tu-sheeshe-wali-chuni-glory-girik-aman-J3RlpVP1</loc>
    </url>
    <url>
      <loc>https://mobcup-ringtones.online/payal-paradox-yo-yo-honey-singh-FQ1CwxES</loc>
    </url>
    <url>
      <loc>https://mobcup-ringtones.online/sheeshe-wali-chunni-yo-yo-honey-singh-85K6xYmw</loc>
    </url>
    <url>
      <loc>https://mobcup-ringtones.online/6-am-yo-yo-honey-singh-hindi-song-2RoVtOAq</loc>
    </url>
    <url>
      <loc>https://mobcup-ringtones.online/6-am-yo-yo-honey-singh-glory-album-rap-song-taOLlhTU</loc>
    </url>
    <url>
      <loc>https://mobcup-ringtones.online/6-am-yo-yo-honey-singh-glory-JAYh8GMr</loc>
    </url>
    <url>
      <loc>https://mobcup-ringtones.online/6-am-yo-yo-honey-singh-DSTjflQO</loc>
    </url>
    <url>
      <loc>https://mobcup-ringtones.online/sheeshe-wali-chunni-yo-yo-honey-singh-haryanvi-5aghk8tk</loc>
    </url>
    <url>
      <loc>https://mobcup-ringtones.online/caliente-yo-yo-honey-singh-UYVyKAFg</loc>
    </url>
    <url>
      <loc>https://mobcup-ringtones.online/sheeshe-wali-chunni-girik-aman-ABBL0IaQ</loc>
    </url>
    <url>
      <loc>https://mobcup-ringtones.online/sheeshe-wali-chunni-girik-aman-haryanvi-song-pe66o8zL</loc>
    </url>
    <url>
      <loc>https://mobcup-ringtones.online/sheeshe-wali-chunni-girik-aman-glory-album-cQ0MgG3z</loc>
    </url>
    <url>
      <loc>https://mobcup-ringtones.online/chambal-k-dakku-lofi-slowed-reverb-tra2YHbN</loc>
    </url>
    <url>
      <loc>https://mobcup-ringtones.online/main-balak-tu-mata-lofi-slowed-reverb-VExwNQ1O</loc>
    </url>
    <url>
      <loc>https://mobcup-ringtones.online/ethir-neechal-love-bgm-M5azVGbn</loc>
    </url>
    <url>
      <loc>https://mobcup-ringtones.online/bhor-bhai-din-chad-gaya-meri-ambe-lofi-slowed-reverb-Qq6XjfxO</loc>
    </url>
    <url>
      <loc>https://mobcup-ringtones.online/millionaire-yo-yo-honey-singh-Qumc5j12</loc>
    </url>
    <url>
      <loc>https://mobcup-ringtones.online/millionaire-yo-yo-honey-singh-glory-LT0tPYPZ</loc>
    </url>
    <url>
      <loc>https://mobcup-ringtones.online/millionaire-honey-singh-hindi-song-rWP5V7SX</loc>
    </url>
    <url>
      <loc>https://mobcup-ringtones.online/shyama-aan-baso-lofi-slowed-reverb-EwkBro2B</loc>
    </url>
    <url>
      <loc>https://mobcup-ringtones.online/maa-go-tumi-sarbojanin-lofi-slowed-reverb-P9r7h2IH</loc>
    </url>
    <url>
      <loc>https://mobcup-ringtones.online/millionaire-yo-yo-honey-singh-hindi-rap-song-ZIVaEm5P</loc>
    </url>
    <url>
      <loc>https://mobcup-ringtones.online/ye-kya-baat-hai-aaj-ki-chandni-me-lofi-slowed-reverb-3MTbt7FR</loc>
    </url>
    <url>
      <loc>https://mobcup-ringtones.online/senorita-lofi-slowed-reverb-146DUijc</loc>
    </url>
    <url>
      <loc>https://mobcup-ringtones.online/krishnaya-vasudevaya-haraye-paramatmane-lofi-slowed-reverb-dcc14s59</loc>
    </url>
    <url>
      <loc>https://mobcup-ringtones.online/x-slide-phonk-music-MAmrggpA</loc>
    </url>
    <url>
      <loc>https://mobcup-ringtones.online/bhajman-radhe-radhe-lofi-slowed-reverb-ZuqsSgMV</loc>
    </url>
    <url>
      <loc>https://mobcup-ringtones.online/x-slide-ultra-slowed-alarm-yCur9zPj</loc>
    </url>
    <url>
      <loc>https://mobcup-ringtones.online/mangal-bhavan-amangal-hari-lofi-slowed-reverb-K5bb6H6c</loc>
    </url>
    <url>
      <loc>https://mobcup-ringtones.online/humnava-mere-lofi-remix-CVoSdA7p</loc>
    </url>
    <url>
      <loc>https://mobcup-ringtones.online/meri-maa-ke-barabar-koi-nahi-lofi-slowed-reverb-0wdST7xq</loc>
    </url>
    <url>
      <loc>https://mobcup-ringtones.online/tujhse-preet-lagi-hai-radhe-lofi-slowed-reverb-ei5H2RsJ</loc>
    </url>
    <url>
      <loc>https://mobcup-ringtones.online/x-slide-ultra-slowed-uhoGtlvG</loc>
    </url>
    <url>
      <loc>https://mobcup-ringtones.online/x-slide-ultra-slowed-9kLI0VDz</loc>
    </url>
    <url>
      <loc>https://mobcup-ringtones.online/x-slide-funk-ApvuKaHi</loc>
    </url>
    <url>
      <loc>https://mobcup-ringtones.online/dont-copy-my-flow-lofi-slowed-reverb-3W3PdbRl</loc>
    </url>
    <url>
      <loc>https://mobcup-ringtones.online/heartbreak-anniversary-lofi-slowed-reverb-6Fi4zzxL</loc>
    </url>
    <url>
      <loc>https://mobcup-ringtones.online/ncts-next-song-download-mp3-pagalworld-2Kzf3pA6</loc>
    </url>
    <url>
      <loc>https://mobcup-ringtones.online/x-slide-ultra-slowed-alarm-funk-3l3okKXl</loc>
    </url>
    <url>
      <loc>https://mobcup-ringtones.online/ve-haaniyaan-lofi-slowed-reverb-6KLpx4qo</loc>
    </url>
    <url>
      <loc>https://mobcup-ringtones.online/x-slide-alarm-IyiyN0Qo</loc>
    </url>
    <url>
      <loc>https://mobcup-ringtones.online/hai-arji-deewane-ki-lofi-slowed-reverb-HBY6AA7W</loc>
    </url>
    <url>
      <loc>https://mobcup-ringtones.online/assubhu-bada-lofi-slowed-reverb-NnXUobVE</loc>
    </url>
    <url>
      <loc>https://mobcup-ringtones.online/assubhu-bada-syeda-areeba-fatima-dZaqDf17</loc>
    </url>
    <url>
      <loc>https://mobcup-ringtones.online/main-ibadatein-karu-teri-haniye-lofi-slowed-reverb-xqoFGb8e</loc>
    </url>
    <url>
      <loc>https://mobcup-ringtones.online/adharam-madhuram-lofi-slowed-reverb-lV6PN8RH</loc>
    </url>
    <url>
      <loc>https://mobcup-ringtones.online/ae-watan-lofi-slowed-reverb-M1jpLDsz</loc>
    </url>
    <url>
      <loc>https://mobcup-ringtones.online/next-phonk-song-download-mp3-91R3pEuG</loc>
    </url>
    <url>
      <loc>https://mobcup-ringtones.online/ibadatein-song-rito-riba-wvfhdd29</loc>
    </url>
    <url>
      <loc>https://mobcup-ringtones.online/aanchal-tera-rahe-maa-lofi-slowed-reverb-TIvYjCd6</loc>
    </url>
    <url>
      <loc>https://mobcup-ringtones.online/woh-kisna-hai-lofi-slowed-reverb-isWzubim</loc>
    </url>
    <url>
      <loc>https://mobcup-ringtones.online/aanchal-tera-rahe-maa-desh-bhakti-v33k533Z</loc>
    </url>
    <url>
      <loc>https://mobcup-ringtones.online/people-x-nainowale-ne-slowed-reverb-82vTzgce</loc>
    </url>
    <url>
      <loc>https://mobcup-ringtones.online/ncts-next-super-slowed-gE5vwDWR</loc>
    </url>
    <url>
      <loc>https://mobcup-ringtones.online/neeti-mullai-x-moral-of-the-story-CkFfni9h</loc>
    </url>
    <url>
      <loc>https://mobcup-ringtones.online/ambarsaria-navaan-sandhu-lofi-slowed-reverb-Mq8gJbjF</loc>
    </url>
    <url>
      <loc>https://mobcup-ringtones.online/dhago-se-bandha-lofi-wAs2lIEA</loc>
    </url>
    <url>
      <loc>https://mobcup-ringtones.online/ncts-next-super-slowed-reverb-3j6o6cCh</loc>
    </url>
    <url>
      <loc>https://mobcup-ringtones.online/tenzoo-bloody-brazil-9E7oWT6e</loc>
    </url>
    <url>
      <loc>https://mobcup-ringtones.online/sanson-ki-mala-pe-simrun-main-tera-naam-lofi-slowed-reverb-ckVy5d1b</loc>
    </url>
    <url>
      <loc>https://mobcup-ringtones.online/haan-ke-haan-monali-thakur-lofi-slowed-reverb-L6v0Qpf0</loc>
    </url>
    <url>
      <loc>https://mobcup-ringtones.online/o-desh-mere-arijit-singh-slowed-reverb-MULh5pbq</loc>
    </url>
    <url>
      <loc>https://mobcup-ringtones.online/baundule-ghuri-arijit-singh-bengali-oxFfVukK</loc>
    </url>
    <url>
      <loc>https://mobcup-ringtones.online/qismat-wale-hote-hain-vo-maa-jinko-awaaz-lagaye-BDpKEmAP</loc>
    </url>
    <url>
      <loc>https://mobcup-ringtones.online/raayan-rumble-raayan-bgm-HiLBe65Q</loc>
    </url>
    <url>
      <loc>https://mobcup-ringtones.online/he-vighnaharta-Wev53epa</loc>
    </url>
    <url>
      <loc>https://mobcup-ringtones.online/ambarsaria-song-ambarsaria-navaan-sandhu-kaater-panjabi-fSAZeN62</loc>
    </url>
    <url>
      <loc>https://mobcup-ringtones.online/mass-sad-bgm-bn0DcfR3</loc>
    </url>
    <url>
      <loc>https://mobcup-ringtones.online/sweet-voice-oBdEdz5d</loc>
    </url>
    <url>
      <loc>https://mobcup-ringtones.online/zindagi-ke-safar-mein-amruta-kolatkar-mp3-download-zKRnV2Dn</loc>
    </url>
    <url>
      <loc>https://mobcup-ringtones.online/sade-khoon-ch-shuru-ton-asin-jande-nahi-roke-e2vYuuIU</loc>
    </url>
    <url>
      <loc>https://mobcup-ringtones.online/suniya-suniya-lofi-PSNpXBBK</loc>
    </url>
    <url>
      <loc>https://mobcup-ringtones.online/aayein-baigan-meme-9aadVh27</loc>
    </url>
    <url>
      <loc>https://mobcup-ringtones.online/hind-ke-sitara-panchayat-season-3-manoj-tiwari-WRt0zbvR</loc>
    </url>
    <url>
      <loc>https://mobcup-ringtones.online/shivaji-maharaj-ringtone-download-vipmarathi-FAFSLOWy</loc>
    </url>
    <url>
      <loc>https://mobcup-ringtones.online/mazi-tuzi-reshimgathi-marathi-serial-TPpQEhy5</loc>
    </url>
    <url>
      <loc>https://mobcup-ringtones.online/ale-tufan-kiti-tcZj7SNp</loc>
    </url>
    <url>
      <loc>https://mobcup-ringtones.online/aala-bailgada-sonali-sonawane-marathi-LpHPmS1C</loc>
    </url>
    <url>
      <loc>https://mobcup-ringtones.online/savar-savar-ambabai-02RZsG7u</loc>
    </url>
    <url>
      <loc>https://mobcup-ringtones.online/phulpakhru-marathi-serial-Zad9Oy7C</loc>
    </url>
    <url>
      <loc>https://mobcup-ringtones.online/nazar-kadh-deva-ringtone-download-mp3-bX2LL5FZ</loc>
    </url>
    <url>
      <loc>https://mobcup-ringtones.online/man-udu-udu-zhala-marathi-serial-zhdkODdw</loc>
    </url>
    <url>
      <loc>https://mobcup-ringtones.online/taambdi-chambdi-SW9U7QnV</loc>
    </url>
    <url>
      <loc>https://mobcup-ringtones.online/tambdi-chamdi-ringtone-mp3-download-9wakX2I2</loc>
    </url>
    <url>
      <loc>https://mobcup-ringtones.online/ek-phool-marathi-K4jcFfhT</loc>
    </url>
    <url>
      <loc>https://mobcup-ringtones.online/ek-phool-vahato-sakhe-OIiMDQwX</loc>
    </url>
    <url>
      <loc>https://mobcup-ringtones.online/aale-tufan-kiti-bailgada-U8tlsd9s</loc>
    </url>
    <url>
      <loc>https://mobcup-ringtones.online/ek-phool-vahato-sakhya-marathi-song-EqN3Khhl</loc>
    </url>
    <url>
      <loc>https://mobcup-ringtones.online/appacha-vishaylay-hard-PDIqW2TF</loc>
    </url>
    <url>
      <loc>https://mobcup-ringtones.online/aale-tufan-kiti-zB7ntSYj</loc>
    </url>
    <url>
      <loc>https://mobcup-ringtones.online/aala-bailgada-kHXnmI6p</loc>
    </url>
    <url>
      <loc>https://mobcup-ringtones.online/ale-thufan-kiti-song-el7lo8wB</loc>
    </url>
    <url>
      <loc>https://mobcup-ringtones.online/guru-brahma-guru-vishnu-guru-purnima-Ah5ko7hH</loc>
    </url>
    <url>
      <loc>https://mobcup-ringtones.online/akashi-chandra-chandanya-QzeGohud</loc>
    </url>
    <url>
      <loc>https://mobcup-ringtones.online/maratha-sarayal-ragatana-daunalda-4cmOICSl</loc>
    </url>
    <url>
      <loc>https://mobcup-ringtones.online/guru-ek-tuchi-maza-OkkFZM44</loc>
    </url>
    <url>
      <loc>https://mobcup-ringtones.online/durge-durgat-bhari-song-xfYyj0zr</loc>
    </url>
    <url>
      <loc>https://mobcup-ringtones.online/gulabi-sadi-edqgYSWZ</loc>
    </url>
    <url>
      <loc>https://mobcup-ringtones.online/ale-thufan-kiti-jidhana-sodli-1UYjHAO5</loc>
    </url>
    <url>
      <loc>https://mobcup-ringtones.online/bhetla-vitthal-maza-guru-purnima-5dUbxluR</loc>
    </url>
    <url>
      <loc>https://mobcup-ringtones.online/majha-yek-number-3TsBX57A</loc>
    </url>
    <url>
      <loc>https://mobcup-ringtones.online/guru-purnima-song-Jiy6k3pt</loc>
    </url>
    <url>
      <loc>https://mobcup-ringtones.online/tu-g-durga-tu-bhavani-song-rPOW6IAp</loc>
    </url>
    <url>
      <loc>https://mobcup-ringtones.online/durge-durgat-bhari-navratri-KHxv0itp</loc>
    </url>
    <url>
      <loc>https://mobcup-ringtones.online/guntala-na-kadhi-mandir-raooli-KnxtokjG</loc>
    </url>
    <url>
      <loc>https://mobcup-ringtones.online/durge-durgat-bhari-pQI3g1Lq</loc>
    </url>
    <url>
      <loc>https://mobcup-ringtones.online/aai-jagdambe-Xwil1oKH</loc>
    </url>
    <url>
      <loc>https://mobcup-ringtones.online/durge-durgat-bhari-marathi-5ncLVqyc</loc>
    </url>
    <url>
      <loc>https://mobcup-ringtones.online/guntala-na-kadhi-bagh-ughaduni-dar-marathi-vitthal-g8fnmqIR</loc>
    </url>
    <url>
      <loc>https://mobcup-ringtones.online/ambabai-gondhalala-ye-WYmogLyn</loc>
    </url>
    <url>
      <loc>https://mobcup-ringtones.online/durge-durgat-bhari-aarti-KR2W6EK1</loc>
    </url>
    <url>
      <loc>https://mobcup-ringtones.online/nako-punha-jau-atta-in-marathi-song-download-4qMwqxAC</loc>
    </url>
    <url>
      <loc>https://mobcup-ringtones.online/bappa-maza-cute-disto-song-download-mp3-ZNSm0dW9</loc>
    </url>
    <url>
      <loc>https://mobcup-ringtones.online/ya-re-ya-sare-ya-song-GiqABf5n</loc>
    </url>
    <url>
      <loc>https://mobcup-ringtones.online/nako-punha-jau-atta-ringtone-download-mp3-sSxjuw0c</loc>
    </url>
    <url>
      <loc>https://mobcup-ringtones.online/lakho-me-ek-hai-tu-sabse-nirala-ringtone-download-mp3-fBTnWjb1</loc>
    </url>
    <url>
      <loc>https://mobcup-ringtones.online/ganraya-zZZ6nCci</loc>
    </url>
    <url>
      <loc>https://mobcup-ringtones.online/majha-morya-5nW13hJ4</loc>
    </url>
    <url>
      <loc>https://mobcup-ringtones.online/jahale-bhajan-mp3-ringtone-download-pagalworld-UvFQlesr</loc>
    </url>
    <url>
      <loc>https://mobcup-ringtones.online/ganraya-ganraya-ganraya-ho-b22cosWb</loc>
    </url>
    <url>
      <loc>https://mobcup-ringtones.online/ganraya-ganraya-t8PzDH42</loc>
    </url>
    <url>
      <loc>https://mobcup-ringtones.online/maza-morya-kiti-god-disto-fsWqcLOA</loc>
    </url>
    <url>
      <loc>https://mobcup-ringtones.online/paijanacha-naad-aala-god-kaani-g-D5mtjydh</loc>
    </url>
    <url>
      <loc>https://mobcup-ringtones.online/paijanacha-naad-aala-god-kani-g-Iw4e5byk</loc>
    </url>
    <url>
      <loc>https://mobcup-ringtones.online/swapnanchya-palikadle-marathi-serial-jYAoiivA</loc>
    </url>
    <url>
      <loc>https://mobcup-ringtones.online/hartalika-song-in-marathi-mp3-download-Flkn9PiE</loc>
    </url>
    <url>
      <loc>https://mobcup-ringtones.online/hartalika-song-DfKEJlkF</loc>
    </url>
    <url>
      <loc>https://mobcup-ringtones.online/vatanyacha-gol-dana-hindi-TbD3vsqi</loc>
    </url>
    <url>
      <loc>https://mobcup-ringtones.online/paijanacha-naad-ringtone-download-qMI7irc5</loc>
    </url>
    <url>
      <loc>https://mobcup-ringtones.online/savar-savar-ambabai-song-ucna0n8X</loc>
    </url>
    <url>
      <loc>https://mobcup-ringtones.online/ganpati-nirop-song-download-Z0Mw0LSp</loc>
    </url>
    <url>
      <loc>https://mobcup-ringtones.online/painjanacha-naad-song-7MWtxjAs</loc>
    </url>
    <url>
      <loc>https://mobcup-ringtones.online/bagh-ughaduni-daar-song-3v9DlCnQ</loc>
    </url>
    <url>
      <loc>https://mobcup-ringtones.online/bagh-ughaduni-daar-marathi-song-D8W0uSdT</loc>
    </url>
    <url>
      <loc>https://mobcup-ringtones.online/bagh-ughaduni-daar-ringtone-download-mp3-K6roPgja</loc>
    </url>
    <url>
      <loc>https://mobcup-ringtones.online/palkhi-nighali-rajachi-VaXrezdz</loc>
    </url>
    <url>
      <loc>https://mobcup-ringtones.online/lalbaugcha-raja-9FB2nkBM</loc>
    </url>
    <url>
      <loc>https://mobcup-ringtones.online/lalbaugcha-raja-song-UTZCH777</loc>
    </url>
    <url>
      <loc>https://mobcup-ringtones.online/sonpavlani-aale-bappa-O1w0dz1s</loc>
    </url>
    <url>
      <loc>https://mobcup-ringtones.online/son-pavlani-ale-bappa-WpaypMyO</loc>
    </url>
    <url>
      <loc>https://mobcup-ringtones.online/chik-motyachi-maal-XMsKgU2e</loc>
    </url>
    <url>
      <loc>https://mobcup-ringtones.online/ali-gavar-ali-sonpavali-ali-gcaR85iU</loc>
    </url>
    <url>
      <loc>https://mobcup-ringtones.online/son-pavlani-aale-bappa-song-airGD8Vc</loc>
    </url>
    <url>
      <loc>https://mobcup-ringtones.online/amcha-papa-ne-ganpati-aanla-fhJY3Hi8</loc>
    </url>
    <url>
      <loc>https://mobcup-ringtones.online/palkhi-nighali-rajachi-ringtone-download-KIPpOiSG</loc>
    </url>
    <url>
      <loc>https://mobcup-ringtones.online/ganpati-ringtone-download-marathi-mp3-dj-fKZflHcm</loc>
    </url>
    <url>
      <loc>https://mobcup-ringtones.online/maza-bappa-kiti-god-disto-song-download-JUV4t5rl</loc>
    </url>
    <url>
      <loc>https://mobcup-ringtones.online/maza-bappa-kiti-god-disto-6DiT0aKx</loc>
    </url>
    <url>
      <loc>https://mobcup-ringtones.online/aagamana-majhaya-rajaca-ragatana-VGiwZW0n</loc>
    </url>
    <url>
      <loc>https://mobcup-ringtones.online/aamchya-papani-ganpati-aanla-2ch3MnyK</loc>
    </url>
    <url>
      <loc>https://mobcup-ringtones.online/aagman-mazya-rajacha-ringtone-download-52LTZd5a</loc>
    </url>
    <url>
      <loc>https://mobcup-ringtones.online/mazya-papani-ganpati-anala-pYIcmwbr</loc>
    </url>
    <url>
      <loc>https://mobcup-ringtones.online/maza-bappa-kiti-god-disto-mp3-ringtone-download-6b0nU1WT</loc>
    </url>
    <url>
      <loc>https://mobcup-ringtones.online/majha-bpapa-kata-gada-thasata-ragatana-zeDwbioC</loc>
    </url>
    <url>
      <loc>https://mobcup-ringtones.online/amcha-morya-re-song-download-J35UjlPA</loc>
    </url>
    <url>
      <loc>https://mobcup-ringtones.online/ya-re-ya-sare-ya-ventilator-TM5L4rxm</loc>
    </url>
    <url>
      <loc>https://mobcup-ringtones.online/gajanana-G1tr3RjF</loc>
    </url>
    <url>
      <loc>https://mobcup-ringtones.online/maza-papani-ganpati-aanla-ijgxQnz9</loc>
    </url>
    <url>
      <loc>https://mobcup-ringtones.online/aagman-mazya-rajacha-wNYu9RW7</loc>
    </url>
    <url>
      <loc>https://mobcup-ringtones.online/nirop-gheto-deva-WHmgwIig</loc>
    </url>
    <url>
      <loc>https://mobcup-ringtones.online/tuch-sukhkarta-tuch-dukhharta-ZArFziO8</loc>
    </url>
    <url>
      <loc>https://mobcup-ringtones.online/mudakaratha-modakam-yiN9HB9O</loc>
    </url>
    <url>
      <loc>https://mobcup-ringtones.online/aik-sajani-ya-khulya-shani-marathi-song-mp3-download-5rJBlwG8</loc>
    </url>
    <url>
      <loc>https://mobcup-ringtones.online/mani-sahiba-tu-shravani-more-vinod-kumavat-marathi-xywzEl6q</loc>
    </url>
    <url>
      <loc>https://mobcup-ringtones.online/papani-ganpati-anala-LkqKO10v</loc>
    </url>
    <url>
      <loc>https://mobcup-ringtones.online/shoorveer-3-song-L603zf72</loc>
    </url>
    <url>
      <loc>https://mobcup-ringtones.online/majha-bappa-kiti-god-disto-wmkBao3V</loc>
    </url>
    <url>
      <loc>https://mobcup-ringtones.online/amchya-papani-ganpati-aala-BwMhsenb</loc>
    </url>
    <url>
      <loc>https://mobcup-ringtones.online/nazar-konachi-lagali-aaj-song-dZ0ZLddX</loc>
    </url>
    <url>
      <loc>https://mobcup-ringtones.online/bagh-ughaduni-daar-Gvl9P8FH</loc>
    </url>
    <url>
      <loc>https://mobcup-ringtones.online/mani-sahiba-tu-bgm-instrumental-S0ykhL9M</loc>
    </url>
    <url>
      <loc>https://mobcup-ringtones.online/bagh-ughaduni-dar-ZUAOHnip</loc>
    </url>
    <url>
      <loc>https://mobcup-ringtones.online/akashi-chandra-chandnya-marathi-LIAC9iMT</loc>
    </url>
    <url>
      <loc>https://mobcup-ringtones.online/aakashi-chandra-chandanya-song-7sYatYtl</loc>
    </url>
    <url>
      <loc>https://mobcup-ringtones.online/baabo-marathi-song-U5DBjZMq</loc>
    </url>
    <url>
      <loc>https://mobcup-ringtones.online/asa-rupada-dekhana-song-1bZfqdHC</loc>
    </url>
    <url>
      <loc>https://mobcup-ringtones.online/aas-rupd-dekhn-ngV7si5q</loc>
    </url>
    <url>
      <loc>https://mobcup-ringtones.online/jeev-rangla-harshwardhan-wavare-marathi-DvO5lSCV</loc>
    </url>
    <url>
      <loc>https://mobcup-ringtones.online/asa-rupada-dekhana-jeev-rangla-marathi-LUN8Btbw</loc>
    </url>
    <url>
      <loc>https://mobcup-ringtones.online/babo-babo-ringtone-download-madhyamvarg-movie-WIPxCcCC</loc>
    </url>
    <url>
      <loc>https://mobcup-ringtones.online/bhag-ughaduni-daar-atrangatla-dev-ghavel-ka-h7TojhxG</loc>
    </url>
    <url>
      <loc>https://mobcup-ringtones.online/tu-majhi-radha-M30yeyrF</loc>
    </url>
    <url>
      <loc>https://mobcup-ringtones.online/tuzya-vina-vaikunthacha-song-mp3-Uz9qYBJB</loc>
    </url>
    <url>
      <loc>https://mobcup-ringtones.online/un-savli-tu-mauli-raksha-bandhan-marathi-cXPdKgNu</loc>
    </url>
    <url>
      <loc>https://mobcup-ringtones.online/soniyachya-tati-raksha-bandhan-marathi-0V2QlP50</loc>
    </url>
    <url>
      <loc>https://mobcup-ringtones.online/soniyachya-tati-ujalalya-jyoti-WXCSglht</loc>
    </url>
    <url>
      <loc>https://mobcup-ringtones.online/vithucha-gajar-harinamacha-vDD5roPe</loc>
    </url>
    <url>
      <loc>https://mobcup-ringtones.online/ekadashi-jdRNaoYw</loc>
    </url>
    <url>
      <loc>https://mobcup-ringtones.online/bhaubeej-song-Y2fNj1Zm</loc>
    </url>
    <url>
      <loc>https://mobcup-ringtones.online/suniya-suniya-x-kaakan-mashup-JkdND5w4</loc>
    </url>
    <url>
      <loc>https://mobcup-ringtones.online/guru-purnima-dharmveer-marathi-song-KhguI3qA</loc>
    </url>
    <url>
      <loc>https://mobcup-ringtones.online/tu-maza-sajana-shravani-solaskar-marathi-romantic-2dYstciw</loc>
    </url>
    <url>
      <loc>https://mobcup-ringtones.online/rakhumai-rakhumai-vitthal-rukmini-marathi-uc42qyaB</loc>
    </url>
    <url>
      <loc>https://mobcup-ringtones.online/rakhumai-wRwLDNYC</loc>
    </url>
    <url>
      <loc>https://mobcup-ringtones.online/yeg-yeg-rakhumai-vitthal-rakhumai-lF0weCtY</loc>
    </url>
    <url>
      <loc>https://mobcup-ringtones.online/prarthana-hoti-sath-janmachi-CIzDcdla</loc>
    </url>
    <url>
      <loc>https://mobcup-ringtones.online/jarichi-sadi-nesun-GNPuptF9</loc>
    </url>
    <url>
      <loc>https://mobcup-ringtones.online/vat-purnima-ranga-maliyela-marathi-song-a5Vd7ZBP</loc>
    </url>
    <url>
      <loc>https://mobcup-ringtones.online/rang-maliyela-anandi-gopal-marathi-gBbw4iKN</loc>
    </url>
    <url>
      <loc>https://mobcup-ringtones.online/mi-tuzi-rakhumai-tu-majha-saajana-marathi-WnZQIQUN</loc>
    </url>
    <url>
      <loc>https://mobcup-ringtones.online/tuzya-sarkha-jodidar-qKPwLD1F</loc>
    </url>
    <url>
      <loc>https://mobcup-ringtones.online/jarichi-saree-love-marriage-marathi-dFewITkg</loc>
    </url>
    <url>
      <loc>https://mobcup-ringtones.online/he-vighnaharta-bappa-vighnaharta-tetDnvQy</loc>
    </url>
    <url>
      <loc>https://mobcup-ringtones.online/gori-radha-no-kalo-kaan-2DHDeoEF</loc>
    </url>
    <url>
      <loc>https://mobcup-ringtones.online/agle-baras-tu-jaldi-aa-s044lHf3</loc>
    </url>
    <url>
      <loc>https://mobcup-ringtones.online/gori-radha-ne-kado-kaan-V2tNmNnW</loc>
    </url>
    <url>
      <loc>https://mobcup-ringtones.online/maa-durga-dj-EMrHKkqb</loc>
    </url>
    <url>
      <loc>https://mobcup-ringtones.online/mere-sarkar-aaye-hai-instrumental-EXFrp1aX</loc>
    </url>
    <url>
      <loc>https://mobcup-ringtones.online/nange-nange-paon-chal-aa-gaya-ri-remix-mjADiJcW</loc>
    </url>
    <url>
      <loc>https://mobcup-ringtones.online/mahishasura-mardini-durga-trance-phoBxgLq</loc>
    </url>
    <url>
      <loc>https://mobcup-ringtones.online/maiya-hai-meri-sherawali-remix-QUTJn2Od</loc>
    </url>
    <url>
      <loc>https://mobcup-ringtones.online/maa-main-khada-dware-pe-lakhbir-singh-lakkha-gn3D4yoO</loc>
    </url>
    <url>
      <loc>https://mobcup-ringtones.online/dandiya-song-k2uO9e9C</loc>
    </url>
    <url>
      <loc>https://mobcup-ringtones.online/maa-go-tumi-sarbojanin-mp3-song-download-aze6CVI7</loc>
    </url>
    <url>
      <loc>https://mobcup-ringtones.online/sarva-mangala-mangalye-mp3-ringtone-female-download-br2VvQ21</loc>
    </url>
    <url>
      <loc>https://mobcup-ringtones.online/shakti-maa-DI3GEK8E</loc>
    </url>
    <url>
      <loc>https://mobcup-ringtones.online/maa-taro-garbo-N1efT88O</loc>
    </url>
    <url>
      <loc>https://mobcup-ringtones.online/dayalu-tu-hai-maa-ikmlIOe0</loc>
    </url>
    <url>
      <loc>https://mobcup-ringtones.online/durga-hai-meri-maa-ringtone-download-female-version-o2cGshvN</loc>
    </url>
    <url>
      <loc>https://mobcup-ringtones.online/ashapura-maa-ringtone-kinjal-dave-idjvij0b</loc>
    </url>
    <url>
      <loc>https://mobcup-ringtones.online/jay-shakti-maa-ringtone-mp3-download-gw2KtipD</loc>
    </url>
    <url>
      <loc>https://mobcup-ringtones.online/sachi-re-mari-sat-re-bhavani-maa-ringtone-mp3-download-U6q82EQr</loc>
    </url>
    <url>
      <loc>https://mobcup-ringtones.online/vichudo-kinjal-dave-gujarati-jr4TK4VI</loc>
    </url>
    <url>
      <loc>https://mobcup-ringtones.online/galgota-garba-song-IZKgL5xd</loc>
    </url>
    <url>
      <loc>https://mobcup-ringtones.online/meri-maa-ke-barabar-koi-nahi-fmCClBDm</loc>
    </url>
    <url>
      <loc>https://mobcup-ringtones.online/galgota-garba-gujrati-zluNkoRd</loc>
    </url>
    <url>
      <loc>https://mobcup-ringtones.online/galgoto-me-jukine-lidho-song-download-mp3-kzGV2yja</loc>
    </url>
    <url>
      <loc>https://mobcup-ringtones.online/galgoto-me-jukine-lidho-song-download-mp3-A3liZh4X</loc>
    </url>
    <url>
      <loc>https://mobcup-ringtones.online/tari-chaniya-choli-mIZsPPWZ</loc>
    </url>
    <url>
      <loc>https://mobcup-ringtones.online/chamunda-maa-ni-9BitiyN7</loc>
    </url>
    <url>
      <loc>https://mobcup-ringtones.online/galgota-R4p34kPi</loc>
    </url>
    <url>
      <loc>https://mobcup-ringtones.online/meri-maa-ke-barabar-koi-nahi-ringtone-download-U5bGXsea</loc>
    </url>
    <url>
      <loc>https://mobcup-ringtones.online/hey-biruda-kajal-sikhar-prakash-gandhi-marwadi-tiI5Z84R</loc>
    </url>
    <url>
      <loc>https://mobcup-ringtones.online/meri-akhiyon-ke-samne-hi-rehna-RRDLQWpJ</loc>
    </url>
    <url>
      <loc>https://mobcup-ringtones.online/ari-chaniya-choli-gujarati-DeAunuSU</loc>
    </url>
    <url>
      <loc>https://mobcup-ringtones.online/maiya-ka-chola-hai-rangla-5vrRbMAt</loc>
    </url>
    <url>
      <loc>https://mobcup-ringtones.online/teri-kripa-ho-jaye-LG3NVPXk</loc>
    </url>
    <url>
      <loc>https://mobcup-ringtones.online/aigiri-nandini-ringtone-download-ysWsENny</loc>
    </url>
    <url>
      <loc>https://mobcup-ringtones.online/tari-chaniya-choli-song-cUgt85lk</loc>
    </url>
    <url>
      <loc>https://mobcup-ringtones.online/tu-murti-che-maa-jigar-thakor-gujarati-ZH6AONR2</loc>
    </url>
    <url>
      <loc>https://mobcup-ringtones.online/maa-tara-kumar-sanu-bengali-5nxs98LL</loc>
    </url>
    <url>
      <loc>https://mobcup-ringtones.online/nav-navratri-na-norta-karishma-iHAQ3wQM</loc>
    </url>
    <url>
      <loc>https://mobcup-ringtones.online/ab-ke-navrate-mere-angna-padharo-dfhzn9x6</loc>
    </url>
    <url>
      <loc>https://mobcup-ringtones.online/tan-man-me-bhakti-jot-teri-he-mata-jalti-rahe-40wtTAPn</loc>
    </url>
    <url>
      <loc>https://mobcup-ringtones.online/jagdamba-rakho-laaj-sharan-mein-thari-aayo-iuxhltRj</loc>
    </url>
    <url>
      <loc>https://mobcup-ringtones.online/ambe-maa-ni-gujarati-L4hqsBsm</loc>
    </url>
    <url>
      <loc>https://mobcup-ringtones.online/pyari-maa-mujhko-teri-dua-chahiye-9Qiajti7</loc>
    </url>
    <url>
      <loc>https://mobcup-ringtones.online/teri-kirpa-ho-jaye-cR9yfCHb</loc>
    </url>
    <url>
      <loc>https://mobcup-ringtones.online/sachi-re-tanvi-senjaliya-vICpLnrw</loc>
    </url>
    <url>
      <loc>https://mobcup-ringtones.online/aaiye-maa-durga-ke-9-rupon-ka-varnan-karte-hain-wV4oiJR1</loc>
    </url>
    <url>
      <loc>https://mobcup-ringtones.online/maa-tara-khode-mathu-mdvv1qd0</loc>
    </url>
    <url>
      <loc>https://mobcup-ringtones.online/jigar-thakor-maa-gujarati-xrYBiKjZ</loc>
    </url>
    <url>
      <loc>https://mobcup-ringtones.online/pyara-saja-hai-tera-dwar-bhawani-lakhbir-singh-lakha-2ob0GODR</loc>
    </url>
    <url>
      <loc>https://mobcup-ringtones.online/sarv-sone-di-teri-aarti-banava-JgkU8DvK</loc>
    </url>
    <url>
      <loc>https://mobcup-ringtones.online/dooja-koi-dwar-na-dikhe-RPjNYcKu</loc>
    </url>
    <url>
      <loc>https://mobcup-ringtones.online/he-naam-re-sabse-bada-tera-naam-HShvvVwL</loc>
    </url>
    <url>
      <loc>https://mobcup-ringtones.online/tu-hi-bharti-sabhi-ke-maa-bhandare-Oboay5UE</loc>
    </url>
    <url>
      <loc>https://mobcup-ringtones.online/mangal-ki-sewa-dgo5yJCi</loc>
    </url>
    <url>
      <loc>https://mobcup-ringtones.online/tere-dar-ko-main-chhod-kahan-jaaun-mKMm2Rw4</loc>
    </url>
    <url>
      <loc>https://mobcup-ringtones.online/duniya-nazre-phere-to-phere-f72jTsxL</loc>
    </url>
    <url>
      <loc>https://mobcup-ringtones.online/navratri-garba-mp3-download-w9wZHGn5</loc>
    </url>
    <url>
      <loc>https://mobcup-ringtones.online/aaye-maiya-ke-navrate-lakhbir-singh-lakha-P5QTa3Ud</loc>
    </url>
    <url>
      <loc>https://mobcup-ringtones.online/lakh-lakh-dewla-ri-aarti-57gWaajN</loc>
    </url>
    <url>
      <loc>https://mobcup-ringtones.online/jo-maiya-ji-ki-tali-na-bajaye-Q2UxGgWm</loc>
    </url>
    <url>
      <loc>https://mobcup-ringtones.online/aigiri-nandini-durga-stuti-yDy8E1gE</loc>
    </url>
    <url>
      <loc>https://mobcup-ringtones.online/dard-dard-na-raha-khesari-lal-yadav-navratri-bhojpuri-ONsv78l2</loc>
    </url>
    <url>
      <loc>https://mobcup-ringtones.online/durga-hai-meri-maa-female-version-9B4riaNK</loc>
    </url>
    <url>
      <loc>https://mobcup-ringtones.online/maa-durga-bhojpuri-bAxiduDa</loc>
    </url>
    <url>
      <loc>https://mobcup-ringtones.online/durga-stuti-Tsn6E4UH</loc>
    </url>
    <url>
      <loc>https://mobcup-ringtones.online/jago-durga-jago-dashapraharanadharini-dwijen-mukherjee-bengali-tkuTOmo9</loc>
    </url>
    <url>
      <loc>https://mobcup-ringtones.online/gujarati-navratri-ringtone-mp3-download-i5HDONkx</loc>
    </url>
    <url>
      <loc>https://mobcup-ringtones.online/jai-durga-message-tone-W2YMChyY</loc>
    </url>
    <url>
      <loc>https://mobcup-ringtones.online/heri-sakhi-mangal-gao-ri-iDgbeJ2X</loc>
    </url>
    <url>
      <loc>https://mobcup-ringtones.online/o-aaye-tere-bhawan-song-pDm0mwJp</loc>
    </url>
    <url>
      <loc>https://mobcup-ringtones.online/naratya-de-din-aa-gaye-Ao8lvs5o</loc>
    </url>
    <url>
      <loc>https://mobcup-ringtones.online/bigdi-meri-bana-de-bageshwar-dham-sYTySeZE</loc>
    </url>
    <url>
      <loc>https://mobcup-ringtones.online/tu-g-durga-tu-bhavani-sansarachi-tuche-janani-Z4H04RsC</loc>
    </url>
    <url>
      <loc>https://mobcup-ringtones.online/navratri-mashup-song-cGWR2Fgg</loc>
    </url>
    <url>
      <loc>https://mobcup-ringtones.online/rang-de-maiya-ki-chunariya-XMKVQUtG</loc>
    </url>
    <url>
      <loc>https://mobcup-ringtones.online/maa-karni-namso-naam-nhi-jag-me-HButHb9F</loc>
    </url>
    <url>
      <loc>https://mobcup-ringtones.online/pap-kat-jaye-charan-chune-se-xpVL9Y7s</loc>
    </url>
    <url>
      <loc>https://mobcup-ringtones.online/pyara-saja-hai-tera-dwar-bhawani-mA84DHbR</loc>
    </url>
    <url>
      <loc>https://mobcup-ringtones.online/kaatrodu-pattam-pola-cLKCt47r</loc>
    </url>
    <url>
      <loc>https://mobcup-ringtones.online/avlothan-mudichu-vitinga-ponga-meme-ksbLGu1c</loc>
    </url>
    <url>
      <loc>https://mobcup-ringtones.online/private-bus-horn-download-tamil-1DgQM0PB</loc>
    </url>
    <url>
      <loc>https://mobcup-ringtones.online/tu-g-durga-HVoxQ87B</loc>
    </url>
    <url>
      <loc>https://mobcup-ringtones.online/yolo-kanguva-suriya-bobby-deol-tamil-hrUQqnmc</loc>
    </url>
    <url>
      <loc>https://mobcup-ringtones.online/venilavu-saaral-gv-prakash-kumar-tamil-8t9CFqSC</loc>
    </url>
    <url>
      <loc>https://mobcup-ringtones.online/angana-padharo-maharani-xo4byMFZ</loc>
    </url>
    <url>
      <loc>https://mobcup-ringtones.online/nee-pottu-vechcha-malaysia-vasudevan-mano-ks-chithra-tamil-ZeHCveLn</loc>
    </url>
    <url>
      <loc>https://mobcup-ringtones.online/vennilavu-saaral-song-tamil-Zd8kfe7u</loc>
    </url>
    <url>
      <loc>https://mobcup-ringtones.online/durge-durge-durgatinashini-asha-bhosle-bengali-NZ3zZP75</loc>
    </url>
    <url>
      <loc>https://mobcup-ringtones.online/vela-aksharalu-koti-pustakalu-song-download-szojwsDf</loc>
    </url>
    <url>
      <loc>https://mobcup-ringtones.online/chinna-chinna-murugaiya-song-qayK9ll4</loc>
    </url>
    <url>
      <loc>https://mobcup-ringtones.online/minnale-lUQR1BcM</loc>
    </url>
    <url>
      <loc>https://mobcup-ringtones.online/thatha-thatha-konjam-podi-kodu-song-download-mp3-MsYJ1xTC</loc>
    </url>
    <url>
      <loc>https://mobcup-ringtones.online/vettaiyan-dialogue-download-tamil-cALu4iBA</loc>
    </url>
    <url>
      <loc>https://mobcup-ringtones.online/sonthamulla-vazhkai-song-download-eFMsA7bU</loc>
    </url>
    <url>
      <loc>https://mobcup-ringtones.online/dheema-dheema-anirudh-G6K2RYoi</loc>
    </url>
    <url>
      <loc>https://mobcup-ringtones.online/angane-angu-poyalo-dialogue-gafrigGD</loc>
    </url>
    <url>
      <loc>https://mobcup-ringtones.online/vela-aksharalu-koti-pustakalu-song-tamil-XAB2Cbpw</loc>
    </url>
    <url>
      <loc>https://mobcup-ringtones.online/hey-superstar-da-song-download-NNn8KQv8</loc>
    </url>
    <url>
      <loc>https://mobcup-ringtones.online/en-pakkam-poravale-song-Kfj0ZZH2</loc>
    </url>
    <url>
      <loc>https://mobcup-ringtones.online/pottu-vacha-thanga-kudam-tamil-song-z2yGRYwq</loc>
    </url>
    <url>
      <loc>https://mobcup-ringtones.online/sorgame-endralum-tamil-song-xBGYALXT</loc>
    </url>
    <url>
      <loc>https://mobcup-ringtones.online/yaaro-ivan-yaaro-meiyazhagan-tamil-song-wBZ5nvSP</loc>
    </url>
    <url>
      <loc>https://mobcup-ringtones.online/hey-minnale-KQdlhqcA</loc>
    </url>
    <url>
      <loc>https://mobcup-ringtones.online/varisu-amma-song-2BDioMPQ</loc>
    </url>
    <url>
      <loc>https://mobcup-ringtones.online/vel-maaral-mp3-free-download-masstamilan-YuQN9XZC</loc>
    </url>
    <url>
      <loc>https://mobcup-ringtones.online/vel-maaral-mp3-free-E7A77O9D</loc>
    </url>
    <url>
      <loc>https://mobcup-ringtones.online/chakkare-en-chakkare-hey-minnale-haricharan-shweta-mohan-tamil-46PSiq0H</loc>
    </url>
    <url>
      <loc>https://mobcup-ringtones.online/rasave-unna-nambi-Zh5WXQgN</loc>
    </url>
    <url>
      <loc>https://mobcup-ringtones.online/amma-ringtone-download-tamil-bgm-6dMP63Vf</loc>
    </url>
    <url>
      <loc>https://mobcup-ringtones.online/devara-second-song-YcpF8Mr0</loc>
    </url>
    <url>
      <loc>https://mobcup-ringtones.online/sorgame-endralum-song-DRqDw8eb</loc>
    </url>
    <url>
      <loc>https://mobcup-ringtones.online/i-love-you-amma-ringtone-download-tamil-Vw1l66yJ</loc>
    </url>
    <url>
      <loc>https://mobcup-ringtones.online/pottu-vacha-thanga-kudam-Kkr8u2A1</loc>
    </url>
    <url>
      <loc>https://mobcup-ringtones.online/goat-sorgame-endralum-31pzGlul</loc>
    </url>
    <url>
      <loc>https://mobcup-ringtones.online/goat-gandhi-bgm-qhdtyqkd</loc>
    </url>
    <url>
      <loc>https://mobcup-ringtones.online/goat-sanjay-bgm-d9EYuZlJ</loc>
    </url>
    <url>
      <loc>https://mobcup-ringtones.online/amaran-music-ringtone-download-8PpMz9Uk</loc>
    </url>
    <url>
      <loc>https://mobcup-ringtones.online/sorgame-endralum-goat-remix-ringtone-download-tamil-PkwueqIS</loc>
    </url>
    <url>
      <loc>https://mobcup-ringtones.online/mun-paniya-song-download-LsZj08Yo</loc>
    </url>
    <url>
      <loc>https://mobcup-ringtones.online/ponmana-selvan-mp3-song-2nLHXGT1</loc>
    </url>
    <url>
      <loc>https://mobcup-ringtones.online/thensudare-TGW7adGg</loc>
    </url>
    <url>
      <loc>https://mobcup-ringtones.online/rasave-unna-nambi-song-NZTA5frL</loc>
    </url>
    <url>
      <loc>https://mobcup-ringtones.online/nee-pottu-vacha-thanga-kudam-HWfPhfko</loc>
    </url>
    <url>
      <loc>https://mobcup-ringtones.online/thaen-sudare-song-ringtone-download-aD8PFn1m</loc>
    </url>
    <url>
      <loc>https://mobcup-ringtones.online/en-uyirai-unnum-thean-sudare-4iEqRjqz</loc>
    </url>
    <url>
      <loc>https://mobcup-ringtones.online/laddu-mutya-song-LVaOD3vy</loc>
    </url>
    <url>
      <loc>https://mobcup-ringtones.online/laddu-mutya-tamil-song-5LUCvJ9i</loc>
    </url>
    <url>
      <loc>https://mobcup-ringtones.online/thikki-thenarudhu-devathai-song-U5kVP4SE</loc>
    </url>
    <url>
      <loc>https://mobcup-ringtones.online/avlothan-nammala-mudichu-vittinga-ponga-meme-LZNLse2Z</loc>
    </url>
    <url>
      <loc>https://mobcup-ringtones.online/goat-theme-music-download-masstamilan-mp3-h1L7NRyA</loc>
    </url>
    <url>
      <loc>https://mobcup-ringtones.online/kanmani-anbodu-song-6wudJpsN</loc>
    </url>
    <url>
      <loc>https://mobcup-ringtones.online/the-goat-og-bgm-download-XSDR0ozn</loc>
    </url>
    <url>
      <loc>https://mobcup-ringtones.online/avlothan-nammala-mudichu-qQEcUXcV</loc>
    </url>
    <url>
      <loc>https://mobcup-ringtones.online/matta-ringtone-download-FurqTj4J</loc>
    </url>
    <url>
      <loc>https://mobcup-ringtones.online/vettaiyan-hunter-vantaar-bgm-w6ZgHZZL</loc>
    </url>
    <url>
      <loc>https://mobcup-ringtones.online/anarkali-marikar-kanmani-anbodu-qqd4l3ru</loc>
    </url>
    <url>
      <loc>https://mobcup-ringtones.online/jinukku-singari-song-s1wWE4KH</loc>
    </url>
    <url>
      <loc>https://mobcup-ringtones.online/goat-bgm-ringtone-download-IF8wNzia</loc>
    </url>
    <url>
      <loc>https://mobcup-ringtones.online/oh-raaya-telugu-ringtone-download-bAL0C3LF</loc>
    </url>
    <url>
      <loc>https://mobcup-ringtones.online/goat-og-bgm-APZymiFi</loc>
    </url>
    <url>
      <loc>https://mobcup-ringtones.online/sivantha-kangal-ringtone-download-bMlpJotF</loc>
    </url>
    <url>
      <loc>https://mobcup-ringtones.online/avlothan-nammala-mudichu-vittinga-ponga-dialogue-3FSaYbmb</loc>
    </url>
    <url>
      <loc>https://mobcup-ringtones.online/goat-jeevan-bgm-q64cdFk6</loc>
    </url>
    <url>
      <loc>https://mobcup-ringtones.online/matta-song-bgm-gZFf33zS</loc>
    </url>
    <url>
      <loc>https://mobcup-ringtones.online/tholai-thooram-neeyum-song-WaDogpZg</loc>
    </url>
    <url>
      <loc>https://mobcup-ringtones.online/perumal-song-3g62wT58</loc>
    </url>
    <url>
      <loc>https://mobcup-ringtones.online/kanmani-anbodu-whistle-ringtone-download-h5T29qV3</loc>
    </url>
    <url>
      <loc>https://mobcup-ringtones.online/kanmani-anbodu-instrumental-lhZdkzmB</loc>
    </url>
    <url>
      <loc>https://mobcup-ringtones.online/manasilayo-tamil-song-m31shVBW</loc>
    </url>
    <url>
      <loc>https://mobcup-ringtones.online/pothavillaye-song-ringtone-download-rZGHnyNN</loc>
    </url>
    <url>
      <loc>https://mobcup-ringtones.online/veera-skanda-song-FDqJ3Yam</loc>
    </url>
    <url>
      <loc>https://mobcup-ringtones.online/anbana-magal-vanthal-song-tamil-bzTwGnC0</loc>
    </url>
    <url>
      <loc>https://mobcup-ringtones.online/appa-ponnu-song-ringtone-download-pv43H2Qj</loc>
    </url>
    <url>
      <loc>https://mobcup-ringtones.online/kandha-sasti-kavasam-ringtone-mp3-download-masstamilan-rhyQTvcI</loc>
    </url>
    <url>
      <loc>https://mobcup-ringtones.online/sivantha-kangal-song-UP4xGAVv</loc>
    </url>
    <url>
      <loc>https://mobcup-ringtones.online/yaar-azhaippadhu-bgm-TEvWXFYP</loc>
    </url>
    <url>
      <loc>https://mobcup-ringtones.online/pothavillaye-pothavillaye-tamil-3WkEmYsc</loc>
    </url>
    <url>
      <loc>https://mobcup-ringtones.online/anbana-magal-vanthal-song-ringtone-download-ePhPBELu</loc>
    </url>
    <url>
      <loc>https://mobcup-ringtones.online/matta-TUxLDC55</loc>
    </url>
    <url>
      <loc>https://mobcup-ringtones.online/manasilayo-song-mp3-4I8va6LV</loc>
    </url>
    <url>
      <loc>https://mobcup-ringtones.online/anbana-magal-vanthal-song-download-kXysStLh</loc>
    </url>
    <url>
      <loc>https://mobcup-ringtones.online/appa-ponnu-song-ynD94tv1</loc>
    </url>
    <url>
      <loc>https://mobcup-ringtones.online/manasilayo-song-mp3-download-GYW8zN1s</loc>
    </url>
    <url>
      <loc>https://mobcup-ringtones.online/kandha-sasti-kavasam-o82R2FHB</loc>
    </url>
    <url>
      <loc>https://mobcup-ringtones.online/kandha-sasti-kavasam-ringtone-download-tamilrockers-XfWizFMa</loc>
    </url>
    <url>
      <loc>https://mobcup-ringtones.online/amma-tamil-mummy-lITDhMOm</loc>
    </url>
    <url>
      <loc>https://mobcup-ringtones.online/amma-ringtone-download-tamil-khYKfE9i</loc>
    </url>
    <url>
      <loc>https://mobcup-ringtones.online/anbana-magal-vanthal-song-CEUcCTTR</loc>
    </url>
    <url>
      <loc>https://mobcup-ringtones.online/paapa-paattu-HoUUAWpt</loc>
    </url>
    <url>
      <loc>https://mobcup-ringtones.online/maayoney-song-ringtone-download-tamil-mp3-tamilrockers-caQK8Kqa</loc>
    </url>
    <url>
      <loc>https://mobcup-ringtones.online/thaensudare-ringtone-download-mp3-eaaUWhrI</loc>
    </url>
    <url>
      <loc>https://mobcup-ringtones.online/aazhi-soozhndha-akka-song-in-tamil-YguL7wRY</loc>
    </url>
    <url>
      <loc>https://mobcup-ringtones.online/megamo-aval-song-instrumental-bgm-JRnkox5t</loc>
    </url>
    <url>
      <loc>https://mobcup-ringtones.online/thaaye-thaaye-magalena-vandhal-tamil-s0BJ9ToN</loc>
    </url>
    <url>
      <loc>https://mobcup-ringtones.online/thaensudare-tamil-song-4McWgTtq</loc>
    </url>
    <url>
      <loc>https://mobcup-ringtones.online/thaye-thaye-maharaja-songs-ICw4BZQf</loc>
    </url>
    <url>
      <loc>https://mobcup-ringtones.online/kanmani-anbodu-whistle-wWHZwJQD</loc>
    </url>
    <url>
      <loc>https://mobcup-ringtones.online/thaensudare-jX5Di4NY</loc>
    </url>
    <url>
      <loc>https://mobcup-ringtones.online/pangu-put-the-a5PlJPz2</loc>
    </url>
    <url>
      <loc>https://mobcup-ringtones.online/kanda-sashti-kavasam-d7loF3b0</loc>
    </url>
    <url>
      <loc>https://mobcup-ringtones.online/kanda-sasti-kavasam-bJE9kntp</loc>
    </url>
    <url>
      <loc>https://mobcup-ringtones.online/giftson-durai-songs-7VuqKyKs</loc>
    </url>
    <url>
      <loc>https://mobcup-ringtones.online/kodi-vasangal-enai-theendi-ponalum-VAoEM6hA</loc>
    </url>
    <url>
      <loc>https://mobcup-ringtones.online/megamo-aval-instrumental-gkcdrUAT</loc>
    </url>
    <url>
      <loc>https://mobcup-ringtones.online/aasaigal-giftson-durai-rTWdR6MZ</loc>
    </url>
    <url>
      <loc>https://mobcup-ringtones.online/kodi-vasangal-in-tamil-BP8RZVmf</loc>
    </url>
    <url>
      <loc>https://mobcup-ringtones.online/vettaiyan-bgm-O7BHV3IQ</loc>
    </url>
    <url>
      <loc>https://mobcup-ringtones.online/matta-song-y7DOfzN7</loc>
    </url>
    <url>
      <loc>https://mobcup-ringtones.online/manasilaayo-song-anirudh-Vj5SVvZI</loc>
    </url>
    <url>
      <loc>https://mobcup-ringtones.online/manasilaayo-vettaiyan-anirudh-tamil-pll5Irvg</loc>
    </url>
    <url>
      <loc>https://mobcup-ringtones.online/manasilaayo-song-sj4JYmKp</loc>
    </url>
    <url>
      <loc>https://mobcup-ringtones.online/manasilaayo-song-bgm-y1bV4RzO</loc>
    </url>
    <url>
      <loc>https://mobcup-ringtones.online/manasilaayo-song-M47xGZov</loc>
    </url>
    <url>
      <loc>https://mobcup-ringtones.online/manasilaayo-tamil-song-KDKjYGBd</loc>
    </url>
    <url>
      <loc>https://mobcup-ringtones.online/manasilaayo-rajinikanth-tamil-7qyeKTl9</loc>
    </url>
    <url>
      <loc>https://mobcup-ringtones.online/manasilaayo-vettaiyan-movie-MBMQ8jVP</loc>
    </url>
    <url>
      <loc>https://mobcup-ringtones.online/manasilaayo-vettaiyan-tamil-qxoKKtw9</loc>
    </url>
    <url>
      <loc>https://mobcup-ringtones.online/manasilaayo-vettaiyan-rajinikanth-anirudh-xkCEDFHG</loc>
    </url>
    <url>
      <loc>https://mobcup-ringtones.online/anbana-magal-vandhal-ringtone-download-tamil-Iph8Muhv</loc>
    </url>
    <url>
      <loc>https://mobcup-ringtones.online/oru-kodi-inbangal-HYnJj2Uf</loc>
    </url>
    <url>
      <loc>https://mobcup-ringtones.online/aazhi-soozhndha-tamil-akka-song-rP4vgMXU</loc>
    </url>
    <url>
      <loc>https://mobcup-ringtones.online/the-goat-matta-song-dSZGDB6A</loc>
    </url>
    <url>
      <loc>https://mobcup-ringtones.online/anbana-magal-vanthal-7vSDbq8G</loc>
    </url>
    <url>
      <loc>https://mobcup-ringtones.online/anbana-magal-vandhala-5Dc7xCL5</loc>
    </url>
    <url>
      <loc>https://mobcup-ringtones.online/manjal-poosum-manjal-poosum-female-version-RwzaSjOZ</loc>
    </url>
    <url>
      <loc>https://mobcup-ringtones.online/matta-goat-song-4LklCbl6</loc>
    </url>
    <url>
      <loc>https://mobcup-ringtones.online/aazhi-soozhndha-tamil-song-NuMcovJk</loc>
    </url>
    <url>
      <loc>https://mobcup-ringtones.online/ok-kanmani-song-3hI7n2i0</loc>
    </url>
    <url>
      <loc>https://mobcup-ringtones.online/manjal-poosum-manjal-poosum-vanchi-poonkodi-g0N80APe</loc>
    </url>
    <url>
      <loc>https://mobcup-ringtones.online/sivantha-kangal-album-song-LUZbf1HX</loc>
    </url>
    <url>
      <loc>https://mobcup-ringtones.online/amma-paiyan-song-ringtone-download-tamil-1ACXxM3C</loc>
    </url>
    <url>
      <loc>https://mobcup-ringtones.online/va-va-en-devathaye-ringtone-download-u9fw500p</loc>
    </url>
    <url>
      <loc>https://mobcup-ringtones.online/sivantha-kangal-bgm-WK6jWK9Y</loc>
    </url>
    <url>
      <loc>https://mobcup-ringtones.online/surya-mass-bgm-pO61702Z</loc>
    </url>
    <url>
      <loc>https://mobcup-ringtones.online/sivantha-kangal-tamil-song-DkWKoHoU</loc>
    </url>
    <url>
      <loc>https://mobcup-ringtones.online/manjal-poosum-manjal-poosum-LrDLPAzJ</loc>
    </url>
    <url>
      <loc>https://mobcup-ringtones.online/aazhi-soozhndha-4dIMaFp5</loc>
    </url>
    <url>
      <loc>https://mobcup-ringtones.online/manjal-poosum-manjal-poosum-vanchi-poongodi-t5ngnT2l</loc>
    </url>
    <url>
      <loc>https://mobcup-ringtones.online/endha-pakkam-song-xX0KOUUo</loc>
    </url>
    <url>
      <loc>https://mobcup-ringtones.online/ayyappa-ringtones-tamil-download-IxefWaNB</loc>
    </url>
    <url>
      <loc>https://mobcup-ringtones.online/romantic-husband-and-wife-ringtone-tamil-55Utnjnl</loc>
    </url>
    <url>
      <loc>https://mobcup-ringtones.online/husband-ringtone-tamil-bgm-rICysVsK</loc>
    </url>
    <url>
      <loc>https://mobcup-ringtones.online/husband-ringtone-tamil-female-version-9SKuT4mu</loc>
    </url>
    <url>
      <loc>https://mobcup-ringtones.online/amma-paiyan-song-ringtone-download-c8qfCuxW</loc>
    </url>
    <url>
      <loc>https://mobcup-ringtones.online/entha-uyiraiyum-ringtone-download-tamil-kUYhPmsg</loc>
    </url>
    <url>
      <loc>https://mobcup-ringtones.online/husband-love-bgm-ringtone-download-tamil-mp3-DLY9u0m4</loc>
    </url>
    <url>
      <loc>https://mobcup-ringtones.online/romantic-husband-ringtone-tamil-bgm-YJr73ORE</loc>
    </url>
    <url>
      <loc>https://mobcup-ringtones.online/husband-and-wife-love-bgm-tamil-pg4JCVYu</loc>
    </url>
    <url>
      <loc>https://mobcup-ringtones.online/pookale-satru-oyivedungal-EU2MjsdW</loc>
    </url>
    <url>
      <loc>https://mobcup-ringtones.online/oru-salputhran-song-6XEhOO9d</loc>
    </url>
    <url>
      <loc>https://mobcup-ringtones.online/unakaga-poranthene-female-version-0geVmtZ5</loc>
    </url>
    <url>
      <loc>https://mobcup-ringtones.online/ennodu-va-song-tamil-myFws0de</loc>
    </url>
    <url>
      <loc>https://mobcup-ringtones.online/unakku-thaan-song-2pO8g9QA</loc>
    </url>
    <url>
      <loc>https://mobcup-ringtones.online/chinnapaiyan-song-YFmVVbcu</loc>
    </url>
    <url>
      <loc>https://mobcup-ringtones.online/enna-naan-seiven-song-rNmLMaOL</loc>
    </url>
    <url>
      <loc>https://mobcup-ringtones.online/idhaya-kanne-song-toif92Cp</loc>
    </url>
    <url>
      <loc>https://mobcup-ringtones.online/varayo-varayo-for-WHBJJRPQ</loc>
    </url>
    <url>
      <loc>https://mobcup-ringtones.online/enna-nadanthalum-song-ZV1QyYoB</loc>
    </url>
    <url>
      <loc>https://mobcup-ringtones.online/varayo-varayo-tamil-s-FyxGHVFg</loc>
    </url>
    <url>
      <loc>https://mobcup-ringtones.online/kadhaippoma-yRuDMtZH</loc>
    </url>
    <url>
      <loc>https://mobcup-ringtones.online/urugi-urugi-ponathadi-NSsVVj7G</loc>
    </url>
    <url>
      <loc>https://mobcup-ringtones.online/varayo-varayo-kadhal-kolla-H1RxVUEV</loc>
    </url>
    <url>
      <loc>https://mobcup-ringtones.online/urugi-urugi-ponathadi-song-T1SpUZBc</loc>
    </url>
    <url>
      <loc>https://mobcup-ringtones.online/matta-the-goat-tamil-song-sBdnHChk</loc>
    </url>
    <url>
      <loc>https://mobcup-ringtones.online/varayo-varayo-kadhal-TCU96u48</loc>
    </url>
    <url>
      <loc>https://mobcup-ringtones.online/goat-matta-song-bgm-vNCpLjKV</loc>
    </url>
    <url>
      <loc>https://mobcup-ringtones.online/matta-goat-ZWxaT64t</loc>
    </url>
    <url>
      <loc>https://mobcup-ringtones.online/goat-movie-matta-WEMK5ZEG</loc>
    </url>
    <url>
      <loc>https://mobcup-ringtones.online/idhayane-song-Z3nGLsqp</loc>
    </url>
    <url>
      <loc>https://mobcup-ringtones.online/pookale-satru-oivedungal-qxW0TX72</loc>
    </url>
    <url>
      <loc>https://mobcup-ringtones.online/ammadi-un-azhagu-song-pRUTqZnt</loc>
    </url>
    <url>
      <loc>https://mobcup-ringtones.online/kaarkuzhal-kadavaiye-song-ringtone-download-pagalworld-mp3-lRG9s1oG</loc>
    </url>
    <url>
      <loc>https://mobcup-ringtones.online/india-naadu-en-veedu-song-dluOeoKS</loc>
    </url>
    <url>
      <loc>https://mobcup-ringtones.online/idhayane-velaikkaran-anirudh-ravichander-tamil-8x9G5j5q</loc>
    </url>
    <url>
      <loc>https://mobcup-ringtones.online/adharadha-song-5rudoVk6</loc>
    </url>
    <url>
      <loc>https://mobcup-ringtones.online/aaluma-doluma-song-EoXJSGmB</loc>
    </url>
    <url>
      <loc>https://mobcup-ringtones.online/anbae-peranbe-tamil-song-nr5daQou</loc>
    </url>
    <url>
      <loc>https://mobcup-ringtones.online/nakamichi-mp3-download-aRjtyZrE</loc>
    </url>
    <url>
      <loc>https://mobcup-ringtones.online/adangaatha-asuran-8DbJDA0d</loc>
    </url>
    <url>
      <loc>https://mobcup-ringtones.online/aasa-kooda-tamil-song-MY3guiMC</loc>
    </url>
    <url>
      <loc>https://mobcup-ringtones.online/adangaatha-asuran-song-SAUxqabK</loc>
    </url>
    <url>
      <loc>https://mobcup-ringtones.online/adchithooku-song-x2OUMatj</loc>
    </url>
    <url>
      <loc>https://mobcup-ringtones.online/uyire-song-EQJ3odE0</loc>
    </url>
    <url>
      <loc>https://mobcup-ringtones.online/alai-paayuthe-song-L3sOgUh5</loc>
    </url>
    <url>
      <loc>https://mobcup-ringtones.online/aathrmam-movie-song-JiO6SJdw</loc>
    </url>
    <url>
      <loc>https://mobcup-ringtones.online/iraiva-iraiva-song-vlLSsRwk</loc>
    </url>
    <url>
      <loc>https://mobcup-ringtones.online/aadi-sulntha-ulakile-tamil-song-rnEH5tch</loc>
    </url>
    <url>
      <loc>https://mobcup-ringtones.online/ada-unmel-konda-kiruku-tamil-song-6qqMfkXL</loc>
    </url>
    <url>
      <loc>https://mobcup-ringtones.online/golden-sparrow-neek-dhanush-priyanka-mohan-MZgMj5YD</loc>
    </url>
    <url>
      <loc>https://mobcup-ringtones.online/kaatrodu-pattam-pole-ayothi-movie-JBmpIXts</loc>
    </url>
    <url>
      <loc>https://mobcup-ringtones.online/golden-sparrow-neek-tamil-song-4sU2rq3Y</loc>
    </url>
    <url>
      <loc>https://mobcup-ringtones.online/96-movie-bgm-UxXemqGp</loc>
    </url>
    <url>
      <loc>https://mobcup-ringtones.online/aazhi-soozhndha-song-tWm1GRmn</loc>
    </url>
    <url>
      <loc>https://mobcup-ringtones.online/baratha-vilas-movie-rington-ACDHYga8</loc>
    </url>
    <url>
      <loc>https://mobcup-ringtones.online/golden-sparrow-neek-dhanush-QqvnYVlN</loc>
    </url>
    <url>
      <loc>https://mobcup-ringtones.online/golden-sparrow-neek-bgm-gt7uMBdb</loc>
    </url>
    <url>
      <loc>https://mobcup-ringtones.online/best-ringtone-in-tamil-GUWgcTE3</loc>
    </url>
    <url>
      <loc>https://mobcup-ringtones.online/thamarai-poovukum-song-aucU9ZHE</loc>
    </url>
    <url>
      <loc>https://mobcup-ringtones.online/senga-soola-kaara-song-e41ihoqf</loc>
    </url>
    <url>
      <loc>https://mobcup-ringtones.online/paattu-onnu-song-NE9KMk1B</loc>
    </url>
    <url>
      <loc>https://mobcup-ringtones.online/oru-kodi-inbangal-song-1Q9U2Atv</loc>
    </url>
    <url>
      <loc>https://mobcup-ringtones.online/vaa-vennilave-vadathe-t0MMsQem</loc>
    </url>
    <url>
      <loc>https://mobcup-ringtones.online/guli-mata-ashka-kulathunga-8TawEhha</loc>
    </url>
    <url>
      <loc>https://mobcup-ringtones.online/aasa-patta-ellathayum-song-NMmH2yQK</loc>
    </url>
    <url>
      <loc>https://mobcup-ringtones.online/ponnani-kadaloram-my-perfect-husband-tamil-song-0SUUlG7a</loc>
    </url>
    <url>
      <loc>https://mobcup-ringtones.online/va-vennilave-song-EFZml46l</loc>
    </url>
    <url>
      <loc>https://mobcup-ringtones.online/va-vennilave-vadatha-ppvae-6UJQnd0i</loc>
    </url>
    <url>
      <loc>https://mobcup-ringtones.online/antony-song-LFx3W9sL</loc>
    </url>
    <url>
      <loc>https://mobcup-ringtones.online/amma-en-mugavari-song-dGEy5RwW</loc>
    </url>
    <url>
      <loc>https://mobcup-ringtones.online/hayyoda-song-jawan-1mnB3v1X</loc>
    </url>
    <url>
      <loc>https://mobcup-ringtones.online/amma-en-mugavari-nee-amma-valimai-amma-song-AkULhxV1</loc>
    </url>
    <url>
      <loc>https://mobcup-ringtones.online/oh-my-kadavule-kadhaippoma-song-IwO3a4Ox</loc>
    </url>
    <url>
      <loc>https://mobcup-ringtones.online/amma-ringtone-in-tamil-2WQ59Rzd</loc>
    </url>
    <url>
      <loc>https://mobcup-ringtones.online/ammadi-un-alagu-dharmadurai-songs-F4nSsNnj</loc>
    </url>
    <url>
      <loc>https://mobcup-ringtones.online/my-perfect-husband-ponnani-kadaloram-R7dGA2tg</loc>
    </url>
    <url>
      <loc>https://mobcup-ringtones.online/hayyoda-anirudh-ravichander-l4vhBKMA</loc>
    </url>
    <url>
      <loc>https://mobcup-ringtones.online/anbae-peranbae-song-gUnMowo8</loc>
    </url>
    <url>
      <loc>https://mobcup-ringtones.online/nandri-solla-unakku-marumalarchi-tamil-song-IzF8Wkxn</loc>
    </url>
    <url>
      <loc>https://mobcup-ringtones.online/ranjithame-tamil-song-GeENGyLy</loc>
    </url>
    <url>
      <loc>https://mobcup-ringtones.online/adchithooku-song-AUNECLGQ</loc>
    </url>
    <url>
      <loc>https://mobcup-ringtones.online/aloma-dolama-song-tamil-download-4YASssEv</loc>
    </url>
    <url>
      <loc>https://mobcup-ringtones.online/adai-nee-thaney-songs-senB7s82</loc>
    </url>
    <url>
      <loc>https://mobcup-ringtones.online/ada-unmel-konda-kirukku-2KZ2xnWn</loc>
    </url>
    <url>
      <loc>https://mobcup-ringtones.online/adangaatha-asuran-ar-rahman-kVSjqsZK</loc>
    </url>
    <url>
      <loc>https://mobcup-ringtones.online/adu-hu-thooku-GSAKbdcD</loc>
    </url>
    <url>
      <loc>https://mobcup-ringtones.online/adangaatha-asuran-songs-download-wT5lV5NN</loc>
    </url>
    <url>
      <loc>https://mobcup-ringtones.online/kadhal-vanthathum-song-FTro2WMf</loc>
    </url>
    <url>
      <loc>https://mobcup-ringtones.online/alai-payuthe-8bNZ7FEW</loc>
    </url>
    <url>
      <loc>https://mobcup-ringtones.online/aathrmam-movie-songs-tamil-wPun3MwG</loc>
    </url>
    <url>
      <loc>https://mobcup-ringtones.online/unakaga-poranthene-enathalaga-song-knNQRu5s</loc>
    </url>
    <url>
      <loc>https://mobcup-ringtones.online/aadi-sulntha-ulakile-song-mN9Aj4dC</loc>
    </url>
    <url>
      <loc>https://mobcup-ringtones.online/muthu-mani-song-jDGsCnPs</loc>
    </url>
    <url>
      <loc>https://mobcup-ringtones.online/aazhi-soozhndha-srikanth-hariharan-tamil-song-To7T2Vgm</loc>
    </url>
    <url>
      <loc>https://mobcup-ringtones.online/vachinde-song-d17ORS1B</loc>
    </url>
    <url>
      <loc>https://mobcup-ringtones.online/unakaga-poranthene-bgm-Es5qnKcR</loc>
    </url>
    <url>
      <loc>https://mobcup-ringtones.online/uyire-en-uyire-song-Bs9MXseY</loc>
    </url>
    <url>
      <loc>https://mobcup-ringtones.online/kappaleri-poyachu-indian-song-PTklyamR</loc>
    </url>
    <url>
      <loc>https://mobcup-ringtones.online/aayiram-thadai-thandiye-LXCnsVen</loc>
    </url>
    <url>
      <loc>https://mobcup-ringtones.online/jailer-villain-bgm-5ycdQ5FQ</loc>
    </url>
    <url>
      <loc>https://mobcup-ringtones.online/vettaiyan-dialogue-humaXg7F</loc>
    </url>
    <url>
      <loc>https://mobcup-ringtones.online/vettaiyan-zBUVAABH</loc>
    </url>
    <url>
      <loc>https://mobcup-ringtones.online/jailer-bgm-music-22pVpDQG</loc>
    </url>
    <url>
      <loc>https://mobcup-ringtones.online/jailer-x-vikram-mix-mL20wfv0</loc>
    </url>
    <url>
      <loc>https://mobcup-ringtones.online/jailer-bgm-P3t7yY0D</loc>
    </url>
    <url>
      <loc>https://mobcup-ringtones.online/jailer-crown-bgm-OKVmHarO</loc>
    </url>
    <url>
      <loc>https://mobcup-ringtones.online/vettaiyan-manasilaayo-ELIWu8f3</loc>
    </url>
    <url>
      <loc>https://mobcup-ringtones.online/thalaivar-170-title-bgm-vettaiyan-hZst3Qpt</loc>
    </url>
    <url>
      <loc>https://mobcup-ringtones.online/vettaiyan-the-hunter-climax-bgm-ringtone-rajinikanth-anirudh-bJqpi5bD</loc>
    </url>
    <url>
      <loc>https://mobcup-ringtones.online/jailer-flute-bgm-8gB2uYPm</loc>
    </url>
    <url>
      <loc>https://mobcup-ringtones.online/fire-song-kanguva-pavithra-chari-COToCb92</loc>
    </url>
    <url>
      <loc>https://mobcup-ringtones.online/fire-kanguva-b-praak-suriya-hindi-song-yQFKqC2m</loc>
    </url>
    <url>
      <loc>https://mobcup-ringtones.online/kanguva-trailer-bgm-kBNTPDPS</loc>
    </url>
    <url>
      <loc>https://mobcup-ringtones.online/maine-tera-naam-dil-rakh-diya-ek-villain-returns-hindi-song-Xw4sd8NX</loc>
    </url>
    <url>
      <loc>https://mobcup-ringtones.online/kanguva-fire-song-hindi-Zew115NZ</loc>
    </url>
    <url>
      <loc>https://mobcup-ringtones.online/jailer-hukum-song-kRtFsnLs</loc>
    </url>
    <url>
      <loc>https://mobcup-ringtones.online/kanguva-yolo-song-bgm-oe4hTI6R</loc>
    </url>
    <url>
      <loc>https://mobcup-ringtones.online/kanguva-fire-b-praak-hindi-song-Gtubuwn0</loc>
    </url>
    <url>
      <loc>https://mobcup-ringtones.online/jailer-kavalaya-bgm-yzZCOqmw</loc>
    </url>
    <url>
      <loc>https://mobcup-ringtones.online/karpur-gauram-karunavtaram-amitabh-bachchan-n1FyRQyZ</loc>
    </url>
    <url>
      <loc>https://mobcup-ringtones.online/mehbooba-mehbooba-song-ZTsPQtui</loc>
    </url>
    <url>
      <loc>https://mobcup-ringtones.online/kanguva-fire-song-7K7tp7zi</loc>
    </url>
    <url>
      <loc>https://mobcup-ringtones.online/final-flight-kalki-2898-ad-santhosh-narayanan-wDo5g70T</loc>
    </url>
    <url>
      <loc>https://mobcup-ringtones.online/kalki-veera-dheera-M2GiQ0AU</loc>
    </url>
    <url>
      <loc>https://mobcup-ringtones.online/only-death-wins-in-war-kalki-2898-ad-santhosh-narayanan-0dQq2C8g</loc>
    </url>
    <url>
      <loc>https://mobcup-ringtones.online/om-gan-ganpataye-namo-namah-amitabh-bachchan-KAnniyQS</loc>
    </url>
    <url>
      <loc>https://mobcup-ringtones.online/maine-tera-naam-dil-rakh-diya-KZnX6aOe</loc>
    </url>
    <url>
      <loc>https://mobcup-ringtones.online/ashwa-vs-ashwa-kalki-2898-ad-santhosh-narayanan-7rPt8fPH</loc>
    </url>
    <url>
      <loc>https://mobcup-ringtones.online/hero-kalki-2898-ad-santhosh-narayanan-AJi3xdj7</loc>
    </url>
    <url>
      <loc>https://mobcup-ringtones.online/kalki-2898-ad-fist-fight-santhosh-narayanan-iWZfF138</loc>
    </url>
    <url>
      <loc>https://mobcup-ringtones.online/shambala-rain-kalki-2898-ad-santhosh-narayanan-Qz9FRmpC</loc>
    </url>
    <url>
      <loc>https://mobcup-ringtones.online/kalki-2898-ad-bujji-theme-santhosh-narayanan-UFDeAso3</loc>
    </url>
    <url>
      <loc>https://mobcup-ringtones.online/never-lost-a-fight-kalki-2898-ad-santhosh-narayanan-jXJmYmlg</loc>
    </url>
    <url>
      <loc>https://mobcup-ringtones.online/lullaby-kalki-2898-ad-santhosh-narayanan-SAle7HEP</loc>
    </url>
    <url>
      <loc>https://mobcup-ringtones.online/kalki-2898-ad-fist-fight-santhosh-narayanan-bgm-15WUSlGK</loc>
    </url>
    <url>
      <loc>https://mobcup-ringtones.online/kalki-2898-ad-kyra-santhosh-narayanan-MVXaGWl6</loc>
    </url>
    <url>
      <loc>https://mobcup-ringtones.online/shambala-kalki-2898-ad-santhosh-narayanan-s8zx48I2</loc>
    </url>
    <url>
      <loc>https://mobcup-ringtones.online/kalki-2898-ad-kyra-santhosh-narayanan-bgm-8O7SiZVm</loc>
    </url>
    <url>
      <loc>https://mobcup-ringtones.online/kalki-2898-ad-meeting-mother-santhosh-narayanan-pKkhiY7E</loc>
    </url>
    <url>
      <loc>https://mobcup-ringtones.online/the-escape-kalki-2898-ad-santhosh-narayanan-o1a5p1Ar</loc>
    </url>
    <url>
      <loc>https://mobcup-ringtones.online/where-is-my-rent-kalki-2898-ad-santhosh-narayanan-6KMTr8Yl</loc>
    </url>
    <url>
      <loc>https://mobcup-ringtones.online/the-child-within-kalki-2898-ad-santhosh-narayanan-A8bfRf7t</loc>
    </url>
    <url>
      <loc>https://mobcup-ringtones.online/ashwathama-kalki-2898-ad-santhosh-narayanan-jhHf6AbS</loc>
    </url>
    <url>
      <loc>https://mobcup-ringtones.online/puttinavaniki-kalki-2898-ad-santhosh-narayanan-FjjfUJv6</loc>
    </url>
    <url>
      <loc>https://mobcup-ringtones.online/sum-80-kalki-2898-ad-santhosh-narayanan-SJN9ziIE</loc>
    </url>
    <url>
      <loc>https://mobcup-ringtones.online/hey-chintoo-kalki-2898-ad-santhosh-narayanan-XEvoIb8e</loc>
    </url>
    <url>
      <loc>https://mobcup-ringtones.online/extraction-kalki-2898-ad-santhosh-narayanan-M3JRSqwi</loc>
    </url>
    <url>
      <loc>https://mobcup-ringtones.online/yashkin-kalki-2898-ad-santhosh-narayanan-ouDbMDSK</loc>
    </url>
    <url>
      <loc>https://mobcup-ringtones.online/boy-from-kasi-kalki-2898-ad-santhosh-narayanan-dywJl4yp</loc>
    </url>
    <url>
      <loc>https://mobcup-ringtones.online/kalki-manas-saswata-chatterjee-wvnBLAod</loc>
    </url>
    <url>
      <loc>https://mobcup-ringtones.online/the-great-war-kalki-2898-ad-santhosh-narayanan-aQ7dvoDB</loc>
    </url>
    <url>
      <loc>https://mobcup-ringtones.online/pursuit-of-life-kalki-2898-ad-santhosh-narayanan-lmN2LNel</loc>
    </url>
    <url>
      <loc>https://mobcup-ringtones.online/veera-dheera-kalki-bgm-SLtLBzuU</loc>
    </url>
    <url>
      <loc>https://mobcup-ringtones.online/kalki-2898-ad-complex-tour-santhosh-narayanan-kHYVlcZY</loc>
    </url>
    <url>
      <loc>https://mobcup-ringtones.online/a-world-of-treasures-kalki-santhosh-narayanan-nq0Rn4Ls</loc>
    </url>
    <url>
      <loc>https://mobcup-ringtones.online/wait-of-ashwatthama-keshava-kalki-amitabh-bachchan-GKbPmOlU</loc>
    </url>
    <url>
      <loc>https://mobcup-ringtones.online/wait-of-ashwatthama-kalki-amitabh-bachchan-bgm-NwwzHXkm</loc>
    </url>
    <url>
      <loc>https://mobcup-ringtones.online/ashwa-curse-kalki-santhosh-narayanan-oeCzqOGI</loc>
    </url>
    <url>
      <loc>https://mobcup-ringtones.online/pursuit-of-life-kalki-movie-santhosh-narayanan-HhroP5DV</loc>
    </url>
    <url>
      <loc>https://mobcup-ringtones.online/papa-meri-jaan-song-download-Y979UTLl</loc>
    </url>
    <url>
      <loc>https://mobcup-ringtones.online/titli-song-69wiMhLS</loc>
    </url>
    <url>
      <loc>https://mobcup-ringtones.online/aayat-bajirao-mastani-luCmgSQl</loc>
    </url>
    <url>
      <loc>https://mobcup-ringtones.online/hope-of-shambala-kalki-2898-ad-prabhas-telugu-song-xqc4OoVi</loc>
    </url>
    <url>
      <loc>https://mobcup-ringtones.online/papa-meri-jaan-song-KuOErFaK</loc>
    </url>
    <url>
      <loc>https://mobcup-ringtones.online/veera-dheera-kalki-2898-ad-santhosh-narayanan-4DMPNFXD</loc>
    </url>
    <url>
      <loc>https://mobcup-ringtones.online/india-wale-mp3-ECYDAx32</loc>
    </url>
    <url>
      <loc>https://mobcup-ringtones.online/titli-chennai-express-hindi-song-8CYYZg6U</loc>
    </url>
    <url>
      <loc>https://mobcup-ringtones.online/theme-of-kalki-kalki-2898-ad-hindi-song-TvFxLzQf</loc>
    </url>
    <url>
      <loc>https://mobcup-ringtones.online/chanda-jaisa-tu-mere-shona-Ypicq9an</loc>
    </url>
    <url>
      <loc>https://mobcup-ringtones.online/ambar-pe-mere-ek-hi-tara-papa-meri-jaan-animal-hindi-song-rNTtmPLt</loc>
    </url>
    <url>
      <loc>https://mobcup-ringtones.online/papa-meri-jaan-whistle-Rp9ovYgH</loc>
    </url>
    <url>
      <loc>https://mobcup-ringtones.online/na-suryudivi-song-prG2ZkB5</loc>
    </url>
    <url>
      <loc>https://mobcup-ringtones.online/mera-jag-sara-ho-tum-papa-meri-jaan-animal-hindi-TfOFdtG6</loc>
    </url>
    <url>
      <loc>https://mobcup-ringtones.online/na-koi-khuda-mera-tere-siva-papa-meri-jaan-animal-hindi-song-92JgH9aJ</loc>
    </url>
    <url>
      <loc>https://mobcup-ringtones.online/papa-meri-jaan-mere-sang-chalna-ObUvpfrD</loc>
    </url>
    <url>
      <loc>https://mobcup-ringtones.online/ammayi-telugu-song-hwam6Z1t</loc>
    </url>
    <url>
      <loc>https://mobcup-ringtones.online/ammayi-telugu-PTjykFwC</loc>
    </url>
    <url>
      <loc>https://mobcup-ringtones.online/animal-movie-bgm-mjBNFTzU</loc>
    </url>
    <url>
      <loc>https://mobcup-ringtones.online/papa-meri-jaan-female-version-peaZWHpF</loc>
    </url>
    <url>
      <loc>https://mobcup-ringtones.online/jeeva-neene-martin-kannada-love-sSDmGTlz</loc>
    </url>
    <url>
      <loc>https://mobcup-ringtones.online/sandese-aate-hai-FBM3ir6r</loc>
    </url>
    <url>
      <loc>https://mobcup-ringtones.online/mera-rang-de-basanti-chola-XfqQo0CE</loc>
    </url>
    <url>
      <loc>https://mobcup-ringtones.online/aye-gujarne-wali-hawa-bata-XkMsQvSG</loc>
    </url>
    <url>
      <loc>https://mobcup-ringtones.online/bitiya-rani-lata-mangeshwar-X9uvLB05</loc>
    </url>
    <url>
      <loc>https://mobcup-ringtones.online/taare-zameen-par-ringtone-download-1uEq2aep</loc>
    </url>
    <url>
      <loc>https://mobcup-ringtones.online/bum-bum-bole-qu75JwMu</loc>
    </url>
    <url>
      <loc>https://mobcup-ringtones.online/ashutosh-shashank-shekhar-SZOaqeD8</loc>
    </url>
    <url>
      <loc>https://mobcup-ringtones.online/animal-kadhal-rojave-bgm-GCEbfXDA</loc>
    </url>
    <url>
      <loc>https://mobcup-ringtones.online/papa-meri-jaan-lyrics-Tv1R0nsQ</loc>
    </url>
    <url>
      <loc>https://mobcup-ringtones.online/tu-hi-mera-jannat-2-xqMphGZ5</loc>
    </url>
    <url>
      <loc>https://mobcup-ringtones.online/dost-banke-rehte-hai-na-DWy5cOKN</loc>
    </url>
    <url>
      <loc>https://mobcup-ringtones.online/dost-banke-rahat-fateh-ali-khan-gurnazar-hindi-song-w0jrPxwg</loc>
    </url>
    <url>
      <loc>https://mobcup-ringtones.online/patta-anaro-ka-EMgGs65p</loc>
    </url>
    <url>
      <loc>https://mobcup-ringtones.online/criminal-song-mPTyIqla</loc>
    </url>
    <url>
      <loc>https://mobcup-ringtones.online/behte-hai-na-behte-hai-na-dost-banke-rahat-fateh-ali-khan-sad-song-xsLU2n17</loc>
    </url>
    <url>
      <loc>https://mobcup-ringtones.online/chaiyya-chaiyya-song-PDagSVFK</loc>
    </url>
    <url>
      <loc>https://mobcup-ringtones.online/desh-rangila-rangila-2v7NuYIb</loc>
    </url>
    <url>
      <loc>https://mobcup-ringtones.online/jannat-2-sad-bgm-nibBOzeE</loc>
    </url>
    <url>
      <loc>https://mobcup-ringtones.online/dil-sambhal-ja-zara-phir-mohabbat-song-ANk3QLGg</loc>
    </url>
    <url>
      <loc>https://mobcup-ringtones.online/sajni-re-qyNpFELz</loc>
    </url>
    <url>
      <loc>https://mobcup-ringtones.online/baundule-ghuri-song-KL9O2Jzz</loc>
    </url>
    <url>
      <loc>https://mobcup-ringtones.online/friendship-song-5kQ1mMqM</loc>
    </url>
    <url>
      <loc>https://mobcup-ringtones.online/o-sajni-re-ringtone-download-XPBcgToY</loc>
    </url>
    <url>
      <loc>https://mobcup-ringtones.online/dil-ka-shehar-tu-hai-acchi-khabar-hai-tu-nGdK1KOy</loc>
    </url>
    <url>
      <loc>https://mobcup-ringtones.online/dil-ka-shehar-yu-hai-accui-lhabar-tu-hai-iuF8wceH</loc>
    </url>
    <url>
      <loc>https://mobcup-ringtones.online/har-har-gange-instrumental-ed0YDCRy</loc>
    </url>
    <url>
      <loc>https://mobcup-ringtones.online/sajni-re-arijit-singh-hindi-q96XZOPs</loc>
    </url>
    <url>
      <loc>https://mobcup-ringtones.online/dil-ka-shehar-tu-hai-ringtone-download-pagalworld-mp3-g23OyAik</loc>
    </url>
    <url>
      <loc>https://mobcup-ringtones.online/jai-shree-ram-ringtone-download-mp3-bSiztmr2</loc>
    </url>
    <url>
      <loc>https://mobcup-ringtones.online/do-naino-ke-pechida-arijit-song-hindi-W06y2Z87</loc>
    </url>
    <url>
      <loc>https://mobcup-ringtones.online/bolna-arijit-singh-KYW8EeDp</loc>
    </url>
    <url>
      <loc>https://mobcup-ringtones.online/talab-hai-tu-tu-hai-nasha-gulam-isqa-ya-mare-k78SHLKj</loc>
    </url>
    <url>
      <loc>https://mobcup-ringtones.online/chal-chal-ve-tu-bandeya-arijit-singh-8Mk6xY1G</loc>
    </url>
    <url>
      <loc>https://mobcup-ringtones.online/ami-baundule-ghuri-iHnQQOKB</loc>
    </url>
    <url>
      <loc>https://mobcup-ringtones.online/baatein-ye-kabhi-na-song-gcaQAtxk</loc>
    </url>
    <url>
      <loc>https://mobcup-ringtones.online/baundula-ghuri-Si8FufaF</loc>
    </url>
    <url>
      <loc>https://mobcup-ringtones.online/baundule-ghuri-GijKq8PX</loc>
    </url>
    <url>
      <loc>https://mobcup-ringtones.online/satranga-arijit-singh-hindi-nUV3k66v</loc>
    </url>
    <url>
      <loc>https://mobcup-ringtones.online/talab-hai-tu-tu-hai-nasha-ringtone-download-mp3-bvdColIt</loc>
    </url>
    <url>
      <loc>https://mobcup-ringtones.online/tere-naal-tere-naal-preeta-layia-0qbJQLYH</loc>
    </url>
    <url>
      <loc>https://mobcup-ringtones.online/ve-kamleya-instrumental-flute-22rDMmJr</loc>
    </url>
    <url>
      <loc>https://mobcup-ringtones.online/bojhabo-ki-kore-bengali-song-UrDKA0qO</loc>
    </url>
    <url>
      <loc>https://mobcup-ringtones.online/aanchal-tera-rahe-maa-desh-mere-arijit-singh-S3JzcVGI</loc>
    </url>
    <url>
      <loc>https://mobcup-ringtones.online/bate-ye-kabhi-to-bhool-na-koi-rLFfa11K</loc>
    </url>
    <url>
      <loc>https://mobcup-ringtones.online/raksha-bandhan-movie-ringtone-download-mp3-BMZr1ozy</loc>
    </url>
    <url>
      <loc>https://mobcup-ringtones.online/adha-tera-ishq-adha-mera-puri-hoi-chondrama-oXKnENEI</loc>
    </url>
    <url>
      <loc>https://mobcup-ringtones.online/tere-naal-preeta-laiya-3XD0SOUI</loc>
    </url>
    <url>
      <loc>https://mobcup-ringtones.online/august-15-ringtone-download-RjQU04dB</loc>
    </url>
    <url>
      <loc>https://mobcup-ringtones.online/ae-dil-hai-mushkil-arijit-singh-rPrepIDJ</loc>
    </url>
    <url>
      <loc>https://mobcup-ringtones.online/main-rahoon-na-tere-bina-tu-rehna-mere-bina-XzMBGlcz</loc>
    </url>
    <url>
      <loc>https://mobcup-ringtones.online/koi-bataye-ye-kaise-thame-tere-bina-ab-kaise-jiye-mH30FYmc</loc>
    </url>
    <url>
      <loc>https://mobcup-ringtones.online/tumse-hi-to-khilte-sare-taxuqPe6</loc>
    </url>
    <url>
      <loc>https://mobcup-ringtones.online/o-sajni-re-instrumental-aOU7rhJi</loc>
    </url>
    <url>
      <loc>https://mobcup-ringtones.online/koi-bataye-ye-kaise-thame-o-sajni-re-arijit-singh-laapataa-ladies-KEJLcWMj</loc>
    </url>
    <url>
      <loc>https://mobcup-ringtones.online/tere-bina-ab-kaise-jiye-o-sajni-re-xqodPblf</loc>
    </url>
    <url>
      <loc>https://mobcup-ringtones.online/main-rahoon-na-main-tere-bina-song-kZxA14Y4</loc>
    </url>
    <url>
      <loc>https://mobcup-ringtones.online/sailaab-jo-mere-seene-mein-hai-o-sajni-re-arijit-singh-laapataa-ladies-Hv6DEaS8</loc>
    </url>
    <url>
      <loc>https://mobcup-ringtones.online/main-rahoon-na-main-tere-bina-song-wEa5Dfsu</loc>
    </url>
    <url>
      <loc>https://mobcup-ringtones.online/sailaab-jo-mere-seene-mein-hai-koi-bataye-ye-kaise-thame-vDzdidba</loc>
    </url>
    <url>
      <loc>https://mobcup-ringtones.online/kaise-ho-tujhse-baat-o-sajni-re-arijit-singh-laapataa-ladies-DdBGjwcl</loc>
    </url>
    <url>
      <loc>https://mobcup-ringtones.online/teri-kami-ki-baarish-liye-sailaab-jo-mere-seene-mein-hai-wQVwZjXJ</loc>
    </url>
    <url>
      <loc>https://mobcup-ringtones.online/kaise-ghane-re-badra-ghire-o-sajni-re-arijit-singh-laapataa-ladies-uzYhvXYU</loc>
    </url>
    <url>
      <loc>https://mobcup-ringtones.online/kaise-ghanere-badra-ghire-teri-kami-ki-baarish-liye-7sKvXrmy</loc>
    </url>
    <url>
      <loc>https://mobcup-ringtones.online/o-sajni-re-kaise-kate-din-raat-o-sajni-re-arijit-singh-laapataa-ladies-DgMf0tTF</loc>
    </url>
    <url>
      <loc>https://mobcup-ringtones.online/teri-yaad-satave-re-o-sajni-re-arijit-singh-laapataa-ladies-sn7fHMc3</loc>
    </url>
    <url>
      <loc>https://mobcup-ringtones.online/kaise-ho-tujhse-baat-teri-yaad-satave-re-rFApXkhv</loc>
    </url>
    <url>
      <loc>https://mobcup-ringtones.online/teri-kami-ki-baarish-liye-o-sajni-re-arijit-singh-laapataa-ladies-Tp5irfes</loc>
    </url>
    <url>
      <loc>https://mobcup-ringtones.online/kaise-kate-din-raat-o-sajni-re-arijit-singh-laapataa-ladies-yetWAc4S</loc>
    </url>
    <url>
      <loc>https://mobcup-ringtones.online/kaise-kate-din-raat-kaise-ho-tujhse-baat-rgZJom10</loc>
    </url>
    <url>
      <loc>https://mobcup-ringtones.online/o-desh-mere-OfsqGeqj</loc>
    </url>
    <url>
      <loc>https://mobcup-ringtones.online/desh-bhakti-song-ringtone-download-pagalworld-uHGeAdHG</loc>
    </url>
    <url>
      <loc>https://mobcup-ringtones.online/teri-dhoop-se-roshan-OcuBu1kw</loc>
    </url>
    <url>
      <loc>https://mobcup-ringtones.online/aanchal-tera-rahe-maa-desh-mere-arijit-singh-42R17KNA</loc>
    </url>
    <url>
      <loc>https://mobcup-ringtones.online/independence-day-2024-aQ21eQTH</loc>
    </url>
    <url>
      <loc>https://mobcup-ringtones.online/desh-bhakti-song-ringtone-download-pagalworld-4O7HwG7M</loc>
    </url>
    <url>
      <loc>https://mobcup-ringtones.online/dhago-se-bandha-raksha-bandhan-instrumental-7DYpuMaa</loc>
    </url>
    <url>
      <loc>https://mobcup-ringtones.online/o-desh-mere-arijit-singh-lofi-CBmQJpCM</loc>
    </url>
    <url>
      <loc>https://mobcup-ringtones.online/desh-mere-song-download-pagalworld-FnNSv6jx</loc>
    </url>
    <url>
      <loc>https://mobcup-ringtones.online/aanchal-tera-rahe-maa-instrumental-Wcgx908N</loc>
    </url>
    <url>
      <loc>https://mobcup-ringtones.online/do-naino-ke-pechida-sa-galiyara-Y2gLNAQL</loc>
    </url>
    <url>
      <loc>https://mobcup-ringtones.online/aanchal-tera-rahe-maa-RTN067Sr</loc>
    </url>
    <url>
      <loc>https://mobcup-ringtones.online/marzi-teri-jee-bhar-le-aa-ve-kamleya-arijit-singh-hindi-UFwm6qC2</loc>
    </url>
    <url>
      <loc>https://mobcup-ringtones.online/din-ko-raat-kahegi-to-main-raat-kahu-p3wuY2qC</loc>
    </url>
    <url>
      <loc>https://mobcup-ringtones.online/kasti-hai-duniya-kass-le-fikre-tane-ve-kamleya-arijit-singh-hindi-eFQDWwgD</loc>
    </url>
    <url>
      <loc>https://mobcup-ringtones.online/ungli-pe-aakhir-ginta-bhi-tu-hai-kahan-ve-kamleya-arijit-singh-hindi-SpRNeJxt</loc>
    </url>
    <url>
      <loc>https://mobcup-ringtones.online/woh-din-bhi-kya-din-the-Sn15rjjI</loc>
    </url>
    <url>
      <loc>https://mobcup-ringtones.online/ve-kamleya-Rtl6eTI5</loc>
    </url>
    <url>
      <loc>https://mobcup-ringtones.online/tera-yaar-hoon-main-c75gJxzg</loc>
    </url>
    <url>
      <loc>https://mobcup-ringtones.online/tera-dil-dukha-de-jo-aisi-na-baat-kar-JbSJqTsF</loc>
    </url>
    <url>
      <loc>https://mobcup-ringtones.online/ja-karna-hai-toh-pyar-kar-ve-kamleya-arijit-singh-hindi-TVorx7sH</loc>
    </url>
    <url>
      <loc>https://mobcup-ringtones.online/tujhpe-khud-se-zyada-yaar-ki-chalti-hai-ve-kamleya-shreya-ghoshal-hindi-GagtNfZC</loc>
    </url>
    <url>
      <loc>https://mobcup-ringtones.online/manmarzi-karke-dekh-le-ve-kamleya-arijit-singh-hindi-AwiQNV02</loc>
    </url>
    <url>
      <loc>https://mobcup-ringtones.online/jinpe-chalke-manzil-milni-aasan-ho-ve-kamleya-arijit-singh-hindi-ryraeZKS</loc>
    </url>
    <url>
      <loc>https://mobcup-ringtones.online/sunta-bhi-tu-hai-kahan-ve-kamleya-arijit-singh-hindi-H0iCWzrK</loc>
    </url>
    <url>
      <loc>https://mobcup-ringtones.online/ishq-hai-ye-tera-ya-teri-galti-hai-ve-kamleya-shreya-ghoshal-hindi-bPrKo8Gg</loc>
    </url>
    <url>
      <loc>https://mobcup-ringtones.online/tujhko-ambar-se-pinjre-jyada-pyare-ve-kamleya-arijit-singh-hindi-cZQqYwkc</loc>
    </url>
    <url>
      <loc>https://mobcup-ringtones.online/agar-sawab-hai-toh-kyu-saza-milti-hai-ve-kamleya-arijit-singh-hindi-QnCR25Ko</loc>
    </url>
    <url>
      <loc>https://mobcup-ringtones.online/vaise-raste-tu-chunta-hai-kahan-ho-ve-kamleya-arijit-singh-hindi-J7t543ED</loc>
    </url>
    <url>
      <loc>https://mobcup-ringtones.online/zid-poori-phir-ik-baar-kar-ve-kamleya-arijit-singh-hindi-HCIe4TJY</loc>
    </url>
    <url>
      <loc>https://mobcup-ringtones.online/tere-sang-ishq-hua-o3GBmFAl</loc>
    </url>
    <url>
      <loc>https://mobcup-ringtones.online/inme-khokar-tu-milta-hai-kahan-ve-kamleya-arijit-singh-hindi-P7PmStbO</loc>
    </url>
    <url>
      <loc>https://mobcup-ringtones.online/o-sajni-re-kaise-kate-din-raat-Hu4yV44Q</loc>
    </url>
    <url>
      <loc>https://mobcup-ringtones.online/o-sajni-re-sajni-laapataa-ladies-arijit-singh-ez7ZUweK</loc>
    </url>
    <url>
      <loc>https://mobcup-ringtones.online/tere-bin-x-sajni-re-sLX3n5CK</loc>
    </url>
    <url>
      <loc>https://mobcup-ringtones.online/sukh-ke-sab-sathi-nhSrzQB9</loc>
    </url>
    <url>
      <loc>https://mobcup-ringtones.online/mere-pyar-ko-song-hF1JtKQf</loc>
    </url>
    <url>
      <loc>https://mobcup-ringtones.online/mere-ram-mere-ram-tera-naam-ek-sacha-duja-na-koi-CSdUptcT</loc>
    </url>
    <url>
      <loc>https://mobcup-ringtones.online/tere-sang-ishq-hua-yodha-arijit-singh-bt772NUK</loc>
    </url>
    <url>
      <loc>https://mobcup-ringtones.online/tere-naam-se-naam-juda-ke-tere-sang-ishq-hua-yodha-arijit-singh-yDKhoHd5</loc>
    </url>
    <url>
      <loc>https://mobcup-ringtones.online/angli-ghumai-jaata-ne-biru-kataria-sweta-chauhan-dA9VI43R</loc>
    </url>
    <url>
      <loc>https://mobcup-ringtones.online/angli-ghumai-jaata-ne-F2alB29E</loc>
    </url>
    <url>
      <loc>https://mobcup-ringtones.online/mach-gaya-shor-MBuX9qCa</loc>
    </url>
    <url>
      <loc>https://mobcup-ringtones.online/angli-ghumai-jaata-ne-rahul-puthi-haryanvi-song-kElCrtuY</loc>
    </url>
    <url>
      <loc>https://mobcup-ringtones.online/mere-ram-mere-ram-tera-naam-ek-sacha-ekVcFJHj</loc>
    </url>
    <url>
      <loc>https://mobcup-ringtones.online/about-her-rahul-padana-haryanvi-song-kxh9xGas</loc>
    </url>
    <url>
      <loc>https://mobcup-ringtones.online/about-her-jyoti-chauhan-haryanvi-lkita1gy</loc>
    </url>
    <url>
      <loc>https://mobcup-ringtones.online/about-her-saurabh-chauhan-haryanvi-song-IADVv6CL</loc>
    </url>
    <url>
      <loc>https://mobcup-ringtones.online/kaarkuzhal-kadavaiye-bgm-dgynffVu</loc>
    </url>
    <url>
      <loc>https://mobcup-ringtones.online/angli-ghumai-jaata-ne-song-xvGd5pbn</loc>
    </url>
    <url>
      <loc>https://mobcup-ringtones.online/gajanana-shri-ganraya-ringtone-download-WkqjDsgX</loc>
    </url>
    <url>
      <loc>https://mobcup-ringtones.online/gajanana-shri-ganraya-oGjwS5BX</loc>
    </url>
    <url>
      <loc>https://mobcup-ringtones.online/anbae-peranbae-instrumental-bgm-wK2FBMYC</loc>
    </url>
    <url>
      <loc>https://mobcup-ringtones.online/radhe-krishna-ki-jyoti-alokik-1mNM8dQQ</loc>
    </url>
    <url>
      <loc>https://mobcup-ringtones.online/achyutam-keshavam-ringtone-download-pagalworld-female-version-mJ1D2i2K</loc>
    </url>
    <url>
      <loc>https://mobcup-ringtones.online/ab-bhi-chahu-ishq-nibhau-yimmy-yimmy-shreya-ghoshal-lyupeveL</loc>
    </url>
    <url>
      <loc>https://mobcup-ringtones.online/jai-radha-madhav-ringtone-download-9V7tojio</loc>
    </url>
    <url>
      <loc>https://mobcup-ringtones.online/yimmy-yimmy-tayc-shreya-ghoshal-jacqueline-NXIY8QcA</loc>
    </url>
    <url>
      <loc>https://mobcup-ringtones.online/jai-radha-madhav-song-9qY86B3m</loc>
    </url>
    <url>
      <loc>https://mobcup-ringtones.online/achyutam-keshavam-shreya-ghoshal-0yZoSt9a</loc>
    </url>
    <url>
      <loc>https://mobcup-ringtones.online/shaukan-ulajh-janhvi-kapoor-wteiJmVs</loc>
    </url>
    <url>
      <loc>https://mobcup-ringtones.online/shaukan-ulajh-jubin-nautiyal-iuO5nyla</loc>
    </url>
    <url>
      <loc>https://mobcup-ringtones.online/meri-rakhi-ki-dor-CNP3idcI</loc>
    </url>
    <url>
      <loc>https://mobcup-ringtones.online/jai-radha-madhav-jai-kunj-bihari-YZKEpB5Y</loc>
    </url>
    <url>
      <loc>https://mobcup-ringtones.online/jai-radha-madhav-jagjit-singh-AoFDRrHE</loc>
    </url>
    <url>
      <loc>https://mobcup-ringtones.online/koi-rasta-dikha-mohabbat-bula-rahi-hai-ankit-tiwari-pKPZ8W9K</loc>
    </url>
    <url>
      <loc>https://mobcup-ringtones.online/shaukan-ulajh-neha-kakkar-hindi-song-YoxUjtcK</loc>
    </url>
    <url>
      <loc>https://mobcup-ringtones.online/jai-radha-madhav-n0U6sA6D</loc>
    </url>
    <url>
      <loc>https://mobcup-ringtones.online/yaad-piya-ki-aane-lagi-song-gbuVVkjy</loc>
    </url>
    <url>
      <loc>https://mobcup-ringtones.online/koi-rasta-dikha-jo-de-tujhse-mila-Lf2wrMTl</loc>
    </url>
    <url>
      <loc>https://mobcup-ringtones.online/je-ka-baagh-ka-kareja-IIk2PMMM</loc>
    </url>
    <url>
      <loc>https://mobcup-ringtones.online/hind-ke-sitara-oT69mJIP</loc>
    </url>
    <url>
      <loc>https://mobcup-ringtones.online/baar-baar-sukhwinder-singh-hindi-song-5T8fICpK</loc>
    </url>
    <url>
      <loc>https://mobcup-ringtones.online/baar-baar-renuka-panwar-hindi-RmsNNYvr</loc>
    </url>
    <url>
      <loc>https://mobcup-ringtones.online/bagh-ke-kareja-TIFbvGzV</loc>
    </url>
    <url>
      <loc>https://mobcup-ringtones.online/akhiyan-gulab-7THuW7RJ</loc>
    </url>
    <url>
      <loc>https://mobcup-ringtones.online/baar-baar-priyanka-chahar-choudhary-ankit-gupta-bB0biOxL</loc>
    </url>
    <url>
      <loc>https://mobcup-ringtones.online/akhiyan-gulab-song-fB225jbj</loc>
    </url>
    <url>
      <loc>https://mobcup-ringtones.online/ae-raja-ji-hind-ke-sitara-panchayat-manoj-tiwari-HnTbtWY9</loc>
    </url>
    <url>
      <loc>https://mobcup-ringtones.online/tumse-kiran-dhoop-ki-raghav-chaitanya-hindi-love-GYLj85gj</loc>
    </url>
    <url>
      <loc>https://mobcup-ringtones.online/chahe-me-kahu-ya-me-na-kahu-mera-dil-teri-yad-me-rota-he-UkI5XEBn</loc>
    </url>
    <url>
      <loc>https://mobcup-ringtones.online/shara-kashhanae-gavatha-hara-marara-ragatana-daunalda-hXH4Xbva</loc>
    </url>
    <url>
      <loc>https://mobcup-ringtones.online/hai-katha-sangram-ki-fd2O7v6z</loc>
    </url>
    <url>
      <loc>https://mobcup-ringtones.online/man-mandir-me-saje-bihari-female-version-U0nXcdSO</loc>
    </url>
    <url>
      <loc>https://mobcup-ringtones.online/kishori-kuch-aisa-intjam-ho-jaye-Gb3K3piw</loc>
    </url>
    <url>
      <loc>https://mobcup-ringtones.online/tumse-kiran-dhoop-ki-2Ms0mhVk</loc>
    </url>
    <url>
      <loc>https://mobcup-ringtones.online/dil-teri-yaad-mein-rotaa-hai-song-etp2RfEX</loc>
    </url>
    <url>
      <loc>https://mobcup-ringtones.online/tumse-kiran-dhoop-ki-shahid-kapoor-teri-baaton-mein-aisa-uljha-F2oPjyNq</loc>
    </url>
    <url>
      <loc>https://mobcup-ringtones.online/om-namah-shivay-anuradha-paudwal-IlT4F2pY</loc>
    </url>
    <url>
      <loc>https://mobcup-ringtones.online/hare-rama-hare-krishna-OadJox00</loc>
    </url>
    <url>
      <loc>https://mobcup-ringtones.online/mere-sukh-dukh-ki-rakhte-ho-khabar-ringtone-download-hindi-OG3Z9H1q</loc>
    </url>
    <url>
      <loc>https://mobcup-ringtones.online/jai-hanumant-sant-hitkari-bajrang-baan-JZ6vctiK</loc>
    </url>
    <url>
      <loc>https://mobcup-ringtones.online/mahamrityunjay-mantra-a5N35W6v</loc>
    </url>
    <url>
      <loc>https://mobcup-ringtones.online/har-har-shambhu-BrZqCrm3</loc>
    </url>
    <url>
      <loc>https://mobcup-ringtones.online/prabisi-nagar-kije-sab-kaja-Q0gBYKcg</loc>
    </url>
    <url>
      <loc>https://mobcup-ringtones.online/kanudo-jilva-hendyo-re-ringtone-mp3-download-ymbY0vYj</loc>
    </url>
    <url>
      <loc>https://mobcup-ringtones.online/om-enum-pranava-manthira-kandhane-song-YlUO3C2X</loc>
    </url>
    <url>
      <loc>https://mobcup-ringtones.online/dekhi-tere-darbar-maa-chhoti-chhoti-kanyaye-mp3-download-6cgjcG1R</loc>
    </url>
    <url>
      <loc>https://mobcup-ringtones.online/tujhse-preet-lagi-hai-radhe-krishna-chaturvedi-hkNx2fgI</loc>
    </url>
    <url>
      <loc>https://mobcup-ringtones.online/powerful-hanuman-chalisa-6Ua0SG8d</loc>
    </url>
    <url>
      <loc>https://mobcup-ringtones.online/hara-hu-baba-par-tujhpe-bharosa-hai-hindi-lyrics-f15AAV0b</loc>
    </url>
    <url>
      <loc>https://mobcup-ringtones.online/keejo-kesari-ke-laal-lakhbir-singh-lakkha-CLt50yP2</loc>
    </url>
    <url>
      <loc>https://mobcup-ringtones.online/bhawna-jaisi-rahi-jeev-ke-maan-JuT1bYJx</loc>
    </url>
    <url>
      <loc>https://mobcup-ringtones.online/sanand-manand-FQEGoP7l</loc>
    </url>
    <url>
      <loc>https://mobcup-ringtones.online/dreamcatcher-Uzv2XAXQ</loc>
    </url>
    <url>
      <loc>https://mobcup-ringtones.online/radhe-radhe-bol-mana-hansraj-raghuwanshi-jl6y3Wfj</loc>
    </url>
    <url>
      <loc>https://mobcup-ringtones.online/radha-nu-roop-che-DEPoRi1O</loc>
    </url>
    <url>
      <loc>https://mobcup-ringtones.online/om-tryambakam-yajamahe-remix-sQm74QPG</loc>
    </url>
    <url>
      <loc>https://mobcup-ringtones.online/kanji-tari-maa-kese-mp3-FRTMapbw</loc>
    </url>
    <url>
      <loc>https://mobcup-ringtones.online/sanson-ki-mala-pe-simru-me-shiv-ka-naam-VTSdiU0K</loc>
    </url>
    <url>
      <loc>https://mobcup-ringtones.online/hotline-bling-GbGJWD7b</loc>
    </url>
    <url>
      <loc>https://mobcup-ringtones.online/ram-rasiya-hu-me-shree-ram-janki-prem-mehra-tt2Yo5np</loc>
    </url>
    <url>
      <loc>https://mobcup-ringtones.online/nee-pottu-vacha-thanga-kudam-tamil-song-vqLP8JoX</loc>
    </url>
    <url>
      <loc>https://mobcup-ringtones.online/tohfa-instrumental-ringtone-download-s6YjTY7i</loc>
    </url>
    <url>
      <loc>https://mobcup-ringtones.online/mangal-bhavan-amangal-hari-4y0pym8b</loc>
    </url>
    <url>
      <loc>https://mobcup-ringtones.online/shree-ram-janki-instrumental-bgm-9LaaNaKt</loc>
    </url>
    <url>
      <loc>https://mobcup-ringtones.online/mano-to-ganga-maa-hu-l10tJS5E</loc>
    </url>
    <url>
      <loc>https://mobcup-ringtones.online/radha-krishna-serial-ringtone-mp3-download-TjD6Lco8</loc>
    </url>
    <url>
      <loc>https://mobcup-ringtones.online/i-wish-you-happy-birthday-ringtone-mp3-download-audio-qonHvewN</loc>
    </url>
    <url>
      <loc>https://mobcup-ringtones.online/badli-badli-laage-sapna-chaudhary-haryanvi-XIMy9qhU</loc>
    </url>
    <url>
      <loc>https://mobcup-ringtones.online/manathe-manithumba-song-download-mp3-HAH0RXr9</loc>
    </url>
    <url>
      <loc>https://mobcup-ringtones.online/ek-bar-jo-raghubar-ki-nazron-ka-ringtone-mp3-download-pagalworld-IEeiMwKQ</loc>
    </url>
    <url>
      <loc>https://mobcup-ringtones.online/nako-punha-jau-atta-wuI66jQh</loc>
    </url>
    <url>
      <loc>https://mobcup-ringtones.online/sakkathagavle-song-ringtone-download-tQpc4cjQ</loc>
    </url>
    <url>
      <loc>https://mobcup-ringtones.online/hare-krishna-song-8WjLUp9x</loc>
    </url>
    <url>
      <loc>https://mobcup-ringtones.online/chal-diye-tum-kahan-0lIPJdA0</loc>
    </url>
    <url>
      <loc>https://mobcup-ringtones.online/maula-mere-maula-mere-flute-version-0tIOEete</loc>
    </url>
    <url>
      <loc>https://mobcup-ringtones.online/hare-krishna-hare-krishna-female-version-0RspSZtK</loc>
    </url>
    <url>
      <loc>https://mobcup-ringtones.online/hua-shankhnaad-ringtone-mp3-download-CDixXxtn</loc>
    </url>
    <url>
      <loc>https://mobcup-ringtones.online/ishq-faheem-abdullah-pujnAEKQ</loc>
    </url>
    <url>
      <loc>https://mobcup-ringtones.online/guru-shishyaru-kannada-Op5kSk7J</loc>
    </url>
    <url>
      <loc>https://mobcup-ringtones.online/gurugalu-namma-gurugalu-ZtPZsR5m</loc>
    </url>
    <url>
      <loc>https://mobcup-ringtones.online/ram-aayenge-jaya-kishori-LOc41kZR</loc>
    </url>
    <url>
      <loc>https://mobcup-ringtones.online/dekha-hazaro-dafa-iwZeRAK7</loc>
    </url>
    <url>
      <loc>https://mobcup-ringtones.online/ram-aayenge-pujya-prembhushanji-maharaj-999A69w3</loc>
    </url>
    <url>
      <loc>https://mobcup-ringtones.online/gurugalu-namma-gurugalu-kannada-download-P66Zg4Hf</loc>
    </url>
    <url>
      <loc>https://mobcup-ringtones.online/ram-aayenge-swati-mishra-6tlJ3n1q</loc>
    </url>
    <url>
      <loc>https://mobcup-ringtones.online/tere-naina-QoWSLhkh</loc>
    </url>
    <url>
      <loc>https://mobcup-ringtones.online/hua-shankhnaad-0bRA0dqX</loc>
    </url>
    <url>
      <loc>https://mobcup-ringtones.online/hua-shankhnaad-ringtone-mp3-download-xEbalkMA</loc>
    </url>
    <url>
      <loc>https://mobcup-ringtones.online/tera-ishq-h-meri-ibadat-1mVdg984</loc>
    </url>
    <url>
      <loc>https://mobcup-ringtones.online/dwapara-kannada-song-CqjZmiGc</loc>
    </url>
    <url>
      <loc>https://mobcup-ringtones.online/ek-bar-jo-raghubar-ki-nazron-ka-pawan-tiwari-vYYCK1Rr</loc>
    </url>
    <url>
      <loc>https://mobcup-ringtones.online/slow-motion-angreza-ACKbGmHq</loc>
    </url>
    <url>
      <loc>https://mobcup-ringtones.online/ek-bar-jo-raghubar-ki-mMDiAp0Y</loc>
    </url>
    <url>
      <loc>https://mobcup-ringtones.online/nadaniya-song-ringtone-download-XZghlVUZ</loc>
    </url>
    <url>
      <loc>https://mobcup-ringtones.online/ishq-ibaadat-tOPBG1w4</loc>
    </url>
    <url>
      <loc>https://mobcup-ringtones.online/ve-haaniyaan-neha-kakkar-WgwftF86</loc>
    </url>
    <url>
      <loc>https://mobcup-ringtones.online/hamri-uljhan-suljhao-bhagwan-ringtone-download-tTqDcUJ4</loc>
    </url>
    <url>
      <loc>https://mobcup-ringtones.online/ek-baar-jo-raghuvar-ki-nazron-ka-ishara-mil-jaaye-dsKhx8Hp</loc>
    </url>
    <url>
      <loc>https://mobcup-ringtones.online/fen-travis-scott-fMkPMMwH</loc>
    </url>
    <url>
      <loc>https://mobcup-ringtones.online/fashion-ka-jalwa-song-DJ6vfL3T</loc>
    </url>
    <url>
      <loc>https://mobcup-ringtones.online/dwapara-song-instrumental-LLD1EenO</loc>
    </url>
    <url>
      <loc>https://mobcup-ringtones.online/naina-da-kya-kasoor-TgQQOpVq</loc>
    </url>
    <url>
      <loc>https://mobcup-ringtones.online/kaffara-kaffara-drama-siZZGgO9</loc>
    </url>
    <url>
      <loc>https://mobcup-ringtones.online/kapda-matching-karva-che-FH4TAV9N</loc>
    </url>
    <url>
      <loc>https://mobcup-ringtones.online/kaffara-ost-wZI3Grfs</loc>
    </url>
    <url>
      <loc>https://mobcup-ringtones.online/krishna-enchanting-flute-FP4mCsw4</loc>
    </url>
    <url>
      <loc>https://mobcup-ringtones.online/dwapara-song-bgm-tDzUhqyD</loc>
    </url>
    <url>
      <loc>https://mobcup-ringtones.online/nissan-altima-doechii-igdO3rV8</loc>
    </url>
    <url>
      <loc>https://mobcup-ringtones.online/chal-diye-tum-kahan-song-RDtHgTsK</loc>
    </url>
    <url>
      <loc>https://mobcup-ringtones.online/sarphira-song-C40UgC8L</loc>
    </url>
    <url>
      <loc>https://mobcup-ringtones.online/ishq-faheem-abdullah-hindi-love-Ff8lHJxp</loc>
    </url>
    <url>
      <loc>https://mobcup-ringtones.online/baagh-ka-kareja-song-DJUBSWBl</loc>
    </url>
    <url>
      <loc>https://mobcup-ringtones.online/chambyali-mashup-3WLDWALY</loc>
    </url>
    <url>
      <loc>https://mobcup-ringtones.online/rongapanir-botol-song-TTA5sKrQ</loc>
    </url>
    <url>
      <loc>https://mobcup-ringtones.online/radhe-radhe-barsane-wali-song-JsA708pT</loc>
    </url>
    <url>
      <loc>https://mobcup-ringtones.online/bas-yaadein-reh-jati-hai-SzFSeAKh</loc>
    </url>
    <url>
      <loc>https://mobcup-ringtones.online/adhi-adhi-raat-3TeiGOla</loc>
    </url>
    <url>
      <loc>https://mobcup-ringtones.online/heart-touching-bansuri-vc2ceZGX</loc>
    </url>
    <url>
      <loc>https://mobcup-ringtones.online/bagh-ka-kareja-fYOPiZVD</loc>
    </url>
    <url>
      <loc>https://mobcup-ringtones.online/bibi-phonk-br-wCYmvQur</loc>
    </url>
    <url>
      <loc>https://mobcup-ringtones.online/bhiga-bhiga-hai-sama-EAJBalLt</loc>
    </url>
    <url>
      <loc>https://mobcup-ringtones.online/tujh-bin-popular-instrumental-vvweqImy</loc>
    </url>
    <url>
      <loc>https://mobcup-ringtones.online/bad-boys-cop-song-15SPMSQW</loc>
    </url>
    <url>
      <loc>https://mobcup-ringtones.online/behna-ka-mujhe-sath-bada-hi-pyara-hai-weCDlwJS</loc>
    </url>
    <url>
      <loc>https://mobcup-ringtones.online/baby-rap-fwHgweyh</loc>
    </url>
    <url>
      <loc>https://mobcup-ringtones.online/mere-veer-bhagat-singh-yE4rH5d9</loc>
    </url>
    <url>
      <loc>https://mobcup-ringtones.online/baarish-ban-jaana-song-5iAqgbeD</loc>
    </url>
    <url>
      <loc>https://mobcup-ringtones.online/bas-yade-rha-jatti-h-DCKi2XKp</loc>
    </url>
    <url>
      <loc>https://mobcup-ringtones.online/rubicon-dhanda-nyoliwala-Z2aRTFRk</loc>
    </url>
    <url>
      <loc>https://mobcup-ringtones.online/alone-alan-walker-UeiII5V6</loc>
    </url>
    <url>
      <loc>https://mobcup-ringtones.online/tere-ho-ke-king-hindi-song-ujMTev9z</loc>
    </url>
    <url>
      <loc>https://mobcup-ringtones.online/akhiyan-harkirat-sangha-panjabi-mCe650CU</loc>
    </url>
    <url>
      <loc>https://mobcup-ringtones.online/heer-hai-royi-shibani-kashyap-hindi-song-WvZBERuW</loc>
    </url>
    <url>
      <loc>https://mobcup-ringtones.online/rubicon-dhanda-nyoliwala-haryanvi-songs-AJ7uZqvR</loc>
    </url>
    <url>
      <loc>https://mobcup-ringtones.online/yaar-mere-je-economy-mane-business-class-nahi-chahiye-ZjO4Edrc</loc>
    </url>
    <url>
      <loc>https://mobcup-ringtones.online/apni-thkurani-shree-radhika-rani-B1g5jWQr</loc>
    </url>
    <url>
      <loc>https://mobcup-ringtones.online/radha-krishna-serial-ringtone-download-mp3-pagalworld-JAssXMWy</loc>
    </url>
    <url>
      <loc>https://mobcup-ringtones.online/gaadi-rubicon-dhanda-nyoliwala-haryanvi-1huwRGIN</loc>
    </url>
    <url>
      <loc>https://mobcup-ringtones.online/tu-somehow-mere-ch-samariya-blockbuster-coke-studio-nZNR0uM9</loc>
    </url>
    <url>
      <loc>https://mobcup-ringtones.online/kise-kam-te-aaye-the-kisi-kaam-ke-na-chhode-92xchRFU</loc>
    </url>
    <url>
      <loc>https://mobcup-ringtones.online/chilgadi-banke-udungi-tere-sath-pB0L3Zcv</loc>
    </url>
    <url>
      <loc>https://mobcup-ringtones.online/mafia-style-sidhu-moose-wala-punjabi-song-sb2ELl8W</loc>
    </url>
    <url>
      <loc>https://mobcup-ringtones.online/aati-nahi-hai-bloody-ishq-hindi-ApAyTmF4</loc>
    </url>
    <url>
      <loc>https://mobcup-ringtones.online/travis-scott-fein-lsdcrdPq</loc>
    </url>
    <url>
      <loc>https://mobcup-ringtones.online/ve-kurta-laiyan-main-ludhiana-ie0yvaXz</loc>
    </url>
    <url>
      <loc>https://mobcup-ringtones.online/blockbuster-coke-studio-6wmZOkMj</loc>
    </url>
    <url>
      <loc>https://mobcup-ringtones.online/heer-hai-royi-shibani-kashyap-meet-bros-fBlsvsFJ</loc>
    </url>
    <url>
      <loc>https://mobcup-ringtones.online/aati-nahi-hai-tujhe-dekhe-bina-saans-aati-nahi-hai-bloody-ishq-KwywjvF6</loc>
    </url>
    <url>
      <loc>https://mobcup-ringtones.online/janam-janam-ki-khoj-bataye-ringtone-download-J0cEtSXc</loc>
    </url>
    <url>
      <loc>https://mobcup-ringtones.online/jai-shree-ram-message-tone-child-voice-MSX9YZUw</loc>
    </url>
    <url>
      <loc>https://mobcup-ringtones.online/janam-janam-ki-khoj-bataye-ringtone-download-fzwLsuto</loc>
    </url>
    <url>
      <loc>https://mobcup-ringtones.online/cheri-cheri-lady-Y3MuhfWA</loc>
    </url>
    <url>
      <loc>https://mobcup-ringtones.online/sab-kuch-sarkar-tumhi-se-hai-XKGDg66Q</loc>
    </url>
    <url>
      <loc>https://mobcup-ringtones.online/hare-ram-hare-ram-ram-ram-hare-hare-F5bRLlGg</loc>
    </url>
    <url>
      <loc>https://mobcup-ringtones.online/ram-siya-ram-instrumental-bgm-KxwA2r7v</loc>
    </url>
    <url>
      <loc>https://mobcup-ringtones.online/mangal-bhavan-amangal-hari-instrumental-Wij7bStT</loc>
    </url>
    <url>
      <loc>https://mobcup-ringtones.online/narayan-mil-jayega-jubin-nautiyal-XXIiUVbR</loc>
    </url>
    <url>
      <loc>https://mobcup-ringtones.online/sabri-magan-hai-okaqdc53</loc>
    </url>
    <url>
      <loc>https://mobcup-ringtones.online/hum-katha-sunate-instrumental-7lFDkXMX</loc>
    </url>
    <url>
      <loc>https://mobcup-ringtones.online/sitaram-sitaram-by-krishna-das-8E2jdi9C</loc>
    </url>
    <url>
      <loc>https://mobcup-ringtones.online/ek-bar-jo-raghubar-ki-nazron-ka-ringtone-mp3-download-mobcup-VY5edX73</loc>
    </url>
    <url>
      <loc>https://mobcup-ringtones.online/ram-aayenge-instrumental-ZwLQJfVa</loc>
    </url>
    <url>
      <loc>https://mobcup-ringtones.online/sita-ram-sita-ram-krishna-das-JER99jCi</loc>
    </url>
    <url>
      <loc>https://mobcup-ringtones.online/narayan-mil-jayega-eaiEu1fb</loc>
    </url>
    <url>
      <loc>https://mobcup-ringtones.online/hum-katha-sunate-bhakti-song-FHzGJGhF</loc>
    </url>
    <url>
      <loc>https://mobcup-ringtones.online/aathma-raama-4nqNsInH</loc>
    </url>
    <url>
      <loc>https://mobcup-ringtones.online/jai-shree-ram-notification-ogonPzsJ</loc>
    </url>
    <url>
      <loc>https://mobcup-ringtones.online/eka-bra-ja-raghavara-ka-najara-ka-ragatana-JVz64HD5</loc>
    </url>
    <url>
      <loc>https://mobcup-ringtones.online/ram-aayenge-ringtone-mp3-download-pagalworld-lOv1oWx1</loc>
    </url>
    <url>
      <loc>https://mobcup-ringtones.online/shri-ramchandra-kripalu-bhajman-unjigqpz</loc>
    </url>
    <url>
      <loc>https://mobcup-ringtones.online/ram-aayenge-swati-mishra-44nxSKwT</loc>
    </url>
    <url>
      <loc>https://mobcup-ringtones.online/jai-shri-ram-8xxkI11k</loc>
    </url>
    <url>
      <loc>https://mobcup-ringtones.online/hanuman-ji-chanting-ram-40wUc622</loc>
    </url>
    <url>
      <loc>https://mobcup-ringtones.online/ram-aayenge-instrumental-8zuIBbHn</loc>
    </url>
    <url>
      <loc>https://mobcup-ringtones.online/aathma-raama-song-C8x0J09h</loc>
    </url>
    <url>
      <loc>https://mobcup-ringtones.online/ram-aayenge-to-angana-sajaungi-ringtone-download-mp3-mxP7h2JC</loc>
    </url>
    <url>
      <loc>https://mobcup-ringtones.online/ram-hanuman-voice-LJbQxQ4D</loc>
    </url>
    <url>
      <loc>https://mobcup-ringtones.online/meri-jhopdi-ke-bhag-aaj-khul-jayenge-ram-aayenge-9zoLzW2U</loc>
    </url>
    <url>
      <loc>https://mobcup-ringtones.online/janam-janam-ki-khoj-bataye-9JNG97Pt</loc>
    </url>
    <url>
      <loc>https://mobcup-ringtones.online/ram-krishna-hari-G7olXIHl</loc>
    </url>
    <url>
      <loc>https://mobcup-ringtones.online/ram-aayenge-jgpm0qst</loc>
    </url>
    <url>
      <loc>https://mobcup-ringtones.online/bacha-lo-ram-narci-6uYorQSA</loc>
    </url>
    <url>
      <loc>https://mobcup-ringtones.online/aatham-ram-Pf1GQsP0</loc>
    </url>
    <url>
      <loc>https://mobcup-ringtones.online/jai-shree-ram-girl-voice-cjay6C84</loc>
    </url>
    <url>
      <loc>https://mobcup-ringtones.online/mhara-kanha-mhara-ram-WFT0NlKI</loc>
    </url>
    <url>
      <loc>https://mobcup-ringtones.online/bacha-lo-ram-save-me-ram-narci-yIDpOKTI</loc>
    </url>
    <url>
      <loc>https://mobcup-ringtones.online/meri-jhopdi-ke-bhag-aaj-khul-jayenge-ram-aayenge-swati-mishra-zDhcxR3G</loc>
    </url>
    <url>
      <loc>https://mobcup-ringtones.online/tera-ramji-karenge-beda-paar-i70lh3Dj</loc>
    </url>
    <url>
      <loc>https://mobcup-ringtones.online/har-har-shambhu-W6rT4JmF</loc>
    </url>
    <url>
      <loc>https://mobcup-ringtones.online/lakh-khushian-patshahian-bhakti-waheguru-W2gJqQSE</loc>
    </url>
    <url>
      <loc>https://mobcup-ringtones.online/suno-krishna-pyaare-sZ5jJyrs</loc>
    </url>
    <url>
      <loc>https://mobcup-ringtones.online/mahabharat-krishna-flute-A34t5v6m</loc>
    </url>
    <url>
      <loc>https://mobcup-ringtones.online/suno-krishna-pyaare-ye-vinti-hamari-9QL2b73o</loc>
    </url>
    <url>
      <loc>https://mobcup-ringtones.online/onam-vannallo-karaoke-download-mp3-rQOMPYmE</loc>
    </url>
    <url>
      <loc>https://mobcup-ringtones.online/chirithooki-kaliyadi-NenI3gwP</loc>
    </url>
    <url>
      <loc>https://mobcup-ringtones.online/onam-trap-song-KSUUhPtu</loc>
    </url>
    <url>
      <loc>https://mobcup-ringtones.online/maruthamalai-sathiyama-song-ringtone-download-masstamilan-HhA2PfSn</loc>
    </url>
    <url>
      <loc>https://mobcup-ringtones.online/jai-bajrangbali-kid-voice-wSmM6RYb</loc>
    </url>
    <url>
      <loc>https://mobcup-ringtones.online/onam-songs-malayalam-CxXASb6T</loc>
    </url>
    <url>
      <loc>https://mobcup-ringtones.online/onam-trap-song-download-JpHXZlIb</loc>
    </url>
    <url>
      <loc>https://mobcup-ringtones.online/onapattin-thalam-thullum-song-6MHdIPLC</loc>
    </url>
    <url>
      <loc>https://mobcup-ringtones.online/onam-ringtone-flute-jhjxWqQX</loc>
    </url>
    <url>
      <loc>https://mobcup-ringtones.online/onapattin-thalam-thullum-download-yxD8UaFL</loc>
    </url>
    <url>
      <loc>https://mobcup-ringtones.online/onapattil-thalam-thullum-malayalam-song-5emrpZJF</loc>
    </url>
    <url>
      <loc>https://mobcup-ringtones.online/thiruvavani-ravu-bgm-aw4AVPjo</loc>
    </url>
    <url>
      <loc>https://mobcup-ringtones.online/onam-festival-instrumental-l13BdISk</loc>
    </url>
    <url>
      <loc>https://mobcup-ringtones.online/onam-vannallo-malayalam-song-eBv2d0Ss</loc>
    </url>
    <url>
      <loc>https://mobcup-ringtones.online/onam-bgm-music-mp3-download-Z6mfJDeB</loc>
    </url>
    <url>
      <loc>https://mobcup-ringtones.online/onapattin-thalam-thullum-nKGGC6x5</loc>
    </url>
    <url>
      <loc>https://mobcup-ringtones.online/they-ask-me-how-you-be-like-this-OuS7Phjb</loc>
    </url>
    <url>
      <loc>https://mobcup-ringtones.online/yeah-baby-girl-bring-out-the-goodies-big-dawgs-hanumankind-thoU0Mn8</loc>
    </url>
    <url>
      <loc>https://mobcup-ringtones.online/yeah-swerving-moving-to-the-money-like-its-urgent-M8AhBogn</loc>
    </url>
    <url>
      <loc>https://mobcup-ringtones.online/kerala-bus-horn-download-mp3-ZSo9YYrb</loc>
    </url>
    <url>
      <loc>https://mobcup-ringtones.online/how-you-live-like-this-big-dawgs-hanumankind-english-P7YNgYuy</loc>
    </url>
    <url>
      <loc>https://mobcup-ringtones.online/anything-you-ve-ever-known-anything-youve-done-hJ4WOegf</loc>
    </url>
    <url>
      <loc>https://mobcup-ringtones.online/onapattin-thalam-thullum-instrumental-RawKTMdd</loc>
    </url>
    <url>
      <loc>https://mobcup-ringtones.online/big-dawgs-hanumankind-kalmi-english-xgo8tpIF</loc>
    </url>
    <url>
      <loc>https://mobcup-ringtones.online/hands-on-guy-so-im-in-it-like-a-surgeon-K0DMXU5J</loc>
    </url>
    <url>
      <loc>https://mobcup-ringtones.online/when-i-die-they-will-not-bury-me-not-what-i-want-v30qeKSx</loc>
    </url>
    <url>
      <loc>https://mobcup-ringtones.online/rip-its-in-your-memory-we-carry-on-U6hNjoDM</loc>
    </url>
    <url>
      <loc>https://mobcup-ringtones.online/fresh-fade-getting-faded-on-the-top-grade-big-dawgs-Esp8t3BX</loc>
    </url>
    <url>
      <loc>https://mobcup-ringtones.online/that-is-how-we-know-that-the-flow-about-to-carry-on-ckCY5H2G</loc>
    </url>
    <url>
      <loc>https://mobcup-ringtones.online/burn-my-body-pour-my-ashes-in-a-river-yall-waKKXeAS</loc>
    </url>
    <url>
      <loc>https://mobcup-ringtones.online/and-if-you-dont-deserve-a-cut-then-we-gon-cut-em-off-Pe2gGyCe</loc>
    </url>
    <url>
      <loc>https://mobcup-ringtones.online/fuck-the-laws-big-dawgs-hanumankind-english-b2JbFu1N</loc>
    </url>
    <url>
      <loc>https://mobcup-ringtones.online/the-southern-family-gon-carry-me-to-way-beyond-N9raYaeb</loc>
    </url>
    <url>
      <loc>https://mobcup-ringtones.online/my-barber-got-me-looking-proper-every-single-time-iOk2ICrq</loc>
    </url>
    <url>
      <loc>https://mobcup-ringtones.online/and-you-know-i-gotta-pour-it-for-the-ones-who-gone-Mv32ZMpV</loc>
    </url>
    <url>
      <loc>https://mobcup-ringtones.online/pushing-culture-baby-get-that-product-you-cant-measure-7cFqyIUj</loc>
    </url>
    <url>
      <loc>https://mobcup-ringtones.online/fuck-the-laws-lawyer-with-me-we-aint-gotta-call-0gqsxgUE</loc>
    </url>
    <url>
      <loc>https://mobcup-ringtones.online/swervin-while-i-am-bumpin-project-pat-uh-big-dawgs-hanumankind-hdhCmcbh</loc>
    </url>
    <url>
      <loc>https://mobcup-ringtones.online/top-notch-hoes-get-the-most-not-the-lesser-big-dawgs-G92olNDu</loc>
    </url>
    <url>
      <loc>https://mobcup-ringtones.online/that-is-how-you-make-the-money-pile-for-everyone-involved-xhbA3i3A</loc>
    </url>
    <url>
      <loc>https://mobcup-ringtones.online/yeah-rolling-through-the-city-with-the-big-dogs-iJpQqP3A</loc>
    </url>
    <url>
      <loc>https://mobcup-ringtones.online/i-am-a-big-stepper-big-dawgs-hanumankind-english-RcTZdD4k</loc>
    </url>
    <url>
      <loc>https://mobcup-ringtones.online/straight-terror-product-of-your-errors-6faf5aUr</loc>
    </url>
    <url>
      <loc>https://mobcup-ringtones.online/trendsetter-the-one-who-get-her-wetter-b4i7nTVv</loc>
    </url>
    <url>
      <loc>https://mobcup-ringtones.online/celly-on-silent-but-the-product-end-up-hella-loud-VJR58WOM</loc>
    </url>
    <url>
      <loc>https://mobcup-ringtones.online/ten-toes-in-when-we-standing-on-business-mLKY4gCz</loc>
    </url>
    <url>
      <loc>https://mobcup-ringtones.online/i-am-a-big-stepper-underground-methods-Oc0ZYzkh</loc>
    </url>
    <url>
      <loc>https://mobcup-ringtones.online/hanumankind-big-dawgs-english-song-5g0AVHZO</loc>
    </url>
    <url>
      <loc>https://mobcup-ringtones.online/wait-a-minute-get-it-how-you-live-it-big-dawgs-hanumankind-2K7NR5Rw</loc>
    </url>
    <url>
      <loc>https://mobcup-ringtones.online/mai-hai-na-jubin-nautiyal-payal-dev-xCDI1Kqk</loc>
    </url>
    <url>
      <loc>https://mobcup-ringtones.online/hanumankind-big-dawgs-english-song-yVRNICsS</loc>
    </url>
    <url>
      <loc>https://mobcup-ringtones.online/big-dawgs-hanumankind-WoJIbd4a</loc>
    </url>
    <url>
      <loc>https://mobcup-ringtones.online/big-dawgs-sltXfAx4</loc>
    </url>
    <url>
      <loc>https://mobcup-ringtones.online/mai-hai-na-jubin-nautiyal-kFNEgBGw</loc>
    </url>
    <url>
      <loc>https://mobcup-ringtones.online/meri-maa-ke-barabar-koi-nahi-jubin-OQQ9uyPY</loc>
    </url>
    <url>
      <loc>https://mobcup-ringtones.online/aaj-to-rukna-mushkil-hai-f7bWJ6xR</loc>
    </url>
    <url>
      <loc>https://mobcup-ringtones.online/ishq-tere-bina-bhi-maine-tujhse-hi-kiya-humnava-mere-jubin-nautiyal-hindi-MNEPbqB4</loc>
    </url>
    <url>
      <loc>https://mobcup-ringtones.online/mai-hai-na-payal-dev-bhakti-v3lCrC82</loc>
    </url>
    <url>
      <loc>https://mobcup-ringtones.online/ye-kalratri-kalyani-5dUdGlB1</loc>
    </url>
    <url>
      <loc>https://mobcup-ringtones.online/maa-ka-bulawa-aaya-hai-jubin-nautiyal-CW0RJZwi</loc>
    </url>
    <url>
      <loc>https://mobcup-ringtones.online/he-kalratri-he-kalyani-UyrmAX2G</loc>
    </url>
    <url>
      <loc>https://mobcup-ringtones.online/main-balak-tu-mata-sherawaliye-SnnG77N7</loc>
    </url>
    <url>
      <loc>https://mobcup-ringtones.online/dhup-samay-ki-lakh-sataye-jubin-nautiyal-hindi-HVvgkPs6</loc>
    </url>
    <url>
      <loc>https://mobcup-ringtones.online/dukh-door-hua-mera-sara-rxju3Sal</loc>
    </url>
    <url>
      <loc>https://mobcup-ringtones.online/meri-maa-ke-barabar-koi-nahi-rrGxsaUX</loc>
    </url>
    <url>
      <loc>https://mobcup-ringtones.online/har-waqt-dil-ko-jo-sataye-humnava-mere-jubin-nautiyal-hindi-OnVYfvtq</loc>
    </url>
    <url>
      <loc>https://mobcup-ringtones.online/dil-ab-kahan-hai-dobara-jo-dede-kisi-ko-hum-humnava-mere-jubin-nautiyal-hindi-4KPCK9ja</loc>
    </url>
    <url>
      <loc>https://mobcup-ringtones.online/itne-taare-gine-ki-ungliya-bhi-jal-gayi-humnava-mere-jubin-nautiyal-hindi-fz0EMhwb</loc>
    </url>
    <url>
      <loc>https://mobcup-ringtones.online/har-waqt-dil-ko-jo-sataye-aisi-kami-hai-tu-humnava-mere-jubin-nautiyal-hindi-nR9tshpI</loc>
    </url>
    <url>
      <loc>https://mobcup-ringtones.online/ninde-jake-na-lauti-humnava-mere-jubin-nautiyal-hindi-y6uf5mux</loc>
    </url>
    <url>
      <loc>https://mobcup-ringtones.online/bata-de-kaise-main-jiyunga-tere-bina-humnava-mere-jubin-nautiyal-hindi-0g01pb0J</loc>
    </url>
    <url>
      <loc>https://mobcup-ringtones.online/tu-aakhri-aansu-o-yaara-hai-aakhri-tu-gam-humnava-mere-jubin-nautiyal-hindi-4Aa7w60m</loc>
    </url>
    <url>
      <loc>https://mobcup-ringtones.online/dil-ab-kahan-hai-dobara-jo-dede-kisi-ko-hum-humnava-mere-jubin-nautiyal-hindi-v5ahd6vP</loc>
    </url>
    <url>
      <loc>https://mobcup-ringtones.online/apni-shamo-me-hissa-humnava-mere-jubin-nautiyal-hindi-0z3brt4a</loc>
    </url>
    <url>
      <loc>https://mobcup-ringtones.online/main-bhi-na-jaanu-ye-humnava-mere-jubin-nautiyal-hindi-0JY2rRsh</loc>
    </url>
    <url>
      <loc>https://mobcup-ringtones.online/humnava-mere-piano-h6D7Xxen</loc>
    </url>
    <url>
      <loc>https://mobcup-ringtones.online/jo-sirf-mera-tha-sirf-mera-humnava-mere-jubin-nautiyal-hindi-9obuEemr</loc>
    </url>
    <url>
      <loc>https://mobcup-ringtones.online/haan-wo-aankhe-jinhe-main-chumta-tha-bewajah-humnava-mere-jubin-nautiyal-hindi-PWuOBfJ0</loc>
    </url>
    <url>
      <loc>https://mobcup-ringtones.online/jo-sirf-mera-tha-sirf-mera-maine-use-kyu-kho-diya-humnava-mere-jubin-nautiyal-hindi-MmwN9QWI</loc>
    </url>
    <url>
      <loc>https://mobcup-ringtones.online/kal-raste-me-gam-mil-gaya-tha-humnava-mere-jubin-nautiyal-hindi-oJKylEnt</loc>
    </url>
    <url>
      <loc>https://mobcup-ringtones.online/apni-shamo-me-hissa-humnava-mere-jubin-nautiyal-hindi-b2sqAySa</loc>
    </url>
    <url>
      <loc>https://mobcup-ringtones.online/humnava-mere-jubin-nautiyal-hindi-song-2dt4Xnbs</loc>
    </url>
    <url>
      <loc>https://mobcup-ringtones.online/pyar-mere-liye-kyun-unme-baki-na-raha-humnava-mere-jubin-nautiyal-hindi-8C4oM4DT</loc>
    </url>
    <url>
      <loc>https://mobcup-ringtones.online/humnava-mere-dialogue-hDQJ55SV</loc>
    </url>
    <url>
      <loc>https://mobcup-ringtones.online/humnava-mere-tu-hai-to-meri-sanse-chale-humnava-mere-jubin-nautiyal-hindi-USZww0cc</loc>
    </url>
    <url>
      <loc>https://mobcup-ringtones.online/shri-krishna-govind-hare-murari-jubin-nautiyal-7IrVCREG</loc>
    </url>
    <url>
      <loc>https://mobcup-ringtones.online/shri-krishna-govind-hare-murari-cJ4eTwzV</loc>
    </url>
    <url>
      <loc>https://mobcup-ringtones.online/shara-kashhanae-gavatha-hara-marara-ragatana-oAhji33k</loc>
    </url>
    <url>
      <loc>https://mobcup-ringtones.online/mathura-ke-basaiya-o-nand-ke-lala-jubin-nautiyal-bvAWMJjh</loc>
    </url>
    <url>
      <loc>https://mobcup-ringtones.online/phir-chala-jubin-nautiyal-TQd4BNtN</loc>
    </url>
    <url>
      <loc>https://mobcup-ringtones.online/bhakto-ka-sahara-tuh-bansuri-wala-jubin-nautiyal-Bi5DlV07</loc>
    </url>
    <url>
      <loc>https://mobcup-ringtones.online/humnava-mere-jubin-nautiyal-RjbAZ2Sj</loc>
    </url>
    <url>
      <loc>https://mobcup-ringtones.online/shri-krishna-govind-hare-murari-jubin-nautiyal-vo2LqYon</loc>
    </url>
    <url>
      <loc>https://mobcup-ringtones.online/teri-bhakti-mein-sab-nache-ta-ta-thaiya-jubin-nautiyal-sd1B2PyY</loc>
    </url>
    <url>
      <loc>https://mobcup-ringtones.online/govind-bolo-hari-gopal-bolo-jubin-nautiyal-CfWhpC7J</loc>
    </url>
    <url>
      <loc>https://mobcup-ringtones.online/manmohan-teri-chavi-ati-pyari-jubin-nautiyal-ahmbhgRB</loc>
    </url>
    <url>
      <loc>https://mobcup-ringtones.online/sabke-swami-antaryami-puran-kije-kaaj-jubin-nautiyal-4snvwTTm</loc>
    </url>
    <url>
      <loc>https://mobcup-ringtones.online/devaki-nandan-tumko-vandan-jubin-nautiyal-uZhNdtry</loc>
    </url>
    <url>
      <loc>https://mobcup-ringtones.online/bansi-bajaiya-raas-rachaiyan-jubin-nautiyal-KwEYD3Xf</loc>
    </url>
    <url>
      <loc>https://mobcup-ringtones.online/bhav-sagar-se-sabki-naiya-tuhi-paar-lagave-jubin-nautiyal-r5yaO3OY</loc>
    </url>
    <url>
      <loc>https://mobcup-ringtones.online/taranhar-mere-tumhi-khewaiyan-jubin-nautiyal-8QgeJjzs</loc>
    </url>
    <url>
      <loc>https://mobcup-ringtones.online/tumse-bada-kaha-kon-kanhiyaan-jubin-nautiyal-MHxa0zHo</loc>
    </url>
    <url>
      <loc>https://mobcup-ringtones.online/man-mandir-mein-saje-bihari-jubin-nautiyal-LMybBdvt</loc>
    </url>
    <url>
      <loc>https://mobcup-ringtones.online/leela-aprampaar-teri-tuh-makhanchor-kahawe-jubin-nautiyal-w8nUYHnn</loc>
    </url>
    <url>
      <loc>https://mobcup-ringtones.online/shri-krishna-govind-hare-murari-P32musJu</loc>
    </url>
    <url>
      <loc>https://mobcup-ringtones.online/ae-bharat-maa-teri-mati-tera-adesh-pehle-MzcXXVvm</loc>
    </url>
    <url>
      <loc>https://mobcup-ringtones.online/hare-krishna-hare-rama-song-jubin-nautiyal-42WIP3V2</loc>
    </url>
    <url>
      <loc>https://mobcup-ringtones.online/govind-bolo-chahe-gopala-bolo-jubin-nautiyal-VsIx1E0f</loc>
    </url>
    <url>
      <loc>https://mobcup-ringtones.online/desh-pehle-main-atal-hoon-desh-bhakti-Cb7d0YlJ</loc>
    </url>
    <url>
      <loc>https://mobcup-ringtones.online/ae-bharat-maa-teri-mati-tera-aadesh-pehle-b9yMYi1B</loc>
    </url>
    <url>
      <loc>https://mobcup-ringtones.online/hai-tiranga-shan-apni-T0YB1yiR</loc>
    </url>
    <url>
      <loc>https://mobcup-ringtones.online/hare-rama-hare-rama-jubin-nautiyal-Vg1ecswE</loc>
    </url>
    <url>
      <loc>https://mobcup-ringtones.online/hare-krishna-hare-krishna-jubin-nautiyal-zdca96VB</loc>
    </url>
    <url>
      <loc>https://mobcup-ringtones.online/prem-prabhu-ka-baras-raha-hai-peele-amrit-pyar-se-7k1f6rNS</loc>
    </url>
    <url>
      <loc>https://mobcup-ringtones.online/bansidhar-bolo-chahe-brijbala-bolo-jubin-nautiyal-lhn2YuOJ</loc>
    </url>
    <url>
      <loc>https://mobcup-ringtones.online/zor-ki-barsaat-hui-fukra-insaan-hindi-rEufuGDt</loc>
    </url>
    <url>
      <loc>https://mobcup-ringtones.online/hai-jahan-dusra-jisme-tumne-duniya-basa-li-yaad-reh-jaati-hai-b-praak-payel-dev-hindi-f6EIeIUQ</loc>
    </url>
    <url>
      <loc>https://mobcup-ringtones.online/kal-bade-zor-ki-barsaat-hui-b5spCGQK</loc>
    </url>
    <url>
      <loc>https://mobcup-ringtones.online/pyar-hamara-king-monopoly-moves-WTDF3PHc</loc>
    </url>
    <url>
      <loc>https://mobcup-ringtones.online/zor-ki-barsaat-hui-jubin-nautiyal-hindi-song-dfSFRxFo</loc>
    </url>
    <url>
      <loc>https://mobcup-ringtones.online/dur-tak-jaake-ankhein-laut-aayi-hai-khali-yaad-reh-jaati-hai-b-praak-hindi-cDH3mNCN</loc>
    </url>
    <url>
      <loc>https://mobcup-ringtones.online/prem-prabhu-ka-baras-raha-hai-zAAhzvEY</loc>
    </url>
    <url>
      <loc>https://mobcup-ringtones.online/dil-main-bas-ye-baat-reh-jati-hai-yaad-reh-jaati-hai-b-praak-hindi-vnnWacZY</loc>
    </url>
    <url>
      <loc>https://mobcup-ringtones.online/acho-acho-achacho-aranmanai-4-tamil-song-ETYrRgRA</loc>
    </url>
    <url>
      <loc>https://mobcup-ringtones.online/enemy-spotted-1bxvkFhk</loc>
    </url>
    <url>
      <loc>https://mobcup-ringtones.online/tu-maro-dariyo-instrumental-zbyW8djc</loc>
    </url>
    <url>
      <loc>https://mobcup-ringtones.online/sanson-ki-mala-pe-flute-aaRs6BJc</loc>
    </url>
    <url>
      <loc>https://mobcup-ringtones.online/ma-se-ha-mati-ma-se-hai-matha-ffOUzyZf</loc>
    </url>
    <url>
      <loc>https://mobcup-ringtones.online/shaan-teri-na-kam-hone-denge-watan-naR2HVcE</loc>
    </url>
    <url>
      <loc>https://mobcup-ringtones.online/maaye-tere-liye-mar-mitenge-kxDrxLoI</loc>
    </url>
    <url>
      <loc>https://mobcup-ringtones.online/tu-maro-dariyo-uFXukxII</loc>
    </url>
    <url>
      <loc>https://mobcup-ringtones.online/chandni-song-JrgMQocj</loc>
    </url>
    <url>
      <loc>https://mobcup-ringtones.online/tu-maro-dariyo-b-praak-instrumental-IpmtKaDW</loc>
    </url>
    <url>
      <loc>https://mobcup-ringtones.online/maye-tere-liye-mar-mitenge-tere-bete-na-piche-hatenge-Dtql77FO</loc>
    </url>
    <url>
      <loc>https://mobcup-ringtones.online/shaan-teri-na-kam-jann-gann-mann-desh-bhakti-iZq5K93g</loc>
    </url>
    <url>
      <loc>https://mobcup-ringtones.online/simroon-tera-naam-sachet-tandon-lofi-slowed-reverb-8QJTZb1Y</loc>
    </url>
    <url>
      <loc>https://mobcup-ringtones.online/maang-meri-sunsaan-simroon-tera-naam-sachet-tandon-yaariyan-2-hindi-RRlkwdQd</loc>
    </url>
    <url>
      <loc>https://mobcup-ringtones.online/jisme-tu-raja-main-rani-bane-the-simroon-tera-naam-sachet-tandon-yaariyan-2-hindi-hfxRpwhC</loc>
    </url>
    <url>
      <loc>https://mobcup-ringtones.online/wo-kahani-batani-hai-simroon-tera-naam-sachet-tandon-yaariyan-2-hindi-BII2lQHz</loc>
    </url>
    <url>
      <loc>https://mobcup-ringtones.online/teri-nazre-utaru-simroon-tera-naam-sachet-tandon-yaariyan-2-hindi-CEe7drS3</loc>
    </url>
    <url>
      <loc>https://mobcup-ringtones.online/ab-to-aaja-tu-kab-se-hai-ye-padi-simroon-tera-naam-sachet-tandon-yaariyan-2-hindi-qNqFxBEy</loc>
    </url>
    <url>
      <loc>https://mobcup-ringtones.online/tere-liye-kuch-baatein-likhi-hai-simroon-tera-naam-sachet-tandon-yaariyan-2-hindi-TfkfL2i5</loc>
    </url>
    <url>
      <loc>https://mobcup-ringtones.online/tere-liye-kuch-baatein-likhi-hai-tujhko-sunani-hai-EuWcVlK0</loc>
    </url>
    <url>
      <loc>https://mobcup-ringtones.online/ab-to-aaja-tu-kab-se-hai-ye-padi-maang-meri-sunsaan-6AO6m8dW</loc>
    </url>
    <url>
      <loc>https://mobcup-ringtones.online/chune-se-pehle-main-teri-nazre-utaru-SeoNfqMu</loc>
    </url>
    <url>
      <loc>https://mobcup-ringtones.online/ek-hi-dil-hai-ek-hai-jaan-hai-dono-main-tujhpe-vaarun-UZ981X2Y</loc>
    </url>
    <url>
      <loc>https://mobcup-ringtones.online/samne-baithe-tu-chune-se-pehle-main-fWJYBb0C</loc>
    </url>
    <url>
      <loc>https://mobcup-ringtones.online/jitni-bhi-meri-zindagi-bas-likh-di-pee-ke-naam-JNJQZfGr</loc>
    </url>
    <url>
      <loc>https://mobcup-ringtones.online/chune-se-pehle-main-simroon-tera-naam-sachet-tandon-yaariyan-2-hindi-jTW0aixJ</loc>
    </url>
    <url>
      <loc>https://mobcup-ringtones.online/jitni-bhi-meri-zindagi-simroon-tera-naam-sachet-tandon-yaariyan-2-hindi-bUBJdyTp</loc>
    </url>
    <url>
      <loc>https://mobcup-ringtones.online/ek-hi-dil-hai-ek-hi-jaan-hai-simroon-tera-naam-sachet-tandon-yaariyan-2-hindi-pev5DUMg</loc>
    </url>
    <url>
      <loc>https://mobcup-ringtones.online/dono-main-tujhpe-vaarun-simroon-tera-naam-sachet-tandon-yaariyan-2-hindi-vFuqs5Gc</loc>
    </url>
    <url>
      <loc>https://mobcup-ringtones.online/bas-itni-si-hai-nishani-simroon-tera-naam-sachet-tandon-yaariyan-2-hindi-Ehd8ga5L</loc>
    </url>
    <url>
      <loc>https://mobcup-ringtones.online/samne-baithe-tu-simroon-tera-naam-sachet-tandon-yaariyan-2-hindi-cJx8dwGa</loc>
    </url>
    <url>
      <loc>https://mobcup-ringtones.online/bas-likh-di-pee-ke-naam-simroon-tera-naam-sachet-tandon-yaariyan-2-hindi-xvoCe6tN</loc>
    </url>
    <url>
      <loc>https://mobcup-ringtones.online/pee-ki-haye-dewaani-simroon-tera-naam-sachet-tandon-yaariyan-2-hindi-A8uOXxli</loc>
    </url>
    <url>
      <loc>https://mobcup-ringtones.online/sanson-ki-mala-pe-simrun-main-tera-naam-ybspZGdx</loc>
    </url>
    <url>
      <loc>https://mobcup-ringtones.online/jo-bhi-dekhe-bole-mujhko-simroon-tera-naam-sachet-tandon-yaariyan-2-hindi-tjesGWMH</loc>
    </url>
    <url>
      <loc>https://mobcup-ringtones.online/simrun-main-tera-naam-simroon-tera-naam-sachet-tandon-yaariyan-2-hindi-I7uDduTw</loc>
    </url>
    <url>
      <loc>https://mobcup-ringtones.online/sanson-ki-mala-pe-simroon-tera-naam-sachet-tandon-yaariyan-2-hindi-iY0T8YHZ</loc>
    </url>
    <url>
      <loc>https://mobcup-ringtones.online/apne-mann-ki-main-janu-simroon-tera-naam-sachet-tandon-yaariyan-2-hindi-w4MpeDhd</loc>
    </url>
    <url>
      <loc>https://mobcup-ringtones.online/paas-mein-mere-naam-hai-tera-simroon-tera-naam-sachet-tandon-yaariyan-2-hindi-j1s3U3an</loc>
    </url>
    <url>
      <loc>https://mobcup-ringtones.online/jo-bhi-dekhe-bole-mujhko-pee-ki-haye-dewaani-M4dArlJp</loc>
    </url>
    <url>
      <loc>https://mobcup-ringtones.online/apne-mann-ki-main-janu-aur-tere-mann-ki-ram-e8pQn008</loc>
    </url>
    <url>
      <loc>https://mobcup-ringtones.online/paas-mein-mere-naam-hai-tera-bas-itni-si-hai-nishani-pHv0d6fa</loc>
    </url>
    <url>
      <loc>https://mobcup-ringtones.online/tere-liye-main-jogan-banke-simroon-tera-naam-sachet-tandon-yaariyan-2-hindi-zaJo76rE</loc>
    </url>
    <url>
      <loc>https://mobcup-ringtones.online/ghumu-dar-dar-ko-simroon-main-tera-naam-sachet-tandon-yaariyan-2-hindi-YYCgUT5V</loc>
    </url>
    <url>
      <loc>https://mobcup-ringtones.online/bhool-gayi-khud-ko-tere-liye-main-jogan-banke-JqX0o6II</loc>
    </url>
    <url>
      <loc>https://mobcup-ringtones.online/jogan-banke-ghumu-dar-dar-ko-simroon-tera-naam-sachet-tandon-yaariyan-2-hindi-Sf3R4YnZ</loc>
    </url>
    <url>
      <loc>https://mobcup-ringtones.online/ghoomun-dar-dar-ko-aaja-na-tu-is-se-pehle-ho-jaun-badnaam-vdisVWpd</loc>
    </url>
    <url>
      <loc>https://mobcup-ringtones.online/tere-liye-main-jogan-banke-ghumu-dar-dar-ko-3w5FjoO9</loc>
    </url>
    <url>
      <loc>https://mobcup-ringtones.online/ho-jaun-badnaam-simroon-tera-naam-sachet-tandon-yaariyan-2-hindi-om6Tkm3J</loc>
    </url>
    <url>
      <loc>https://mobcup-ringtones.online/aaja-na-tu-is-se-pehle-simroon-tera-naam-sachet-tandon-yaariyan-2-hindi-oWC7TORK</loc>
    </url>
    <url>
      <loc>https://mobcup-ringtones.online/aaja-na-tu-is-se-pehle-ho-jaun-badnaam-simroon-tera-naam-sachet-tandon-yaariyan-2-hindi-3rArOEAI</loc>
    </url>
    <url>
      <loc>https://mobcup-ringtones.online/bhool-gayi-khud-ko-simroon-tera-naam-sachet-tandon-yaariyan-2-hindi-Zy5aDEnQ</loc>
    </url>
    <url>
      <loc>https://mobcup-ringtones.online/tujhko-phir-se-jalwa-dikhana-hi-hoga-song-eQ0g4zqC</loc>
    </url>
    <url>
      <loc>https://mobcup-ringtones.online/ganesha-pancharatnam-ringtone-download-IwanMPPr</loc>
    </url>
    <url>
      <loc>https://mobcup-ringtones.online/simroon-main-tera-naam-simroon-tera-naam-sachet-tandon-yaariyan-2-hindi-mxpQGgAU</loc>
    </url>
    <url>
      <loc>https://mobcup-ringtones.online/lotke-tujhko-aana-hai-ringtone-download-umUsKBs7</loc>
    </url>
    <url>
      <loc>https://mobcup-ringtones.online/sanson-ki-mala-pe-simrun-main-tera-naam-simroon-tera-naam-sachet-tandon-yaariyan-2-hindi-852W4dtQ</loc>
    </url>
    <url>
      <loc>https://mobcup-ringtones.online/fikren-teri-itni-hai-ke-bhool-gayi-khud-ko-simroon-tera-naam-sachet-tandon-yaariyan-2-hindi-mZfH1q4l</loc>
    </url>
    <url>
      <loc>https://mobcup-ringtones.online/mere-man-mandir-mein-tum-bhagwan-rahe-CCxypJbT</loc>
    </url>
    <url>
      <loc>https://mobcup-ringtones.online/fikren-teri-itni-hai-ke-simroon-tera-naam-sachet-tandon-yaariyan-2-hindi-u7TqFt7t</loc>
    </url>
    <url>
      <loc>https://mobcup-ringtones.online/gajanana-shri-ganraya-lata-mangeshkar-fEEEKjVG</loc>
    </url>
    <url>
      <loc>https://mobcup-ringtones.online/sanson-ki-mala-pe-simroon-tera-naam-divya-khosla-sachet-tandon-yaariyan-2-hindi-GinjlmUg</loc>
    </url>
    <url>
      <loc>https://mobcup-ringtones.online/morya-re-song-KW0Xn9Vs</loc>
    </url>
    <url>
      <loc>https://mobcup-ringtones.online/ganesha-pancharatnam-mantra-m6oRpv5L</loc>
    </url>
    <url>
      <loc>https://mobcup-ringtones.online/mere-man-mandir-mein-tum-bhagwan-rahe-mp3-song-gpwzBCwf</loc>
    </url>
    <url>
      <loc>https://mobcup-ringtones.online/lambodar-tu-vinayaka-song-NRo8jXuH</loc>
    </url>
    <url>
      <loc>https://mobcup-ringtones.online/agle-baras-aana-hi-hoga-song-X6w0HOIm</loc>
    </url>
    <url>
      <loc>https://mobcup-ringtones.online/ekdantay-vakratunday-instrumental-music-1pVOF0UC</loc>
    </url>
    <url>
      <loc>https://mobcup-ringtones.online/jai-dev-jai-dev-song-MHsl2aMT</loc>
    </url>
    <url>
      <loc>https://mobcup-ringtones.online/ganpati-visarjan-nagada-baj-cKflSoEl</loc>
    </url>
    <url>
      <loc>https://mobcup-ringtones.online/ganpati-apne-gaon-chale-am3LFaaS</loc>
    </url>
    <url>
      <loc>https://mobcup-ringtones.online/mere-man-mandir-mein-tum-bhagwan-rahe-mp3-song-vkY03LNU</loc>
    </url>
    <url>
      <loc>https://mobcup-ringtones.online/tujhko-firse-jalwa-mp3-5vNRFIj9</loc>
    </url>
    <url>
      <loc>https://mobcup-ringtones.online/agajanana-padmarkam-A1mMHk8w</loc>
    </url>
    <url>
      <loc>https://mobcup-ringtones.online/mudakaratha-modakam-ganesha-pancharatnam-PR5D4Fok</loc>
    </url>
    <url>
      <loc>https://mobcup-ringtones.online/mudakaratha-modakam-song-yd7I0TnH</loc>
    </url>
    <url>
      <loc>https://mobcup-ringtones.online/tera-hi-naam-pukaru-main-ringtone-download-mp3-MPolJy4r</loc>
    </url>
    <url>
      <loc>https://mobcup-ringtones.online/tujhko-phir-se-jalwa-dikhana-hi-hoga-ringtone-download-VTyylwaV</loc>
    </url>
    <url>
      <loc>https://mobcup-ringtones.online/ganesh-visarjan-tone-YFicNjN1</loc>
    </url>
    <url>
      <loc>https://mobcup-ringtones.online/agle-baras-aana-hi-hoga-VABSRoLG</loc>
    </url>
    <url>
      <loc>https://mobcup-ringtones.online/ekdantay-vakratunday-instrumental-ringtone-download-rbzT59if</loc>
    </url>
    <url>
      <loc>https://mobcup-ringtones.online/jai-dev-jai-dev-ringtone-download-AxKXnE1D</loc>
    </url>
    <url>
      <loc>https://mobcup-ringtones.online/maha-ganapathim-song-download-19cNN9Bz</loc>
    </url>
    <url>
      <loc>https://mobcup-ringtones.online/ekdantay-vakratunday-flute-XZ1SBYsw</loc>
    </url>
    <url>
      <loc>https://mobcup-ringtones.online/hare-ram-hare-ram-ram-ram-hare-hare-ringtone-download-6pUI9wLK</loc>
    </url>
    <url>
      <loc>https://mobcup-ringtones.online/ya-re-ya-ringtone-download-0aWfo5Xp</loc>
    </url>
    <url>
      <loc>https://mobcup-ringtones.online/vinayagane-vinai-theerpavane-song-download-eycjmZyl</loc>
    </url>
    <url>
      <loc>https://mobcup-ringtones.online/ganpati-bappa-morya-ringtone-download-IPpCv183</loc>
    </url>
    <url>
      <loc>https://mobcup-ringtones.online/ghar-me-padharo-gajanan-ji-aakanksha-jachak-f6UAqs0D</loc>
    </url>
    <url>
      <loc>https://mobcup-ringtones.online/ekdantay-vakratunday-flute-ringtone-download-KlUUuNpH</loc>
    </url>
    <url>
      <loc>https://mobcup-ringtones.online/he-vighnaharta-bappa-vighnaharta-ringtone-download-ofIH1ruj</loc>
    </url>
    <url>
      <loc>https://mobcup-ringtones.online/ekdantay-vakratunday-ringtone-download-female-version-5hVTK0mk</loc>
    </url>
    <url>
      <loc>https://mobcup-ringtones.online/jai-ganesh-jai-ganesh-deva-harshiv-kotecha-aarti-W2Ga7WbM</loc>
    </url>
    <url>
      <loc>https://mobcup-ringtones.online/mere-ganpati-deva-yNTpk2n0</loc>
    </url>
    <url>
      <loc>https://mobcup-ringtones.online/mere-ganpati-deva-hansraj-raghuwanshi-ganesh-ji-jn2sVdR8</loc>
    </url>
    <url>
      <loc>https://mobcup-ringtones.online/abcd-ganpati-song-4Xt20RQK</loc>
    </url>
    <url>
      <loc>https://mobcup-ringtones.online/deva-shree-ganesha-instrumental-bgm-Oa8GkGux</loc>
    </url>
    <url>
      <loc>https://mobcup-ringtones.online/mere-ganpati-deva-song-YKdB81Jc</loc>
    </url>
    <url>
      <loc>https://mobcup-ringtones.online/jai-ganesh-jai-ganesh-deva-aarti-tPBs4fYK</loc>
    </url>
    <url>
      <loc>https://mobcup-ringtones.online/mere-ganpati-deva-hansraj-raghuwanshi-3Oy4fIcO</loc>
    </url>
    <url>
      <loc>https://mobcup-ringtones.online/sri-ganesha-bgm-ringtone-mp3-download-qNXstFkW</loc>
    </url>
    <url>
      <loc>https://mobcup-ringtones.online/vakratunda-mahakaya-mere-ganpati-deva-hansraj-raghuwanshi-88YP3xSG</loc>
    </url>
    <url>
      <loc>https://mobcup-ringtones.online/ganadhisha-song-aanchal-tyagi-fKEcS1gl</loc>
    </url>
    <url>
      <loc>https://mobcup-ringtones.online/om-gan-ganpataye-namo-namah-leHrxtyW</loc>
    </url>
    <url>
      <loc>https://mobcup-ringtones.online/mata-hai-goura-pita-hai-mahesh-LKOPrfUB</loc>
    </url>
    <url>
      <loc>https://mobcup-ringtones.online/abcd-ganpati-song-sadda-dil-vi-tu-hard-kaur-VpqHekn8</loc>
    </url>
    <url>
      <loc>https://mobcup-ringtones.online/gananayakaya-ganadaivataya-ekadantaya-vakratundaya-InWTUhad</loc>
    </url>
    <url>
      <loc>https://mobcup-ringtones.online/onbathu-kolum-tl-maharajan-fRZYytIw</loc>
    </url>
    <url>
      <loc>https://mobcup-ringtones.online/sukh-karta-dukh-harta-sachet-parampara-lMLrRjuP</loc>
    </url>
    <url>
      <loc>https://mobcup-ringtones.online/ganesh-ji-song-kannada-ARoxt8Pp</loc>
    </url>
    <url>
      <loc>https://mobcup-ringtones.online/jai-jai-ganesha-jai-kodatha-ganesha-uZ24TmYN</loc>
    </url>
    <url>
      <loc>https://mobcup-ringtones.online/ganesh-ji-aarti-zLvcRyhZ</loc>
    </url>
    <url>
      <loc>https://mobcup-ringtones.online/ekdantay-vakratunday-instrumental-LEziNGnN</loc>
    </url>
    <url>
      <loc>https://mobcup-ringtones.online/vakaratada-mahakaya-ragatana-SlUyKxNM</loc>
    </url>
    <url>
      <loc>https://mobcup-ringtones.online/mudakaratha-modakam-ringtone-download-yXjkjRdG</loc>
    </url>
    <url>
      <loc>https://mobcup-ringtones.online/shree-ganeshay-dheemahi-ringtone-download-vdedI7GR</loc>
    </url>
    <url>
      <loc>https://mobcup-ringtones.online/abcd-ganpati-song-ringtone-download-26UAMHfG</loc>
    </url>
    <url>
      <loc>https://mobcup-ringtones.online/gannayakay-gandevtay-ringtone-download-mp3-hWBnXML6</loc>
    </url>
    <url>
      <loc>https://mobcup-ringtones.online/vinayagar-bgm-ringtone-download-czThe5TW</loc>
    </url>
    <url>
      <loc>https://mobcup-ringtones.online/jai-ganesh-ringtone-download-wqXCViMf</loc>
    </url>
    <url>
      <loc>https://mobcup-ringtones.online/jai-ganesh-instrumental-ringtone-download-RetxcYIo</loc>
    </url>
    <url>
      <loc>https://mobcup-ringtones.online/sukh-karta-dukh-harta-ringtone-download-VkJ59Jkt</loc>
    </url>
    <url>
      <loc>https://mobcup-ringtones.online/vinayagar-songs-mp3-free-download-masstamilan-YALeelDs</loc>
    </url>
    <url>
      <loc>https://mobcup-ringtones.online/jai-jai-ganesha-sp-balasubramanyam-c0M144gZ</loc>
    </url>
    <url>
      <loc>https://mobcup-ringtones.online/ekadantaya-vakratundaya-song-download-oVq0FiOv</loc>
    </url>
    <url>
      <loc>https://mobcup-ringtones.online/lakho-me-ek-hai-tu-sabse-nirala-song-kpa6dYyH</loc>
    </url>
    <url>
      <loc>https://mobcup-ringtones.online/veera-vinayaka-tamil-song-rotyWsS9</loc>
    </url>
    <url>
      <loc>https://mobcup-ringtones.online/maza-bappa-kiti-god-disto-song-85VaGAp3</loc>
    </url>
    <url>
      <loc>https://mobcup-ringtones.online/onbathu-kolum-tl-maharajan-tamil-tj08OVNb</loc>
    </url>
    <url>
      <loc>https://mobcup-ringtones.online/veera-vinayaka-song-ringtone-download-hj37zeJ4</loc>
    </url>
    <url>
      <loc>https://mobcup-ringtones.online/majha-bappa-deeya-wadkar-VCvZejJ6</loc>
    </url>
    <url>
      <loc>https://mobcup-ringtones.online/jai-jai-ganesha-telugu-song-mY5REFeF</loc>
    </url>
    <url>
      <loc>https://mobcup-ringtones.online/lakho-me-ek-hai-tu-sabse-nirala-ringtone-download-mp3-cPheCPNf</loc>
    </url>
    <url>
      <loc>https://mobcup-ringtones.online/sindur-lal-chadhayo-instrumental-gQKoxy3Y</loc>
    </url>
    <url>
      <loc>https://mobcup-ringtones.online/sindur-lal-chadayo-ringtone-download-2OqNJUX7</loc>
    </url>
    <url>
      <loc>https://mobcup-ringtones.online/shendur-lal-chadhayo-acha-gajmukh-ko-manoj-mishra-Sir7DHf0</loc>
    </url>
    <url>
      <loc>https://mobcup-ringtones.online/bujji-bujji-ganapayya-ringtone-download-yWctgyui</loc>
    </url>
    <url>
      <loc>https://mobcup-ringtones.online/ekadantaya-vakratundaya-instrumental-alTd0YLI</loc>
    </url>
    <url>
      <loc>https://mobcup-ringtones.online/sindoor-laal-chadhayo-ganesh-ji-2axEg2hr</loc>
    </url>
    <url>
      <loc>https://mobcup-ringtones.online/maza-bappa-xmnegjS1</loc>
    </url>
    <url>
      <loc>https://mobcup-ringtones.online/ganpati-bappa-ringtone-mp3-download-6Gpjfoeb</loc>
    </url>
    <url>
      <loc>https://mobcup-ringtones.online/jai-jai-ganesha-ringtone-download-FppnPyf3</loc>
    </url>
    <url>
      <loc>https://mobcup-ringtones.online/gita-saraya-gita-tattvaya-gita-gotraya-dhimahi-pNNFdmax</loc>
    </url>
    <url>
      <loc>https://mobcup-ringtones.online/ekadantaya-vakratundaya-song-VJFRKfSe</loc>
    </url>
    <url>
      <loc>https://mobcup-ringtones.online/shendur-lal-chadhayo-manoj-mishra-MLIDXUqT</loc>
    </url>
    <url>
      <loc>https://mobcup-ringtones.online/jai-jai-shri-ganraj-vidya-sukh-data-hiPkLDki</loc>
    </url>
    <url>
      <loc>https://mobcup-ringtones.online/ganachaturaya-ganapranaya-ganantaratmane-FrFpYVWN</loc>
    </url>
    <url>
      <loc>https://mobcup-ringtones.online/ekadantaya-vakratundaya-gauri-tanayaya-dhimahi-OISX6f4Z</loc>
    </url>
    <url>
      <loc>https://mobcup-ringtones.online/ghaalin-lotaangan-vandin-charan-shendur-lal-chadhayo-9jmSk52o</loc>
    </url>
    <url>
      <loc>https://mobcup-ringtones.online/bhav-bhagati-se-koi-sharnagat-aave-shendur-lal-chadhayo-VDGiOa1J</loc>
    </url>
    <url>
      <loc>https://mobcup-ringtones.online/ek-dantay-vakra-tunday-ringtone-download-BR8WlP6O</loc>
    </url>
    <url>
      <loc>https://mobcup-ringtones.online/guru-vikramaya-guyyha-pravaraya-gurave-guna-gurave-zVb4NElq</loc>
    </url>
    <url>
      <loc>https://mobcup-ringtones.online/gananayakaya-ganadaivataya-ganadhyakshaya-dhimahi-JOZnEPi8</loc>
    </url>
    <url>
      <loc>https://mobcup-ringtones.online/tu-hi-aarambh-aarambh-rohan-rohan-vN9haqG4</loc>
    </url>
    <url>
      <loc>https://mobcup-ringtones.online/aarambh-song-rohan-rohan-9XSziIi0</loc>
    </url>
    <url>
      <loc>https://mobcup-ringtones.online/veera-soora-ganapathi-CkR6di6X</loc>
    </url>
    <url>
      <loc>https://mobcup-ringtones.online/aarambh-song-ganesh-ji-bhakti-L0xtTZX3</loc>
    </url>
    <url>
      <loc>https://mobcup-ringtones.online/gunatitaya-gunadhishaya-guna-pravishthaya-dhimahi-h3COCbsH</loc>
    </url>
    <url>
      <loc>https://mobcup-ringtones.online/ekadantaya-vakratundaya-suprabha-kv-3Yddvoxn</loc>
    </url>
    <url>
      <loc>https://mobcup-ringtones.online/tu-shubharambh-re-aarambh-rohan-rohan-GUNmauOP</loc>
    </url>
    <url>
      <loc>https://mobcup-ringtones.online/aarambh-song-a0EognZI</loc>
    </url>
    <url>
      <loc>https://mobcup-ringtones.online/tu-hi-aarambh-tu-prarambh-aarambh-iHSLPgjP</loc>
    </url>
    <url>
      <loc>https://mobcup-ringtones.online/sukh-karta-dukh-harta-aaman-trikha-bhakti-x337fPTv</loc>
    </url>
    <url>
      <loc>https://mobcup-ringtones.online/vakratunda-mahakaya-suryakoti-samaprabha-OMXqdfWq</loc>
    </url>
    <url>
      <loc>https://mobcup-ringtones.online/karpur-gauram-karunavtaram-rahul-vaidya-uZUVe7Xn</loc>
    </url>
    <url>
      <loc>https://mobcup-ringtones.online/choto-so-vinayak-sunita-swami-5FIpO55L</loc>
    </url>
    <url>
      <loc>https://mobcup-ringtones.online/sukh-karta-dukh-harta-instrumental-twtPtLHf</loc>
    </url>
    <url>
      <loc>https://mobcup-ringtones.online/morya-morya-mahaganapati-morya-r154js1o</loc>
    </url>
    <url>
      <loc>https://mobcup-ringtones.online/sukh-karta-dukh-harta-varta-vighnachi-prathik-jain-B7LIfVF0</loc>
    </url>
    <url>
      <loc>https://mobcup-ringtones.online/ranak-bhanwar-se-aao-ji-gajanan-jhUVfjoA</loc>
    </url>
    <url>
      <loc>https://mobcup-ringtones.online/jai-dev-jai-dev-jai-mangal-murti-sukh-karta-dukh-harta-aaman-trikha-ujU7rd0c</loc>
    </url>
    <url>
      <loc>https://mobcup-ringtones.online/ganesha-pancharatnam-pLrbyiMP</loc>
    </url>
    <url>
      <loc>https://mobcup-ringtones.online/jai-ganesh-jai-ganesh-deva-instrumental-ZXay20k2</loc>
    </url>
    <url>
      <loc>https://mobcup-ringtones.online/sukh-karta-dukh-harta-aaman-trikha-OjONzA4m</loc>
    </url>
    <url>
      <loc>https://mobcup-ringtones.online/jai-ganesh-jai-ganesh-deva-devki-pandey-THgAhnaj</loc>
    </url>
    <url>
      <loc>https://mobcup-ringtones.online/jai-dev-jai-dev-jai-mangal-murti-song-jUtC6Dqo</loc>
    </url>
    <url>
      <loc>https://mobcup-ringtones.online/mere-sarkar-aaye-hain-raj-pareek-8fGUHwdW</loc>
    </url>
    <url>
      <loc>https://mobcup-ringtones.online/sukh-karta-dukh-harta-song-alRqXlKN</loc>
    </url>
    <url>
      <loc>https://mobcup-ringtones.online/ranat-bhawar-su-awiya-baba-sundala-c33W7cLS</loc>
    </url>
    <url>
      <loc>https://mobcup-ringtones.online/jai-ganesh-jai-ganesh-deva-ringtone-download-gbwOcFmF</loc>
    </url>
    <url>
      <loc>https://mobcup-ringtones.online/shree-ganesha-deva-instrumental-q23Z3OsU</loc>
    </url>
    <url>
      <loc>https://mobcup-ringtones.online/jai-ganesh-jai-ganesh-deva-baby-voice-a2XC109o</loc>
    </url>
    <url>
      <loc>https://mobcup-ringtones.online/deva-shree-ganesha-instrumental-yVqxaZcG</loc>
    </url>
    <url>
      <loc>https://mobcup-ringtones.online/mhara-kirtan-me-ras-barsao-song-qUhE9Glo</loc>
    </url>
    <url>
      <loc>https://mobcup-ringtones.online/aao-ji-gajanan-master-rana-4iVDXg45</loc>
    </url>
    <url>
      <loc>https://mobcup-ringtones.online/teri-jai-ho-ganesh-instrumental-OKQExk7D</loc>
    </url>
    <url>
      <loc>https://mobcup-ringtones.online/teri-jai-ho-ganesh-master-saleem-iGgxy9gb</loc>
    </url>
    <url>
      <loc>https://mobcup-ringtones.online/teri-jai-ho-ganesh-sumit-saini-RmKfgXii</loc>
    </url>
    <url>
      <loc>https://mobcup-ringtones.online/ghar-mein-padharo-gajanan-ji-ringtone-download-IcF0YwWP</loc>
    </url>
    <url>
      <loc>https://mobcup-ringtones.online/shree-ganesha-deva-ringtone-download-ycNwEdPB</loc>
    </url>
    <url>
      <loc>https://mobcup-ringtones.online/meri-bhakti-me-rang-bhar-jao-ringtone-download-mp3-Arzf6lPQ</loc>
    </url>
    <url>
      <loc>https://mobcup-ringtones.online/ghar-me-padharo-gajanan-ji-sohini-mishra-YjFzoUsI</loc>
    </url>
    <url>
      <loc>https://mobcup-ringtones.online/gananayakaya-female-version-VbtA72XT</loc>
    </url>
    <url>
      <loc>https://mobcup-ringtones.online/om-gan-ganpataye-namah-xJJ87tSj</loc>
    </url>
    <url>
      <loc>https://mobcup-ringtones.online/ek-dantay-vakra-tunday-57i5Ojxl</loc>
    </url>
    <url>
      <loc>https://mobcup-ringtones.online/tu-aarambh-tu-vishesh-ringtone-download-pagalworld-vE2Sowld</loc>
    </url>
    <url>
      <loc>https://mobcup-ringtones.online/deva-shri-ganesha-w8oOQtRe</loc>
    </url>
    <url>
      <loc>https://mobcup-ringtones.online/ganesh-ji-invitation-HzsK7GZC</loc>
    </url>
    <url>
      <loc>https://mobcup-ringtones.online/ganesh-chaturthi-2024-45N2jShB</loc>
    </url>
    <url>
      <loc>https://mobcup-ringtones.online/mere-bappa-morya-rahul-vaidya-Q45Mzmpi</loc>
    </url>
    <url>
      <loc>https://mobcup-ringtones.online/ganpati-bappa-2024-gsWHmH8X</loc>
    </url>
    <url>
      <loc>https://mobcup-ringtones.online/tera-hi-naam-pukaru-main-OTrftKcq</loc>
    </url>
    <url>
      <loc>https://mobcup-ringtones.online/vinayagar-songs-mp3-free-download-masstamilan-b6vM7qkn</loc>
    </url>
    <url>
      <loc>https://mobcup-ringtones.online/lakho-me-ek-hai-tu-sabse-nirala-eqFLikzf</loc>
    </url>
    <url>
      <loc>https://mobcup-ringtones.online/jai-dev-jai-dev-YUrPn1Rw</loc>
    </url>
    <url>
      <loc>https://mobcup-ringtones.online/ye-aai-dev-bappa-aale-gLtoSJYh</loc>
    </url>
    <url>
      <loc>https://mobcup-ringtones.online/ekadantaya-vakratundaya-ringtone-free-download-5oJPWOCt</loc>
    </url>
    <url>
      <loc>https://mobcup-ringtones.online/veera-vinayaka-song-xsLgSVRF</loc>
    </url>
    <url>
      <loc>https://mobcup-ringtones.online/vinayagane-vinai-theerpavane-R8oSMKcq</loc>
    </url>
    <url>
      <loc>https://mobcup-ringtones.online/sindur-lal-chadayo-Z0hxgx0q</loc>
    </url>
    <url>
      <loc>https://mobcup-ringtones.online/sukh-karta-dukh-harta-EviZ4GcW</loc>
    </url>
    <url>
      <loc>https://mobcup-ringtones.online/shendur-lal-chadhayo-mp3-ALG9OEBR</loc>
    </url>
    <url>
      <loc>https://mobcup-ringtones.online/ashi-chik-motyachi-maal-instrumental-hiKccXKx</loc>
    </url>
    <url>
      <loc>https://mobcup-ringtones.online/a-aai-dev-bappa-aale-TDLEy7Wy</loc>
    </url>
    <url>
      <loc>https://mobcup-ringtones.online/yare-ya-sare-ya-instrumental-RTYqzqaS</loc>
    </url>
    <url>
      <loc>https://mobcup-ringtones.online/lambodar-tu-vinayaka-2yufXpoG</loc>
    </url>
    <url>
      <loc>https://mobcup-ringtones.online/vakratunda-mahakaya-ZOVKnoGj</loc>
    </url>
    <url>
      <loc>https://mobcup-ringtones.online/deva-shree-ganesha-qIKMnAp6</loc>
    </url>
    <url>
      <loc>https://mobcup-ringtones.online/tera-hi-naam-pukaru-main-sachet-parampara-1hBTkTJD</loc>
    </url>
    <url>
      <loc>https://mobcup-ringtones.online/gan-chaturay-gan-pranay-female-version-jkyKhjgM</loc>
    </url>
    <url>
      <loc>https://mobcup-ringtones.online/jay-dev-jay-dev-iiRXq92T</loc>
    </url>
    <url>
      <loc>https://mobcup-ringtones.online/tu-aarambh-tu-vishesh-OmiZIjvq</loc>
    </url>
    <url>
      <loc>https://mobcup-ringtones.online/lambodar-tu-vinayaka-tu-ballaleshwar-morya-G9hyyZwv</loc>
    </url>
    <url>
      <loc>https://mobcup-ringtones.online/ekdantay-vakratunday-irN4zF4b</loc>
    </url>
    <url>
      <loc>https://mobcup-ringtones.online/bappa-chalale-aaplya-gavala-TV4Fd1nG</loc>
    </url>
    <url>
      <loc>https://mobcup-ringtones.online/gannayakay-gandevtay-12Wl7PIB</loc>
    </url>
    <url>
      <loc>https://mobcup-ringtones.online/nirop-gheto-deva-aata-KAZ30XcM</loc>
    </url>
    <url>
      <loc>https://mobcup-ringtones.online/ekdantay-vakratunday-gauritanayay-43Lcn9U5</loc>
    </url>
    <url>
      <loc>https://mobcup-ringtones.online/sukhkarta-dukhharta-akxXKHg7</loc>
    </url>
    <url>
      <loc>https://mobcup-ringtones.online/ghar-me-padharo-gajanan-ji-cFHxd9y9</loc>
    </url>
    <url>
      <loc>https://mobcup-ringtones.online/jai-dev-jai-dev-jai-mangal-murti-dLM3V5zh</loc>
    </url>
    <url>
      <loc>https://mobcup-ringtones.online/nirop-gheto-deva-aata-marathi-ganpati-song-BJP5zgjw</loc>
    </url>
    <url>
      <loc>https://mobcup-ringtones.online/gananayakaya-song-OYtHhBMN</loc>
    </url>
    <url>
      <loc>https://mobcup-ringtones.online/hi-samindarachi-lat-dev-pahata-tamaca-vata-m9DnpZPg</loc>
    </url>
    <url>
      <loc>https://mobcup-ringtones.online/tujhko-phir-se-jalwa-dikhana-hi-hoga-uy2l7JNc</loc>
    </url>
    <url>
      <loc>https://mobcup-ringtones.online/jai-ganesh-deva-2OoiKBzU</loc>
    </url>
    <url>
      <loc>https://mobcup-ringtones.online/ekadantaya-vakratundaya-Kmd3BXmB</loc>
    </url>
    <url>
      <loc>https://mobcup-ringtones.online/om-gan-ganpataye-namah-A0Jepn3t</loc>
    </url>
    <url>
      <loc>https://mobcup-ringtones.online/tujhko-phir-se-jalwa-45b2aZV1</loc>
    </url>
    <url>
      <loc>https://mobcup-ringtones.online/ek-dantaya-vakratundaya-song-B6onydgx</loc>
    </url>
    <url>
      <loc>https://mobcup-ringtones.online/sukh-karta-dukh-harta-n5VtXzdf</loc>
    </url>
    <url>
      <loc>https://mobcup-ringtones.online/ganesh-vandana-C33GfoEt</loc>
    </url>
    <url>
      <loc>https://mobcup-ringtones.online/hi-samindarachi-lat-mp3-song-5wee2tZD</loc>
    </url>
    <url>
      <loc>https://mobcup-ringtones.online/hi-samindarachi-lat-deva-pahate-tumchi-vat-song-Ma99itHV</loc>
    </url>
    <url>
      <loc>https://mobcup-ringtones.online/shendur-lal-chadhayo-ringtone-download-pagalworld-hacAIrtf</loc>
    </url>
    <url>
      <loc>https://mobcup-ringtones.online/shree-ganeshay-dheemahi-IiFF9WXC</loc>
    </url>
    <url>
      <loc>https://mobcup-ringtones.online/agajanana-padmarkam-ringtone-download-mYWVAUDK</loc>
    </url>
    <url>
      <loc>https://mobcup-ringtones.online/agajanana-padmarkam-mp3-song-download-hy3cvQGy</loc>
    </url>
    <url>
      <loc>https://mobcup-ringtones.online/mudakaratha-modakam-EFV6VHP9</loc>
    </url>
    <url>
      <loc>https://mobcup-ringtones.online/hare-ram-hare-ram-ram-ram-hare-hare-song-3CEpvdvI</loc>
    </url>
    <url>
      <loc>https://mobcup-ringtones.online/ekdantay-vakratunday-ringtone-female-version-wUcLPlmi</loc>
    </url>
    <url>
      <loc>https://mobcup-ringtones.online/sukh-karta-dukh-harta-ganesh-ji-sbXQOX6h</loc>
    </url>
    <url>
      <loc>https://mobcup-ringtones.online/gan-chaturay-gaktMpvm</loc>
    </url>
    <url>
      <loc>https://mobcup-ringtones.online/ashi-chik-motyachi-maal-mp3-song-HldEh3TH</loc>
    </url>
    <url>
      <loc>https://mobcup-ringtones.online/ganpati-ganadhisha-EpoFOgE3</loc>
    </url>
    <url>
      <loc>https://mobcup-ringtones.online/gananayakaya-song-background-music-download-USlst1RA</loc>
    </url>
    <url>
      <loc>https://mobcup-ringtones.online/kokancho-rubab-bhari-song-download-Hn6Q1LCd</loc>
    </url>
    <url>
      <loc>https://mobcup-ringtones.online/dev-bappa-py5IVu8W</loc>
    </url>
    <url>
      <loc>https://mobcup-ringtones.online/agajanana-padmarkam-instrumental-8uqdfLcL</loc>
    </url>
    <url>
      <loc>https://mobcup-ringtones.online/agajanana-padmarkam-mp3-song-MEKSaDyt</loc>
    </url>
    <url>
      <loc>https://mobcup-ringtones.online/choto-so-vinayak-Io8rQeJz</loc>
    </url>
    <url>
      <loc>https://mobcup-ringtones.online/agajanana-padmarkam-armonian-g146q9it</loc>
    </url>
    <url>
      <loc>https://mobcup-ringtones.online/shiv-shakti-ringtone-download-7pufI5qE</loc>
    </url>
    <url>
      <loc>https://mobcup-ringtones.online/jai-ganesha-jai-ganesha-MPoDl6RV</loc>
    </url>
    <url>
      <loc>https://mobcup-ringtones.online/shiv-tandav-JPVt8zc9</loc>
    </url>
    <url>
      <loc>https://mobcup-ringtones.online/om-tryambakam-yajamahe-mahamrityunjay-mantra-dttEqBHA</loc>
    </url>
    <url>
      <loc>https://mobcup-ringtones.online/ganadhisha-song-boxPvwq9</loc>
    </url>
    <url>
      <loc>https://mobcup-ringtones.online/namoh-namoh-daler-mehndi-Spj0sR7k</loc>
    </url>
    <url>
      <loc>https://mobcup-ringtones.online/aigiri-nandini-mahishasura-mardini-stotram-kWtNNJ2Z</loc>
    </url>
    <url>
      <loc>https://mobcup-ringtones.online/galli-ka-ganesh-3iLUepgZ</loc>
    </url>
    <url>
      <loc>https://mobcup-ringtones.online/rahul-sipliganj-gali-ka-ganesh-JxJq7lzp</loc>
    </url>
    <url>
      <loc>https://mobcup-ringtones.online/shiv-tandav-stotram-ringtone-download-mp3-pagalworld-ieZ3UiIm</loc>
    </url>
    <url>
      <loc>https://mobcup-ringtones.online/brahma-murari-surarchita-lingam-ringtone-download-9kLqyHsI</loc>
    </url>
    <url>
      <loc>https://mobcup-ringtones.online/sanand-manand-vane-vasantam-male-version-T2EW4LDn</loc>
    </url>
    <url>
      <loc>https://mobcup-ringtones.online/shubh-sanatani-fFfZ9IJf</loc>
    </url>
    <url>
      <loc>https://mobcup-ringtones.online/om-tryambakam-yajamahe-ringtone-download-YPQZrWnu</loc>
    </url>
    <url>
      <loc>https://mobcup-ringtones.online/om-tryambakam-yajamahe-sugandhim-4NcjN6VP</loc>
    </url>
    <url>
      <loc>https://mobcup-ringtones.online/bhole-hath-sab-tere-ringtone-download-MuQqm3d9</loc>
    </url>
    <url>
      <loc>https://mobcup-ringtones.online/ishwar-satya-hai-dhirendra-krishna-shastri-2hENGrKu</loc>
    </url>
    <url>
      <loc>https://mobcup-ringtones.online/har-har-shambhu-ringtone-mp3-download-88onk60n</loc>
    </url>
    <url>
      <loc>https://mobcup-ringtones.online/shiv-shakti-rap-ring-tone-V47dkXvc</loc>
    </url>
    <url>
      <loc>https://mobcup-ringtones.online/namoh-namoh-0ZlnVyB5</loc>
    </url>
    <url>
      <loc>https://mobcup-ringtones.online/kalabhairava-ashtakam-H8BSgAsx</loc>
    </url>
    <url>
      <loc>https://mobcup-ringtones.online/dil-laga-baba-mahakal-se-4Y2KCWNU</loc>
    </url>
    <url>
      <loc>https://mobcup-ringtones.online/bum-bum-bhole-song-IX19R4bn</loc>
    </url>
    <url>
      <loc>https://mobcup-ringtones.online/chai-chillum-chapati-fsAHfZy5</loc>
    </url>
    <url>
      <loc>https://mobcup-ringtones.online/bum-hai-wo-song-sUHI7Qbg</loc>
    </url>
    <url>
      <loc>https://mobcup-ringtones.online/ishwar-satya-hai-bageshwar-dham-ringtone-download-PBLPqaNt</loc>
    </url>
    <url>
      <loc>https://mobcup-ringtones.online/shiv-hi-sundar-hai-ringtone-download-8YBLkoOU</loc>
    </url>
    <url>
      <loc>https://mobcup-ringtones.online/raji-raji-re-song-SareRFl3</loc>
    </url>
    <url>
      <loc>https://mobcup-ringtones.online/chai-chillum-chapati-connection-IxjkGgow</loc>
    </url>
    <url>
      <loc>https://mobcup-ringtones.online/bum-hai-bo-poSPJQKh</loc>
    </url>
    <url>
      <loc>https://mobcup-ringtones.online/mera-bhola-hai-bhandari-jwNCuwbM</loc>
    </url>
    <url>
      <loc>https://mobcup-ringtones.online/shiv-hi-satya-hai-Ft4eedyx</loc>
    </url>
    <url>
      <loc>https://mobcup-ringtones.online/tu-door-na-hona-shambhu-THJkMNT9</loc>
    </url>
    <url>
      <loc>https://mobcup-ringtones.online/ashutosh-shashank-shekhar-JQZwRTJH</loc>
    </url>
    <url>
      <loc>https://mobcup-ringtones.online/ishwar-satya-hai-satya-hi-shiv-hai-52BYGM3F</loc>
    </url>
    <url>
      <loc>https://mobcup-ringtones.online/bhakt-tere-dwar-karte-hai-pukar-CYECni8T</loc>
    </url>
    <url>
      <loc>https://mobcup-ringtones.online/mahadev-shiva-shiva-Y70yY6p9</loc>
    </url>
    <url>
      <loc>https://mobcup-ringtones.online/amar-ho-prem-khani-6grzO3fk</loc>
    </url>
    <url>
      <loc>https://mobcup-ringtones.online/bhagat-tera-sawla-t8i9P0f7</loc>
    </url>
    <url>
      <loc>https://mobcup-ringtones.online/bum-bum-bhole-THg92zAG</loc>
    </url>
    <url>
      <loc>https://mobcup-ringtones.online/karpur-gauram-karunavtaram-mantra-UPhZaIzF</loc>
    </url>
    <url>
      <loc>https://mobcup-ringtones.online/shiva-the-damru-ala-billa-sonipat-ala-bhakti-jV3GnqH4</loc>
    </url>
    <url>
      <loc>https://mobcup-ringtones.online/shiva-the-damru-ala-w5aSPe9v</loc>
    </url>
    <url>
      <loc>https://mobcup-ringtones.online/ishwar-satya-hai-shiv-bhakti-lucke-taZAAaav</loc>
    </url>
    <url>
      <loc>https://mobcup-ringtones.online/shiva-the-damru-ala-billa-sonipat-ala-0CwIBW0z</loc>
    </url>
    <url>
      <loc>https://mobcup-ringtones.online/tu-dur-na-hona-shambhu-YmWLLgph</loc>
    </url>
    <url>
      <loc>https://mobcup-ringtones.online/bhole-sumit-goswami-haryanvi-song-ArewxEwm</loc>
    </url>
    <url>
      <loc>https://mobcup-ringtones.online/sawan-ka-mahina-shekhar-jaiswal-sawan-special-Uiebhk6H</loc>
    </url>
    <url>
      <loc>https://mobcup-ringtones.online/pagal-filmy-bhole-baba-haryanvi-song-5vY8Orp2</loc>
    </url>
    <url>
      <loc>https://mobcup-ringtones.online/pagal-filmy-bhakti-v3xkGYq0</loc>
    </url>
    <url>
      <loc>https://mobcup-ringtones.online/love-you-bhole-gulzaar-chhaniwala-haryanvi-song-abEyIKVV</loc>
    </url>
    <url>
      <loc>https://mobcup-ringtones.online/chale-hai-shankar-hansraj-raghuwanshi-H6wCF1vS</loc>
    </url>
    <url>
      <loc>https://mobcup-ringtones.online/mahadev-mil-jayenge-hansraj-raghuwanshi-IVQCENVj</loc>
    </url>
    <url>
      <loc>https://mobcup-ringtones.online/love-you-bhole-gulzaar-chhaniwala-bhole-baba-bBwXFOwZ</loc>
    </url>
    <url>
      <loc>https://mobcup-ringtones.online/mahadev-mil-jayenge-j-hind-hindi-rap-CDJCbexi</loc>
    </url>
    <url>
      <loc>https://mobcup-ringtones.online/har-har-shambhu-ringtone-mp3-download-pagal-u7hwwlkN</loc>
    </url>
    <url>
      <loc>https://mobcup-ringtones.online/bam-lehri-shekhar-jaiswal-bhakti-D5KkYG0h</loc>
    </url>
    <url>
      <loc>https://mobcup-ringtones.online/mahadev-mil-jayenge-myClwgEB</loc>
    </url>
    <url>
      <loc>https://mobcup-ringtones.online/bholi-ke-lyana-se-gulshan-music-nidhi-sharma-haryanvi-song-N91ZW3tG</loc>
    </url>
    <url>
      <loc>https://mobcup-ringtones.online/bam-lehri-shekhar-jaiswal-sawan-special-song-vCWRrpLb</loc>
    </url>
    <url>
      <loc>https://mobcup-ringtones.online/dhanyawad-tumne-meri-zindagi-bacha-li-m2UkSDXD</loc>
    </url>
    <url>
      <loc>https://mobcup-ringtones.online/om-namah-parvati-pataye-har-har-mahadev-hindi-vltbbiwA</loc>
    </url>
    <url>
      <loc>https://mobcup-ringtones.online/sanand-manand-vane-vasantam-AS9qJDnd</loc>
    </url>
    <url>
      <loc>https://mobcup-ringtones.online/tu-dur-na-hona-shambhu-KQGCaf2W</loc>
    </url>
    <url>
      <loc>https://mobcup-ringtones.online/bhola-se-andy-mera-preeti-choudhary-haryanvi-XMEl2HEf</loc>
    </url>
    <url>
      <loc>https://mobcup-ringtones.online/kedar-filmy-bhakti-song-moFuhXuD</loc>
    </url>
    <url>
      <loc>https://mobcup-ringtones.online/sanand-manand-vane-vasantam-FjeISiF3</loc>
    </url>
    <url>
      <loc>https://mobcup-ringtones.online/main-duniya-ki-daulat-duniya-pe-vaar-ke-aaya-hu-PKJpH4FN</loc>
    </url>
    <url>
      <loc>https://mobcup-ringtones.online/karpur-gauram-sJsWkHgq</loc>
    </url>
    <url>
      <loc>https://mobcup-ringtones.online/vat-purnima-song-ulVF3JvA</loc>
    </url>
    <url>
      <loc>https://mobcup-ringtones.online/nirvana-shatakam-8v9Fg9jb</loc>
    </url>
    <url>
      <loc>https://mobcup-ringtones.online/jal-ni-dhar-GMySVaL0</loc>
    </url>
    <url>
      <loc>https://mobcup-ringtones.online/babam-bam-song-VVyFvy6v</loc>
    </url>
    <url>
      <loc>https://mobcup-ringtones.online/brahma-murari-surarchita-lingam-6jECx4AN</loc>
    </url>
    <url>
      <loc>https://mobcup-ringtones.online/akadh-bam-bam-ASLo5cum</loc>
    </url>
    <url>
      <loc>https://mobcup-ringtones.online/sanson-ki-mala-pe-new-version-ringtone-download-mp3-uFaifZlD</loc>
    </url>
    <url>
      <loc>https://mobcup-ringtones.online/nirvana-shatakam-verse-3-GebqXzY8</loc>
    </url>
    <url>
      <loc>https://mobcup-ringtones.online/nirmal-jalni-dhar-SfvZJBRZ</loc>
    </url>
    <url>
      <loc>https://mobcup-ringtones.online/nirmal-jal-ni-dhar-dhare-tGZ2GGZP</loc>
    </url>
    <url>
      <loc>https://mobcup-ringtones.online/shiv-parvati-ndee-kundu-flute-instrumental-AgefNzt1</loc>
    </url>
    <url>
      <loc>https://mobcup-ringtones.online/om-namah-parvati-pataye-fm9f2lqr</loc>
    </url>
    <url>
      <loc>https://mobcup-ringtones.online/namami-shamishan-nirvan-roopam-ringtone-download-pagalworld-3xbHDfiZ</loc>
    </url>
    <url>
      <loc>https://mobcup-ringtones.online/karpur-gauram-karunavtaram-4IV09kqN</loc>
    </url>
    <url>
      <loc>https://mobcup-ringtones.online/shiv-amrit-ki-pawan-dhara-dho-deti-hai-kasht-hamara-t93250hW</loc>
    </url>
    <url>
      <loc>https://mobcup-ringtones.online/shiv-amrit-ki-pawan-dhara-dho-deti-har-kast-hamara-QGIP1aYQ</loc>
    </url>
    <url>
      <loc>https://mobcup-ringtones.online/shiv-amrit-ki-pawan-dhara-AIQjMNgI</loc>
    </url>
    <url>
      <loc>https://mobcup-ringtones.online/shiv-parvati-ndee-kundu-isha-sharma-g9GJwfe1</loc>
    </url>
    <url>
      <loc>https://mobcup-ringtones.online/har-har-mahadev-YRPB4iHb</loc>
    </url>
    <url>
      <loc>https://mobcup-ringtones.online/bhole-charniy-aradhana-7EtIhhLa</loc>
    </url>
    <url>
      <loc>https://mobcup-ringtones.online/om-tryambakam-yajamahe-uPK84RNE</loc>
    </url>
    <url>
      <loc>https://mobcup-ringtones.online/mahadev-2-hashtag-pandit-abhilipsa-panda-ff7WMymW</loc>
    </url>
    <url>
      <loc>https://mobcup-ringtones.online/creator-bhola-kd-desi-rock-bholenath-WGbVhiDU</loc>
    </url>
    <url>
      <loc>https://mobcup-ringtones.online/creator-bhola-kd-desi-rock-instrumental-aIWmVs31</loc>
    </url>
    <url>
      <loc>https://mobcup-ringtones.online/mahadev-2-hashtag-pandit-abhilipsa-panda-bhakti-vrthAcm5</loc>
    </url>
    <url>
      <loc>https://mobcup-ringtones.online/creator-bhola-kd-desi-rock-6y0rPoNi</loc>
    </url>
    <url>
      <loc>https://mobcup-ringtones.online/bhakto-ko-thukrata-nahin-tu-shri-ram-chandra-kripalu-ringtone-download</loc>
    </url>
    <url>
      <loc>https://mobcup-ringtones.online/rama-rama-ratate-ratate-laqshay-kapoor-payal-dev-ringtone-download</loc>
    </url>
    <url>
      <loc>https://mobcup-ringtones.online/tenu-das-deni-aa-yaara-tere-layi-lucky-niklugi-ringtone-download</loc>
    </url>
    <url>
      <loc>https://mobcup-ringtones.online/aaj-ki-raat-bgm-ringtone-download</loc>
    </url>
    <url>
      <loc>https://mobcup-ringtones.online/amaran-hey-rangule-bgm-ringtone-download</loc>
    </url>
    <url>
      <loc>https://mobcup-ringtones.online/kamal-si-komal-sri-lakshmi-laxmi-puja-diwali-song-ringtone-download</loc>
    </url>
    <url>
      <loc>https://mobcup-ringtones.online/tirumala-vasa-venkateswara-swamy-ringtone-download</loc>
    </url>
    <url>
      <loc>https://mobcup-ringtones.online/utha-utha-diwali-aali-song-ringtone-download</loc>
    </url>
    <url>
      <loc>https://mobcup-ringtones.online/deenanath-meri-baat-khatu-shyam-baba-ringtone-download</loc>
    </url>
    <url>
      <loc>https://mobcup-ringtones.online/shri-ram-chandra-kripalu-bhajman-haran-bhav-bhay-darunam-ringtone-download</loc>
    </url>
    <url>
      <loc>https://mobcup-ringtones.online/jab-tak-sar-pe-tera-hath-song-jubin-nautiyal-ringtone-download</loc>
    </url>
    <url>
      <loc>https://mobcup-ringtones.online/lucky-song-garry-sandhu-pranjal-dahiya-ringtone-download</loc>
    </url>
    <url>
      <loc>https://mobcup-ringtones.online/jeene-ke-liye-socha-hi-nahi-arijit-singh-ringtone-download</loc>
    </url>
    <url>
      <loc>https://mobcup-ringtones.online/minnalgal-koothadum-bgm-ringtone-download</loc>
    </url>
    <url>
      <loc>https://mobcup-ringtones.online/minnale-amaran-tamil-song-love-bgm-ringtone-download</loc>
    </url>
    <url>
      <loc>https://mobcup-ringtones.online/ram-siya-ki-karun-kahani-ram-siya-ram-ringtone-download</loc>
    </url>
    <url>
      <loc>https://mobcup-ringtones.online/hey-rangule-ringtone-download</loc>
    </url>
    <url>
      <loc>https://mobcup-ringtones.online/tera-naam-hatha-utte-likhwon-de-khayal-song-jugraj-sandhu-x-hey-crush-ringtone-download</loc>
    </url>
    <url>
      <loc>https://mobcup-ringtones.online/hulara-tera-att-karda-shivjot-mahi-sharma-ringtone-download</loc>
    </url>
    <url>
      <loc>https://mobcup-ringtones.online/meri-banja-diwali-banno-raj-mawer-ringtone-download</loc>
    </url>
    <url>
      <loc>https://mobcup-ringtones.online/tere-mere-pyar-nu-nazar-na-lage-ringtone-download</loc>
    </url>
    <url>
      <loc>https://mobcup-ringtones.online/harleys-in-hawaii-ringtone-download</loc>
    </url>
    <url>
      <loc>https://mobcup-ringtones.online/uchathila-song-vettaiyan-tamil-ringtone-download</loc>
    </url>
    <url>
      <loc>https://mobcup-ringtones.online/monsoon-raaga-instrumental-ringtone-download</loc>
    </url>
    <url>
      <loc>https://mobcup-ringtones.online/akka-thambi-pasam-tamil-song-ringtone-download</loc>
    </url>
    <url>
      <loc>https://mobcup-ringtones.online/khoyi-khoyi-si-hu-main-lehrein-ringtone-download</loc>
    </url>
    <url>
      <loc>https://mobcup-ringtones.online/hua-shankhnaad-ringtone-download</loc>
    </url>
    <url>
      <loc>https://mobcup-ringtones.online/lehrein-bgm-ringtone-download</loc>
    </url>
    <url>
      <loc>https://mobcup-ringtones.online/adharam-madhuram-shreya-ghoshal-shri-krishna-ringtone-download</loc>
    </url>
    <url>
      <loc>https://mobcup-ringtones.online/hey-superstar-da-song-vettaiyan-rajinikanth-ringtone-download</loc>
    </url>
    <url>
      <loc>https://mobcup-ringtones.online/mangal-bhavan-amangal-hari-instrumental-new-version-ringtone-download</loc>
    </url>
    <url>
      <loc>https://mobcup-ringtones.online/ram-krishna-hari-marathi-bhakti-ringtone-download</loc>
    </url>
    <url>
      <loc>https://mobcup-ringtones.online/jo-phool-dhare-har-dali-par-vishwas-to-rakh-ringtone-download</loc>
    </url>
    <url>
      <loc>https://mobcup-ringtones.online/aali-diwali-diwali-special-marathi-ringtone-download</loc>
    </url>
    <url>
      <loc>https://mobcup-ringtones.online/hamare-milan-ko-hai-tarse-jo-naina-ringtone-download</loc>
    </url>
    <url>
      <loc>https://mobcup-ringtones.online/ram-siya-ram-mangal-bhavan-amangal-hari-ringtone-download</loc>
    </url>
    <url>
      <loc>https://mobcup-ringtones.online/pahle-pakharungi-main-paon-tumhare-ram-aayenge-2-ringtone-download</loc>
    </url>
    <url>
      <loc>https://mobcup-ringtones.online/veyi-naamaala-vaada-venkateswara-song-ringtone-download</loc>
    </url>
    <url>
      <loc>https://mobcup-ringtones.online/sir-mukut-kundal-tilak-charu-ringtone-download</loc>
    </url>
    <url>
      <loc>https://mobcup-ringtones.online/raghupati-raghav-raja-ram-ram-vandana-ringtone-download</loc>
    </url>
    <url>
      <loc>https://mobcup-ringtones.online/hey-ram-hey-ram-ringtone-download</loc>
    </url>
    <url>
      <loc>https://mobcup-ringtones.online/monsoon-raaga-ringtone-download</loc>
    </url>
    <url>
      <loc>https://mobcup-ringtones.online/mujhko-kirti-na-vaibhav-na-yash-chahiye-ringtone-download</loc>
    </url>
    <url>
      <loc>https://mobcup-ringtones.online/sanand-manand-ringtone-download</loc>
    </url>
    <url>
      <loc>https://mobcup-ringtones.online/morning-wish-ajay-bhagta-moni-hooda-ringtone-download</loc>
    </url>
    <url>
      <loc>https://mobcup-ringtones.online/pata-nahi-kis-roop-mein-aakar-jubin-nautiyal-ringtone-download</loc>
    </url>
    <url>
      <loc>https://mobcup-ringtones.online/shri-ram-chandra-kripalu-jubin-nautiyal-ringtone-download</loc>
    </url>
    <url>
      <loc>https://mobcup-ringtones.online/mere-naina-vich-rehan-de-ringtone-download</loc>
    </url>
    <url>
      <loc>https://mobcup-ringtones.online/rathamaarey-vishal-mishra-tamil-ringtone-download</loc>
    </url>
    <url>
      <loc>https://mobcup-ringtones.online/meri-chokhat-pe-chal-ke-aaj-charo-dham-aaye-hai-ringtone-download</loc>
    </url>
    <url>
      <loc>https://mobcup-ringtones.online/the-rajasaab-motion-poster-bgm-ringtone-download</loc>
    </url>
    <url>
      <loc>https://mobcup-ringtones.online/tu-jo-nahin-glenn-john-ringtone-download</loc>
    </url>
    <url>
      <loc>https://mobcup-ringtones.online/laddu-mutya-ringtone-download</loc>
    </url>
    <url>
      <loc>https://mobcup-ringtones.online/falak-tak-chal-saath-mere-annkur-r-pathakk-new-version-ringtone-download</loc>
    </url>
    <url>
      <loc>https://mobcup-ringtones.online/jai-bajrangbali-song-singham-again-ajay-devgn-ringtone-download</loc>
    </url>
    <url>
      <loc>https://mobcup-ringtones.online/discord-halloween-ringtone-download</loc>
    </url>
    <url>
      <loc>https://mobcup-ringtones.online/sifar-safar-song-karan-aujla-punjabi-ringtone-download</loc>
    </url>
    <url>
      <loc>https://mobcup-ringtones.online/bagichay-bulbuli-tui-bulbuli-ringtone-download</loc>
    </url>
    <url>
      <loc>https://mobcup-ringtones.online/saali-neeche-aaja-song-anjali-raghav-gulshan-baba-ringtone-download</loc>
    </url>
    <url>
      <loc>https://mobcup-ringtones.online/bayi-gaal-par-karke-kiss-kariye-good-morning-wish-ringtone-download</loc>
    </url>
    <url>
      <loc>https://mobcup-ringtones.online/gajab-ka-karigar-tera-papa-song-ringtone-download</loc>
    </url>
    <url>
      <loc>https://mobcup-ringtones.online/dheema-dheema-anirudh-ringtone-download</loc>
    </url>
    <url>
      <loc>https://mobcup-ringtones.online/chand-nazar-aaya-armaan-malik-ringtone-download</loc>
    </url>
    <url>
      <loc>https://mobcup-ringtones.online/tum-aaye-to-aaya-mujhe-yaad-gali-me-aaj-chand-nikla-ringtone-download</loc>
    </url>
    <url>
      <loc>https://mobcup-ringtones.online/karwa-chauth-sharan-maan-ringtone-download</loc>
    </url>
    <url>
      <loc>https://mobcup-ringtones.online/tere-liye-paya-chuda-tere-liye-bindiya-karwa-chauth-ringtone-download</loc>
    </url>
    <url>
      <loc>https://mobcup-ringtones.online/ve-main-karwa-chauth-da-vart-soneya-ringtone-download</loc>
    </url>
    <url>
      <loc>https://mobcup-ringtones.online/sang-sang-rahenge-janam-janam-ringtone-download</loc>
    </url>
    <url>
      <loc>https://mobcup-ringtones.online/hatho-me-pooja-ki-thali-ringtone-download-2</loc>
    </url>
    <url>
      <loc>https://mobcup-ringtones.online/adhir-man-zale-ringtone-download</loc>
    </url>
    <url>
      <loc>https://mobcup-ringtones.online/chand-ne-chand-ke-intezar-karile-o-piya-karwa-chauth-ringtone-download</loc>
    </url>
    <url>
      <loc>https://mobcup-ringtones.online/o-piya-karwa-chauth-ringtone-download</loc>
    </url>
    <url>
      <loc>https://mobcup-ringtones.online/bhool-bhulaiyaa-3-title-track-kartik-aaryan-ringtone-download</loc>
    </url>
    <url>
      <loc>https://mobcup-ringtones.online/anbana-magal-vandhal-ringtone-download-2</loc>
    </url>
    <url>
      <loc>https://mobcup-ringtones.online/meri-chaal-dekhiye-ringtone-download</loc>
    </url>
    <url>
      <loc>https://mobcup-ringtones.online/na-na-na-na-na-re-daler-mehndi-vicky-vidya-ka-woh-wala-video-ringtone-download</loc>
    </url>
    <url>
      <loc>https://mobcup-ringtones.online/raah-mein-unse-song-dev-negi-deeksha-toor-ringtone-download</loc>
    </url>
    <url>
      <loc>https://mobcup-ringtones.online/o-beliya-song-darshan-raval-out-of-control-ringtone-download</loc>
    </url>
    <url>
      <loc>https://mobcup-ringtones.online/mithila-ka-kan-kan-khila-jamai-raja-ram-mila-maanya-arora-ram-bhajan-ringtone-download</loc>
    </url>
    <url>
      <loc>https://mobcup-ringtones.online/karwa-chauth-da-vrat-ve-rakha-ringtone-download</loc>
    </url>
    <url>
      <loc>https://mobcup-ringtones.online/akhiyaan-nu-rhn-de-akhiyaan-de-kol-do-patti-shilpa-rao-ringtone-download</loc>
    </url>
    <url>
      <loc>https://mobcup-ringtones.online/phoolon-ka-taron-ka-sabka-kehna-hai-vedang-raina-ringtone-download</loc>
    </url>
    <url>
      <loc>https://mobcup-ringtones.online/vrat-song-satbir-aujla-karwa-chauth-special-ringtone-download</loc>
    </url>
    <url>
      <loc>https://mobcup-ringtones.online/re-itni-pyari-lage-tu-jab-mithi-mithi-bole-se-ringtone-download</loc>
    </url>
    <url>
      <loc>https://mobcup-ringtones.online/meri-jaan-kive-na-hor-chave-ringtone-download</loc>
    </url>
    <url>
      <loc>https://mobcup-ringtones.online/o-sunke-tu-javi-balliye-mudke-na-aavi-balliye-ringtone-download</loc>
    </url>
    <url>
      <loc>https://mobcup-ringtones.online/sun-chaand-se-mu-wali-nakhro-karwachauth-pe-ke-lyana-se-ringtone-download</loc>
    </url>
    <url>
      <loc>https://mobcup-ringtones.online/lamba-lamba-ghunghat-song-harjeet-deewana-komal-choudhary-ringtone-download</loc>
    </url>
    <url>
      <loc>https://mobcup-ringtones.online/re-jab-tak-chale-sans-meri-tera-saath-nibhana-se-ringtone-download</loc>
    </url>
    <url>
      <loc>https://mobcup-ringtones.online/kar-solah-shringar-mera-jab-chand-chhat-pe-aavega-ringtone-download</loc>
    </url>
    <url>
      <loc>https://mobcup-ringtones.online/jab-tak-jiyu-meri-jaan-mere-hath-mein-ho-bas-hath-tera-ringtone-download</loc>
    </url>
    <url>
      <loc>https://mobcup-ringtones.online/bata-tu-karwa-chauth-ka-gift-jaan-mera-ke-ke-lavega-ringtone-download</loc>
    </url>
    <url>
      <loc>https://mobcup-ringtones.online/rudhira-dhaara-song-bagheera-sriimurali-ringtone-download</loc>
    </url>
    <url>
      <loc>https://mobcup-ringtones.online/prabhu-deva-bagheera-bgm-ringtone-download</loc>
    </url>
    <url>
      <loc>https://mobcup-ringtones.online/tane-chand-nikalte-dekhungi-ringtone-download</loc>
    </url>
    <url>
      <loc>https://mobcup-ringtones.online/akhanda-2-thaandavam-title-theme-nandamuri-balakrishna-ringtone-download</loc>
    </url>
    <url>
      <loc>https://mobcup-ringtones.online/yo-aagya-karwa-chauth-mne-bhi-hona-pura-taiyar-piya-ringtone-download</loc>
    </url>
    <url>
      <loc>https://mobcup-ringtones.online/mera-khule-vrat-jab-sanjh-pyar-te-pani-pavega-karwa-chauth-ringtone-download</loc>
    </url>
    <url>
      <loc>https://mobcup-ringtones.online/bagheera-bagheera-rudhira-dhaara-kannada-song-ringtone-download</loc>
    </url>
    <url>
      <loc>https://mobcup-ringtones.online/karwachauth-pe-ke-lyana-se-song-gulshan-music-ringtone-download</loc>
    </url>
    <url>
      <loc>https://mobcup-ringtones.online/akhanda-2-theme-bgm-ringtone-download</loc>
    </url>
    <url>
      <loc>https://mobcup-ringtones.online/mangni-song-korala-maan-mahi-sharma-ringtone-download</loc>
    </url>
    <url>
      <loc>https://mobcup-ringtones.online/kanka-de-ohle-garry-sandhu-ringtone-download</loc>
    </url>
    <url>
      <loc>https://mobcup-ringtones.online/mora-wargi-tora-turdi-hirni-wargi-kudiye-ni-download</loc>
    </url>
    <url>
      <loc>https://mobcup-ringtones.online/love-merrige-kari-lau-gujarati-love-song-ringtone-download</loc>
    </url>
    <url>
      <loc>https://mobcup-ringtones.online/pehla-tere-nain-main-dekhe-fer-dekheya-tenu-ni-ringtone-download</loc>
    </url>
    <url>
      <loc>https://mobcup-ringtones.online/bad-fellas-song-gulzaar-chhaniwala-anjali-99-ringtone-download</loc>
    </url>
    <url>
      <loc>https://mobcup-ringtones.online/chhaila-woh-mera-chhaila-ringtone-download</loc>
    </url>
    <url>
      <loc>https://mobcup-ringtones.online/tere-mathe-di-lat-sajni-sajda-mainu-kardi-ae-ringtone-download</loc>
    </url>
    <url>
      <loc>https://mobcup-ringtones.online/teri-umar-rakane-aje-19-ae-9-teen-nihhal-ringtone-download</loc>
    </url>
    <url>
      <loc>https://mobcup-ringtones.online/din-raat-baatein-karta-hai-mujhse-chhaila-ringtone-download</loc>
    </url>
    <url>
      <loc>https://mobcup-ringtones.online/dheema-song-love-insurance-kompany-tamil-ringtone-download</loc>
    </url>
    <url>
      <loc>https://mobcup-ringtones.online/munde-jattan-de-song-thapar-ifra-khan-ringtone-download</loc>
    </url>
    <url>
      <loc>https://mobcup-ringtones.online/kari-bahut-mistakes-par-chhode-nahi-dost-ringtone-download</loc>
    </url>
    <url>
      <loc>https://mobcup-ringtones.online/kuch-toh-hua-hai-jab-se-wo-mila-hai-ringtone-download</loc>
    </url>
    <url>
      <loc>https://mobcup-ringtones.online/chhaila-song-shreya-ghoshal-x-sunidhi-chauhan-ringtone-download</loc>
    </url>
    <url>
      <loc>https://mobcup-ringtones.online/tha-tha-tha-masoom-sharma-anjali99-ringtone-download</loc>
    </url>
    <url>
      <loc>https://mobcup-ringtones.online/kaise-main-bataun-mera-haal-kya-hai-chhaila-song-ringtone-download</loc>
    </url>
    <url>
      <loc>https://mobcup-ringtones.online/shiv-shankar-ki-kripa-ho-jaye-gajendra-pratap-singh-shiva-song-ringtone-download</loc>
    </url>
    <url>
      <loc>https://mobcup-ringtones.online/cream-song-gurlez-akhtar-gulab-sidhu-ringtone-download</loc>
    </url>
    <url>
      <loc>https://mobcup-ringtones.online/ek-maali-laga-raha-hai-gamla-seedhe-maut-namuna-song-ringtone-download</loc>
    </url>
    <url>
      <loc>https://mobcup-ringtones.online/vo-bole-tum-ho-gaye-ho-mainstream-seedhe-maut-ringtone-download</loc>
    </url>
    <url>
      <loc>https://mobcup-ringtones.online/jodaa-song-afsana-khan-ringtone-download</loc>
    </url>
    <url>
      <loc>https://mobcup-ringtones.online/vastanu-vastanule-bgm-ringtone-download</loc>
    </url>
    <url>
      <loc>https://mobcup-ringtones.online/kit-chali-kit-chali-ban-ke-kabootari-ringtone-download</loc>
    </url>
    <url>
      <loc>https://mobcup-ringtones.online/o-meri-chaldi-dawai-billo-bikaner-to-medicine-r-nait-song-ringtone-download</loc>
    </url>
    <url>
      <loc>https://mobcup-ringtones.online/bada-kamal-lagela-tor-lal-saree-ringtone-download</loc>
    </url>
    <url>
      <loc>https://mobcup-ringtones.online/kahiya-debe-tu-dil-kahiya-debe-tu-pyar-ringtone-download</loc>
    </url>
    <url>
      <loc>https://mobcup-ringtones.online/ram-ayenge-2-swati-mishra-ram-bhajan-ringtone-download</loc>
    </url>
    <url>
      <loc>https://mobcup-ringtones.online/ye-joda-chandi-wala-joda-tera-dita-joda-ringtone-download</loc>
    </url>
    <url>
      <loc>https://mobcup-ringtones.online/gunguru-gunguru-viswam-telugu-song-ringtone-download</loc>
    </url>
    <url>
      <loc>https://mobcup-ringtones.online/aaj-saja-do-ye-pag-pag-jag-ram-ayenge-2-ringtone-download</loc>
    </url>
    <url>
      <loc>https://mobcup-ringtones.online/hairan-hu-ki-kuch-bhi-na-mangu-kabhi-ringtone-download</loc>
    </url>
    <url>
      <loc>https://mobcup-ringtones.online/mondi-thalli-pilla-nuvvu-bgm-ringtone-download</loc>
    </url>
    <url>
      <loc>https://mobcup-ringtones.online/vastanu-vastanule-song-ringtone-download</loc>
    </url>
    <url>
      <loc>https://mobcup-ringtones.online/banno-song-renuka-panwar-haryanvi-ringtone-download</loc>
    </url>
    <url>
      <loc>https://mobcup-ringtones.online/papa-meri-jaan-whistle-ringtone-download</loc>
    </url>
    <url>
      <loc>https://mobcup-ringtones.online/tera-yaar-rakane-shree-brar-gurlez-akhtar-ringtone-download</loc>
    </url>
    <url>
      <loc>https://mobcup-ringtones.online/moroccan-maguva-song-viswam-telugu-ringtone-download</loc>
    </url>
    <url>
      <loc>https://mobcup-ringtones.online/puche-ye-tu-ki-tujh-mein-main-kya-dekhta-hoon-ringtone-download</loc>
    </url>
    <url>
      <loc>https://mobcup-ringtones.online/moroccan-maguva-tamil-song-viswam-ringtone-download</loc>
    </url>
    <url>
      <loc>https://mobcup-ringtones.online/mondi-thalli-pilla-nuvvu-song-sahithi-chaganti-viswam-ringtone-download</loc>
    </url>
    <url>
      <loc>https://mobcup-ringtones.online/radha-radha-radha-barsane-wali-radha-ringtone-download</loc>
    </url>
    <url>
      <loc>https://mobcup-ringtones.online/tera-gora-gora-rang-jive-dudh-te-malai-tere-krke-preetinder-ringtone-download</loc>
    </url>
    <url>
      <loc>https://mobcup-ringtones.online/marco-first-look-bgm-ringtone-download</loc>
    </url>
    <url>
      <loc>https://mobcup-ringtones.online/marco-teaser-bgm-unni-mukundan-ravi-basur-ringtone-download</loc>
    </url>
    <url>
      <loc>https://mobcup-ringtones.online/super-tuna-song-jin-ringtone-download</loc>
    </url>
    <url>
      <loc>https://mobcup-ringtones.online/tumhe-apna-banane-ki-kasam-instrumental-ringtone-download</loc>
    </url>
    <url>
      <loc>https://mobcup-ringtones.online/vrindavan-me-radha-kunj-gali-me-radha-rani-ringtone-download</loc>
    </url>
    <url>
      <loc>https://mobcup-ringtones.online/bhajo-radhe-bhajo-re-bhajo-shyam-bhajo-re-ringtone-download</loc>
    </url>
    <url>
      <loc>https://mobcup-ringtones.online/shyam-bhajo-re-nikhil-verma-krishna-bhajan-ringtone-download</loc>
    </url>
    <url>
      <loc>https://mobcup-ringtones.online/barsana-me-radha-shyam-kund-me-radha-rani-hai-ringtone-download</loc>
    </url>
    <url>
      <loc>https://mobcup-ringtones.online/kakka-kakka-lift-the-bgm-ringtone-download</loc>
    </url>
    <url>
      <loc>https://mobcup-ringtones.online/kaththi-ankitha-bgm-ringtone-download</loc>
    </url>
    <url>
      <loc>https://mobcup-ringtones.online/chinese-flute-bird-chirping-bansuri-ringtone-download</loc>
    </url>
    <url>
      <loc>https://mobcup-ringtones.online/tumhe-apna-banane-ki-song-90s-revisited-ringtone-download</loc>
    </url>
    <url>
      <loc>https://mobcup-ringtones.online/kakka-kakka-love-bgm-ringtone-download</loc>
    </url>
    <url>
      <loc>https://mobcup-ringtones.online/cash-prize-kaththi-bgm-instrumental-ringtone-download</loc>
    </url>
    <url>
      <loc>https://mobcup-ringtones.online/tumhe-apna-banane-ki-kasam-khai-hai-90s-revisited-song-ringtone-download</loc>
    </url>
    <url>
      <loc>https://mobcup-ringtones.online/teri-bahon-mein-hai-dono-jahan-mere-ringtone-download</loc>
    </url>
    <url>
      <loc>https://mobcup-ringtones.online/ennai-konjam-kakka-kakka-love-bgm-ringtone-download</loc>
    </url>
    <url>
      <loc>https://mobcup-ringtones.online/kaththi-bgm-ringtone-download</loc>
    </url>
    <url>
      <loc>https://mobcup-ringtones.online/sivakarthikeyan-sk-amaran-bgm-ringtone-download</loc>
    </url>
    <url>
      <loc>https://mobcup-ringtones.online/yamma-yamma-instrumental-ringtone-download</loc>
    </url>
    <url>
      <loc>https://mobcup-ringtones.online/vettaiyan-manasilayo-bgm-ringtone-download</loc>
    </url>
    <url>
      <loc>https://mobcup-ringtones.online/arm-bgm-tovino-thomas-malayalam-ringtone-download</loc>
    </url>
    <url>
      <loc>https://mobcup-ringtones.online/ho-gal-hai-mashoor-akh-wali-ghoor-di-ringtone-download</loc>
    </url>
    <url>
      <loc>https://mobcup-ringtones.online/hey-minnale-bgm-ringtone-download-2</loc>
    </url>
    <url>
      <loc>https://mobcup-ringtones.online/kavin-bloody-beggar-bgm-ringtone-download</loc>
    </url>
    <url>
      <loc>https://mobcup-ringtones.online/vettaiyan-thalaivar-170-title-bgm-ringtone-download</loc>
    </url>
    <url>
      <loc>https://mobcup-ringtones.online/vishwambhara-movie-megastar-chiranjeevi-teaser-bgm-ringtone-download</loc>
    </url>
    <url>
      <loc>https://mobcup-ringtones.online/ilayaraja-flute-bgm-ringtone-download</loc>
    </url>
    <url>
      <loc>https://mobcup-ringtones.online/glimpses-of-babbar-sher-baby-john-varun-dhawan-ringtone-download</loc>
    </url>
    <url>
      <loc>https://mobcup-ringtones.online/road-rage-song-ammy-virk-jasmeen-akhtar-ringtone-download</loc>
    </url>
    <url>
      <loc>https://mobcup-ringtones.online/pyar-ghat-gya-song-masoom-sharma-ringtone-download</loc>
    </url>
    <url>
      <loc>https://mobcup-ringtones.online/tik-jandiyan-ne-raatan-raatan-song-lopon-sidhu-ringtone-download</loc>
    </url>
    <url>
      <loc>https://mobcup-ringtones.online/ho-mai-to-khamkha-byahli-tere-aayi-ringtone-download</loc>
    </url>
    <url>
      <loc>https://mobcup-ringtones.online/mitran-de-bare-harf-cheema-ringtone-download</loc>
    </url>
    <url>
      <loc>https://mobcup-ringtones.online/babbar-sher-glimpses-music-bgm-ringtone-download</loc>
    </url>
    <url>
      <loc>https://mobcup-ringtones.online/o-likheya-je-langdi-langa-le-ni-gabru-ne-gypsy-piche-ringtone-download</loc>
    </url>
    <url>
      <loc>https://mobcup-ringtones.online/o-saje-hath-kada-khabe-ghadi-jattiye-ringtone-download</loc>
    </url>
    <url>
      <loc>https://mobcup-ringtones.online/haye-ankh-teri-jide-naal-ladi-jattiye-road-rage-ringtone-download</loc>
    </url>
    <url>
      <loc>https://mobcup-ringtones.online/ke-fer-sona-vi-ki-sona-je-tera-khwaab-na-aave-ringtone-download</loc>
    </url>
    <url>
      <loc>https://mobcup-ringtones.online/ni-mere-dil-te-jadu-chaya-hai-dil-vich-bhangra-ringtone-download</loc>
    </url>
    <url>
      <loc>https://mobcup-ringtones.online/dil-vich-bhangra-song-mika-singh-punjabi-ringtone-download</loc>
    </url>
    <url>
      <loc>https://mobcup-ringtones.online/mera-jee-prabh-gill-ringtone-download</loc>
    </url>
    <url>
      <loc>https://mobcup-ringtones.online/big-dawgs-x-karan-aujla-gautam-ringtone-download</loc>
    </url>
    <url>
      <loc>https://mobcup-ringtones.online/tere-bina-jeena-saja-ho-gaya-mrinali-gulati-female-version-ringtone-download</loc>
    </url>
    <url>
      <loc>https://mobcup-ringtones.online/tujhse-mera-ye-jee-nahi-bharta-duniya-female-version-ringtone-download</loc>
    </url>
    <url>
      <loc>https://mobcup-ringtones.online/krishna-theme-flute-paras-nath-ringtone-download</loc>
    </url>
    <url>
      <loc>https://mobcup-ringtones.online/love-the-way-you-lie-piano-version-ringtone-download</loc>
    </url>
    <url>
      <loc>https://mobcup-ringtones.online/teri-tasveer-baba-beli-ringtone-download</loc>
    </url>
    <url>
      <loc>https://mobcup-ringtones.online/zindagi-tere-naam-x-dil-se-dil-tak-lofi-mashup-ringtone-download</loc>
    </url>
    <url>
      <loc>https://mobcup-ringtones.online/teen-lok-ka-vijeta-ravan-apne-ghar-se-haar-gaya-ringtone-download</loc>
    </url>
    <url>
      <loc>https://mobcup-ringtones.online/tohar-miksi-hamar-miksi-ringtone-download</loc>
    </url>
    <url>
      <loc>https://mobcup-ringtones.online/theeyaga-thondri-ringtone-download</loc>
    </url>
    <url>
      <loc>https://mobcup-ringtones.online/maine-khud-ko-mustafa-zahid-ringtone-download</loc>
    </url>
    <url>
      <loc>https://mobcup-ringtones.online/jo-maikhane-jake-main-sagar-uthau-ringtone-download</loc>
    </url>
    <url>
      <loc>https://mobcup-ringtones.online/4-log-aur-40-bate-400-afwah-chalti-hai-ringtone-download</loc>
    </url>
    <url>
      <loc>https://mobcup-ringtones.online/radha-gori-re-song-atul-purohit-ringtone-download</loc>
    </url>
    <url>
      <loc>https://mobcup-ringtones.online/garam-masala-remix-arvind-akela-kallu-shilpi-raj-ringtone-download</loc>
    </url>
    <url>
      <loc>https://mobcup-ringtones.online/daman-m-daag-song-ringtone-download</loc>
    </url>
    <url>
      <loc>https://mobcup-ringtones.online/bomb-lagdi-suresh-sharma-himachali-ringtone-download</loc>
    </url>
    <url>
      <loc>https://mobcup-ringtones.online/rakh-le-bana-ke-mainu-rani-dil-di-ringtone-download</loc>
    </url>
    <url>
      <loc>https://mobcup-ringtones.online/mom-dad-aape-mai-manalu-soneya-donali-lofi-ringtone-download</loc>
    </url>
    <url>
      <loc>https://mobcup-ringtones.online/teri-khidki-khuli-te-mainu-duniya-bhul-gi-teri-akhiyaan-ringtone-download</loc>
    </url>
    <url>
      <loc>https://mobcup-ringtones.online/jithe-rakhdi-pair-us-tha-nu-chumda-ringtone-download</loc>
    </url>
    <url>
      <loc>https://mobcup-ringtones.online/tune-chhua-to-main-dhadakne-laga-ringtone-download</loc>
    </url>
    <url>
      <loc>https://mobcup-ringtones.online/kethi-tu-holi-jhuriye-nati-king-kuldeep-sharma-ringtone-download</loc>
    </url>
    <url>
      <loc>https://mobcup-ringtones.online/ve-alhad-kanwari-tere-piche-piche-firdi-aa-ringtone-download</loc>
    </url>
    <url>
      <loc>https://mobcup-ringtones.online/teri-akhiyaan-danny-avvy-sra-ringtone-download</loc>
    </url>
    <url>
      <loc>https://mobcup-ringtones.online/cm-haryane-ka-song-amit-saini-rohtakiya-ringtone-download</loc>
    </url>
    <url>
      <loc>https://mobcup-ringtones.online/hey-minnale-amaran-song-ringtone-download</loc>
    </url>
    <url>
      <loc>https://mobcup-ringtones.online/manya-surve-theme-background-music-ringtone-download</loc>
    </url>
    <url>
      <loc>https://mobcup-ringtones.online/hum-na-baaz-ayenge-mohabbat-se-syed-tajamul-instagram-trending-ringtone-download</loc>
    </url>
    <url>
      <loc>https://mobcup-ringtones.online/hum-to-hai-chaakar-maiya-tere-darbar-ke-ringtone-download</loc>
    </url>
    <url>
      <loc>https://mobcup-ringtones.online/akka-thambi-song-ringtone-download</loc>
    </url>
    <url>
      <loc>https://mobcup-ringtones.online/hunter-ka-avtaar-hindi-vettaiyan-the-hunter-rajinikanth-ringtone-download</loc>
    </url>
    <url>
      <loc>https://mobcup-ringtones.online/babliye-song-nati-king-kuldeep-sharma-bhojpuri-ringtone-download</loc>
    </url>
    <url>
      <loc>https://mobcup-ringtones.online/o-aaye-tere-bhawan-dede-apni-sharan-ringtone-download</loc>
    </url>
    <url>
      <loc>https://mobcup-ringtones.online/snake-song-cheema-y-gur-sidhu-ringtone-download</loc>
    </url>
    <url>
      <loc>https://mobcup-ringtones.online/vinti-hamari-bhi-ab-karo-manjur-maa-ringtone-download</loc>
    </url>
    <url>
      <loc>https://mobcup-ringtones.online/ghulama-wali-song-priya-heart-touching-ringtone-download</loc>
    </url>
    <url>
      <loc>https://mobcup-ringtones.online/maine-photo-dekhi-suthra-tha-jamai-anjali-99-ringtone-download</loc>
    </url>
    <url>
      <loc>https://mobcup-ringtones.online/asi-nazuk-dil-de-lok-aa-gajendra-verma-ringtone-download</loc>
    </url>
    <url>
      <loc>https://mobcup-ringtones.online/bekarari-milegi-lutega-sukoon-song-ringtone-download</loc>
    </url>
    <url>
      <loc>https://mobcup-ringtones.online/pehla-tere-nain-mein-dekhe-josh-brar-punjabi-song-ringtone-download</loc>
    </url>
    <url>
      <loc>https://mobcup-ringtones.online/saadgi-to-hamari-zara-dekhiye-baabarr-mudacer-ringtone-download</loc>
    </url>
    <url>
      <loc>https://mobcup-ringtones.online/saat-samandar-dol-gaya-sajna-ve-sajna-ringtone-download</loc>
    </url>
    <url>
      <loc>https://mobcup-ringtones.online/jigra-title-track-jigra-vedang-raina-song-ringtone-download</loc>
    </url>
    <url>
      <loc>https://mobcup-ringtones.online/maago-song-madhubanti-bagchi-ringtone-download</loc>
    </url>
    <url>
      <loc>https://mobcup-ringtones.online/teri-aankhe-thikana-hai-mera-bas-kaafi-hai-song-ringtone-download</loc>
    </url>
    <url>
      <loc>https://mobcup-ringtones.online/angna-padharo-maharani-dj-song-ringtone-download</loc>
    </url>
    <url>
      <loc>https://mobcup-ringtones.online/the-milky-way-piano-music-instrumental-ringtone-download</loc>
    </url>
    <url>
      <loc>https://mobcup-ringtones.online/jine-tere-vaaste-main-jode-paye-aa-chaa-adiye-supne-ringtone-download</loc>
    </url>
    <url>
      <loc>https://mobcup-ringtones.online/mere-balam-ke-aage-pache-chale-gypsy-ringtone-download</loc>
    </url>
    <url>
      <loc>https://mobcup-ringtones.online/lomlsifta-love-of-my-life-the-landers-ringtone-download</loc>
    </url>
    <url>
      <loc>https://mobcup-ringtones.online/rishte-da-antt-babbu-maan-song-ringtone-download</loc>
    </url>
    <url>
      <loc>https://mobcup-ringtones.online/keep-up-song-odetari-english-ringtone-download</loc>
    </url>
    <url>
      <loc>https://mobcup-ringtones.online/aaja-gallan-kariye-nimrat-khaira-arjan-dhillon-ringtone-download</loc>
    </url>
    <url>
      <loc>https://mobcup-ringtones.online/tere-naal-jud-gayi-dor-koi-husband-wife-romantic-ringtone-download</loc>
    </url>
    <url>
      <loc>https://mobcup-ringtones.online/tera-prem-anokha-hai-maiya-ringtone-download</loc>
    </url>
    <url>
      <loc>https://mobcup-ringtones.online/enna-solla-pogirai-flute-ringtone-download</loc>
    </url>
    <url>
      <loc>https://mobcup-ringtones.online/nasheed-ringtone-download</loc>
    </url>
    <url>
      <loc>https://mobcup-ringtones.online/kangni-song-himmat-sandhu-ringtone-download</loc>
    </url>
    <url>
      <loc>https://mobcup-ringtones.online/tenu-sang-rakhna-jigra-arijit-singh-ringtone-download</loc>
    </url>
    <url>
      <loc>https://mobcup-ringtones.online/aa-rojulu-malli-raavu-ringtone-download</loc>
    </url>
    <url>
      <loc>https://mobcup-ringtones.online/o-pilaga-venkati-song-singer-prabha-telugu-ringtone-download</loc>
    </url>
    <url>
      <loc>https://mobcup-ringtones.online/nee-choopule-music-ringtone-download</loc>
    </url>
    <url>
      <loc>https://mobcup-ringtones.online/enduku-puttindi-puttindi-chuttamalle-devara-ringtone-download</loc>
    </url>
    <url>
      <loc>https://mobcup-ringtones.online/nee-pottu-vacha-tamil-melody-song-ringtone-download</loc>
    </url>
    <url>
      <loc>https://mobcup-ringtones.online/nee-choopule-song-haricharan-k-s-chithra-ringtone-download</loc>
    </url>
    <url>
      <loc>https://mobcup-ringtones.online/chumma-chumma-khesari-lal-yadav-x-shilpi-raj-bhojpuri-song-ringtone-download</loc>
    </url>
    <url>
      <loc>https://mobcup-ringtones.online/tu-hi-tu-mohammad-faiz-love-song-ringtone-download</loc>
    </url>
    <url>
      <loc>https://mobcup-ringtones.online/bhor-bhai-din-chad-gaya-meri-ambe-narendra-chanchal-navratri-ringtone-download</loc>
    </url>
    <url>
      <loc>https://mobcup-ringtones.online/tu-kyu-na-kare-aashiqui-tera-bhed-bata-de-ne-ringtone-download</loc>
    </url>
    <url>
      <loc>https://mobcup-ringtones.online/re-jawani-me-machan-de-gadar-meri-jaan-rahul-puthi-anjali-99-ringtone-download</loc>
    </url>
    <url>
      <loc>https://mobcup-ringtones.online/baba-vs-kand-masoom-sharma-ashu-twinkle-ringtone-download</loc>
    </url>
    <url>
      <loc>https://mobcup-ringtones.online/oh-kudi-jammi-aa-pataka-jee-ve-song-dilpreet-dhillon-x-shipra-goyal-ringtone-download</loc>
    </url>
    <url>
      <loc>https://mobcup-ringtones.online/pagal-song-nimra-mehra-jaz-dhami-ringtone-download</loc>
    </url>
    <url>
      <loc>https://mobcup-ringtones.online/singham-again-bgm-ringtone-download</loc>
    </url>
    <url>
      <loc>https://mobcup-ringtones.online/haye-ve-jatta-pistola-waleya-gagan-kokri-x-gurlez-akhtar-ringtone-download</loc>
    </url>
    <url>
      <loc>https://mobcup-ringtones.online/hey-minnale-bgm-ringtone-download</loc>
    </url>
    <url>
      <loc>https://mobcup-ringtones.online/life-partner-tamil-song-female-version-ringtone-download</loc>
    </url>
    <url>
      <loc>https://mobcup-ringtones.online/nee-pottu-vacha-thanga-kudam-ringtone-download</loc>
    </url>
    <url>
      <loc>https://mobcup-ringtones.online/tere-karke-song-preetinder-ringtone-download</loc>
    </url>
    <url>
      <loc>https://mobcup-ringtones.online/hey-vekkam-vanthu-molachu-vazhiya-ringtone-download</loc>
    </url>
    <url>
      <loc>https://mobcup-ringtones.online/hey-minnale-tamil-amaran-song-ringtone-download</loc>
    </url>
    <url>
      <loc>https://mobcup-ringtones.online/ponmana-selvan-nee-pottu-vacha-tamil-melody-ringtone-download</loc>
    </url>
    <url>
      <loc>https://mobcup-ringtones.online/lami-lami-kesh-song-power-star-pawan-singh-devi-geet-ringtone-download</loc>
    </url>
    <url>
      <loc>https://mobcup-ringtones.online/tum-hi-aana-flute-ringtone-download</loc>
    </url>
    <url>
      <loc>https://mobcup-ringtones.online/rasave-unna-nambi-song-tamil-ilaiyaraaja-ringtone-download</loc>
    </url>
    <url>
      <loc>https://mobcup-ringtones.online/creepy-nuts-bgm-bling-bang-bang-born-iphone-marimba-remix-ringtone-download</loc>
    </url>
    <url>
      <loc>https://mobcup-ringtones.online/rdx-neela-nilave-bgm-ringtone-download</loc>
    </url>
    <url>
      <loc>https://mobcup-ringtones.online/aashiqui-2-love-theme-music-ringtone-download</loc>
    </url>
    <url>
      <loc>https://mobcup-ringtones.online/pujai-hokhela-song-khesari-lal-yadav-ringtone-download</loc>
    </url>
    <url>
      <loc>https://mobcup-ringtones.online/gata-only-bgm-iphone-marimba-remix-ringtone-download</loc>
    </url>
    <url>
      <loc>https://mobcup-ringtones.online/gata-only-remix-ringtone-download</loc>
    </url>
    <url>
      <loc>https://mobcup-ringtones.online/milenge-hum-nahi-song-kunaal-vermaa-ringtone-download</loc>
    </url>
    <url>
      <loc>https://mobcup-ringtones.online/frozy-iphone-marimba-remix-ringtone-download</loc>
    </url>
    <url>
      <loc>https://mobcup-ringtones.online/one-piece-drums-of-liberation-x-overtaken-ost-marimba-remix-ringtone-download</loc>
    </url>
    <url>
      <loc>https://mobcup-ringtones.online/thodi-jagah-de-de-mujhe-female-version-marjaavaan-ringtone-download</loc>
    </url>
    <url>
      <loc>https://mobcup-ringtones.online/sajna-ve-sajna-song-ringtone-download</loc>
    </url>
    <url>
      <loc>https://mobcup-ringtones.online/chumma-vicky-vidya-ka-woh-wala-video-pawan-singh-ringtone-download</loc>
    </url>
    <url>
      <loc>https://mobcup-ringtones.online/chaap-tilak-song-amar-prem-ki-prem-kahani-javed-ali-ringtone-download</loc>
    </url>
    <url>
      <loc>https://mobcup-ringtones.online/100-vaar-kulshan-sandhu-heart-touching-ringtone-download</loc>
    </url>
    <url>
      <loc>https://mobcup-ringtones.online/laada-ki-machine-song-raj-mawar-manisha-sharma-ringtone-download</loc>
    </url>
    <url>
      <loc>https://mobcup-ringtones.online/leke-thariya-khesari-lal-yadav-pallavi-singh-ringtone-download</loc>
    </url>
    <url>
      <loc>https://mobcup-ringtones.online/o-meri-cutie-tere-hothon-ki-send-kar-photo-pawan-singh-ringtone-download</loc>
    </url>
    <url>
      <loc>https://mobcup-ringtones.online/jab-se-gayi-hai-tu-maike-chumma-pawan-singh-ringtone-download</loc>
    </url>
    <url>
      <loc>https://mobcup-ringtones.online/pagal-banawe-song-bali-sharma-filmy-ringtone-download</loc>
    </url>
    <url>
      <loc>https://mobcup-ringtones.online/om-jai-ambe-gauri-alka-yagnik-durga-ji-ki-aarti-ringtone-download</loc>
    </url>
    <url>
      <loc>https://mobcup-ringtones.online/ambe-tu-hai-jagdambe-kaali-abhilipsa-panda-durga-mata-aarti-ringtone-download</loc>
    </url>
    <url>
      <loc>https://mobcup-ringtones.online/viswam-glimpse-bgm-gopichand-telugu-ringtone-download</loc>
    </url>
    <url>
      <loc>https://mobcup-ringtones.online/viswam-trailer-bgm-gopichand-kavya-thapar-ringtone-download</loc>
    </url>
    <url>
      <loc>https://mobcup-ringtones.online/dil-sacha-saaf-je-nita-rab-sab-kuj-de-deu-kehnda-ringtone-download</loc>
    </url>
    <url>
      <loc>https://mobcup-ringtones.online/lugai-song-surender-romeo-x-ruchika-jangid-ringtone-download</loc>
    </url>
    <url>
      <loc>https://mobcup-ringtones.online/hes-mine-song-balraj-love-ringtone-download</loc>
    </url>
    <url>
      <loc>https://mobcup-ringtones.online/mai-to-teri-gelya-chalya-karugi-lugai-banke-ringtone-download</loc>
    </url>
    <url>
      <loc>https://mobcup-ringtones.online/doctory-song-mankirt-aulakh-romantic-ringtone-download</loc>
    </url>
    <url>
      <loc>https://mobcup-ringtones.online/forgotten-empire-background-music-drum-bgm-ringtone-download</loc>
    </url>
    <url>
      <loc>https://mobcup-ringtones.online/ambe-tu-hai-jagdambe-kaali-abhilipsa-panda-x-narci-ringtone-download</loc>
    </url>
    <url>
      <loc>https://mobcup-ringtones.online/ja-raanjhan-raanjhan-raanjhan-tu-bhi-kya-yaad-rakhega-ringtone-download</loc>
    </url>
    <url>
      <loc>https://mobcup-ringtones.online/kangna-song-shivjot-punjabi-ringtone-download</loc>
    </url>
    <url>
      <loc>https://mobcup-ringtones.online/ankhiya-hai-billiyan-rehniya-ne-gilliyan-ringtone-download</loc>
    </url>
    <url>
      <loc>https://mobcup-ringtones.online/gadar-machagi-song-anjali-99-haryanvi-ringtone-download</loc>
    </url>
    <url>
      <loc>https://mobcup-ringtones.online/raghukul-reet-sada-chali-aayi-rajaram-khesari-lal-yadav-ringtone-download</loc>
    </url>
    <url>
      <loc>https://mobcup-ringtones.online/aise-na-jao-piya-raanjhan-do-patti-ringtone-download</loc>
    </url>
    <url>
      <loc>https://mobcup-ringtones.online/ja-heer-ne-tenu-chhod-diya-raanjhan-ringtone-download</loc>
    </url>
    <url>
      <loc>https://mobcup-ringtones.online/soch-le-rakane-tu-la-laye-yaarane-ringtone-download</loc>
    </url>
    <url>
      <loc>https://mobcup-ringtones.online/raanjhan-song-parampara-tandon-do-patti-ringtone-download</loc>
    </url>
    <url>
      <loc>https://mobcup-ringtones.online/lakh-samjhau-main-ta-dil-samajh-ni-pata-ringtone-download</loc>
    </url>
    <url>
      <loc>https://mobcup-ringtones.online/mera-apna-punjab-amrit-maan-intro-punjab-ringtone-download</loc>
    </url>
    <url>
      <loc>https://mobcup-ringtones.online/61-62-challu-renuka-panwar-new-haryanvi-ringtone-download</loc>
    </url>
    <url>
      <loc>https://mobcup-ringtones.online/anthem-of-martin-dhruva-sarja-music-ringtone-download</loc>
    </url>
    <url>
      <loc>https://mobcup-ringtones.online/jaane-iss-dil-ka-haal-kya-hoga-hadiqa-kiani-ringtone-download</loc>
    </url>
    <url>
      <loc>https://mobcup-ringtones.online/jaane-iss-dil-ka-haal-kya-hoga-aditi-sharma-ringtone-download</loc>
    </url>
    <url>
      <loc>https://mobcup-ringtones.online/hamari-tumhari-raj-barman-arunita-kanjilal-ringtone-download</loc>
    </url>
    <url>
      <loc>https://mobcup-ringtones.online/chillanjirukkiye-song-lubber-pandhu-ringtone-download</loc>
    </url>
    <url>
      <loc>https://mobcup-ringtones.online/jag-ki-paalanhari-kishan-bhagat-mata-rani-bhajan-ringtone-download</loc>
    </url>
    <url>
      <loc>https://mobcup-ringtones.online/vair-kulwinder-billa-gurlej-akhtar-song-ringtone-download</loc>
    </url>
    <url>
      <loc>https://mobcup-ringtones.online/gata-only-ringtone-download</loc>
    </url>
    <url>
      <loc>https://mobcup-ringtones.online/aigiri-nandini-mahishasur-mardini-narci-ringtone-download</loc>
    </url>
    <url>
      <loc>https://mobcup-ringtones.online/tribhuvan-bhuvani-pahta-tujh-aise-nahi-ringtone-download</loc>
    </url>
    <url>
      <loc>https://mobcup-ringtones.online/amma-bhavani-song-s-p-balasubrahmanyam-telugu-ringtone-download</loc>
    </url>
    <url>
      <loc>https://mobcup-ringtones.online/main-balak-tu-mata-sherawaliye-flute-cover-instrumental-ringtone-download</loc>
    </url>
    <url>
      <loc>https://mobcup-ringtones.online/namo-namo-durge-sukh-karni-durga-chalisa-ringtone-download</loc>
    </url>
    <url>
      <loc>https://mobcup-ringtones.online/hara-hara-shambo-song-ringtone-download</loc>
    </url>
    <url>
      <loc>https://mobcup-ringtones.online/nachi-nachi-main-schi-nachi-aag-banke-shukrana-amrit-maan-ringtone-download</loc>
    </url>
    <url>
      <loc>https://mobcup-ringtones.online/jai-shri-ram-baby-voice-notification-ringtone-download</loc>
    </url>
    <url>
      <loc>https://mobcup-ringtones.online/once-more-bgm-ringtone-download</loc>
    </url>
    <url>
      <loc>https://mobcup-ringtones.online/ayyappa-devaya-s-p-balasubrahmanyam-ayyappa-swamy-ringtone-download</loc>
    </url>
    <url>
      <loc>https://mobcup-ringtones.online/mavdi-kum-kum-pagle-nandlal-chhanga-navratri-garba-song-ringtone-download</loc>
    </url>
    <url>
      <loc>https://mobcup-ringtones.online/durge-durghat-bhari-tujvin-sansarin-sanjeevani-bhelande-ringtone-download</loc>
    </url>
    <url>
      <loc>https://mobcup-ringtones.online/tera-fitoor-jab-se-chadh-gaya-re-arijit-singh-ringtone-download</loc>
    </url>
    <url>
      <loc>https://mobcup-ringtones.online/meri-tareef-meri-jaan-tum-ringtone-download</loc>
    </url>
    <url>
      <loc>https://mobcup-ringtones.online/durge-durgat-bhari-aarti-song-sanjeevani-bhelande-ringtone-download</loc>
    </url>
    <url>
      <loc>https://mobcup-ringtones.online/pyara-saja-hai-darabar-mata-rani-shekhar-jaiswal-ringtone-download</loc>
    </url>
    <url>
      <loc>https://mobcup-ringtones.online/happy-birthday-to-you-song-mildred-j-hill-x-patty-hill-ringtone-download</loc>
    </url>
    <url>
      <loc>https://mobcup-ringtones.online/majha-yek-number-jonita-gandhi-song-ringtone-download</loc>
    </url>
    <url>
      <loc>https://mobcup-ringtones.online/der-na-lagana-maiya-jaldi-aana-shehnaz-akhtar-navratri-song-ringtone-download</loc>
    </url>
    <url>
      <loc>https://mobcup-ringtones.online/jaya-devi-jaya-devi-mahishasura-mathini-ringtone-download</loc>
    </url>
    <url>
      <loc>https://mobcup-ringtones.online/maa-ka-mann-vishal-mishra-navratri-bhajans-ringtone-download</loc>
    </url>
    <url>
      <loc>https://mobcup-ringtones.online/jagdamba-mere-ghar-par-hai-maa-ka-mann-vishal-mishra-ringtone-download</loc>
    </url>
    <url>
      <loc>https://mobcup-ringtones.online/dam-tu-dikha-ja-ram-charan-game-changer-ringtone-download</loc>
    </url>
    <url>
      <loc>https://mobcup-ringtones.online/nanhe-nanhe-kadmo-se-tera-chalke-aana-daughter-song-ringtone-download</loc>
    </url>
    <url>
      <loc>https://mobcup-ringtones.online/maa-apne-dware-bula-le-mujhe-sonu-nigam-ringtone-download</loc>
    </url>
    <url>
      <loc>https://mobcup-ringtones.online/tu-kala-tika-lale-aastha-gill-nazar-song-ringtone-download</loc>
    </url>
    <url>
      <loc>https://mobcup-ringtones.online/vidhayak-tere-area-ka-elvish-yadav-ringtone-download</loc>
    </url>
    <url>
      <loc>https://mobcup-ringtones.online/teri-kripa-ho-jaye-bigde-kaam-bane-sab-maiya-ringtone-download</loc>
    </url>
    <url>
      <loc>https://mobcup-ringtones.online/kaun-haraye-us-bete-ko-jisne-maa-ka-man-jeeta-ringtone-download</loc>
    </url>
    <url>
      <loc>https://mobcup-ringtones.online/jo-hath-pakadti-na-tu-mera-maai-ringtone-download</loc>
    </url>
    <url>
      <loc>https://mobcup-ringtones.online/maa-kali-mahakali-song-durga-puja-ringtone-download</loc>
    </url>
    <url>
      <loc>https://mobcup-ringtones.online/sarva-mangal-mangalye-shive-sarvarth-sadhike-ringtone-download</loc>
    </url>
    <url>
      <loc>https://mobcup-ringtones.online/dhinna-dhinna-javed-ali-love-song-ringtone-download</loc>
    </url>
    <url>
      <loc>https://mobcup-ringtones.online/ya-devi-sarva-bhuteshu-durga-mantra-ringtone-download</loc>
    </url>
    <url>
      <loc>https://mobcup-ringtones.online/jai-ambe-gauri-durga-mata-aarti-ringtone-download</loc>
    </url>
    <url>
      <loc>https://mobcup-ringtones.online/sherawali-maa-jotawali-maa-lakhbir-singh-lakha-ringtone-download</loc>
    </url>
    <url>
      <loc>https://mobcup-ringtones.online/nimiya-ke-dadh-maiya-swati-mishra-navratri-bhakti-ringtone-download</loc>
    </url>
    <url>
      <loc>https://mobcup-ringtones.online/khanjar-md-2-0-md-desirockstar-nonu-rana-ringtone-download</loc>
    </url>
    <url>
      <loc>https://mobcup-ringtones.online/sarva-mangal-mangalye-ringtone-download</loc>
    </url>
    <url>
      <loc>https://mobcup-ringtones.online/maha-devi-maa-durga-navratri-special-ringtone-download</loc>
    </url>
    <url>
      <loc>https://mobcup-ringtones.online/radhe-radhe-cute-voice-message-ringtone-download</loc>
    </url>
    <url>
      <loc>https://mobcup-ringtones.online/amaran-sai-pallavi-bgm-ringtone-download</loc>
    </url>
    <url>
      <loc>https://mobcup-ringtones.online/iphone-16-pro-max-ringtone-download</loc>
    </url>
    <url>
      <loc>https://mobcup-ringtones.online/gallu-gallu-ganthulu-durgama-telugu-devotional-ringtone-download</loc>
    </url>
    <url>
      <loc>https://mobcup-ringtones.online/hari-om-namo-narayana-ringtone-download</loc>
    </url>
    <url>
      <loc>https://mobcup-ringtones.online/vijayawada-lo-velasina-durgamma-durgamma-ringtone-download</loc>
    </url>
    <url>
      <loc>https://mobcup-ringtones.online/angna-padharo-maharani-ringtone-download</loc>
    </url>
    <url>
      <loc>https://mobcup-ringtones.online/chinna-chinna-kangal-bgm-ringtone-download</loc>
    </url>
    <url>
      <loc>https://mobcup-ringtones.online/durgamma-navratri-telugu-ringtone-download</loc>
    </url>
    <url>
      <loc>https://mobcup-ringtones.online/durga-devi-telugu-devotional-ringtone-download</loc>
    </url>
    <url>
      <loc>https://mobcup-ringtones.online/sher-pe-sawar-hoke-aaja-sherawaliye-ringtone-download</loc>
    </url>
    <url>
      <loc>https://mobcup-ringtones.online/ho-jaye-dukhde-dur-ringtone-download</loc>
    </url>
    <url>
      <loc>https://mobcup-ringtones.online/mai-teri-chunariya-arijit-singh-navratri-special-ringtone-download</loc>
    </url>
    <url>
      <loc>https://mobcup-ringtones.online/kum-kum-na-gujarati-garba-ringtone-download</loc>
    </url>
    <url>
      <loc>https://mobcup-ringtones.online/jago-tumi-jago-navratri-special-ringtone-download</loc>
    </url>
    <url>
      <loc>https://mobcup-ringtones.online/meri-maa-ke-barabar-koi-nahi-instrumental-ringtone-download</loc>
    </url>
    <url>
      <loc>https://mobcup-ringtones.online/durge-durgat-bhari-maa-ambe-navratri-special-ringtone-download</loc>
    </url>
    <url>
      <loc>https://mobcup-ringtones.online/jai-mata-di-ringtone-download</loc>
    </url>
    <url>
      <loc>https://mobcup-ringtones.online/tamara-sam-mane-gujarati-garba-ringtone-download</loc>
    </url>
    <url>
      <loc>https://mobcup-ringtones.online/bhor-bhai-din-chad-gaya-meri-ambe-ringtone-download</loc>
    </url>
    <url>
      <loc>https://mobcup-ringtones.online/sachi-re-mari-sat-re-bhavani-ma-ringtone-download</loc>
    </url>
    <url>
      <loc>https://mobcup-ringtones.online/bhor-bhayi-din-chad-gaya-ringtone-download</loc>
    </url>
    <url>
      <loc>https://mobcup-ringtones.online/main-balak-tu-mata-sherawaliye-ringtone-download</loc>
    </url>
    <url>
      <loc>https://mobcup-ringtones.online/aigiri-nandini-instrumental-ringtone-download</loc>
    </url>
    <url>
      <loc>https://mobcup-ringtones.online/aigiri-nandini-mahishasura-mardini-stotram-ringtone-download</loc>
    </url>
    <url>
      <loc>https://mobcup-ringtones.online/kabotar-mare-gulel-se-yaar-tera-khalnayak-ringtone-download</loc>
    </url>
    <url>
      <loc>https://mobcup-ringtones.online/jago-durga-debolinaa-nandy-bengali-ringtone-download</loc>
    </url>
    <url>
      <loc>https://mobcup-ringtones.online/taaza-khabar-whistle-ringtone-download-instrumental</loc>
    </url>
    <url>
      <loc>https://mobcup-ringtones.online/aigiri-nandini-remix-ringtone-download</loc>
    </url>
    <url>
      <loc>https://mobcup-ringtones.online/teri-lagan-me-magan-me-nachu-ringtone-download</loc>
    </url>
    <url>
      <loc>https://mobcup-ringtones.online/chuttamalle-bgm-devara-ntr-ringtone-download</loc>
    </url>
    <url>
      <loc>https://mobcup-ringtones.online/maa-sherawaliye-tera-sher-aa-gaya-ringtone-download</loc>
    </url>
    <url>
      <loc>https://mobcup-ringtones.online/jay-ambe-gauri-lakhbir-singh-lakkha-durga-puja-ringtone</loc>
    </url>
    <url>
      <loc>https://mobcup-ringtones.online/jethalal-phone-ringtone-download-mp3-pagalworld</loc>
    </url>
    <url>
      <loc>https://mobcup-ringtones.online/na-na-karte-pyaar-haye-mai-kar-gayi-instagram-trending-ringtone-download</loc>
    </url>
    <url>
      <loc>https://mobcup-ringtones.online/bajlo-tomar-alor-benu-debolina-nandy-bengali-ringtone-download</loc>
    </url>
    <url>
      <loc>https://mobcup-ringtones.online/ennamo-edho-humming-ringtone-download</loc>
    </url>
    <url>
      <loc>https://mobcup-ringtones.online/red-sea-ringtone-download</loc>
    </url>
    <url>
      <loc>https://mobcup-ringtones.online/kabhi-fursat-ho-to-jagdambe-maa-durga-navratri-ringtone-download</loc>
    </url>
    <url>
      <loc>https://mobcup-ringtones.online/bajlo-tomar-alor-benu-ringtone-download</loc>
    </url>
    <url>
      <loc>https://mobcup-ringtones.online/meri-mai-jubin-nautiyal-navratri-special-ringtone-download</loc>
    </url>
    <url>
      <loc>https://mobcup-ringtones.online/main-balak-tu-mata-jubin-nautiyal-hindi-song-ringtone-download</loc>
    </url>
    <url>
      <loc>https://mobcup-ringtones.online/mai-kismat-wala-hu-meri-tere-jaisi-maa-hai-maai-navratri-ringtone-download</loc>
    </url>
    <url>
      <loc>https://mobcup-ringtones.online/kehna-galat-galat-jyoti-nooran-ringtone-download</loc>
    </url>
    <url>
      <loc>https://mobcup-ringtones.online/maniya-arm-movie-malayalam-ringtone-download</loc>
    </url>
    <url>
      <loc>https://mobcup-ringtones.online/pyaar-kartey-hain-song-payal-dev-laqshay-kapoor-ringtone-download</loc>
    </url>
    <url>
      <loc>https://mobcup-ringtones.online/maa-main-khada-dware-pe-lakhbir-singh-lakkha-ringtone-download</loc>
    </url>
    <url>
      <loc>https://mobcup-ringtones.online/raa-macha-macha-game-changer-ram-charan-ringtone-download</loc>
    </url>
    <url>
      <loc>https://mobcup-ringtones.online/amaran-bgm-ringtone-download</loc>
    </url>
    <url>
      <loc>https://mobcup-ringtones.online/jagrata-tera-gaau-maiya-meri-mai-jubin-nautiyal-ringtone-download</loc>
    </url>
    <url>
      <loc>https://mobcup-ringtones.online/yaaro-ivan-yaaro-kamal-haasan-tamil-ringtone-download</loc>
    </url>
    <url>
      <loc>https://mobcup-ringtones.online/maa-ne-diya-na-aankh-me-meri-kabhi-dukho-ka-pani-navratri-song-ringtone-download</loc>
    </url>
    <url>
      <loc>https://mobcup-ringtones.online/ik-duje-de-lekha-ch-assi-likhe-hoye-aa-ishq-ruhani-guru-randhawa</loc>
    </url>
    <url>
      <loc>https://mobcup-ringtones.online/maai-song-hansraj-raghuwanshi-navratri-special-ringtone-download</loc>
    </url>
    <url>
      <loc>https://mobcup-ringtones.online/ishq-ruhani-nasha-aisa-sanu-chadheya-ringtone-download</loc>
    </url>
    <url>
      <loc>https://mobcup-ringtones.online/maa-aa-rahi-hai-instagram-reels-ringtone-download</loc>
    </url>
    <url>
      <loc>https://mobcup-ringtones.online/akhan-ch-sharm-tere-bhari-hoyi-ae-ringtone-download</loc>
    </url>
    <url>
      <loc>https://mobcup-ringtones.online/the-g-o-a-t-thalapathys-swag-bgm-ringtone-download</loc>
    </url>
    <url>
      <loc>https://mobcup-ringtones.online/sada-jhulaye-sukh-ke-jhule-jagdamba-maharani-maai-hansraj-raghuwanshi</loc>
    </url>
    <url>
      <loc>https://mobcup-ringtones.online/tainu-vi-tan-lagda-aa-ho-geya-aa-pyar-ringtone-download</loc>
    </url>
    <url>
      <loc>https://mobcup-ringtones.online/thatha-phonk-song-ringtone-download</loc>
    </url>
    <url>
      <loc>https://mobcup-ringtones.online/get-set-go-nani-hit-3-bgm-ringtone-download</loc>
    </url>
    <url>
      <loc>https://mobcup-ringtones.online/jachdi-ayushmann-khurrana-garba-song-ringtone-download</loc>
    </url>
    <url>
      <loc>https://mobcup-ringtones.online/thai-thakka-kalyanam-kapil-kapilan-aparna-tamil-ringtone-download</loc>
    </url>
    <url>
      <loc>https://mobcup-ringtones.online/jidan-da-takk-leya-tera-mukh-mein-ishq-ruhani-ringtone-download</loc>
    </url>
    <url>
      <loc>https://mobcup-ringtones.online/dam-tu-dikhaja-bgm-ringtone-download</loc>
    </url>
    <url>
      <loc>https://mobcup-ringtones.online/thai-thakka-kalyanam-bgm-ringtone-download</loc>
    </url>
    <url>
      <loc>https://mobcup-ringtones.online/dam-tu-dikhaja-nakash-aziz-hindi-ringtone-download</loc>
    </url>
    <url>
      <loc>https://mobcup-ringtones.online/nani-hit-3-teaser-bgm-ringtone-download</loc>
    </url>
    <url>
      <loc>https://mobcup-ringtones.online/baby-nimrat-khaira-ringtone-download</loc>
    </url>
    <url>
      <loc>https://mobcup-ringtones.online/rabba-maavan-na-khovi-maa-amrit-maan-punjabi-ringtone-download</loc>
    </url>
    <url>
      <loc>https://mobcup-ringtones.online/tera-rang-chadha-hai-aisa-chhudana-muskil-hai-ringtone-download</loc>
    </url>
    <url>
      <loc>https://mobcup-ringtones.online/meri-maa-mera-rab-sidhu-moose-wala-punjabi-song-ringtone-download</loc>
    </url>
    <url>
      <loc>https://mobcup-ringtones.online/tumhare-hi-rahenge-hum-instrumental-ringtone-download</loc>
    </url>
    <url>
      <loc>https://mobcup-ringtones.online/khud-ko-bhale-main-bhul-bhi-jau-mushkil-hai-ringtone-download</loc>
    </url>
    <url>
      <loc>https://mobcup-ringtones.online/krishna-serial-ringtone-download-mp3-pagalworld</loc>
    </url>
    <url>
      <loc>https://mobcup-ringtones.online/amma-bhavani-lokalanele-song-ringtone-download</loc>
    </url>
    <url>
      <loc>https://mobcup-ringtones.online/surya-saturday-bgm-ringtone-download</loc>
    </url>
    <url>
      <loc>https://mobcup-ringtones.online/oh-shera-uth-zara-teer-te-taj-manmohan-waris-punjabi-ringtone-download</loc>
    </url>
    <url>
      <loc>https://mobcup-ringtones.online/bapu-tere-karke-amar-sandhu-punjabi-ringtone-download</loc>
    </url>
    <url>
      <loc>https://mobcup-ringtones.online/tera-naam-likha-ke-dil-pe-mitana-mushkil-hai-ringtone-download</loc>
    </url>
    <url>
      <loc>https://mobcup-ringtones.online/mushkil-hai-song-vishal-mishra-hansika-pareek-ringtone-download</loc>
    </url>
    <url>
      <loc>https://mobcup-ringtones.online/ye-tune-kya-kiya-lofi-slowed-reverb-ringtone-download</loc>
    </url>
    <url>
      <loc>https://mobcup-ringtones.online/yaad-reh-jaati-hai-b-praak-payel-dev-hindi-song-ringtone-download</loc>
    </url>
    <url>
      <loc>https://mobcup-ringtones.online/amaran-sai-pallavi-intro-bgm-ringtone-download</loc>
    </url>
    <url>
      <loc>https://mobcup-ringtones.online/yeh-kaali-kaali-aankhen-instrumental-ringtone-download</loc>
    </url>
    <url>
      <loc>https://mobcup-ringtones.online/ye-tune-kya-kiya-instrumental-ringtone-download</loc>
    </url>
    <url>
      <loc>https://mobcup-ringtones.online/dholida-dhol-re-vagad-garba-song-ringtone-download</loc>
    </url>
    <url>
      <loc>https://mobcup-ringtones.online/taaza-khabar-ringtone-download-pagalworld</loc>
    </url>
    <url>
      <loc>https://mobcup-ringtones.online/ho-nazro-ke-raste-dil-me-kisi-ke-aakar-ringtone-download</loc>
    </url>
    <url>
      <loc>https://mobcup-ringtones.online/devara-theme-bgm-ringtone-download</loc>
    </url>
    <url>
      <loc>https://mobcup-ringtones.online/devara-slow-bgm-ringtone-download</loc>
    </url>
    <url>
      <loc>https://mobcup-ringtones.online/kiliye-arm-malayalam-song-ringtone-download</loc>
    </url>
    <url>
      <loc>https://mobcup-ringtones.online/adiye-movie-bgm-ringtone-download</loc>
    </url>
    <url>
      <loc>https://mobcup-ringtones.online/angu-vaana-konilu-song-ringtone-download</loc>
    </url>
    <url>
      <loc>https://mobcup-ringtones.online/devara-entry-bgm-ringtone-download</loc>
    </url>
    <url>
      <loc>https://mobcup-ringtones.online/kabhi-main-kabhi-tum-bgm-instrumental-ringtone-download</loc>
    </url>
    <url>
      <loc>https://mobcup-ringtones.online/ye-tune-kya-kiya-javed-bashir-hindi-song-ringtone-download</loc>
    </url>
    <url>
      <loc>https://mobcup-ringtones.online/devara-villain-bgm-ringtone-download</loc>
    </url>
    <url>
      <loc>https://mobcup-ringtones.online/paththavaikkum-tamil-devara-movie-ringtone-download</loc>
    </url>
    <url>
      <loc>https://mobcup-ringtones.online/choosi-chudangane-chalo-songs-ringtone-download</loc>
    </url>
    <url>
      <loc>https://mobcup-ringtones.online/manasilayo-bgm-ringtone-download</loc>
    </url>
    <url>
      <loc>https://mobcup-ringtones.online/whatever-deep-jandu-ringtone-download</loc>
    </url>
    <url>
      <loc>https://mobcup-ringtones.online/chinna-chinna-kangal-ringtone-download</loc>
    </url>
    <url>
      <loc>https://mobcup-ringtones.online/devara-ayudha-pooja-ringtone-download</loc>
    </url>
    <url>
      <loc>https://mobcup-ringtones.online/aigiri-nandini-sachet-parampara-ringtone-download-2</loc>
    </url>
    <url>
      <loc>https://mobcup-ringtones.online/iphone-13-alarm-ringtone-download</loc>
    </url>
    <url>
      <loc>https://mobcup-ringtones.online/jo-tum-mere-ho-to-mai-kuch-nahi-mangu-duniya-se-ringtone-download</loc>
    </url>
    <url>
      <loc>https://mobcup-ringtones.online/aakashame-nuvvani-sid-sriram-chinmayi-sripada-telugu-ringtone-download</loc>
    </url>
    <url>
      <loc>https://mobcup-ringtones.online/ishq-ruhani-song-guru-randhawa-ringtone-download</loc>
    </url>
    <url>
      <loc>https://mobcup-ringtones.online/jai-ambe-jai-ambe-maa-ringtone-download</loc>
    </url>
    <url>
      <loc>https://mobcup-ringtones.online/haan-mujhe-chhod-ke-na-jana-tum-ringtone-download</loc>
    </url>
    <url>
      <loc>https://mobcup-ringtones.online/hunter-vantaar-vettaiyan-movie-bgm-ringtone-download</loc>
    </url>
    <url>
      <loc>https://mobcup-ringtones.online/dasavatharam-theme-bgm-ringtone-download</loc>
    </url>
    <url>
      <loc>https://mobcup-ringtones.online/kaathu-mela-paal-dabba-ofro-ringtone-download</loc>
    </url>
    <url>
      <loc>https://mobcup-ringtones.online/chali-aana-meri-maa-ringtone-download</loc>
    </url>
    <url>
      <loc>https://mobcup-ringtones.online/thalaivar-170-bgm-rajinikanth-vettaiyan-ringtone-download</loc>
    </url>
    <url>
      <loc>https://mobcup-ringtones.online/jise-chaha-tune-sach-me-kitna-chaha-ringtone-download</loc>
    </url>
    <url>
      <loc>https://mobcup-ringtones.online/naam-tera-jab-bhi-hai-pukara-ringtone-download</loc>
    </url>
    <url>
      <loc>https://mobcup-ringtones.online/kis-morh-te-song-qismat-2-ringtone-download</loc>
    </url>
    <url>
      <loc>https://mobcup-ringtones.online/rayfal-ke-nok-pa-bhojpuri-new-ringtone-download</loc>
    </url>
    <url>
      <loc>https://mobcup-ringtones.online/ghoonghat-ki-aadh-se-lofi-mix-ringtone-download</loc>
    </url>
    <url>
      <loc>https://mobcup-ringtones.online/chal-kudiye-jigra-diljit-dosanjh-ringtone-download</loc>
    </url>
    <url>
      <loc>https://mobcup-ringtones.online/namip-laer-kawer-jab-tak-tum-mere-sath-ho-ringtone-download</loc>
    </url>
    <url>
      <loc>https://mobcup-ringtones.online/kooriruttilu-kaalkulambadi-arm-movie-bgm-ringtone-download</loc>
    </url>
    <url>
      <loc>https://mobcup-ringtones.online/ghumta-hu-akele-kyu-ki-yadav-ji-ke-beta-hu-ringtone-download</loc>
    </url>
    <url>
      <loc>https://mobcup-ringtones.online/kiliye-malayalam-arm-movie-ringtone-download</loc>
    </url>
    <url>
      <loc>https://mobcup-ringtones.online/kooriruttilu-kaalkulambadi-ringtone-download</loc>
    </url>
    <url>
      <loc>https://mobcup-ringtones.online/solid-body-song-ajay-hooda-raju-punjabi-ringtone-download</loc>
    </url>
    <url>
      <loc>https://mobcup-ringtones.online/hamar-lekha-marad-neelkamal-singh-bhojpuri-ringtone-download</loc>
    </url>
    <url>
      <loc>https://mobcup-ringtones.online/tu-radha-meri-mai-shyam-tera-naina-ke-teer-ringtone-download</loc>
    </url>
    <url>
      <loc>https://mobcup-ringtones.online/toota-taara-sanskaari-beatz-ringtone-download</loc>
    </url>
    <url>
      <loc>https://mobcup-ringtones.online/hum-pyaar-hai-tumhare-lofi-mix-ringtone-download</loc>
    </url>
    <url>
      <loc>https://mobcup-ringtones.online/huppa-huiyya-jai-bajranga-jai-jai-hanuman-ringtone-download</loc>
    </url>
    <url>
      <loc>https://mobcup-ringtones.online/pyar-vyar-song-bunny-johal-instagram-trending-ringtone-download</loc>
    </url>
    <url>
      <loc>https://mobcup-ringtones.online/ek-jawani-teri-ek-jawani-meri-ringtone-download</loc>
    </url>
    <url>
      <loc>https://mobcup-ringtones.online/ye-dil-tera-deewana-hai-ringtone-download</loc>
    </url>
    <url>
      <loc>https://mobcup-ringtones.online/aragh-mora-lei-lihin-ringtone-download</loc>
    </url>
    <url>
      <loc>https://mobcup-ringtones.online/goat-devil-bgm-ringtone-download</loc>
    </url>
    <url>
      <loc>https://mobcup-ringtones.online/jadu-hai-nasha-hai-x-likhe-jo-khat-tujhe-lofi-mashup-ringtone-download</loc>
    </url>
    <url>
      <loc>https://mobcup-ringtones.online/appa-bgm-ringtone-download</loc>
    </url>
    <url>
      <loc>https://mobcup-ringtones.online/sonnerie-telephone-ringtone-download</loc>
    </url>
    <url>
      <loc>https://mobcup-ringtones.online/snehithane-bgm-ringtone-download</loc>
    </url>
    <url>
      <loc>https://mobcup-ringtones.online/chori-delhi-wali-diler-kharkiya-fiza-chaudhary-ringtone-download</loc>
    </url>
    <url>
      <loc>https://mobcup-ringtones.online/sonnerie-iphone-ringtone-download</loc>
    </url>
    <url>
      <loc>https://mobcup-ringtones.online/idhu-enna-maayam-bgm-ringtone-download</loc>
    </url>
    <url>
      <loc>https://mobcup-ringtones.online/namoh-namoh-daler-mehndi-bhakti-ringtone-download</loc>
    </url>
    <url>
      <loc>https://mobcup-ringtones.online/aaradhana-chiranjeevi-bgm-ringtone-download</loc>
    </url>
    <url>
      <loc>https://mobcup-ringtones.online/palkhi-nighali-rajachi-sanjay-sawant-marathi-ringtone-download</loc>
    </url>
    <url>
      <loc>https://mobcup-ringtones.online/anegan-bgm-instrumental-ringtone-download</loc>
    </url>
    <url>
      <loc>https://mobcup-ringtones.online/note-ware-jaunga-harjeet-deewana-rekha-goswami-ringtone-download</loc>
    </url>
    <url>
      <loc>https://mobcup-ringtones.online/zindagi-song-vishal-mishra-binny-and-family-ringtone-download</loc>
    </url>
    <url>
      <loc>https://mobcup-ringtones.online/radhe-krishna-krishna-hare-hare-shyama-aan-baso-ringtone-download</loc>
    </url>
    <url>
      <loc>https://mobcup-ringtones.online/hai-pata-koi-ho-na-ho-par-tum-sath-ho-na-mere-ringtone-download</loc>
    </url>
    <url>
      <loc>https://mobcup-ringtones.online/koi-itna-khubsurat-lofi-slowed-reverb-ringtone-download</loc>
    </url>
    <url>
      <loc>https://mobcup-ringtones.online/jo-tu-na-ho-to-lamha-lamha-ek-saza-hai-ringtone-download</loc>
    </url>
    <url>
      <loc>https://mobcup-ringtones.online/harsh-likhari-jawaab-song-ringtone-download</loc>
    </url>
    <url>
      <loc>https://mobcup-ringtones.online/dard-rukta-nahin-gopal-m-tiwari-sad-ringtone-download</loc>
    </url>
    <url>
      <loc>https://mobcup-ringtones.online/mere-dukhan-da-karan-vishwas-ae-rakane-ringtone-download</loc>
    </url>
    <url>
      <loc>https://mobcup-ringtones.online/meri-gallan-de-jawab-mainu-dede-tu-rakane-ringtone-download</loc>
    </url>
    <url>
      <loc>https://mobcup-ringtones.online/koi-itna-khubsurat-khoobsurat-vishal-mishra-hindi-ringtone-download</loc>
    </url>
    <url>
      <loc>https://mobcup-ringtones.online/enthara-enthara-shadab-faridi-tamil-song-ringtone-download</loc>
    </url>
    <url>
      <loc>https://mobcup-ringtones.online/hare-ram-hare-ram-ram-ram-hare-hare-ringtone-download</loc>
    </url>
    <url>
      <loc>https://mobcup-ringtones.online/shiv-shakti-lucke-rap-song-ringtone-download</loc>
    </url>
    <url>
      <loc>https://mobcup-ringtones.online/goat-movie-jeevan-bgm-ringtone-download</loc>
    </url>
    <url>
      <loc>https://mobcup-ringtones.online/nenedhi-anna-bagundi-kanna-song-ringtone-download</loc>
    </url>
    <url>
      <loc>https://mobcup-ringtones.online/goat-villain-bgm-ringtone-download</loc>
    </url>
    <url>
      <loc>https://mobcup-ringtones.online/matta-song-bgm-ringtone-download</loc>
    </url>
    <url>
      <loc>https://mobcup-ringtones.online/donali-lofi-song-ringtone-download</loc>
    </url>
    <url>
      <loc>https://mobcup-ringtones.online/enthara-enthara-bgm-instrumental-ringtone-download</loc>
    </url>
    <url>
      <loc>https://mobcup-ringtones.online/nisar-teri-chahal-pahal-par-naat-ringtone-download</loc>
    </url>
    <url>
      <loc>https://mobcup-ringtones.online/goat-og-bgm-ringtone-download</loc>
    </url>
    <url>
      <loc>https://mobcup-ringtones.online/infinity-castle-iphone-ringtone-download</loc>
    </url>
    <url>
      <loc>https://mobcup-ringtones.online/sanand-manand-vane-vasantam-tanvi-senjaliya-ringtone-download</loc>
    </url>
    <url>
      <loc>https://mobcup-ringtones.online/kuch-log-ek-roz-jo-bichad-jate-hai-amruta-kolatkar-ringtone-download</loc>
    </url>
    <url>
      <loc>https://mobcup-ringtones.online/ishq-di-baajiyaan-instrumental-ringtone-download</loc>
    </url>
    <url>
      <loc>https://mobcup-ringtones.online/infinity-castle-instrumental-ringtone-download</loc>
    </url>
    <url>
      <loc>https://mobcup-ringtones.online/rolex-bgm-ringtone-download-2</loc>
    </url>
    <url>
      <loc>https://mobcup-ringtones.online/saza-song-jyotica-tangri-bibi-rajni-punjabi-ringtone-download</loc>
    </url>
    <url>
      <loc>https://mobcup-ringtones.online/hua-shankhnaad-kailash-kher-ringtone-download</loc>
    </url>
    <url>
      <loc>https://mobcup-ringtones.online/yaad-aa-rahe-hai-wo-gurnazar-chattha-ringtone-download</loc>
    </url>
    <url>
      <loc>https://mobcup-ringtones.online/tumhari-nazre-karam-bonita-ringtone-download</loc>
    </url>
    <url>
      <loc>https://mobcup-ringtones.online/devara-red-sea-bgm-ringtone-download</loc>
    </url>
    <url>
      <loc>https://mobcup-ringtones.online/ek-bar-jo-raghubar-ki-nazron-ka-ringtone-download</loc>
    </url>
    <url>
      <loc>https://mobcup-ringtones.online/im-so-lonely-ringtone-download</loc>
    </url>
    <url>
      <loc>https://mobcup-ringtones.online/deevana-song-sahil-cheema-devika-badyal-ringtone-download</loc>
    </url>
    <url>
      <loc>https://mobcup-ringtones.online/ek-jaisa-haal-tera-mera-arijit-singh-ringtone-download</loc>
    </url>
    <url>
      <loc>https://mobcup-ringtones.online/ek-bar-jo-raghubar-ki-nazron-ka-pawan-tiwari-ringtone-download</loc>
    </url>
    <url>
      <loc>https://mobcup-ringtones.online/re-bade-bade-choudhary-sonu-thukral-ringtone-download</loc>
    </url>
    <url>
      <loc>https://mobcup-ringtones.online/kis-baat-pe-ruthe-ho-ringtone-download</loc>
    </url>
    <url>
      <loc>https://mobcup-ringtones.online/subrahmanyaa-glimpse-the-first-adventure-bgm-ringtone-download</loc>
    </url>
    <url>
      <loc>https://mobcup-ringtones.online/yaad-reh-jaati-hai-b-praak-the-buckingham-murders-ringtone-download</loc>
    </url>
    <url>
      <loc>https://mobcup-ringtones.online/ye-jaan-jaan-kya-laga-rakha-hai-ringtone-download</loc>
    </url>
    <url>
      <loc>https://mobcup-ringtones.online/whistleaesko-telugu-the-greatest-of-all-time-ringtone-download</loc>
    </url>
    <url>
      <loc>https://mobcup-ringtones.online/sare-tirath-dham-aapke-charno-mein-ringtone-download</loc>
    </url>
    <url>
      <loc>https://mobcup-ringtones.online/challa-mundri-shivjot-punjabi-ringtone-download</loc>
    </url>
    <url>
      <loc>https://mobcup-ringtones.online/hunter-vantaar-rajinikanth-vettaiyan-ringtone-download</loc>
    </url>
    <url>
      <loc>https://mobcup-ringtones.online/999-jerry-ringtone-download</loc>
    </url>
    <url>
      <loc>https://mobcup-ringtones.online/tum-jo-mile-ho-song-vishal-mishra-ringtone-download</loc>
    </url>
    <url>
      <loc>https://mobcup-ringtones.online/dua-kijiye-song-sameer-khan-kanika-mann-ringtone-download</loc>
    </url>
    <url>
      <loc>https://mobcup-ringtones.online/rutba-yaari-da-labh-heera-shavy-vik-ringtone-download</loc>
    </url>
    <url>
      <loc>https://mobcup-ringtones.online/seventeen-12th-mini-album-spill-the-feels-ringtone-download</loc>
    </url>
    <url>
      <loc>https://mobcup-ringtones.online/kanave-kanave-bgm-ringtone-download</loc>
    </url>
    <url>
      <loc>https://mobcup-ringtones.online/panihari-song-ajay-hooda-haryanvi-ringtone-download</loc>
    </url>
    <url>
      <loc>https://mobcup-ringtones.online/high-on-me-yo-yo-honey-singh-bgm-ringtone-download</loc>
    </url>
    <url>
      <loc>https://mobcup-ringtones.online/regret-song-kalam-ink-ringtone-download</loc>
    </url>
    <url>
      <loc>https://mobcup-ringtones.online/hik-te-sir-rakh-gabru-de-supne-je-bun-ne-nahi-i-wish-ninja-ringtone-download</loc>
    </url>
    <url>
      <loc>https://mobcup-ringtones.online/taare-2-a-kay-ringtone-download</loc>
    </url>
    <url>
      <loc>https://mobcup-ringtones.online/patli-kamar-song-manisha-saini-rajasthani-ringtone-download</loc>
    </url>
    <url>
      <loc>https://mobcup-ringtones.online/kasturi-si-aadat-tumhari-arijit-singh-ringtone-download</loc>
    </url>
    <url>
      <loc>https://mobcup-ringtones.online/hero-handa-song-raj-mawer-ashu-twinkle-ringtone-download</loc>
    </url>
    <url>
      <loc>https://mobcup-ringtones.online/uyire-uyire-bgm-ringtone-download</loc>
    </url>
    <url>
      <loc>https://mobcup-ringtones.online/hoga-dsp-baap-tera-rahul-puthi-rinkal-yogi-ringtone-download</loc>
    </url>
    <url>
      <loc>https://mobcup-ringtones.online/30-ka-saman-song-amanraj-gill-x-shiva-choudhary-haryanvi-ringtone-download</loc>
    </url>
    <url>
      <loc>https://mobcup-ringtones.online/mashaa-allah-bhanu-pratap-agnihotri-prateeksha-srivastava-ringtone-download</loc>
    </url>
    <url>
      <loc>https://mobcup-ringtones.online/call-khan-bhaini-guri-nimana-ringtone-download</loc>
    </url>
    <url>
      <loc>https://mobcup-ringtones.online/o-pilaga-venkatesh-telugu-love-ringtone-download</loc>
    </url>
    <url>
      <loc>https://mobcup-ringtones.online/main-hawa-mein-hu-song-maninder-buttar-emiway-bantai-ringtone-download</loc>
    </url>
    <url>
      <loc>https://mobcup-ringtones.online/never-fold-lofi-sidhu-moose-wala-ringtone-download</loc>
    </url>
    <url>
      <loc>https://mobcup-ringtones.online/saade-hisse-davinder-gumti-punjabi-ringtone-download</loc>
    </url>
    <url>
      <loc>https://mobcup-ringtones.online/kutty-pisasey-song-ringtone-download</loc>
    </url>
    <url>
      <loc>https://mobcup-ringtones.online/iphone-16-bella-ciao-remix-ringtone-download</loc>
    </url>
    <url>
      <loc>https://mobcup-ringtones.online/tumhari-chup-song-gentleman-atif-aslam-ringtone-download</loc>
    </url>
    <url>
      <loc>https://mobcup-ringtones.online/nirop-gheto-deva-aata-ringtone-download</loc>
    </url>
    <url>
      <loc>https://mobcup-ringtones.online/hey-krishna-tere-hoth-madhur-adharam-madhuram-ringtone-download</loc>
    </url>
    <url>
      <loc>https://mobcup-ringtones.online/chinna-chinna-kangal-song-tamil-goat-movie-ringtone-download</loc>
    </url>
    <url>
      <loc>https://mobcup-ringtones.online/o-palan-hare-ringtone-download</loc>
    </url>
    <url>
      <loc>https://mobcup-ringtones.online/laut-ke-tujhko-aana-hai-rigntone-download</loc>
    </url>
    <url>
      <loc>https://mobcup-ringtones.online/ganraya-ganraya-ganraya-ho-ringtone-download</loc>
    </url>
    <url>
      <loc>https://mobcup-ringtones.online/tamil-kadavul-murugan-ringtone-download</loc>
    </url>
    <url>
      <loc>https://mobcup-ringtones.online/kanmani-anbodu-whistle-ringtone-download</loc>
    </url>
    <url>
      <loc>https://mobcup-ringtones.online/jaam-song-gurnazar-sad-ringtone-download</loc>
    </url>
    <url>
      <loc>https://mobcup-ringtones.online/whistle-podu-bgm-the-goat-ringtone-download</loc>
    </url>
    <url>
      <loc>https://mobcup-ringtones.online/roja-roja-song-unni-krishnan-a-r-rahman-ringtone-download</loc>
    </url>
    <url>
      <loc>https://mobcup-ringtones.online/updated-balma-song-king-b-chouhan-gurlez-akhtar-ringtone-download</loc>
    </url>
    <url>
      <loc>https://mobcup-ringtones.online/hum-wo-jinko-bas-pyar-chahiye-ringtone-download</loc>
    </url>
    <url>
      <loc>https://mobcup-ringtones.online/man-mandir-me-saje-bihari-ringtone-download</loc>
    </url>
    <url>
      <loc>https://mobcup-ringtones.online/whistle-podu-thalapathy-is-the-goat-thalapathy-vijay-ringtone-download</loc>
    </url>
    <url>
      <loc>https://mobcup-ringtones.online/negative-bande-gulab-sidhu-ringtone-download</loc>
    </url>
    <url>
      <loc>https://mobcup-ringtones.online/babu-ki-baby-song-kahan-shuru-kahan-khatam-sunidhi-chauhan-ringtone-download</loc>
    </url>
    <url>
      <loc>https://mobcup-ringtones.online/nada-dering-abe-cekut-nelpon-haloo-tututu-ringtone-download</loc>
    </url>
    <url>
      <loc>https://mobcup-ringtones.online/tere-wali-thaan-guru-randhawa-ringtone-download</loc>
    </url>
    <url>
      <loc>https://mobcup-ringtones.online/barsane-wali-radhe-radhe-ringtone-download</loc>
    </url>
    <url>
      <loc>https://mobcup-ringtones.online/gehra-mera-ishq-rahe-x-intezaar-tha-ringtone-download</loc>
    </url>
    <url>
      <loc>https://mobcup-ringtones.online/vicky-vidya-ka-woh-wala-video-trailer-bgm-ringtone-download</loc>
    </url>
    <url>
      <loc>https://mobcup-ringtones.online/onapattin-thalam-thullum-ringtone-download-2</loc>
    </url>
    <url>
      <loc>https://mobcup-ringtones.online/kaala-maal-rohanpreet-singh-gurlez-akhtar-ringtone-download</loc>
    </url>
    <url>
      <loc>https://mobcup-ringtones.online/60-mukadme-song-masoom-sharma-shiva-chaudhary-ringtone-download</loc>
    </url>
    <url>
      <loc>https://mobcup-ringtones.online/ram-ji-roopi-gill-bibi-rajni-ringtone-doownload</loc>
    </url>
    <url>
      <loc>https://mobcup-ringtones.online/gandasa-song-armaan-malik-nawab-kamboj-ringtone-download</loc>
    </url>
    <url>
      <loc>https://mobcup-ringtones.online/devara-red-sea-song-bgm-ringtone-download</loc>
    </url>
    <url>
      <loc>https://mobcup-ringtones.online/aazhi-soozhndha-song-sivappu-manjal-pachai-tamil-ringtone-download</loc>
    </url>
    <url>
      <loc>https://mobcup-ringtones.online/usure-neethane-adangaatha-asuran-ringtone-download</loc>
    </url>
    <url>
      <loc>https://mobcup-ringtones.online/matta-goat-song-ringtone-download</loc>
    </url>
    <url>
      <loc>https://mobcup-ringtones.online/jai-shree-shyam-message-ringtone-download</loc>
    </url>
    <url>
      <loc>https://mobcup-ringtones.online/tera-saaya-song-pushkar-bhatia-venoz-ringtone-download</loc>
    </url>
    <url>
      <loc>https://mobcup-ringtones.online/bad-dreams-teddy-swims-english-ringtone-download</loc>
    </url>
    <url>
      <loc>https://mobcup-ringtones.online/manasilayo-song-vettaiyan-rajinikanth-ringtone-download</loc>
    </url>
    <url>
      <loc>https://mobcup-ringtones.online/anbana-magal-vandhal-ambani-nan-aagiren-song-ringtone-download</loc>
    </url>
    <url>
      <loc>https://mobcup-ringtones.online/janaka-aithe-ganaka-ringtone-download</loc>
    </url>
    <url>
      <loc>https://mobcup-ringtones.online/goat-metro-fight-bgm-ringtone-download</loc>
    </url>
    <url>
      <loc>https://mobcup-ringtones.online/thaaye-thaaye-maharaja-song-ringtone-download</loc>
    </url>
    <url>
      <loc>https://mobcup-ringtones.online/goat-clone-bgm-ringtone-download</loc>
    </url>
    <url>
      <loc>https://mobcup-ringtones.online/naa-favourite-na-pellam-ringtone-download</loc>
    </url>
    <url>
      <loc>https://mobcup-ringtones.online/aaj-bhi-2-vishal-mishra-ringtone-download</loc>
    </url>
    <url>
      <loc>https://mobcup-ringtones.online/khushiyaan-song-juss-x-mixsingh-punjabi-ringtone-download</loc>
    </url>
    <url>
      <loc>https://mobcup-ringtones.online/maayoney-song-inga-naan-thaan-kingu-ringtone-download</loc>
    </url>
    <url>
      <loc>https://mobcup-ringtones.online/venom-the-last-dance-theme-music-instrumental-ringtone-download</loc>
    </url>
    <url>
      <loc>https://mobcup-ringtones.online/itni-kripa-savre-banaye-rakhna-ringtone-download</loc>
    </url>
    <url>
      <loc>https://mobcup-ringtones.online/rollin-loud-song-prem-dhillon-ringtone-download</loc>
    </url>
    <url>
      <loc>https://mobcup-ringtones.online/jo-teri-nazron-ko-sukoon-de-slowed-reverb-instrumental-ringtone-download</loc>
    </url>
    <url>
      <loc>https://mobcup-ringtones.online/master-title-ringtone-download</loc>
    </url>
    <url>
      <loc>https://mobcup-ringtones.online/maru-jenmam-eduthal-kooda-ringtone-download</loc>
    </url>
    <url>
      <loc>https://mobcup-ringtones.online/aazhi-soozhndha-tamil-love-song-ringtone-download</loc>
    </url>
    <url>
      <loc>https://mobcup-ringtones.online/kia-polamma-pole-song-ringtone-download</loc>
    </url>
    <url>
      <loc>https://mobcup-ringtones.online/valai-movie-bgm-ringtone-download</loc>
    </url>
    <url>
      <loc>https://mobcup-ringtones.online/bappa-chalale-aaplya-gavala-ringtone-download</loc>
    </url>
    <url>
      <loc>https://mobcup-ringtones.online/silent-ringtone-download</loc>
    </url>
    <url>
      <loc>https://mobcup-ringtones.online/russian-bandana-dhanda-nyoliwala-deepesh-goyal-ringtone-download</loc>
    </url>
    <url>
      <loc>https://mobcup-ringtones.online/8-vaje-song-baani-sandhu-dj-flow-ringtone-download</loc>
    </url>
    <url>
      <loc>https://mobcup-ringtones.online/o-radha-tere-bina-tera-shyam-hai-aadha-ringtone-download</loc>
    </url>
    <url>
      <loc>https://mobcup-ringtones.online/tujhse-preet-lagi-hai-radhe-ringtone-download</loc>
    </url>
    <url>
      <loc>https://mobcup-ringtones.online/raayan-movie-sad-emotional-bgm-ringtone-download</loc>
    </url>
    <url>
      <loc>https://mobcup-ringtones.online/aali-gavar-aali-ringtone-download</loc>
    </url>
    <url>
      <loc>https://mobcup-ringtones.online/ali-gavar-ali-sonpavali-ali-ringtone-download</loc>
    </url>
    <url>
      <loc>https://mobcup-ringtones.online/kurumba-flute-bgm-ringtone-download</loc>
    </url>
    <url>
      <loc>https://mobcup-ringtones.online/x-slide-ultra-slowed-alarm-ringtone-download</loc>
    </url>
    <url>
      <loc>https://mobcup-ringtones.online/nenu-local-ringtone-download</loc>
    </url>
    <url>
      <loc>https://mobcup-ringtones.online/durge-durgat-bhari-ringtone-download</loc>
    </url>
    <url>
      <loc>https://mobcup-ringtones.online/hamaro-dhan-radha-shri-radha-ringtone-download</loc>
    </url>
    <url>
      <loc>https://mobcup-ringtones.online/yaar-mila-ve-pragati-nagpal-love-song-ringtone</loc>
    </url>
    <url>
      <loc>https://mobcup-ringtones.online/introducing-iphone-16-apple-ringtone-download</loc>
    </url>
    <url>
      <loc>https://mobcup-ringtones.online/rooh-song-amrita-virk-r-nait-ringtone-download</loc>
    </url>
    <url>
      <loc>https://mobcup-ringtones.online/jai-shri-ram-ringtone-download</loc>
    </url>
    <url>
      <loc>https://mobcup-ringtones.online/mujhe-jana-nahi-school-amman-kaamboj-ringtone-download</loc>
    </url>
    <url>
      <loc>https://mobcup-ringtones.online/takatakata-introducing-iphone-16-ringtone-download</loc>
    </url>
    <url>
      <loc>https://mobcup-ringtones.online/iphone-message-ringtone-download</loc>
    </url>
    <url>
      <loc>https://mobcup-ringtones.online/mere-zakhmo-pe-marham-mahakal-ringtone-download</loc>
    </url>
    <url>
      <loc>https://mobcup-ringtones.online/dhanda-nyoliwala-russian-bandana-music-ringtone-download</loc>
    </url>
    <url>
      <loc>https://mobcup-ringtones.online/enna-nada-enna-nada-eri-vara-jillukka-matta-song-tamil-ringtone-download</loc>
    </url>
    <url>
      <loc>https://mobcup-ringtones.online/sehra-song-kahan-shuru-kahan-khatam-hindi-ringtone-download</loc>
    </url>
    <url>
      <loc>https://mobcup-ringtones.online/cadillac-song-amar-sandhu-royal-maan-ringtone-download</loc>
    </url>
    <url>
      <loc>https://mobcup-ringtones.online/mera-jhumka-lakhon-ka-mera-thumka-lakhon-ka-ringtone-download</loc>
    </url>
    <url>
      <loc>https://mobcup-ringtones.online/iphone-mystery-sms-i-phone-ringtone-download</loc>
    </url>
    <url>
      <loc>https://mobcup-ringtones.online/dhadkano-main-martin-movie-ringtone-download</loc>
    </url>
    <url>
      <loc>https://mobcup-ringtones.online/kehta-hai-kya-tera-jiya-haan-ke-haan</loc>
    </url>
    <url>
      <loc>https://mobcup-ringtones.online/main-hi-jhoothi-gurdas-maan-ringtone-download</loc>
    </url>
    <url>
      <loc>https://mobcup-ringtones.online/ek-ladki-bheegi-bhagi-si-kahan-shuru-kahan-khatam-ringtone-download</loc>
    </url>
    <url>
      <loc>https://mobcup-ringtones.online/kajra-mohabbat-wala-pawan-singh-shilpi-raj-ringtone-download</loc>
    </url>
    <url>
      <loc>https://mobcup-ringtones.online/haan-ke-haan-monali-thakur-love-song-ringtone-download</loc>
    </url>
    <url>
      <loc>https://mobcup-ringtones.online/o-pilaga-venkatesh-ringtone-download</loc>
    </url>
    <url>
      <loc>https://mobcup-ringtones.online/zinda-rehne-ke-liye-ek-mulaqaat-zaruri-hai-sanam-ringtone-download</loc>
    </url>
    <url>
      <loc>https://mobcup-ringtones.online/goat-bgm-ringtone-download</loc>
    </url>
    <url>
      <loc>https://mobcup-ringtones.online/kanmani-anbodu-instrumental-ringtone-download</loc>
    </url>
    <url>
      <loc>https://mobcup-ringtones.online/zaroor-song-aparshakti-khurana-ringtone-download</loc>
    </url>
    <url>
      <loc>https://mobcup-ringtones.online/bonita-song-yo-yo-honey-singh-ringtone-download</loc>
    </url>
    <url>
      <loc>https://mobcup-ringtones.online/anbana-magal-vandhal-ringtone-download</loc>
    </url>
    <url>
      <loc>https://mobcup-ringtones.online/azhagiya-laila-remix-ringtone-download</loc>
    </url>
    <url>
      <loc>https://mobcup-ringtones.online/saccha-wala-pyaar-tulsi-kumar-vishal-mishra-ringtone-download</loc>
    </url>
    <url>
      <loc>https://mobcup-ringtones.online/saiyaan-ki-bandook-chale-dhay-dhay-ringtone-download</loc>
    </url>
    <url>
      <loc>https://mobcup-ringtones.online/mere-pardesiyon-ki-yahi-hai-nishani-ringtone-download</loc>
    </url>
    <url>
      <loc>https://mobcup-ringtones.online/mere-bhole-shambhu-har-har-shambhu-ringtone-download</loc>
    </url>
    <url>
      <loc>https://mobcup-ringtones.online/mata-jinki-gora-rani-hai-pita-mahadeva-mere-ganpati-deva-ringtone-download</loc>
    </url>
    <url>
      <loc>https://mobcup-ringtones.online/sabse-pahle-puje-hai-hum-o-mere-ganpati-deva-ringtone-download</loc>
    </url>
    <url>
      <loc>https://mobcup-ringtones.online/shubh-aarambh-ho-naam-se-tere-mere-ganpati-deva-ringtone-download</loc>
    </url>
    <url>
      <loc>https://mobcup-ringtones.online/chandrama-lalat-jage-jatao-me-ganga-soi-har-har-shambhu-ringtone-download</loc>
    </url>
    <url>
      <loc>https://mobcup-ringtones.online/ek-pardasi-aiza-shah-ringtone-download</loc>
    </url>
    <url>
      <loc>https://mobcup-ringtones.online/chandani-chand-se-hoti-hai-song-varsha-vanzara-ringtone-download</loc>
    </url>
    <url>
      <loc>https://mobcup-ringtones.online/tagdi-song-upasana-gahlot-ringtone-download</loc>
    </url>
    <url>
      <loc>https://mobcup-ringtones.online/halkaro-gadiyo-ranuja-vishal-hapor-ringtone-download</loc>
    </url>
    <url>
      <loc>https://mobcup-ringtones.online/mere-ganpati-deva-hansraj-raghuwanshi-ringtone-download</loc>
    </url>
    <url>
      <loc>https://mobcup-ringtones.online/ardas-ravneet-singh-ringtone-download</loc>
    </url>
    <url>
      <loc>https://mobcup-ringtones.online/vada-chennai-rowdy-bgm-download</loc>
    </url>
    <url>
      <loc>https://mobcup-ringtones.online/maza-bappa-kiti-god-disto-ringtone-download</loc>
    </url>
    <url>
      <loc>https://mobcup-ringtones.online/jai-shree-sawariya-seth-hindi-bhajan-ringtone-download</loc>
    </url>
    <url>
      <loc>https://mobcup-ringtones.online/har-janam-me-sanware-ka-sath-chahiye-sawariya-seth-ringtone-download</loc>
    </url>
    <url>
      <loc>https://mobcup-ringtones.online/ganesha-pancharatnam-ringtone-download</loc>
    </url>
    <url>
      <loc>https://mobcup-ringtones.online/veera-vinayaka-song-ringtone-download</loc>
    </url>
    <url>
      <loc>https://mobcup-ringtones.online/gananayakaya-ringtone-download</loc>
    </url>
    <url>
      <loc>https://mobcup-ringtones.online/om-gan-ganpataye-namah-ringtone-download</loc>
    </url>
    <url>
      <loc>https://mobcup-ringtones.online/payala-naman-shankar-mahadevan-bhakti-music-ringtone-download</loc>
    </url>
    <url>
      <loc>https://mobcup-ringtones.online/ho-gajanand-thara-hatha-me-ab-to-laaj-hamari-hai-ringtone-download</loc>
    </url>
    <url>
      <loc>https://mobcup-ringtones.online/lakho-me-ek-hai-tu-sabse-nirala-bappa-waala-gaana-sanju-rathod-ringtone-download</loc>
    </url>
    <url>
      <loc>https://mobcup-ringtones.online/riddhi-siddhi-sang-aao-vinayak-gajanand-maharaaj-padhro-ringtone-download</loc>
    </url>
    <url>
      <loc>https://mobcup-ringtones.online/gajanand-maharaaj-padhro-manish-tiwari-ringtone-download</loc>
    </url>
    <url>
      <loc>https://mobcup-ringtones.online/mata-gora-ne-tenu-janam-diyo-shiv-ne-diyo-updesh-ringtone-download</loc>
    </url>
    <url>
      <loc>https://mobcup-ringtones.online/gajananaa-gajananaa-shankar-mahadevan-ringtone-download</loc>
    </url>
    <url>
      <loc>https://mobcup-ringtones.online/jai-dev-jai-dev-jai-mangal-murti-remix-jeetu-sharma-ankita-dash-ringtone-download</loc>
    </url>
    <url>
      <loc>https://mobcup-ringtones.online/ya-re-ya-dhol-mix-mc-sairaj-ganpati-bappa-ringtone-download</loc>
    </url>
    <url>
      <loc>https://mobcup-ringtones.online/teri-jai-ho-ganesh-song-ringtone-download</loc>
    </url>
    <url>
      <loc>https://mobcup-ringtones.online/koi-nahi-takkar-me-ye-charcha-sare-hori-se-gujjar-gujjar-hori-se-ringtone-download</loc>
    </url>
    <url>
      <loc>https://mobcup-ringtones.online/ganesh-anthem-shankar-mahadevan-ganesh-chaturthi-ringtone-download</loc>
    </url>
    <url>
      <loc>https://mobcup-ringtones.online/bappa-aala-re-mera-ganpati-aala-re-ishant-karnaliya-ringtone-download</loc>
    </url>
    <url>
      <loc>https://mobcup-ringtones.online/betabiyo-me-hai-wo-rahat-ka-mausam-ringtone-download</loc>
    </url>
    <url>
      <loc>https://mobcup-ringtones.online/alakh-avtari-peer-nav-neja-dhari-ramdev-nejavala-kinjal-rabari-ringtone-download</loc>
    </url>
    <url>
      <loc>https://mobcup-ringtones.online/guru-maneyo-granth-bhai-joginder-singh-ji-riar-gurbani-ringtone-download</loc>
    </url>
    <url>
      <loc>https://mobcup-ringtones.online/uske-hi-dil-me-ab-to-rehna-hai-hardam-new-version-anurati-roy-ringtone-download</loc>
    </url>
    <url>
      <loc>https://mobcup-ringtones.online/uda-kabootar-furr-furr-dev-pagli-ringtone-download</loc>
    </url>
    <url>
      <loc>https://mobcup-ringtones.online/main-ishq-uska-woh-aashiqui-hai-meri-anurati-roy-new-version-ringtone-download</loc>
    </url>
    <url>
      <loc>https://mobcup-ringtones.online/14-kille-song-dil-sandhu-dilpreet-dhillon-ringtone-download</loc>
    </url>
    <url>
      <loc>https://mobcup-ringtones.online/tenu-bhuliye-vi-te-kinj-sajna-tu-aunde-jande-saah-warga-ringtone-download</loc>
    </url>
    <url>
      <loc>https://mobcup-ringtones.online/tera-chad-ke-jana-sajna-ve-mainu-lagda-kisi-saza-warga-ringtone-download</loc>
    </url>
    <url>
      <loc>https://mobcup-ringtones.online/tu-subhu-di-paak-hawa-warga-nimra-mehra-instagram-trending-ringtone-download</loc>
    </url>
    <url>
      <loc>https://mobcup-ringtones.online/mahiya-ve-ve-gal-sun-mahiya-ve-ringtone-download</loc>
    </url>
    <url>
      <loc>https://mobcup-ringtones.online/mahara-kirtan-mein-ras-barsao-aao-ji-gajanan-aao-ringtone-download</loc>
    </url>
    <url>
      <loc>https://mobcup-ringtones.online/meri-kali-kaluti-ke-nakhre-ringtone-download</loc>
    </url>
    <url>
      <loc>https://mobcup-ringtones.online/ranak-bhanwar-se-aao-ji-gajanan-ganesh-ji-bhajan-ringtone-download</loc>
    </url>
    <url>
      <loc>https://mobcup-ringtones.online/sada-bhawani-dahini-sanmukh-rahe-ganesh-ringtone-download</loc>
    </url>
    <url>
      <loc>https://mobcup-ringtones.online/tere-naa-da-zaika-inj-sajna-tu-subhu-di-paak-hawa-warga-ringtone-download</loc>
    </url>
    <url>
      <loc>https://mobcup-ringtones.online/ekdantay-vakratunday-gauritanayay-dhimahi-ringtone-ringtone-download</loc>
    </url>
    <url>
      <loc>https://mobcup-ringtones.online/ramdev-ji-ro-mandir-pyaro-ringtone-download</loc>
    </url>
    <url>
      <loc>https://mobcup-ringtones.online/runicha-me-melo-barije-bhagat-ghanera-aave-hai-ramsa-peer-ringtone-download</loc>
    </url>
    <url>
      <loc>https://mobcup-ringtones.online/dahej-me-fortuner-chahiye-ringtone-download</loc>
    </url>
    <url>
      <loc>https://mobcup-ringtones.online/rab-da-apna-ek-dhang-hai-jo-duniya-di-samajh-ch-aave-na-ringtone-download</loc>
    </url>
    <url>
      <loc>https://mobcup-ringtones.online/are-runicha-me-mandir-baniyo-lage-ghano-pyaro-hai-ringtone-download</loc>
    </url>
    <url>
      <loc>https://mobcup-ringtones.online/romsa-na-bharose-ramapir-bhajan-gujarati-ringtone-download</loc>
    </url>
    <url>
      <loc>https://mobcup-ringtones.online/jad-dil-di-dhadkan-saaj-bani-hai-ringtone-download</loc>
    </url>
    <url>
      <loc>https://mobcup-ringtones.online/ye-kaisa-adbhut-bandhan-jo-har-ek-had-nu-tode-ringtone-download</loc>
    </url>
    <url>
      <loc>https://mobcup-ringtones.online/sun-re-baba-runicha-vala-kali-gadi-lani-he-baba-ramdevji-dj-song-ringtone-download</loc>
    </url>
    <url>
      <loc>https://mobcup-ringtones.online/kabhi-aisa-bhi-ho-suraj-chutti-pe-ho-chaar-shanivaar-ringtone-download</loc>
    </url>
    <url>
      <loc>https://mobcup-ringtones.online/kinni-soni-music-ringtone-download</loc>
    </url>
    <url>
      <loc>https://mobcup-ringtones.online/a-aai-dev-bappa-aale-bappa-ale-ale-ringtone-download</loc>
    </url>
    <url>
      <loc>https://mobcup-ringtones.online/vakratunda-mahakaya-ringtone-download</loc>
    </url>
    <url>
      <loc>https://mobcup-ringtones.online/tuji-feeling-shubhangii-kedar-ravindra-khomne-ringtone-download</loc>
    </url>
    <url>
      <loc>https://mobcup-ringtones.online/khuda-bhi-qurban-hai-rahat-fateh-ali-khan-punjabi-ringtone-download</loc>
    </url>
    <url>
      <loc>https://mobcup-ringtones.online/tareef-song-ranjit-bawa-preet-aujla-ringtone-download</loc>
    </url>
    <url>
      <loc>https://mobcup-ringtones.online/jai-ganesh-jai-ganesh-deva-kids-special-harshiv-kotecha-ringtone-download</loc>
    </url>
    <url>
      <loc>https://mobcup-ringtones.online/tu-mukh-te-smile-rakhdi-dilpreet-dhillon-gurlez-akhtar-ringtone-download</loc>
    </url>
    <url>
      <loc>https://mobcup-ringtones.online/daavudi-devara-hindi-ringtone-download</loc>
    </url>
    <url>
      <loc>https://mobcup-ringtones.online/ek-dant-dayavant-jai-ganesh-jai-ganesh-deva-ringtone-download</loc>
    </url>
    <url>
      <loc>https://mobcup-ringtones.online/ganpati-visarjan-dhol-tasha-ganesh-chaturthi-ringtone-download</loc>
    </url>
    <url>
      <loc>https://mobcup-ringtones.online/tere-bina-x-zaroor-x-kbhi-use-noor-noor-sush-yohan-remix-ringtone-download</loc>
    </url>
    <url>
      <loc>https://mobcup-ringtones.online/veera-vinayaka-song-tamil-vedalam-ringtone-download</loc>
    </url>
    <url>
      <loc>https://mobcup-ringtones.online/pokemon-marimba-remix-iphone-ringtone-download</loc>
    </url>
    <url>
      <loc>https://mobcup-ringtones.online/chiring-chiring-humane-sagar-odia-song-ringtone-download</loc>
    </url>
    <url>
      <loc>https://mobcup-ringtones.online/veera-soora-ganapathi-ganesh-chaturthi-tamil-devotional-ringtone-download</loc>
    </url>
    <url>
      <loc>https://mobcup-ringtones.online/kasa-wajtay-gubu-gubu-jagdish-gorse-marathi-song-ringtone-download</loc>
    </url>
    <url>
      <loc>https://mobcup-ringtones.online/delhi-wali-2-0-ringtone-download</loc>
    </url>
    <url>
      <loc>https://mobcup-ringtones.online/soldier-ban-sikho-mada-time-kadna-aam-jahe-munde-parmish-verma-ringtone-download</loc>
    </url>
    <url>
      <loc>https://mobcup-ringtones.online/nandila-sajava-dhol-ga-hi-vajva-vitthal-umap-ringtone-download</loc>
    </url>
    <url>
      <loc>https://mobcup-ringtones.online/jai-ganesh-jai-ganesh-deva-shri-ganesh-ji-aarti-ringtone-download</loc>
    </url>
    <url>
      <loc>https://mobcup-ringtones.online/kadi-re-kadi-song-udan-chhoo-gujarati-ringtone-download</loc>
    </url>
    <url>
      <loc>https://mobcup-ringtones.online/venkatesha-sri-ramana-lord-venkateswara-telugu-ringtone-download</loc>
    </url>
    <url>
      <loc>https://mobcup-ringtones.online/sahas-badan-tumharo-jas-gave-new-epic-hanuman-chalisa-ringtone-download</loc>
    </url>
    <url>
      <loc>https://mobcup-ringtones.online/jai-ganesh-deva-flute-ringtone-download</loc>
    </url>
    <url>
      <loc>https://mobcup-ringtones.online/tipurasur-aisa-kope-ganpati-song-marathi-ringtone-download</loc>
    </url>
    <url>
      <loc>https://mobcup-ringtones.online/tuch-sukh-karta-remix-bappa-morya-re-marathi-ringtone-download</loc>
    </url>
    <url>
      <loc>https://mobcup-ringtones.online/shankar-kitne-sundar-ho-shiv-bhajan-ringtone-download</loc>
    </url>
    <url>
      <loc>https://mobcup-ringtones.online/ganpati-bappa-morya-notification-ringtone-download</loc>
    </url>
    <url>
      <loc>https://mobcup-ringtones.online/mere-sarkar-aaye-hain-ganesh-chaturthi-bhajan-ringtone-download</loc>
    </url>
    <url>
      <loc>https://mobcup-ringtones.online/deva-shree-ganesha-agneepath-ringtone-download</loc>
    </url>
    <url>
      <loc>https://mobcup-ringtones.online/apni-taqdeer-ka-wo-khud-sikandar-hua-re-deva-shree-ganesha-ringtone-download</loc>
    </url>
    <url>
      <loc>https://mobcup-ringtones.online/jwala-si-jalti-hai-aankhon-mein-deva-shree-ganesha-lord-ganesha-ringtone-download</loc>
    </url>
    <url>
      <loc>https://mobcup-ringtones.online/dar-bhi-usse-dara-re-deva-shree-ganesha-ringtone-download</loc>
    </url>
    <url>
      <loc>https://mobcup-ringtones.online/ganesh-maharaj-song-kavya-limaye-ganesh-chaturthi-ringtone-download</loc>
    </url>
    <url>
      <loc>https://mobcup-ringtones.online/baje-mridang-dhol-nache-ganraj-ganesh-maharaj-kavya-limaye-ringtone-download</loc>
    </url>
    <url>
      <loc>https://mobcup-ringtones.online/ganpati-bappa-morya-instrumental-dj-remix-ringtone-download</loc>
    </url>
    <url>
      <loc>https://mobcup-ringtones.online/sukh-karta-dukh-harta-varta-vighnachi-ganesh-maharaj-kavya-limaye-ringtone-download</loc>
    </url>
    <url>
      <loc>https://mobcup-ringtones.online/gannayakay-gandevtay-ganpati-bhakti-ringtone-download</loc>
    </url>
    <url>
      <loc>https://mobcup-ringtones.online/ho-teri-bhakti-ka-vardaan-hai-jo-kamaye-wo-dhanwan-hai-ringtone-download</loc>
    </url>
    <url>
      <loc>https://mobcup-ringtones.online/ekadantaya-vakratundaya-song-ringtone-download</loc>
    </url>
    <url>
      <loc>https://mobcup-ringtones.online/maximum-mass-hindi-max-movie-ringtone-download</loc>
    </url>
    <url>
      <loc>https://mobcup-ringtones.online/heramb-morya-gaurav-chati-pannu-maan-ringtone-download</loc>
    </url>
    <url>
      <loc>https://mobcup-ringtones.online/mille-oh-kudi-song-nawab-punjabi-ringtone-download</loc>
    </url>
    <url>
      <loc>https://mobcup-ringtones.online/farmer-flex-song-khasa-aala-chahar-new-haryanvi-ringtone-download</loc>
    </url>
    <url>
      <loc>https://mobcup-ringtones.online/jai-dev-jai-dev-ganpati-ringtone-download</loc>
    </url>
    <url>
      <loc>https://mobcup-ringtones.online/sukhkarta-vandan-hai-prateeksha-srivastava-ganesh-chaturthi-ringtone-download</loc>
    </url>
    <url>
      <loc>https://mobcup-ringtones.online/gana-nayakaya-ganesh-mantra-ringtone-download</loc>
    </url>
    <url>
      <loc>https://mobcup-ringtones.online/vakratunda-mahakaya-suryakoti-samaprabha-heramb-morya-ringtone-download</loc>
    </url>
    <url>
      <loc>https://mobcup-ringtones.online/heramb-morya-tu-shiv-putra-morya-heramb-morya-ganesh-chaturthi-special-ringtone-download</loc>
    </url>
    <url>
      <loc>https://mobcup-ringtones.online/tundiltanu-lambodar-gajmukh-sakar-tu-moraya-vinayaka-ganpati-song-ringtone-download</loc>
    </url>
    <url>
      <loc>https://mobcup-ringtones.online/dhumravarna-vikatmev-chinmay-sukhdayaka-ganesh-chaturthi-special-marathi-song-ringtone-download</loc>
    </url>
    <url>
      <loc>https://mobcup-ringtones.online/ganadhisha-gunadhisha-shubhankara-shubhanana-ganpati-song-ganesh-chaturthi-ringtone-download</loc>
    </url>
    <url>
      <loc>https://mobcup-ringtones.online/dukhan-di-dawai-baba-gulab-singh-ji-raja-sahib-ji-ringtone-download</loc>
    </url>
    <url>
      <loc>https://mobcup-ringtones.online/kia-pole-amma-pole-water-packet-rayan-ringtone-download</loc>
    </url>
    <url>
      <loc>https://mobcup-ringtones.online/pukarta-chala-hoon-main-madhur-sharma-hindi-song-ringtone-download</loc>
    </url>
    <url>
      <loc>https://mobcup-ringtones.online/maha-ganapati-song-vighnaharta-ganesha-ganesh-chaturthi-ringtone-download</loc>
    </url>
    <url>
      <loc>https://mobcup-ringtones.online/terre-dar-pe-aaye-sayli-kamble-ringtone-download</loc>
    </url>
    <url>
      <loc>https://mobcup-ringtones.online/moraya-vinayaka-aarya-ambekar-ganesh-chaturthi-special-ringtone-download</loc>
    </url>
    <url>
      <loc>https://mobcup-ringtones.online/thevi-shiri-varadhasta-he-gan-gan-nayaka-moraya-vinayaka-ganesh-ji-song-ringtone-download</loc>
    </url>
    <url>
      <loc>https://mobcup-ringtones.online/tane-chand-ni-kasam-o-mara-sanam-kishan-raval-gujarati-ringtone-download</loc>
    </url>
    <url>
      <loc>https://mobcup-ringtones.online/vrindavan-ka-kan-kan-bole-shree-radhe-radhe-ringtone-download</loc>
    </url>
    <url>
      <loc>https://mobcup-ringtones.online/tikka-karjyange-raj-mawar-ashu-twinkle-ringtone-download</loc>
    </url>
    <url>
      <loc>https://mobcup-ringtones.online/tera-hath-pakad-ke-le-jaunga-ringtone-download</loc>
    </url>
    <url>
      <loc>https://mobcup-ringtones.online/maine-likh-di-jawani-ikke-pe-ikka-akshay-kumar-ringtone-download</loc>
    </url>
    <url>
      <loc>https://mobcup-ringtones.online/ruseya-na-kar-gal-gal-te-sohne-lagde-miss-pooja-ringtone-download</loc>
    </url>
    <url>
      <loc>https://mobcup-ringtones.online/aaya-song-hindi-thalapathy-vijay-ringtone-download</loc>
    </url>
    <url>
      <loc>https://mobcup-ringtones.online/he-vighnaharta-buddhi-vidhata-ringtone-download</loc>
    </url>
    <url>
      <loc>https://mobcup-ringtones.online/maine-likh-di-jawani-tere-naam-ringtone-download</loc>
    </url>
    <url>
      <loc>https://mobcup-ringtones.online/aaya-bgm-thalapathy-vijay-thalapathy-is-the-goat-ringtone-download</loc>
    </url>
    <url>
      <loc>https://mobcup-ringtones.online/vighnaharta-shree-ganesha-ganesh-chaturthi-ringtone-download</loc>
    </url>
    <url>
      <loc>https://mobcup-ringtones.online/barkat-naam-hai-meri-maa-da-barkat-khan-bhaini-ringtone-download</loc>
    </url>
    <url>
      <loc>https://mobcup-ringtones.online/saripodhaa-sanivaaram-bgm-shiva-thandavame-ringtone-download</loc>
    </url>
    <url>
      <loc>https://mobcup-ringtones.online/tareekan-kaur-b-x-shree-brar-bhindder-burj-ringtone-download</loc>
    </url>
    <url>
      <loc>https://mobcup-ringtones.online/ullaasam-saripodhaa-sanivaaram-bgm-ringtone-download</loc>
    </url>
    <url>
      <loc>https://mobcup-ringtones.online/barkat-song-khan-bhaini-punjabi-ringtone-download</loc>
    </url>
    <url>
      <loc>https://mobcup-ringtones.online/halka-sound-khesari-lal-yadav-x-shilpi-raj-bhojpuri-song-ringtone-download</loc>
    </url>
    <url>
      <loc>https://mobcup-ringtones.online/ganpati-aarti-ringtone-download</loc>
    </url>
    <url>
      <loc>https://mobcup-ringtones.online/fly-karke-song-sabba-x-jasmeen-akhtar-pranjal-dahiya-ringtone-download</loc>
    </url>
    <url>
      <loc>https://mobcup-ringtones.online/lc-song-dj-flow-sultaan-ringtone-download</loc>
    </url>
    <url>
      <loc>https://mobcup-ringtones.online/aa-rojulu-malli-raavu-tamil-committee-kurrollu-ringtone-download</loc>
    </url>
    <url>
      <loc>https://mobcup-ringtones.online/ios-11-iphone-ringtone-download</loc>
    </url>
    <url>
      <loc>https://mobcup-ringtones.online/mafia-26-backbancher-singga-punjabi-ringtone-download</loc>
    </url>
    <url>
      <loc>https://mobcup-ringtones.online/aa-rojulu-malli-raavu-committee-kurrollu-telugu-ringtone-download</loc>
    </url>
    <url>
      <loc>https://mobcup-ringtones.online/matta-bgm-the-goat-thalapathy-vijay-ringtone-download</loc>
    </url>
    <url>
      <loc>https://mobcup-ringtones.online/jay-jay-ram-krishna-hari-ringtone-download</loc>
    </url>
    <url>
      <loc>https://mobcup-ringtones.online/chin-tapak-dam-dam-notification-tone-ringtone-download</loc>
    </url>
    <url>
      <loc>https://mobcup-ringtones.online/matta-song-thalapathy-vijay-the-goat-ringtone-download</loc>
    </url>
    <url>
      <loc>https://mobcup-ringtones.online/masthie-song-the-goat-thalapathy-vijay-ringtone-download</loc>
    </url>
    <url>
      <loc>https://mobcup-ringtones.online/soyi-nahi-seedhe-maut-sad-song-ringtone-download</loc>
    </url>
    <url>
      <loc>https://mobcup-ringtones.online/ni-tu-nazra-milave-na-te-phire-sangdi-raniye-harpinder-gill-ringtone-download</loc>
    </url>
    <url>
      <loc>https://mobcup-ringtones.online/ninnu-chupulu-vethike-lope-neeli-megha-shyama-ringtone-download</loc>
    </url>
    <url>
      <loc>https://mobcup-ringtones.online/vednecha-gavatun-aalo-tuziya-pai-shri-swami-samarth-ringtone-download</loc>
    </url>
    <url>
      <loc>https://mobcup-ringtones.online/zindagi-sumit-parta-haryanvi-song-ringtone-download</loc>
    </url>
    <url>
      <loc>https://mobcup-ringtones.online/bhagma-bana-2-vinod-sorkhi-new-haryanvi-ringtone-download</loc>
    </url>
    <url>
      <loc>https://mobcup-ringtones.online/meeh-baras-rochak-x-panther-ringtone-download</loc>
    </url>
    <url>
      <loc>https://mobcup-ringtones.online/vaan-nila-shreya-ghoshal-tamil-ringtone-download</loc>
    </url>
    <url>
      <loc>https://mobcup-ringtones.online/assi-dekkheya-miel-punjabi-ringtone-download</loc>
    </url>
    <url>
      <loc>https://mobcup-ringtones.online/crazy-le-sserafim-official-mv-ringtone-download</loc>
    </url>
    <url>
      <loc>https://mobcup-ringtones.online/shree-swami-samarth-jai-jai-swami-samarth-ringtone-download</loc>
    </url>
    <url>
      <loc>https://mobcup-ringtones.online/zaroor-song-aparshakti-khurana-savi-kahlon-ringtone-download</loc>
    </url>
    <url>
      <loc>https://mobcup-ringtones.online/supneya-vich-jo-gareeb-hunde-ne-attach-sidhu-moose-wala-ringtone-download</loc>
    </url>
    <url>
      <loc>https://mobcup-ringtones.online/jihnu-pyar-kare-bas-pyar-kare-karda-lakh-lakh-bar-rahe-ringtone-download</loc>
    </url>
    <url>
      <loc>https://mobcup-ringtones.online/haye-o-dila-song-ardaas-sarbat-de-bhale-di-jordan-sandhu-ringtone-download</loc>
    </url>
    <url>
      <loc>https://mobcup-ringtones.online/you-are-mine-salman-khan-vishal-mishra-ringtone-download</loc>
    </url>
    <url>
      <loc>https://mobcup-ringtones.online/mera-dil-janda-savi-kahlon-avvy-sra-ringtone-download</loc>
    </url>
    <url>
      <loc>https://mobcup-ringtones.online/savera-garvit-priyansh-love-song-ringtone-download</loc>
    </url>
    <url>
      <loc>https://mobcup-ringtones.online/saripodhaa-sanivaaram-bgm-ringtone-download-2</loc>
    </url>
    <url>
      <loc>https://mobcup-ringtones.online/attach-song-sidhu-moose-wala-steel-banglez-ringtone-download</loc>
    </url>
    <url>
      <loc>https://mobcup-ringtones.online/zindagi-ch-case-aise-few-hunde-ne-attach-sidhu-moose-wala-ringtone-download</loc>
    </url>
    <url>
      <loc>https://mobcup-ringtones.online/dependent-kauve-song-emiway-bantai-ringtone-download</loc>
    </url>
    <url>
      <loc>https://mobcup-ringtones.online/dil-ye-mera-bhi-tum-se-juda-hai-tera-hua-laqshay-kapoor-ringtone-download</loc>
    </url>
    <url>
      <loc>https://mobcup-ringtones.online/teri-saanson-mein-ab-ghul-jaane-ko-dil-karta-hai-ringtone-download</loc>
    </url>
    <url>
      <loc>https://mobcup-ringtones.online/tera-hua-deedar-kaur-laqshay-kapoor-ringtone-download</loc>
    </url>
    <url>
      <loc>https://mobcup-ringtones.online/main-haan-raahi-yaara-mera-raah-tu-dil-tu-jaan-tu-ringtone-download</loc>
    </url>
    <url>
      <loc>https://mobcup-ringtones.online/kaale-tu-kauve-dependent-kauve-emiway-bantai-ringtone-download</loc>
    </url>
    <url>
      <loc>https://mobcup-ringtones.online/maa-song-jubin-nautiyal-aho-vikramaarka-ringtone-download</loc>
    </url>
    <url>
      <loc>https://mobcup-ringtones.online/main-tera-hua-to-sara-hua-tera-hua-laqshay-kapoor-ringtone-download</loc>
    </url>
    <url>
      <loc>https://mobcup-ringtones.online/panghat-song-ruchika-jangid-kay-d-ringtone-download</loc>
    </url>
    <url>
      <loc>https://mobcup-ringtones.online/love-me-like-you-do-song-ellie-goulding-ringtone-download</loc>
    </url>
    <url>
      <loc>https://mobcup-ringtones.online/e-byatha-amar-noy-shudhu-ekar-arijit-singh-ringtone-download</loc>
    </url>
    <url>
      <loc>https://mobcup-ringtones.online/majnoon-song-yo-yo-honey-singh-ringtone-download</loc>
    </url>
    <url>
      <loc>https://mobcup-ringtones.online/mobile-ki-tabahi-ringtone-download</loc>
    </url>
    <url>
      <loc>https://mobcup-ringtones.online/high-on-me-yo-yo-honey-singh-talwiinder-ringtone-download</loc>
    </url>
    <url>
      <loc>https://mobcup-ringtones.online/aar-kobe-arijit-singh-ringtone-download</loc>
    </url>
    <url>
      <loc>https://mobcup-ringtones.online/bulbul-satinder-sartaaj-ringtone-download</loc>
    </url>
    <url>
      <loc>https://mobcup-ringtones.online/isharo-pe-nache-teri-salma-aho-vikramaarka-ringtone-download</loc>
    </url>
    <url>
      <loc>https://mobcup-ringtones.online/maan-ja-chhori-mc-square-ringtone-download</loc>
    </url>
    <url>
      <loc>https://mobcup-ringtones.online/salma-song-hindi-aho-vikramaarka-ringtone-download</loc>
    </url>
    <url>
      <loc>https://mobcup-ringtones.online/naina-da-kehna-sajjan-adeeb-punjabi-ringtone-download</loc>
    </url>
    <url>
      <loc>https://mobcup-ringtones.online/pagal-song-kishan-raval-i-gujarati-sad-song-ringtone-download</loc>
    </url>
    <url>
      <loc>https://mobcup-ringtones.online/aaj-ki-raat-instrumental-ringtone-download</loc>
    </url>
    <url>
      <loc>https://mobcup-ringtones.online/jo-tu-dede-darshan-karde-pagal-jai-siya-ram-ringtone-download</loc>
    </url>
    <url>
      <loc>https://mobcup-ringtones.online/thani-oruvan-bgm-ringtone-download-2</loc>
    </url>
    <url>
      <loc>https://mobcup-ringtones.online/kya-hai-mera-sab-hai-tera-jai-siya-ram-meetoride-ringtone-download</loc>
    </url>
    <url>
      <loc>https://mobcup-ringtones.online/teri-bhakti-se-aatma-ko-milta-aaram-jai-siya-ram-ram-bhakti-ringtone-download</loc>
    </url>
    <url>
      <loc>https://mobcup-ringtones.online/jabse-tune-ye-hath-liye-tham-jai-siya-ram-ram-bhajan-ringtone-download</loc>
    </url>
    <url>
      <loc>https://mobcup-ringtones.online/mere-kesari-ke-lal-kijo-chota-sa-ye-kam-jai-siya-ram-meetoride-ringtone-download</loc>
    </url>
    <url>
      <loc>https://mobcup-ringtones.online/ho-mai-ram-sang-japta-sada-tumhara-naam-ringtone-download</loc>
    </url>
    <url>
      <loc>https://mobcup-ringtones.online/jai-siya-ram-meetoride-ink-heart-ringtone-download</loc>
    </url>
    <url>
      <loc>https://mobcup-ringtones.online/ishq-de-shot-song-kahan-shuru-kahan-khatam-ringtone-download</loc>
    </url>
    <url>
      <loc>https://mobcup-ringtones.online/the-purge-bgm-ringtone-download</loc>
    </url>
    <url>
      <loc>https://mobcup-ringtones.online/chuttamalle-song-ntr-telugu-ringtone-download</loc>
    </url>
    <url>
      <loc>https://mobcup-ringtones.online/yaaro-ke-yaar-elvish-yadav-vibhor-parashar-ringtone-download</loc>
    </url>
    <url>
      <loc>https://mobcup-ringtones.online/tuchki-tuiya-ringtone-download</loc>
    </url>
    <url>
      <loc>https://mobcup-ringtones.online/neeli-chhat-babbu-maan-ringtone-download</loc>
    </url>
    <url>
      <loc>https://mobcup-ringtones.online/moral-of-the-story-song-ringtone-download</loc>
    </url>
    <url>
      <loc>https://mobcup-ringtones.online/bhula-dena-mujhe-ringtone-download</loc>
    </url>
    <url>
      <loc>https://mobcup-ringtones.online/aana-padega-saaj-bhatt-ringtone-download</loc>
    </url>
    <url>
      <loc>https://mobcup-ringtones.online/last-bencher-hai-saare-yaaro-ke-yaar-elvish-yadav-ringtone-download</loc>
    </url>
    <url>
      <loc>https://mobcup-ringtones.online/millionaire-song-yo-yo-honey-singh-ringtone-download</loc>
    </url>
    <url>
      <loc>https://mobcup-ringtones.online/chhori-song-yo-yo-honey-singh-ringtone-download</loc>
    </url>
    <url>
      <loc>https://mobcup-ringtones.online/chaudhar-r-nait-punjabi-song-ringtone-download</loc>
    </url>
    <url>
      <loc>https://mobcup-ringtones.online/vellian-nu-thok-ke-gandhi-3-yarran-da-yaar-dev-kharoud-ringtone-download</loc>
    </url>
    <url>
      <loc>https://mobcup-ringtones.online/rap-god-yo-yo-honey-singh-ringtone-download</loc>
    </url>
    <url>
      <loc>https://mobcup-ringtones.online/roko-2mg-emiway-bantai-ringtone-download</loc>
    </url>
    <url>
      <loc>https://mobcup-ringtones.online/o-kise-de-mitar-ni-hunde-jede-sabde-hunde-mitar-ni-ringtone-download</loc>
    </url>
    <url>
      <loc>https://mobcup-ringtones.online/magic-karan-sehmbi-jass-ringtone-download</loc>
    </url>
    <url>
      <loc>https://mobcup-ringtones.online/meri-jaan-bandh-rakhi-tune-payal-me-yo-yo-honey-singh-glory-ringtone-download</loc>
    </url>
    <url>
      <loc>https://mobcup-ringtones.online/ambarsaria-navaan-sandhu-ringtone-download</loc>
    </url>
    <url>
      <loc>https://mobcup-ringtones.online/ek-taraf-sanwle-se-kanha-nikhil-verma-ringtone-download</loc>
    </url>
    <url>
      <loc>https://mobcup-ringtones.online/nand-ke-anand-bhayo-jai-kanhaiya-lal-ki-ringtone-download</loc>
    </url>
    <url>
      <loc>https://mobcup-ringtones.online/little-krishna-flute-music-ringtone-download</loc>
    </url>
    <url>
      <loc>https://mobcup-ringtones.online/payal-visualizer-song-yo-yo-honey-singh-glory-ringtone-download</loc>
    </url>
    <url>
      <loc>https://mobcup-ringtones.online/ami-krishna-krishna-nam-geye-jai-ankita-bhattacharya-hare-krishna-ringtone-download</loc>
    </url>
    <url>
      <loc>https://mobcup-ringtones.online/radha-krishna-flute-theme-music-ringtone-download</loc>
    </url>
    <url>
      <loc>https://mobcup-ringtones.online/meera-ke-prabhu-giridhar-nagar-instrumental-ringtone-download</loc>
    </url>
    <url>
      <loc>https://mobcup-ringtones.online/mera-pehla-junoon-ishq-aakhir-hai-tu-ringtone-download</loc>
    </url>
    <url>
      <loc>https://mobcup-ringtones.online/o-krishna-hai-ringtone-download</loc>
    </url>
    <url>
      <loc>https://mobcup-ringtones.online/madhavas-rock-band-govind-bolo-ringtone-download</loc>
    </url>
    <url>
      <loc>https://mobcup-ringtones.online/yashoda-ka-nandlala-lofi-mix-shri-krishna-ringtone-download</loc>
    </url>
    <url>
      <loc>https://mobcup-ringtones.online/mere-banke-bihari-lal-ringtone-download</loc>
    </url>
    <url>
      <loc>https://mobcup-ringtones.online/sri-krishna-govinda-ringtone-download</loc>
    </url>
    <url>
      <loc>https://mobcup-ringtones.online/woh-kisna-hai-flute-music-ringtone-download</loc>
    </url>
    <url>
      <loc>https://mobcup-ringtones.online/gopikamma-ringtone-download</loc>
    </url>
    <url>
      <loc>https://mobcup-ringtones.online/lagan-tumse-laga-baithe-jo-hoga-dekha-jayega-ringtone-download</loc>
    </url>
    <url>
      <loc>https://mobcup-ringtones.online/jara-sar-ko-jhukao-vasudev-ji-ringtone-download</loc>
    </url>
    <url>
      <loc>https://mobcup-ringtones.online/krishnaya-vasudevaya-mantra-ringtone-download</loc>
    </url>
    <url>
      <loc>https://mobcup-ringtones.online/jaya-janardhana-krishna-radhika-pathe-ringtone-download</loc>
    </url>
    <url>
      <loc>https://mobcup-ringtones.online/om-krishnaya-vasudevaya-haraye-paramatmane-krishna-mantra-female-version-ringtone-download</loc>
    </url>
    <url>
      <loc>https://mobcup-ringtones.online/kannukkul-pothivaippen-tamil-janmashtami-song-ringtone-download</loc>
    </url>
    <url>
      <loc>https://mobcup-ringtones.online/gopala-gopala-krishna-flute-music-ringtone-download</loc>
    </url>
    <url>
      <loc>https://mobcup-ringtones.online/radhe-radhe-radhe-radhe-ringtone-download</loc>
    </url>
    <url>
      <loc>https://mobcup-ringtones.online/yashoda-ka-nandlala-devanasriya-janmashtami-ringtone-download</loc>
    </url>
    <url>
      <loc>https://mobcup-ringtones.online/itni-kripa-sanware-banaye-rakhna-aniruddhacharya-ji-shri-krishna-bhajan-ringtone-download</loc>
    </url>
    <url>
      <loc>https://mobcup-ringtones.online/jo-hai-albela-mad-naino-wala-ringtone-download</loc>
    </url>
    <url>
      <loc>https://mobcup-ringtones.online/radhai-manathil-krishna-bhakti-tamil-song-ringtone-download</loc>
    </url>
    <url>
      <loc>https://mobcup-ringtones.online/nand-ghar-anand-bhayo-ringtone-download</loc>
    </url>
    <url>
      <loc>https://mobcup-ringtones.online/ayarpadi-maaligayil-krishna-janmashtami-tamil-song-ringtone-download</loc>
    </url>
    <url>
      <loc>https://mobcup-ringtones.online/shekhar-home-bgm-ringtone-download</loc>
    </url>
    <url>
      <loc>https://mobcup-ringtones.online/ek-dafa-tum-milo-to-sanam-gum-khushi-me-badal-jayega-ringtone-download</loc>
    </url>
    <url>
      <loc>https://mobcup-ringtones.online/kasam-ki-kasam-hum-tere-hain-hum-instagram-trending-ringtone-download</loc>
    </url>
    <url>
      <loc>https://mobcup-ringtones.online/golap-fuler-kata-manashi-basak-bengali-ringtone-download</loc>
    </url>
    <url>
      <loc>https://mobcup-ringtones.online/khul-gye-sare-tale-wah-kya-baat-ho-gayi-ringtone-download</loc>
    </url>
    <url>
      <loc>https://mobcup-ringtones.online/karamat-ho-gai-janmashtami-song-ringtone-download</loc>
    </url>
    <url>
      <loc>https://mobcup-ringtones.online/gokul-ki-galiyon-mein-jamuna-kinare-ringtone-download</loc>
    </url>
    <url>
      <loc>https://mobcup-ringtones.online/jab-jab-bajaye-mohan-muraliya-maiya-yashoda-ringtone-download</loc>
    </url>
    <url>
      <loc>https://mobcup-ringtones.online/tara-prem-ma-loan-na-hafta-thai-gaya-arvind-vegda-ringtone-download</loc>
    </url>
    <url>
      <loc>https://mobcup-ringtones.online/krishna-teri-ho-gyi-asees-kaur-jaani-ringtone-download</loc>
    </url>
    <url>
      <loc>https://mobcup-ringtones.online/maiya-yashoda-hum-saath-saath-hain-ringtone-download</loc>
    </url>
    <url>
      <loc>https://mobcup-ringtones.online/tere-paas-jiyu-tere-paas-hi-mar-jau-chadha-krishna-ka-rang-ringtone-download</loc>
    </url>
    <url>
      <loc>https://mobcup-ringtones.online/har-taraf-hai-ye-shor-aaya-gokul-ka-chor-ringtone-download</loc>
    </url>
    <url>
      <loc>https://mobcup-ringtones.online/chadha-krishna-ka-rang-swasti-mehul-krishna-janmashtami-special-ringtone-download</loc>
    </url>
    <url>
      <loc>https://mobcup-ringtones.online/dauri-aayi-main-vrindavan-mujhe-kanha-ke-sang-rehna-hai-ringtone-download</loc>
    </url>
    <url>
      <loc>https://mobcup-ringtones.online/ki-mujhpe-chadha-krishna-ka-rang-duniya-rang-birangi-lage-ringtone-download</loc>
    </url>
    <url>
      <loc>https://mobcup-ringtones.online/teri-suratiya-mere-man-ko-bhaye-radha-meri-jaan-hai-tu-pawan-singh-ringtone-download</loc>
    </url>
    <url>
      <loc>https://mobcup-ringtones.online/sab-tere-nazro-ka-nishana-o-kanha-kanha-tu-kiska-deewana-ringtone-download</loc>
    </url>
    <url>
      <loc>https://mobcup-ringtones.online/mai-bhatak-rahi-hu-nadiyo-si-ringtone-download</loc>
    </url>
    <url>
      <loc>https://mobcup-ringtones.online/kanha-tu-kiska-deewana-pawan-singh-vidhi-verma-ringtone-download</loc>
    </url>
    <url>
      <loc>https://mobcup-ringtones.online/maan-ja-ae-shona-vinay-vikash-instagram-trending-ringtone-download</loc>
    </url>
    <url>
      <loc>https://mobcup-ringtones.online/mujhko-bhi-ye-pyar-sikha-de-vrindavan-khasa-aala-chahar-ringtone-download</loc>
    </url>
    <url>
      <loc>https://mobcup-ringtones.online/pran-hamara-hai-tu-o-re-sawariya-janmashtami-special-shyam-baba-bhajan-ringtone-download</loc>
    </url>
    <url>
      <loc>https://mobcup-ringtones.online/aaya-hai-janamdin-madan-murar-ka-ringtone-download</loc>
    </url>
    <url>
      <loc>https://mobcup-ringtones.online/hum-sab-bolenge-happy-birthday-to-you-janmashtami-special-ringtone-download</loc>
    </url>
    <url>
      <loc>https://mobcup-ringtones.online/krishna-janmashtami-aayi-madhushmita-janmashtami-special-ringtone-download</loc>
    </url>
    <url>
      <loc>https://mobcup-ringtones.online/kaari-kaari-raina-sari-qurat-ul-ain-balouch-pink-movie-ringtone-download</loc>
    </url>
    <url>
      <loc>https://mobcup-ringtones.online/gaon-tere-me-baithi-hai-ye-keshav-teri-radha-kabse-ringtone-download</loc>
    </url>
    <url>
      <loc>https://mobcup-ringtones.online/ek-taraf-tu-hai-re-kanhaiya-duji-taraf-ya-duniya-sari-ringtone-download</loc>
    </url>
    <url>
      <loc>https://mobcup-ringtones.online/kanha-aaye-hain-nikhil-verma-janmashtami-song-ringtone-download</loc>
    </url>
    <url>
      <loc>https://mobcup-ringtones.online/ek-baras-pura-hua-intezar-ka-song-ringtone-download</loc>
    </url>
    <url>
      <loc>https://mobcup-ringtones.online/billo-bagge-billeyan-da-ki-krengi-kaka-ji-ringtone-download</loc>
    </url>
    <url>
      <loc>https://mobcup-ringtones.online/kanha-ki-jab-bansi-bole-bansi-se-radha-man-dole-ringtone-download</loc>
    </url>
    <url>
      <loc>https://mobcup-ringtones.online/billo-kehndi-kaka-ji-zayn-saifi-ringtone-download</loc>
    </url>
    <url>
      <loc>https://mobcup-ringtones.online/karna-ki-billo-ne-sawah-karugi-billo-kehndi-ringtone-download</loc>
    </url>
    <url>
      <loc>https://mobcup-ringtones.online/lord-krishna-flute-music-mahabharat-ringtone-download</loc>
    </url>
    <url>
      <loc>https://mobcup-ringtones.online/ho-mukke-paye-si-ye-sare-hanju-mere-ringtone-download</loc>
    </url>
    <url>
      <loc>https://mobcup-ringtones.online/radhe-krishna-ki-jyoti-alokik-ringtone-download</loc>
    </url>
    <url>
      <loc>https://mobcup-ringtones.online/daadi-bintu-pabra-x-manisha-sharma-haryanvi-song-ringtone-download</loc>
    </url>
    <url>
      <loc>https://mobcup-ringtones.online/vrindavan-radhe-radhe-khasa-aala-chahar-ringtone-download</loc>
    </url>
    <url>
      <loc>https://mobcup-ringtones.online/new-mahabharat-krishna-bansuri-theme-music-ringtone-download</loc>
    </url>
    <url>
      <loc>https://mobcup-ringtones.online/powerplay-song-parmish-verma-x-agsy-ringtone-download</loc>
    </url>
    <url>
      <loc>https://mobcup-ringtones.online/ghallu-ghallu-usha-parinayam-telugu-ringtone-download</loc>
    </url>
    <url>
      <loc>https://mobcup-ringtones.online/hey-govinda-hey-gopala-hey-madhusudan-hey-manmohan-ringtone-download</loc>
    </url>
    <url>
      <loc>https://mobcup-ringtones.online/bheegti-ja-rahi-hai-ye-aankhen-magar-ringtone-download</loc>
    </url>
    <url>
      <loc>https://mobcup-ringtones.online/raat-ki-rani-song-seedhe-maut-hindi-ringtone-download</loc>
    </url>
    <url>
      <loc>https://mobcup-ringtones.online/ek-devki-ek-yashoda-dono-ne-tumse-neh-lagaya-ringtone-download</loc>
    </url>
    <url>
      <loc>https://mobcup-ringtones.online/he-mere-keshav-he-mere-kanha-shri-krishna-bhajan-krishna-janmashtami-ringtone-download</loc>
    </url>
    <url>
      <loc>https://mobcup-ringtones.online/tere-ho-ke-king-bella-ringtone-download</loc>
    </url>
    <url>
      <loc>https://mobcup-ringtones.online/he-mere-mohan-he-mere-madhav-shri-krishna-janmashtami-ringtone-download</loc>
    </url>
    <url>
      <loc>https://mobcup-ringtones.online/sanware-shyam-dekho-to-sharma-gayi-ringtone-download</loc>
    </url>
    <url>
      <loc>https://mobcup-ringtones.online/raston-pe-meri-jo-palke-bichate-the-ringtone-download</loc>
    </url>
    <url>
      <loc>https://mobcup-ringtones.online/haal-kya-kar-diya-ye-tere-pyar-ne-ringtone-download</loc>
    </url>
    <url>
      <loc>https://mobcup-ringtones.online/chal-ve-dilaa-vishal-mishra-khel-khel-mein-ringtone-download</loc>
    </url>
    <url>
      <loc>https://mobcup-ringtones.online/kaise-haste-the-hum-kaise-rone-lage-ringtone-download</loc>
    </url>
    <url>
      <loc>https://mobcup-ringtones.online/jeete-jeete-sanam-lash-hone-lage-ringtone-download</loc>
    </url>
    <url>
      <loc>https://mobcup-ringtones.online/om-namah-shivay-sms-ringtone-download</loc>
    </url>
    <url>
      <loc>https://mobcup-ringtones.online/kya-kar-diya-lofi-flip-vishal-mishra-ringtone-download</loc>
    </url>
    <url>
      <loc>https://mobcup-ringtones.online/seene-me-jinke-hum-dil-banke-rehte-the-ringtone-download</loc>
    </url>
    <url>
      <loc>https://mobcup-ringtones.online/mukke-paye-si-song-b-praak-ringtone-download</loc>
    </url>
    <url>
      <loc>https://mobcup-ringtones.online/govinda-gopala-song-hansraj-raghuwanshi-krishna-bhajan-ringtone-download</loc>
    </url>
    <url>
      <loc>https://mobcup-ringtones.online/dil-ne-kaha-song-reprise-jassie-gill-x-asees-kaur-ringtone-download</loc>
    </url>
    <url>
      <loc>https://mobcup-ringtones.online/kanhaiya-gopala-shreya-ghoshal-krishna-janmashtami-special-ringtone-download</loc>
    </url>
    <url>
      <loc>https://mobcup-ringtones.online/choudhar-raj-mawer-aman-jaji-ringtone-download</loc>
    </url>
    <url>
      <loc>https://mobcup-ringtones.online/minikki-minikki-tamil-song-thangalaan-ringtone-download</loc>
    </url>
    <url>
      <loc>https://mobcup-ringtones.online/unakaga-song-kadaisi-ulaga-por-hiphop-tamizha-ringtone-download</loc>
    </url>
    <url>
      <loc>https://mobcup-ringtones.online/man-ke-bahkave-me-na-aa-ringtone-download</loc>
    </url>
    <url>
      <loc>https://mobcup-ringtones.online/ishwar-satya-hai-ringtone-download</loc>
    </url>
    <url>
      <loc>https://mobcup-ringtones.online/naa-favourite-naa-pellaame-janaka-ayithe-ganaka-ringtone-download</loc>
    </url>
    <url>
      <loc>https://mobcup-ringtones.online/shyama-aan-baso-song-sachet-parampara-krishna-bhajan-ringtone-download</loc>
    </url>
    <url>
      <loc>https://mobcup-ringtones.online/kahan-shuru-kahan-khatam-dhvani-bhanushali-aashim-gulati-ringtone-download</loc>
    </url>
    <url>
      <loc>https://mobcup-ringtones.online/millionaire-instrumental-yo-yo-honey-singh-glory-ringtone-download</loc>
    </url>
    <url>
      <loc>https://mobcup-ringtones.online/dil-mera-guru-randhawa-shahkot-ringtone-download</loc>
    </url>
    <url>
      <loc>https://mobcup-ringtones.online/rubicon-song-dhanda-nyoliwala-ringtone-download</loc>
    </url>
    <url>
      <loc>https://mobcup-ringtones.online/saadda-haq-mohit-chauhan-a-r-rahman-ringtone-download</loc>
    </url>
    <url>
      <loc>https://mobcup-ringtones.online/maguva-maguva-mohana-bhogaraju-ringtone-download</loc>
    </url>
    <url>
      <loc>https://mobcup-ringtones.online/veer-ki-ardaas-veera-ringtone-download</loc>
    </url>
    <url>
      <loc>https://mobcup-ringtones.online/ho-chale-theke-daru-ke-main-top-ka-thekedar-ringtone-download</loc>
    </url>
    <url>
      <loc>https://mobcup-ringtones.online/o-ri-chiraiya-swanand-kirkire-ram-sampath-ringtone-download</loc>
    </url>
    <url>
      <loc>https://mobcup-ringtones.online/annayya-annavante-song-ringtone-download</loc>
    </url>
    <url>
      <loc>https://mobcup-ringtones.online/gadi-rubicon-nichi-kar-tone-rubicon-dhanda-nyoliwala-ringtone-download</loc>
    </url>
    <url>
      <loc>https://mobcup-ringtones.online/mahishasura-mardini-droplex-remix-shanti-people-ringtone-download</loc>
    </url>
    <url>
      <loc>https://mobcup-ringtones.online/red-sharara-sapna-choudhary-harjeet-deewana-ringtone-download</loc>
    </url>
    <url>
      <loc>https://mobcup-ringtones.online/rakhdi-simuzik-ringtone-download</loc>
    </url>
    <url>
      <loc>https://mobcup-ringtones.online/aadi-baa-magane-bheema-charan-raj-bheema-ringtone-download</loc>
    </url>
    <url>
      <loc>https://mobcup-ringtones.online/chiraiyaa-mukul-gaur-instagram-reel-ringtone-download</loc>
    </url>
    <url>
      <loc>https://mobcup-ringtones.online/bekhauff-sona-mohapatra-ringtone-download</loc>
    </url>
    <url>
      <loc>https://mobcup-ringtones.online/rakhi-misspriya-bundeli-x-bhagat-raja-x-gayatri-yadav-ringtone-download</loc>
    </url>
    <url>
      <loc>https://mobcup-ringtones.online/the-cry-for-the-truth-thaman-s-pawan-kalyan-ringtone-download</loc>
    </url>
    <url>
      <loc>https://mobcup-ringtones.online/bhain-bhara-jagdeep-sangala-ringtone-download</loc>
    </url>
    <url>
      <loc>https://mobcup-ringtones.online/one-two-three-naveen-madhav-kannada-ringtone-download</loc>
    </url>
    <url>
      <loc>https://mobcup-ringtones.online/yashomati-maiya-se-bole-lata-mangeshkar-ringtone-download</loc>
    </url>
    <url>
      <loc>https://mobcup-ringtones.online/ka-dihi-rakhi-ke-bandhai-yash-kumarr-priyanka-singh-ringtone-download</loc>
    </url>
    <url>
      <loc>https://mobcup-ringtones.online/bhai-bahen-ka-pyar-ringtone-download</loc>
    </url>
    <url>
      <loc>https://mobcup-ringtones.online/bhen-sukh-lotey-rakhdi-song-ringtone-download</loc>
    </url>
    <url>
      <loc>https://mobcup-ringtones.online/meri-rakhi-ki-dor-kabhi-hona-kamjor-ringtone-download-2</loc>
    </url>
    <url>
      <loc>https://mobcup-ringtones.online/trump-gur-sidhu-cheema-y-ringtone-download</loc>
    </url>
    <url>
      <loc>https://mobcup-ringtones.online/bhaiya-dedo-kalai-behen-aayi-hai-meri-rakhi-ki-dor-ringtone-download</loc>
    </url>
    <url>
      <loc>https://mobcup-ringtones.online/bhaiya-tere-angana-ki-mai-hu-aisi-chidiya-re-ringtone-download</loc>
    </url>
    <url>
      <loc>https://mobcup-ringtones.online/blessings-of-sister-gagan-kokri-ringtone-download</loc>
    </url>
    <url>
      <loc>https://mobcup-ringtones.online/o-veer-mere-song-raksha-bandhan-ringtone-download</loc>
    </url>
    <url>
      <loc>https://mobcup-ringtones.online/o-behana-meri-behna-mohoit-lalwani-raksha-bandhan-ringtone-download</loc>
    </url>
    <url>
      <loc>https://mobcup-ringtones.online/o-veer-mere-tera-pyar-rahe-new-raksha-bandhan-song-ringtone-download</loc>
    </url>
    <url>
      <loc>https://mobcup-ringtones.online/hath-pe-bandhu-rakhi-tere-bhai-meri-jaan-rakhi-song-ringtone-download</loc>
    </url>
    <url>
      <loc>https://mobcup-ringtones.online/bhai-meri-jaan-pragati-raksha-bandhan-ringtone-download</loc>
    </url>
    <url>
      <loc>https://mobcup-ringtones.online/veer-pavvy-virk-song-ringtone-download</loc>
    </url>
    <url>
      <loc>https://mobcup-ringtones.online/phoolon-ka-taron-ka-sabka-kehna-hai-song-ringtone-download</loc>
    </url>
    <url>
      <loc>https://mobcup-ringtones.online/rakhdi-shani-shah-raksha-bandhan-ringtone-download</loc>
    </url>
    <url>
      <loc>https://mobcup-ringtones.online/phoolo-ka-taro-ka-ringtone-download</loc>
    </url>
    <url>
      <loc>https://mobcup-ringtones.online/tere-sath-rahi-main-hamesha-hasti-bhai-meri-jaan-brother-sister-song-ringtone-download</loc>
    </url>
    <url>
      <loc>https://mobcup-ringtones.online/mere-bhaiya-mere-chanda-90s-hindi-rakhi-song-ringtone-download</loc>
    </url>
    <url>
      <loc>https://mobcup-ringtones.online/jabse-meri-aankhon-se-ho-gaya-tu-dur-new-version-raksha-bandhan-song-ringtone-download</loc>
    </url>
    <url>
      <loc>https://mobcup-ringtones.online/behna-nu-veera-da-hunda-aasra-bathera-ringtone-download</loc>
    </url>
    <url>
      <loc>https://mobcup-ringtones.online/man-mai-basa-kar-teri-murati-hindi-vishnupriya-avi-ji-ringtone-download</loc>
    </url>
    <url>
      <loc>https://mobcup-ringtones.online/happy-birthday-sir-saripodhaa-sanivaaram-ringtone-download</loc>
    </url>
    <url>
      <loc>https://mobcup-ringtones.online/baari-barsi-song-khel-khel-mein-akshay-kumar-ringtone-download</loc>
    </url>
    <url>
      <loc>https://mobcup-ringtones.online/satrangi-dhage-di-hundi-rakhdi-rakhdi-shani-shah-ringtone-download</loc>
    </url>
    <url>
      <loc>https://mobcup-ringtones.online/chardi-kala-ch-rahe-sohna-veer-mera-rakhdi-shani-shah-song-ringtone-download</loc>
    </url>
    <url>
      <loc>https://mobcup-ringtones.online/devara-trailer-bgm-jr-ntr-ringtone-download</loc>
    </url>
    <url>
      <loc>https://mobcup-ringtones.online/govinda-gopala-hansraj-raghuwanshi-krishna-janmashtami-special-ringtone-download</loc>
    </url>
    <url>
      <loc>https://mobcup-ringtones.online/meri-umar-rabba-lag-jave-meri-chhoti-behan-nu-ringtone-download</loc>
    </url>
    <url>
      <loc>https://mobcup-ringtones.online/ranjha-mirza-mankirt-aulakh-amber-kaur-ringtone-download</loc>
    </url>
    <url>
      <loc>https://mobcup-ringtones.online/happy-raksha-bandhan-ravneet-singh-rakhdi-song-ringtone-download</loc>
    </url>
    <url>
      <loc>https://mobcup-ringtones.online/devon-ke-dev-mahadev-ringtone-download</loc>
    </url>
    <url>
      <loc>https://mobcup-ringtones.online/rakhi-ke-kache-dhago-se-kya-bandhan-hai-bana-yeh-ringtone-download</loc>
    </url>
    <url>
      <loc>https://mobcup-ringtones.online/soye-bhag-jagaye-tumne-ye-chamak-ye-damak-female-version-ringtone-download</loc>
    </url>
    <url>
      <loc>https://mobcup-ringtones.online/neele-peele-dhago-se-rang-jeevan-ke-rang-dale-ringtone-download</loc>
    </url>
    <url>
      <loc>https://mobcup-ringtones.online/ho-leu-jitne-janam-teri-behan-banu-ringtone-download</loc>
    </url>
    <url>
      <loc>https://mobcup-ringtones.online/ye-chamak-ye-damak-swati-mishra-bhakti-song-ringtone-download</loc>
    </url>
    <url>
      <loc>https://mobcup-ringtones.online/o-neele-ambar-wale-ringtone-download</loc>
    </url>
    <url>
      <loc>https://mobcup-ringtones.online/rakhi-ka-gift-rinkal-yogi-rakhi-special-ringtone-download</loc>
    </url>
    <url>
      <loc>https://mobcup-ringtones.online/rakhi-background-music-ringtone-download</loc>
    </url>
    <url>
      <loc>https://mobcup-ringtones.online/jinki-hoti-hai-behna-wo-bhai-kismat-wale-ringtone-download</loc>
    </url>
    <url>
      <loc>https://mobcup-ringtones.online/cheen-tapak-dum-dum-song-new-version-instagram-trending-ringtone-download</loc>
    </url>
    <url>
      <loc>https://mobcup-ringtones.online/rakhi-bandhwa-le-mere-veer-raksha-bandhan-song-ringtone-download</loc>
    </url>
    <url>
      <loc>https://mobcup-ringtones.online/o-behna-meri-tu-mera-jahan-ringtone-download</loc>
    </url>
    <url>
      <loc>https://mobcup-ringtones.online/achyutam-keshavam-madhuraa-bhattacharya-female-version-ringtone-download</loc>
    </url>
    <url>
      <loc>https://mobcup-ringtones.online/ar-bhai-behan-ko-rishto-sacho-farz-nibhauli-ringtone-download</loc>
    </url>
    <url>
      <loc>https://mobcup-ringtones.online/jodi-bahin-bhai-ki-rajendra-yadav-rakhi-special-ringtone-download</loc>
    </url>
    <url>
      <loc>https://mobcup-ringtones.online/rakhdi-song-garry-bawa-raksha-bandhan-ringtone-download</loc>
    </url>
    <url>
      <loc>https://mobcup-ringtones.online/aaja-veera-mereya-sajawa-rakhdi-song-ringtone-download</loc>
    </url>
    <url>
      <loc>https://mobcup-ringtones.online/peaky-blinders-ringtone-download-2</loc>
    </url>
    <url>
      <loc>https://mobcup-ringtones.online/rakshabandhan-aa-raha-hai-mahadev-ringtone-download</loc>
    </url>
    <url>
      <loc>https://mobcup-ringtones.online/o-behna-meri-tu-nanhi-si-teri-khushiyan-raksha-bandhan-ringtone-download</loc>
    </url>
    <url>
      <loc>https://mobcup-ringtones.online/mere-bhaiya-raksha-bandhan-instrumental-ringtone-download</loc>
    </url>
    <url>
      <loc>https://mobcup-ringtones.online/ye-bandhan-dilon-ke-bandhan-ringtone-download</loc>
    </url>
    <url>
      <loc>https://mobcup-ringtones.online/bhaiya-mere-rakhi-ke-bandhan-ko-nibhana-song-ringtone-download</loc>
    </url>
    <url>
      <loc>https://mobcup-ringtones.online/bhai-bahan-ke-pyar-ka-tyohar-hai-aaya-song-ringtone-download</loc>
    </url>
    <url>
      <loc>https://mobcup-ringtones.online/o-behna-meri-tu-hasti-rahe-ringtone-download</loc>
    </url>
    <url>
      <loc>https://mobcup-ringtones.online/pyari-si-ek-behna-meri-teri-khushiyan-raksha-bandhan-song-ringtone-download</loc>
    </url>
    <url>
      <loc>https://mobcup-ringtones.online/teri-khushiyan-ban-main-jeevan-ringtone-download</loc>
    </url>
    <url>
      <loc>https://mobcup-ringtones.online/teri-khushiyan-supranshu-khanna-raksha-bandhan-ringtone-download</loc>
    </url>
    <url>
      <loc>https://mobcup-ringtones.online/bandhan-ye-bandhan-ringtone-download</loc>
    </url>
    <url>
      <loc>https://mobcup-ringtones.online/phir-bhi-dil-hai-hindustani-ringtone-download</loc>
    </url>
    <url>
      <loc>https://mobcup-ringtones.online/ram-aayenge-instrumental-ringtone-download</loc>
    </url>
    <url>
      <loc>https://mobcup-ringtones.online/desh-rangila-ringtone-download</loc>
    </url>
    <url>
      <loc>https://mobcup-ringtones.online/thayin-manikodi-song-ringtone-download</loc>
    </url>
    <url>
      <loc>https://mobcup-ringtones.online/swasti-mehul-ram-aayenge-ringtone-download</loc>
    </url>
    <url>
      <loc>https://mobcup-ringtones.online/bhaier-kopale-dilam-fota-raksha-bandhan-ringtone-download</loc>
    </url>
    <url>
      <loc>https://mobcup-ringtones.online/summertime-sadness-song-ringtone-download</loc>
    </url>
    <url>
      <loc>https://mobcup-ringtones.online/ram-aayenge-jaya-kishori-ringtone-download</loc>
    </url>
    <url>
      <loc>https://mobcup-ringtones.online/mankatha-theme-bgm-remix-ringtone-download</loc>
    </url>
    <url>
      <loc>https://mobcup-ringtones.online/en-pakkam-ponavale-aasa-kooda-ringtone-download</loc>
    </url>
    <url>
      <loc>https://mobcup-ringtones.online/thai-mannai-vanakkam-tamil-version-of-maa-tujhe-salaam-ringtone-download</loc>
    </url>
    <url>
      <loc>https://mobcup-ringtones.online/haye-dil-tu-jaan-tu-dard-di-dawa-tu-ringtone-download</loc>
    </url>
    <url>
      <loc>https://mobcup-ringtones.online/aye-gujarne-wali-hawa-bata-ringtone-download</loc>
    </url>
    <url>
      <loc>https://mobcup-ringtones.online/wo-bharat-desh-hai-mera-ajay-singh-baloti-instagram-reel-ringtone-download</loc>
    </url>
    <url>
      <loc>https://mobcup-ringtones.online/i-love-my-india-ringtone-download</loc>
    </url>
    <url>
      <loc>https://mobcup-ringtones.online/india-waale-song-ringtone-download</loc>
    </url>
    <url>
      <loc>https://mobcup-ringtones.online/aanchal-tera-rahe-maa-desh-mere-arijit-singh-ringtone-download</loc>
    </url>
    <url>
      <loc>https://mobcup-ringtones.online/mera-rang-de-basanti-chola-desh-bhakti-ringtone-download</loc>
    </url>
    <url>
      <loc>https://mobcup-ringtones.online/desh-mere-slow-reverb-arijit-singh-ringtone-download</loc>
    </url>
    <url>
      <loc>https://mobcup-ringtones.online/sare-janha-se-acha-army-parade-ringtone-download</loc>
    </url>
    <url>
      <loc>https://mobcup-ringtones.online/dil-diya-hai-jaan-bhi-denge-aye-watan-tere-liye-ringtone-download</loc>
    </url>
    <url>
      <loc>https://mobcup-ringtones.online/har-karam-apna-karenge-karma-desh-bhakti-ringtone-download</loc>
    </url>
    <url>
      <loc>https://mobcup-ringtones.online/hai-tiranga-shan-apni-song-ringtone-download</loc>
    </url>
    <url>
      <loc>https://mobcup-ringtones.online/aye-watan-shaheed-ringtone-download</loc>
    </url>
    <url>
      <loc>https://mobcup-ringtones.online/bharat-mata-ki-jai-shankar-mahadevan-ringtone-download</loc>
    </url>
    <url>
      <loc>https://mobcup-ringtones.online/desam-manade-telugu-desh-bhakti-ringtone-download</loc>
    </url>
    <url>
      <loc>https://mobcup-ringtones.online/sare-jahan-se-acha-song-ringtone-download</loc>
    </url>
    <url>
      <loc>https://mobcup-ringtones.online/aanchal-tera-rahe-maa-instrumental-ringtone-download</loc>
    </url>
    <url>
      <loc>https://mobcup-ringtones.online/mera-mulk-mera-desh-ringtone-download</loc>
    </url>
    <url>
      <loc>https://mobcup-ringtones.online/sujlam-suflam-fighter-ringtone-download</loc>
    </url>
    <url>
      <loc>https://mobcup-ringtones.online/tu-hai-to-dil-dhadakta-hai-instrumental-ringtone-download</loc>
    </url>
    <url>
      <loc>https://mobcup-ringtones.online/meri-jaan-tiranga-hai-ringtone-download</loc>
    </url>
    <url>
      <loc>https://mobcup-ringtones.online/vande-mataram-instrumental-ringtone-download</loc>
    </url>
    <url>
      <loc>https://mobcup-ringtones.online/maa-tujhe-salaam-desh-bhakti-song-ringtone-download</loc>
    </url>
    <url>
      <loc>https://mobcup-ringtones.online/aao-bachcho-tumhen-dikhaye-vande-mataram-song-ringtone-download</loc>
    </url>
    <url>
      <loc>https://mobcup-ringtones.online/tumhare-hi-rahenge-hum-stree-2-romantic-ringtone-download</loc>
    </url>
    <url>
      <loc>https://mobcup-ringtones.online/sare-jahan-se-acha-flute-music-desh-bhakti-ringtone-download</loc>
    </url>
    <url>
      <loc>https://mobcup-ringtones.online/sabse-pyari-teri-surat-ringtone-download</loc>
    </url>
    <url>
      <loc>https://mobcup-ringtones.online/nanha-munna-rahi-hu-ringtone-download</loc>
    </url>
    <url>
      <loc>https://mobcup-ringtones.online/sandese-aate-hai-border-desh-bhakti-ringtone-download</loc>
    </url>
    <url>
      <loc>https://mobcup-ringtones.online/karma-desh-bhakti-instrumental-ringtone-download</loc>
    </url>
    <url>
      <loc>https://mobcup-ringtones.online/desh-pehle-jubin-nautiyal-desh-bhakti-song-ringtone-download</loc>
    </url>
    <url>
      <loc>https://mobcup-ringtones.online/jan-gan-man-instrumental-ringtone-download</loc>
    </url>
    <url>
      <loc>https://mobcup-ringtones.online/big-dawgs-ringtone-download</loc>
    </url>
    <url>
      <loc>https://mobcup-ringtones.online/ma-se-ha-mati-ma-se-hai-matha-tiranga-independence-day-ringtone-download</loc>
    </url>
    <url>
      <loc>https://mobcup-ringtones.online/bharat-bhagya-vidhata-rashtra-gaan-ringtone-download</loc>
    </url>
    <url>
      <loc>https://mobcup-ringtones.online/namaste-sada-vatsale-matribhume-rss-desh-bhakti-ringtone-download</loc>
    </url>
    <url>
      <loc>https://mobcup-ringtones.online/ae-bharat-maa-teri-mati-tera-adesh-pehle-15-august-desh-bhakti-ringtone-download</loc>
    </url>
    <url>
      <loc>https://mobcup-ringtones.online/teri-dhoop-se-roshan-desh-mere-independence-day-song-ringtone-download</loc>
    </url>
    <url>
      <loc>https://mobcup-ringtones.online/sujalam-suphalam-malayaja-sheetalam-vande-mataram-15-august-ringtone-download</loc>
    </url>
    <url>
      <loc>https://mobcup-ringtones.online/dil-laga-khatu-wale-shyam-se-ringtone-download</loc>
    </url>
    <url>
      <loc>https://mobcup-ringtones.online/sokka-nanum-nikkiren-boat-ringtone-download</loc>
    </url>
    <url>
      <loc>https://mobcup-ringtones.online/aruvadai-thangalaan-tamil-song-ringtone-download</loc>
    </url>
    <url>
      <loc>https://mobcup-ringtones.online/ahsaas-ajib-jahe-ae-nave-jahe-jazbaat-ringtone-download</loc>
    </url>
    <url>
      <loc>https://mobcup-ringtones.online/kanchan-baran-biraj-subesa-epic-hanuman-chalisa-ringtone-download</loc>
    </url>
    <url>
      <loc>https://mobcup-ringtones.online/shambhu-re-song-tulsi-kumar-shiv-bhajan-ringtone-download</loc>
    </url>
    <url>
      <loc>https://mobcup-ringtones.online/namami-shamishan-nirvan-roopam-ringtone-download</loc>
    </url>
    <url>
      <loc>https://mobcup-ringtones.online/sare-din-diyan-galan-beh-ke-main-dassa-tenu-ringtone-download</loc>
    </url>
    <url>
      <loc>https://mobcup-ringtones.online/bhairathi-ranagal-song-ringtone-download</loc>
    </url>
    <url>
      <loc>https://mobcup-ringtones.online/sanson-ki-mala-violin-ringtone-download</loc>
    </url>
    <url>
      <loc>https://mobcup-ringtones.online/kanguva-trailer-bgm-suriya-bobby-deol-ringtone-download</loc>
    </url>
    <url>
      <loc>https://mobcup-ringtones.online/prem-ki-mala-japte-japte-sanson-ki-mala-pe-nusrat-fateh-ali-khan-ringtone-download</loc>
    </url>
    <url>
      <loc>https://mobcup-ringtones.online/chasing-lightning-le-sserafim-english-ringtone-download</loc>
    </url>
    <url>
      <loc>https://mobcup-ringtones.online/yaari-jatt-naal-song-upkar-sandhu-sudesh-kumari-ringtone-download</loc>
    </url>
    <url>
      <loc>https://mobcup-ringtones.online/nallanchu-thellacheera-mr-bachchan-ravi-teja-ringtone-download</loc>
    </url>
    <url>
      <loc>https://mobcup-ringtones.online/sanson-ki-mala-pe-simru-me-shiv-ka-naam-ringtone-download</loc>
    </url>
    <url>
      <loc>https://mobcup-ringtones.online/chin-tapak-dam-dam-ringtone-download</loc>
    </url>
    <url>
      <loc>https://mobcup-ringtones.online/mera-joota-hindustani-liberty-shoes-mc-square-x-shilpa-rao-ringtone-download</loc>
    </url>
    <url>
      <loc>https://mobcup-ringtones.online/bawrey-song-garry-sandhu-jyoti-nooran-ringtone-download</loc>
    </url>
    <url>
      <loc>https://mobcup-ringtones.online/katai-gaana-thangalaan-hindi-ringtone-download</loc>
    </url>
    <url>
      <loc>https://mobcup-ringtones.online/water-packet-song-ringtone-download</loc>
    </url>
    <url>
      <loc>https://mobcup-ringtones.online/dheere-dheere-devara-ntr-ringtone-download</loc>
    </url>
    <url>
      <loc>https://mobcup-ringtones.online/shiv-aghori-hai-shiv-shakti-ringtone-download</loc>
    </url>
    <url>
      <loc>https://mobcup-ringtones.online/tabaah-parmish-verma-sad-bgm-ringtone-download</loc>
    </url>
    <url>
      <loc>https://mobcup-ringtones.online/pyaar-hunda-hai-pyaar-tabaah-movie-parmish-verma-ringtone-download</loc>
    </url>
    <url>
      <loc>https://mobcup-ringtones.online/khoobsurat-song-vishal-mishra-stree-2-ringtone-download</loc>
    </url>
    <url>
      <loc>https://mobcup-ringtones.online/moral-of-the-story-ringtone-download</loc>
    </url>
    <url>
      <loc>https://mobcup-ringtones.online/sau-khake-song-harf-cheema-gurlez-akhtar-ringtone-download</loc>
    </url>
    <url>
      <loc>https://mobcup-ringtones.online/varsham-movie-bgm-ringtone-download</loc>
    </url>
    <url>
      <loc>https://mobcup-ringtones.online/chim-tapak-dam-dam-ringtone-download</loc>
    </url>
    <url>
      <loc>https://mobcup-ringtones.online/dil-vasda-ghudchadi-ringtone-download</loc>
    </url>
    <url>
      <loc>https://mobcup-ringtones.online/chann-song-b-praak-gandhi-3-yarran-da-yaar-ringtone-download</loc>
    </url>
    <url>
      <loc>https://mobcup-ringtones.online/kamaal-hai-raahi-rana-ringtone-download</loc>
    </url>
    <url>
      <loc>https://mobcup-ringtones.online/gaana-raj-mawar-guri-nimana-ringtone-download</loc>
    </url>
    <url>
      <loc>https://mobcup-ringtones.online/laut-aana-remix-karan-aujla-ringtone-download</loc>
    </url>
    <url>
      <loc>https://mobcup-ringtones.online/dhokhe-song-chandra-brar-x-mixsingh-ringtone-download</loc>
    </url>
    <url>
      <loc>https://mobcup-ringtones.online/dam-rakh-di-r-nait-simar-kaur-ringtone-download</loc>
    </url>
    <url>
      <loc>https://mobcup-ringtones.online/dhola-song-millind-gaba-ringtone-download</loc>
    </url>
    <url>
      <loc>https://mobcup-ringtones.online/nagri-nagri-song-jyoti-nooran-ringtone-download</loc>
    </url>
    <url>
      <loc>https://mobcup-ringtones.online/infinity-sajjan-adeeb-ringtone-download</loc>
    </url>
    <url>
      <loc>https://mobcup-ringtones.online/chuttamalle-song-shilpa-rao-devara-ringtone-download</loc>
    </url>
    <url>
      <loc>https://mobcup-ringtones.online/shiv-parvati-ndee-kundu-isha-sharma-ringtone-download</loc>
    </url>
    <url>
      <loc>https://mobcup-ringtones.online/hawa-mohabbat-satinder-sartaaj-ringtone-download</loc>
    </url>
    <url>
      <loc>https://mobcup-ringtones.online/sawan-ka-mahina-song-shekhar-jaiswal-bholenath-song-ringtone-download</loc>
    </url>
    <url>
      <loc>https://mobcup-ringtones.online/dil-tu-jaan-tu-ringtone-download</loc>
    </url>
    <url>
      <loc>https://mobcup-ringtones.online/mombattiye-song-diljit-dosanjh-ringtone-download</loc>
    </url>
    <url>
      <loc>https://mobcup-ringtones.online/sillunu-oru-kadhal-whistle-tone-bgm-ringtone-download</loc>
    </url>
    <url>
      <loc>https://mobcup-ringtones.online/duniya-ki-moh-maya-humne-chhod-di-bhole-ringtone-download</loc>
    </url>
    <url>
      <loc>https://mobcup-ringtones.online/chalda-ae-naa-ranjit-bawa-punjabi-ringtone-download</loc>
    </url>
    <url>
      <loc>https://mobcup-ringtones.online/masle-song-gulab-sidhu-ringtone-download</loc>
    </url>
    <url>
      <loc>https://mobcup-ringtones.online/reppal-dappul-mr-bachchan-telugu-ringtone-download</loc>
    </url>
    <url>
      <loc>https://mobcup-ringtones.online/seva-me-bani-bhole-baba-ke-pawan-singh-bhojpuri-ringtone-download</loc>
    </url>
    <url>
      <loc>https://mobcup-ringtones.online/jhuthi-khai-thi-kasam-jo-nibhai-nahi-stree-2-ringtone-download</loc>
    </url>
    <url>
      <loc>https://mobcup-ringtones.online/bhole-sumit-goswami-ringtone-download</loc>
    </url>
    <url>
      <loc>https://mobcup-ringtones.online/kider-manzil-song-mc-stan-ringtone-download</loc>
    </url>
    <url>
      <loc>https://mobcup-ringtones.online/ghund-gurnam-bhullar-x-jasmeen-akhtar-ringtone-download</loc>
    </url>
    <url>
      <loc>https://mobcup-ringtones.online/family-routine-song-khan-bhaini-ringtone-download</loc>
    </url>
    <url>
      <loc>https://mobcup-ringtones.online/jo-tum-mere-ho-anuv-jain-ringtone-download</loc>
    </url>
    <url>
      <loc>https://mobcup-ringtones.online/tasveeran-song-amrinder-gill-alfaaz-ringtone-download</loc>
    </url>
    <url>
      <loc>https://mobcup-ringtones.online/jikki-song-mr-bachchan-ravi-teja-ringtone-download</loc>
    </url>
    <url>
      <loc>https://mobcup-ringtones.online/ishq-dhadka-hai-tujhse-milke-duur-na-karin-ringtone-download</loc>
    </url>
    <url>
      <loc>https://mobcup-ringtones.online/saanwre-shyam-vishal-mishra-shri-krishna-bhajan-ringtone-download</loc>
    </url>
    <url>
      <loc>https://mobcup-ringtones.online/ek-sitam-phir-teri-khatir-ringtone-download</loc>
    </url>
    <url>
      <loc>https://mobcup-ringtones.online/sitar-song-ravi-teja-mr-bachchan-ringtone-download</loc>
    </url>
    <url>
      <loc>https://mobcup-ringtones.online/the-raja-saab-glimpse-prabhas-instrumental-ringtone-download</loc>
    </url>
    <url>
      <loc>https://mobcup-ringtones.online/punjabi-munde-sukhbir-ghudchadi-ringtone-download</loc>
    </url>
    <url>
      <loc>https://mobcup-ringtones.online/duur-na-karin-song-vishal-mishra-khel-khel-mein-ringtone-download</loc>
    </url>
    <url>
      <loc>https://mobcup-ringtones.online/jaane-de-mujhe-kunaal-vermaa-ringtone-download</loc>
    </url>
    <url>
      <loc>https://mobcup-ringtones.online/aayi-nahi-pawan-singh-stree-2-ringtone-download</loc>
    </url>
    <url>
      <loc>https://mobcup-ringtones.online/chahe-akhiyan-churale-par-dil-se-duur-na-karin-ringtone-download</loc>
    </url>
    <url>
      <loc>https://mobcup-ringtones.online/nachange-saari-raat-ve-aaja-oye-ringtone-download</loc>
    </url>
    <url>
      <loc>https://mobcup-ringtones.online/adangaatha-asuran-song-raayan-ringtone-download</loc>
    </url>
    <url>
      <loc>https://mobcup-ringtones.online/zaalma-song-daaru-na-peenda-hove-amrinder-gill-ringtone-download</loc>
    </url>
    <url>
      <loc>https://mobcup-ringtones.online/aaja-oye-song-ulajh-ringtone-download</loc>
    </url>
    <url>
      <loc>https://mobcup-ringtones.online/karpur-gauram-karunavtaram-kaun-mahadev-ringtone-download</loc>
    </url>
    <url>
      <loc>https://mobcup-ringtones.online/kaun-mahadev-raanjha-mahadev-song-ringtone-download</loc>
    </url>
    <url>
      <loc>https://mobcup-ringtones.online/ok-kanmani-flute-bgm-ringtone-download</loc>
    </url>
    <url>
      <loc>https://mobcup-ringtones.online/raula-raula-romy-bad-newz-ringtone-download</loc>
    </url>
    <url>
      <loc>https://mobcup-ringtones.online/hanji-hanji-song-shiva-choudhary-ringtone-download</loc>
    </url>
    <url>
      <loc>https://mobcup-ringtones.online/mitti-di-na-koi-jaat-ve-ringtone-download</loc>
    </url>
    <url>
      <loc>https://mobcup-ringtones.online/jaan-ki-qurbani-le-le-dilbar-jani-ringtone-download</loc>
    </url>
    <url>
      <loc>https://mobcup-ringtones.online/kandha-guru-kavasam-murugan-tamil-ringtone-download</loc>
    </url>
    <url>
      <loc>https://mobcup-ringtones.online/heer-hai-royi-song-shibani-kashyap-ringtone-download</loc>
    </url>
    <url>
      <loc>https://mobcup-ringtones.online/jadugarni-anjali-99-sameer-bishnoi-ringtone-download</loc>
    </url>
    <url>
      <loc>https://mobcup-ringtones.online/bye-bye-bye-deadpool-ringtone-download</loc>
    </url>
    <url>
      <loc>https://mobcup-ringtones.online/ishq-di-baajiyaan-song-diljit-dosanjh-ringtone-download</loc>
    </url>
    <url>
      <loc>https://mobcup-ringtones.online/chalis-emiway-bantai-ringtone-download</loc>
    </url>
    <url>
      <loc>https://mobcup-ringtones.online/im-with-you-deadpool-wolverine-ringtone-download</loc>
    </url>
    <url>
      <loc>https://mobcup-ringtones.online/bye-bye-bye-song-nsync-ringtone-download</loc>
    </url>
    <url>
      <loc>https://mobcup-ringtones.online/kinna-sohna-ho-gea-song-inder-chahal-ringtone-download</loc>
    </url>
    <url>
      <loc>https://mobcup-ringtones.online/shiva-the-damru-ala-billa-sonipat-aala-shiv-bhakti-ringtone-download</loc>
    </url>
    <url>
      <loc>https://mobcup-ringtones.online/emaindho-manase-song-shakthisree-gopalan-average-student-nani-ringtone-download</loc>
    </url>
    <url>
      <loc>https://mobcup-ringtones.online/sheriyo-song-ishani-dave-new-gujarati-ringtone-download</loc>
    </url>
    <url>
      <loc>https://mobcup-ringtones.online/give-it-all-away-jaane-jaana-arjun-ringtone-download</loc>
    </url>
    <url>
      <loc>https://mobcup-ringtones.online/ennenni-chitralu-chesave-song-n-c-karunya-ringtone-download</loc>
    </url>
    <url>
      <loc>https://mobcup-ringtones.online/barks-song-wazir-patar-ringtone-download</loc>
    </url>
    <url>
      <loc>https://mobcup-ringtones.online/katseye-touch-official-mv-ringtone-download</loc>
    </url>
    <url>
      <loc>https://mobcup-ringtones.online/hauli-hauli-song-guru-randhawa-khel-khel-mein-ringtone-download</loc>
    </url>
    <url>
      <loc>https://mobcup-ringtones.online/monday-i-was-dreaming-bout-ya-ringtone-download</loc>
    </url>
    <url>
      <loc>https://mobcup-ringtones.online/tu-hauli-hauli-nach-ni-ringtone-download</loc>
    </url>
    <url>
      <loc>https://mobcup-ringtones.online/chale-hai-shankar-song-hansraj-raghuwanshi-ringtone-download</loc>
    </url>
    <url>
      <loc>https://mobcup-ringtones.online/muhammad-ali-diljit-dosanjh-nle-choppa-ringtone-download</loc>
    </url>
    <url>
      <loc>https://mobcup-ringtones.online/meri-nigahe-dhunde-tujhko-aana-padega-ringtone-download</loc>
    </url>
    <url>
      <loc>https://mobcup-ringtones.online/adangatha-asuran-ringtone-download</loc>
    </url>
    <url>
      <loc>https://mobcup-ringtones.online/jal-jamuna-ro-pani-rashmi-nishad-rajasthani-ringtone-download</loc>
    </url>
    <url>
      <loc>https://mobcup-ringtones.online/tera-main-intezaar-armaan-malik-ringtone-download</loc>
    </url>
    <url>
      <loc>https://mobcup-ringtones.online/mere-mehboob-samjhiye-jara-mauke-ki-nazakat-ringtone-download</loc>
    </url>
    <url>
      <loc>https://mobcup-ringtones.online/mulaqat-arsh-gahir-ringtone-download</loc>
    </url>
    <url>
      <loc>https://mobcup-ringtones.online/teri-har-saans-ko-ye-bata-de-ringtone-download</loc>
    </url>
    <url>
      <loc>https://mobcup-ringtones.online/aana-padega-song-lofi-yasser-desai-ringtone-download</loc>
    </url>
    <url>
      <loc>https://mobcup-ringtones.online/harsh-likhari-likhari-name-song-ringtone-download</loc>
    </url>
    <url>
      <loc>https://mobcup-ringtones.online/inni-soni-song-arjun-kanungo-x-prince-sharma-ringtone-download</loc>
    </url>
    <url>
      <loc>https://mobcup-ringtones.online/thalapathy-is-the-goat-chhoti-chhoti-aankhen-ringtone-download</loc>
    </url>
    <url>
      <loc>https://mobcup-ringtones.online/chin-tapak-dum-dum-ringtone-download</loc>
    </url>
    <url>
      <loc>https://mobcup-ringtones.online/le-chal-saaware-mohan-kannan-ringtone-download</loc>
    </url>
    <url>
      <loc>https://mobcup-ringtones.online/bam-bam-krishan-madha-bholenath-song-ringtone-download</loc>
    </url>
    <url>
      <loc>https://mobcup-ringtones.online/kandha-sasti-kavasam-bgm-ringtone-download</loc>
    </url>
    <url>
      <loc>https://mobcup-ringtones.online/parda-song-nooran-sisters-punjabi-ringtone-download</loc>
    </url>
    <url>
      <loc>https://mobcup-ringtones.online/sawan-ke-mahine-mein-bhagat-puche-haryana-aale-ringtone-download</loc>
    </url>
    <url>
      <loc>https://mobcup-ringtones.online/ekdantay-vakratunday-ringtone-download</loc>
    </url>
    <url>
      <loc>https://mobcup-ringtones.online/fire-song-kanguva-hindi-ringtone-download</loc>
    </url>
    <url>
      <loc>https://mobcup-ringtones.online/je-pehla-hargi-zindagi-to-qismat-ringtone-download</loc>
    </url>
    <url>
      <loc>https://mobcup-ringtones.online/thodi-fursat-bhi-meri-jaan-kabhi-baahon-ko-dijiye-ringtone-download</loc>
    </url>
    <url>
      <loc>https://mobcup-ringtones.online/waqt-barbad-na-bin-baat-ki-baton-mein-kijiye-ringtone-download</loc>
    </url>
    <url>
      <loc>https://mobcup-ringtones.online/bhole-mai-tera-deewana-r-pawan-bhole-baba-ringtone-download</loc>
    </url>
    <url>
      <loc>https://mobcup-ringtones.online/aaj-ki-raat-song-stree-2-ringtone-download</loc>
    </url>
    <url>
      <loc>https://mobcup-ringtones.online/akele-hum-akele-tum-reprise-abhijeet-sawant-romantic-song-ringtone-download</loc>
    </url>
    <url>
      <loc>https://mobcup-ringtones.online/suttebaaz-haseena-mika-singh-wild-wild-punjab-ringtone-download</loc>
    </url>
    <url>
      <loc>https://mobcup-ringtones.online/aaj-ki-raat-maza-husn-ka-aankhon-se-leejiye-ringtone-download</loc>
    </url>
    <url>
      <loc>https://mobcup-ringtones.online/jo-haal-dil-ka-dev-negi-priya-saraiya-ringtone-download</loc>
    </url>
    <url>
      <loc>https://mobcup-ringtones.online/main-supna-tera-tu-meri-eid-ban-ja-ringtone-download</loc>
    </url>
    <url>
      <loc>https://mobcup-ringtones.online/chanda-jaisa-tu-mere-shona-ringtone-download</loc>
    </url>
    <url>
      <loc>https://mobcup-ringtones.online/ye-kahani-sarfira-akshay-kumar-ringtone-download</loc>
    </url>
    <url>
      <loc>https://mobcup-ringtones.online/raatan-lambiyan-song-ringtone-download</loc>
    </url>
    <url>
      <loc>https://mobcup-ringtones.online/folk-flow-kulwinder-billa-ringtone-download</loc>
    </url>
    <url>
      <loc>https://mobcup-ringtones.online/nanna-bgm-ringtone-download</loc>
    </url>
    <url>
      <loc>https://mobcup-ringtones.online/janiye-vishal-mishra-ringtone-download</loc>
    </url>
    <url>
      <loc>https://mobcup-ringtones.online/jag-dekha-maine-sara-diamond-ni-ringtone-download</loc>
    </url>
    <url>
      <loc>https://mobcup-ringtones.online/aankho-tari-diamond-ni-ringtone-download</loc>
    </url>
    <url>
      <loc>https://mobcup-ringtones.online/jeet-ki-hawas-me-sabne-baji-hari-ishq-hai-ringtone-download</loc>
    </url>
    <url>
      <loc>https://mobcup-ringtones.online/har-har-shambhu-shiv-mahadeva-abhilipsa-panda-ringtone-download</loc>
    </url>
    <url>
      <loc>https://mobcup-ringtones.online/ira-mohanty-sadhaba-bohu-ku-mati-bahala-pae-jete-ringtone-download</loc>
    </url>
    <url>
      <loc>https://mobcup-ringtones.online/azhagiya-laila-song-ullathai-allitha-tamil-ringtone-download</loc>
    </url>
    <url>
      <loc>https://mobcup-ringtones.online/spb-sivan-song-tamil-ringtone-download</loc>
    </url>
    <url>
      <loc>https://mobcup-ringtones.online/nadaniya-ringtone-download</loc>
    </url>
    <url>
      <loc>https://mobcup-ringtones.online/babam-bam-paradox-aditya-pushkarna-ringtone-download</loc>
    </url>
    <url>
      <loc>https://mobcup-ringtones.online/baat-meri-sun-darji-ke-dg-mawai-bhupendra-khatana-ringtone-download</loc>
    </url>
    <url>
      <loc>https://mobcup-ringtones.online/zaroor-x-ishq-di-baajiyaan-ringtone-download</loc>
    </url>
    <url>
      <loc>https://mobcup-ringtones.online/rehna-hai-tere-dil-me-flute-romantic-ringtone-download</loc>
    </url>
    <url>
      <loc>https://mobcup-ringtones.online/i-love-you-message-ringtone-download-2</loc>
    </url>
    <url>
      <loc>https://mobcup-ringtones.online/mujhe-tukdon-mein-nahi-jeena-hai-barsaat-ke-mausam-mein-ringtone-download</loc>
    </url>
    <url>
      <loc>https://mobcup-ringtones.online/mahol-badalne-wala-hai-ringtone-download</loc>
    </url>
    <url>
      <loc>https://mobcup-ringtones.online/kyu-varinder-brar-punjabi-song-ringtone-download</loc>
    </url>
    <url>
      <loc>https://mobcup-ringtones.online/barsaat-ke-mausam-mein-ringtone-download</loc>
    </url>
    <url>
      <loc>https://mobcup-ringtones.online/makhan-chori-kare-jora-jori-kare-ringtone-download</loc>
    </url>
    <url>
      <loc>https://mobcup-ringtones.online/tikka-song-gulab-sidhu-geet-goraaya-ringtone-download</loc>
    </url>
    <url>
      <loc>https://mobcup-ringtones.online/piya-re-piya-re-nusrat-fateh-ali-khan-ringtone-download</loc>
    </url>
    <url>
      <loc>https://mobcup-ringtones.online/one-direction-night-changes-instagram-ringtone-download</loc>
    </url>
    <url>
      <loc>https://mobcup-ringtones.online/namah-parvati-pataye-har-har-mahadev-kashi-mein-shiv-shankar-ringtone-download</loc>
    </url>
    <url>
      <loc>https://mobcup-ringtones.online/zindagi-ke-gum-haste-haste-seh-lu-ringtone-download</loc>
    </url>
    <url>
      <loc>https://mobcup-ringtones.online/kailash-nath-song-krishan-madha-shiv-bhakti-ringtone-download</loc>
    </url>
    <url>
      <loc>https://mobcup-ringtones.online/thoda-hum-bol-thoda-tam-bolo-ringtone-download</loc>
    </url>
    <url>
      <loc>https://mobcup-ringtones.online/kashi-mein-shiv-shankar-pawan-singh-sawan-special-ringtone-download</loc>
    </url>
    <url>
      <loc>https://mobcup-ringtones.online/shaukan-song-neha-kakkar-jubin-nautiyal-ringtone-download</loc>
    </url>
    <url>
      <loc>https://mobcup-ringtones.online/bas-ek-naam-hai-om-japle-andhere-mit-jayenge-ringtone-download</loc>
    </url>
    <url>
      <loc>https://mobcup-ringtones.online/galti-kar-di-maine-na-hoga-ishq-dobara-ringtone-download</loc>
    </url>
    <url>
      <loc>https://mobcup-ringtones.online/bam-bhole-anthem-khatri-ashu-twinkle-ringtone-download</loc>
    </url>
    <url>
      <loc>https://mobcup-ringtones.online/galti-song-lofi-mix-vishal-mishra-ringtone-download</loc>
    </url>
    <url>
      <loc>https://mobcup-ringtones.online/om-namah-shivay-kashi-mein-shiv-shankar-ringtone-download</loc>
    </url>
    <url>
      <loc>https://mobcup-ringtones.online/re-mahina-se-sawan-ka-tum-haridwar-me-jaoge-ringtone-download</loc>
    </url>
    <url>
      <loc>https://mobcup-ringtones.online/aaraathi-aaraathi-song-pavithra-chari-petta-rap-ringtone-download</loc>
    </url>
    <url>
      <loc>https://mobcup-ringtones.online/tu-door-na-hona-shambhu-ringtone-download</loc>
    </url>
    <url>
      <loc>https://mobcup-ringtones.online/kaise-kate-din-raat-kaise-mile-tera-sath-ringtone-download</loc>
    </url>
    <url>
      <loc>https://mobcup-ringtones.online/ishq-ki-barsaat-jaise-badalon-se-barse-hai-ringtone-download</loc>
    </url>
    <url>
      <loc>https://mobcup-ringtones.online/glimpse-of-kadaisi-ulaga-por-ringtone-download</loc>
    </url>
    <url>
      <loc>https://mobcup-ringtones.online/tandav-bhole-ka-kd-desirock-bhole-baba-ringtone-download</loc>
    </url>
    <url>
      <loc>https://mobcup-ringtones.online/mera-bhola-bada-bhayankar-hai-ringtone-download</loc>
    </url>
    <url>
      <loc>https://mobcup-ringtones.online/saripodhaa-sanivaaram-bgm-ringtone-download</loc>
    </url>
    <url>
      <loc>https://mobcup-ringtones.online/balgari-song-harvi-rxtro-ringtone-download</loc>
    </url>
    <url>
      <loc>https://mobcup-ringtones.online/iss-barsaat-song-akhil-sachdeva-ringtone-download</loc>
    </url>
    <url>
      <loc>https://mobcup-ringtones.online/dwapara-jaskaran-singh-krishnam-pranaya-sakhi-ringtone-download</loc>
    </url>
    <url>
      <loc>https://mobcup-ringtones.online/chode-chode-tyre-ringtone-download</loc>
    </url>
    <url>
      <loc>https://mobcup-ringtones.online/bam-lehri-shekhar-jaiswal-bholenath-song-ringtone-download</loc>
    </url>
    <url>
      <loc>https://mobcup-ringtones.online/dil-koni-lage-janu-thare-bina-rajsthani-love-ringtone-download</loc>
    </url>
    <url>
      <loc>https://mobcup-ringtones.online/nee-kavithaigala-song-pradeep-kumar-tamil-ringtone-download</loc>
    </url>
    <url>
      <loc>https://mobcup-ringtones.online/jai-shankar-maharaj-song-hansraj-raghuwanshi-vishal-dadlani-ringtone-download</loc>
    </url>
    <url>
      <loc>https://mobcup-ringtones.online/tedi-tedi-dekhe-mand-mand-muskave-ajeet-choudhary-marwadi-song-ringtone-download</loc>
    </url>
    <url>
      <loc>https://mobcup-ringtones.online/guru-meri-pooja-guru-govind-ringtone-download</loc>
    </url>
    <url>
      <loc>https://mobcup-ringtones.online/alakh-niranjan-bhav-bhay-bhanjan-ringtone-download</loc>
    </url>
    <url>
      <loc>https://mobcup-ringtones.online/sare-tirath-dham-apke-charno-me-ringtone-download</loc>
    </url>
    <url>
      <loc>https://mobcup-ringtones.online/yaari-hai-imaan-raftaar-jasleen-royal-ringtone-download</loc>
    </url>
    <url>
      <loc>https://mobcup-ringtones.online/ammapaade-jolapaata-amrutanikanna-thiyyananta-ringtone-download</loc>
    </url>
    <url>
      <loc>https://mobcup-ringtones.online/papa-meri-jaan-mere-sang-chalna-ringtone-download</loc>
    </url>
    <url>
      <loc>https://mobcup-ringtones.online/mera-jag-sara-ho-tum-ringtone-download</loc>
    </url>
    <url>
      <loc>https://mobcup-ringtones.online/gal-meri-maan-ja-tu-meri-ban-ja-ringtone-download</loc>
    </url>
    <url>
      <loc>https://mobcup-ringtones.online/kurise-vana-chinukulaki-neeli-ningi-amma-ringtone-download</loc>
    </url>
    <url>
      <loc>https://mobcup-ringtones.online/na-koi-khuda-mera-tere-siva-papa-meri-jaan-ringtone-download</loc>
    </url>
    <url>
      <loc>https://mobcup-ringtones.online/pyaar-humara-king-ringtone-download</loc>
    </url>
    <url>
      <loc>https://mobcup-ringtones.online/unakku-thaan-violin-cover-bgm-ringtone-download</loc>
    </url>
    <url>
      <loc>https://mobcup-ringtones.online/har-ek-janam-ki-mangi-kasam-thi-tu-maro-dariyo-ringtone-download</loc>
    </url>
    <url>
      <loc>https://mobcup-ringtones.online/govind-bhargav-shree-radha-hamri-gori-gori-ringtone-download</loc>
    </url>
    <url>
      <loc>https://mobcup-ringtones.online/oh-raaya-song-raayan-ringtone-download</loc>
    </url>
    <url>
      <loc>https://mobcup-ringtones.online/yen-vekkam-theera-ena-thoonda-nenjam-thookathila-ringtone-download</loc>
    </url>
    <url>
      <loc>https://mobcup-ringtones.online/nee-pesa-light-ah-aasa-kooda-ringtone-download</loc>
    </url>
    <url>
      <loc>https://mobcup-ringtones.online/sri-radha-sri-radha-jai-radha-sadhvi-purnima-ji-ringtone-download</loc>
    </url>
    <url>
      <loc>https://mobcup-ringtones.online/thikkum-maname-potta-thittam-ah-aasa-kooda-ringtone-download</loc>
    </url>
    <url>
      <loc>https://mobcup-ringtones.online/en-pakkam-ponavala-theda-mela-ringtone-download</loc>
    </url>
    <url>
      <loc>https://mobcup-ringtones.online/shri-ram-chalisa-lofi-rasraj-ji-maharaj-ringtone-download</loc>
    </url>
    <url>
      <loc>https://mobcup-ringtones.online/oo-rasika-song-omg-o-manchi-ghost-movie-ringtone-download</loc>
    </url>
    <url>
      <loc>https://mobcup-ringtones.online/ho-le-liya-kudi-ne-dil-sada-ringtone-download</loc>
    </url>
    <url>
      <loc>https://mobcup-ringtones.online/bholenath-ko-japne-wale-haar-kabhi-na-payenge-ringtone-download</loc>
    </url>
    <url>
      <loc>https://mobcup-ringtones.online/jhaank-le-jakar-apne-mann-mein-ringtone-download</loc>
    </url>
    <url>
      <loc>https://mobcup-ringtones.online/teri-yaad-mein-mar-gaye-haye-bhole-ringtone-download</loc>
    </url>
    <url>
      <loc>https://mobcup-ringtones.online/bole-om-namah-shivaya-ringtone-download</loc>
    </url>
    <url>
      <loc>https://mobcup-ringtones.online/bhole-iphone-mein-mere-sun-ringtone-bhi-baje-teri-ringtone-download</loc>
    </url>
    <url>
      <loc>https://mobcup-ringtones.online/mahadev-mil-jayenge-song-hansraj-raghuwanshi-shiv-bhajan-ringtone-download</loc>
    </url>
    <url>
      <loc>https://mobcup-ringtones.online/dhoond-lo-ja-kar-poore-jag-mein-ringtone-download</loc>
    </url>
    <url>
      <loc>https://mobcup-ringtones.online/teri-bhakti-kari-dil-te-bhole-ringtone-download</loc>
    </url>
    <url>
      <loc>https://mobcup-ringtones.online/gulzar-ke-dhore-pavega-tera-number-jio-wala-ringtone-download</loc>
    </url>
    <url>
      <loc>https://mobcup-ringtones.online/mahadeva-o-mahadeva-basiya-kahan-tu-mahadeva-ringtone-download</loc>
    </url>
    <url>
      <loc>https://mobcup-ringtones.online/shiv-ki-barat-neelkamal-singh-ringtone-download</loc>
    </url>
    <url>
      <loc>https://mobcup-ringtones.online/mera-tu-bhola-bhandari-main-tera-bhola-kawad-aala-ringtone-download</loc>
    </url>
    <url>
      <loc>https://mobcup-ringtones.online/email-bhi-bheji-snap-bhi-bheji-ringtone-download</loc>
    </url>
    <url>
      <loc>https://mobcup-ringtones.online/who-is-my-heart-waiting-for-jimin-official-mv-ringtone-download</loc>
    </url>
    <url>
      <loc>https://mobcup-ringtones.online/bhole-phone-uthale-mera-ringtone-download</loc>
    </url>
    <url>
      <loc>https://mobcup-ringtones.online/chandaniya-chhup-jana-re-ringtone-download</loc>
    </url>
    <url>
      <loc>https://mobcup-ringtones.online/bhagwan-bhagat-ka-jag-mein-rishta-bada-nirala-ringtone-download</loc>
    </url>
    <url>
      <loc>https://mobcup-ringtones.online/insta-pe-teri-reel-bhi-geri-like-kre-na-tu-bhole-ringtone-download</loc>
    </url>
    <url>
      <loc>https://mobcup-ringtones.online/nath-mere-nath-mere-love-you-se-tane-bholenath-mere-ringtone-download</loc>
    </url>
    <url>
      <loc>https://mobcup-ringtones.online/chandaniya-lori-lori-shreya-ghoshal-ringtone-download</loc>
    </url>
    <url>
      <loc>https://mobcup-ringtones.online/teri-in-aankho-me-ye-jo-nami-hai-ringtone-download</loc>
    </url>
    <url>
      <loc>https://mobcup-ringtones.online/dil-ko-na-jachta-koi-ringtone-download</loc>
    </url>
    <url>
      <loc>https://mobcup-ringtones.online/hai-ye-ishq-tujhse-itna-ringtone-download</loc>
    </url>
    <url>
      <loc>https://mobcup-ringtones.online/saawan-aaya-baadal-chaaye-ringtone-download</loc>
    </url>
    <url>
      <loc>https://mobcup-ringtones.online/o-mere-dhol-sajna-main-tumse-pyar-karu-ringtone-download</loc>
    </url>
    <url>
      <loc>https://mobcup-ringtones.online/majanua-ke-bhada-se-khesari-lal-yadav-bhojpuri-ringtone-download</loc>
    </url>
    <url>
      <loc>https://mobcup-ringtones.online/o-meri-jind-meriye-main-dil-haar-gaya-ringtone-download</loc>
    </url>
    <url>
      <loc>https://mobcup-ringtones.online/aanewale-sab-aaye-hain-ringtone-download</loc>
    </url>
    <url>
      <loc>https://mobcup-ringtones.online/pittal-da-fan-jatt-sone-warga-gulab-sidhu-gurlez-akhtar-ringtone-download</loc>
    </url>
    <url>
      <loc>https://mobcup-ringtones.online/saza-song-king-mc-heam-ringtone-download</loc>
    </url>
    <url>
      <loc>https://mobcup-ringtones.online/who-they-song-karan-aujla-ringtone-download</loc>
    </url>
    <url>
      <loc>https://mobcup-ringtones.online/sanson-ki-mala-pe-instrumental-ringtone-download</loc>
    </url>
    <url>
      <loc>https://mobcup-ringtones.online/manaki-manaki-song-telugu-thangalaan-ringtone-download</loc>
    </url>
    <url>
      <loc>https://mobcup-ringtones.online/ninnu-kanna-kanulae-song-the-goat-ringtone-download</loc>
    </url>
    <url>
      <loc>https://mobcup-ringtones.online/jeeja-song-darshan-raval-ringtone-download</loc>
    </url>
    <url>
      <loc>https://mobcup-ringtones.online/minikki-minikki-tamil-thangalaan-ringtone-download</loc>
    </url>
    <url>
      <loc>https://mobcup-ringtones.online/sun-chaliya-song-darling-telugu-ringtone-download</loc>
    </url>
    <url>
      <loc>https://mobcup-ringtones.online/chinukalle-neerendenee-digivachhina-ningila-ringtone-download</loc>
    </url>
    <url>
      <loc>https://mobcup-ringtones.online/dhani-tohar-dhan-khesari-lal-yadav-ringtone-download</loc>
    </url>
    <url>
      <loc>https://mobcup-ringtones.online/bhule-sajna-ji-bhule-ringtone-download</loc>
    </url>
    <url>
      <loc>https://mobcup-ringtones.online/rabb-warga-song-jubin-nautiyal-bad-newz-ringtone-download</loc>
    </url>
    <url>
      <loc>https://mobcup-ringtones.online/rangi-tuzya-sohlyachya-ringani-ringtone-download</loc>
    </url>
    <url>
      <loc>https://mobcup-ringtones.online/saara-saara-lovely-tara-nuvvu-nenu-ringtone-download</loc>
    </url>
    <url>
      <loc>https://mobcup-ringtones.online/saara-saara-song-average-student-nani-telugu-ringtone-download</loc>
    </url>
    <url>
      <loc>https://mobcup-ringtones.online/anarkali-lacha-begum-vishal-pandey-ringtone-download</loc>
    </url>
    <url>
      <loc>https://mobcup-ringtones.online/chehra-bhi-tera-padh-liya-ringtone-download</loc>
    </url>
    <url>
      <loc>https://mobcup-ringtones.online/itne-haseen-ye-pal-hain-ringtone-download</loc>
    </url>
    <url>
      <loc>https://mobcup-ringtones.online/warga-ae-rabb-warga-ae-chehra-tera-chehra-ringtone-download</loc>
    </url>
    <url>
      <loc>https://mobcup-ringtones.online/oo-baatasari-song-promo-pvns-rohit-committee-kurrollu-ringtone-download</loc>
    </url>
    <url>
      <loc>https://mobcup-ringtones.online/balgari-harvi-instrumental-ringtone-download</loc>
    </url>
    <url>
      <loc>https://mobcup-ringtones.online/jaako-raakhe-saaiyan-song-monu-rathod-vikram-montrose-ringtone-download</loc>
    </url>
    <url>
      <loc>https://mobcup-ringtones.online/jaako-raakhe-saaiyan-bgm-kill-movie-ringtone-download</loc>
    </url>
    <url>
      <loc>https://mobcup-ringtones.online/takht-na-taaj-chahiye-ringtone-download</loc>
    </url>
    <url>
      <loc>https://mobcup-ringtones.online/dhan-koni-mangta-maya-koni-mangta-ringtone-download</loc>
    </url>
    <url>
      <loc>https://mobcup-ringtones.online/tera-chela-teri-daya-te-chadhai-kare-baba-ringtone-download</loc>
    </url>
    <url>
      <loc>https://mobcup-ringtones.online/eke-chiz-mangu-mane-shambhu-te-milado-ringtone-download</loc>
    </url>
    <url>
      <loc>https://mobcup-ringtones.online/paper-pe-paper-tan-diye-yo-mal-thoda-jahari-se-ringtone-download</loc>
    </url>
    <url>
      <loc>https://mobcup-ringtones.online/husn-tera-tauba-tauba-ringtone-download</loc>
    </url>
    <url>
      <loc>https://mobcup-ringtones.online/meri-baba-gelya-rahe-jao-batchit-thik-ringtone-download</loc>
    </url>
    <url>
      <loc>https://mobcup-ringtones.online/dan-danati-goli-sa-tu-bhaag-bandeya-ringtone-download</loc>
    </url>
    <url>
      <loc>https://mobcup-ringtones.online/use-ne-banaya-hai-yo-rutba-mera-ringtone-download</loc>
    </url>
    <url>
      <loc>https://mobcup-ringtones.online/meri-tumse-pehli-pehli-mulakaat-hui-ringtone-download</loc>
    </url>
    <url>
      <loc>https://mobcup-ringtones.online/vithucha-gajar-harinamacha-ringtone-download</loc>
    </url>
    <url>
      <loc>https://mobcup-ringtones.online/haan-baarish-to-bas-ek-bahana-tha-ringtone-download</loc>
    </url>
    <url>
      <loc>https://mobcup-ringtones.online/naino-mein-tere-shararat-thi-ringtone-download</loc>
    </url>
    <url>
      <loc>https://mobcup-ringtones.online/kal-bade-zor-ki-barsaat-hui-ringtone-download</loc>
    </url>
    <url>
      <loc>https://mobcup-ringtones.online/chup-rahe-nazron-se-sari-baat-hui-ringtone-download</loc>
    </url>
    <url>
      <loc>https://mobcup-ringtones.online/use-ne-bnaye-mere-aatma-sharir-ringtone-download</loc>
    </url>
    <url>
      <loc>https://mobcup-ringtones.online/sara-shahar-so-raha-tha-ringtone-download</loc>
    </url>
    <url>
      <loc>https://mobcup-ringtones.online/wait-of-ashwatthama-amitabh-bachchan-hindi-ringtone-download</loc>
    </url>
    <url>
      <loc>https://mobcup-ringtones.online/kab-maine-ye-socha-tha-ringtone-download</loc>
    </url>
    <url>
      <loc>https://mobcup-ringtones.online/love-you-bhole-gulzaar-chhaniwala-bgm-ringtone-download</loc>
    </url>
    <url>
      <loc>https://mobcup-ringtones.online/current-song-amanraj-gill-shiva-choudhary-ringtone-download</loc>
    </url>
    <url>
      <loc>https://mobcup-ringtones.online/kayde-alag-hi-hai-pyar-ke-ringtone-download</loc>
    </url>
    <url>
      <loc>https://mobcup-ringtones.online/moh-maya-te-door-o-bhole-ringtone-download</loc>
    </url>
    <url>
      <loc>https://mobcup-ringtones.online/mere-mehboob-mere-sanam-bad-newz-ringtone-download</loc>
    </url>
    <url>
      <loc>https://mobcup-ringtones.online/3-things-dilpreet-dhillon-shipra-goyal-ringtone-download</loc>
    </url>
    <url>
      <loc>https://mobcup-ringtones.online/wait-of-ashwatthama-keshava-kalki-2898-ad-bgm-ringtone-download</loc>
    </url>
    <url>
      <loc>https://mobcup-ringtones.online/jeeja-darshan-raval-bgm-ringtone-download</loc>
    </url>
    <url>
      <loc>https://mobcup-ringtones.online/gani-bhai-emiway-bantai-ringtone-download</loc>
    </url>
    <url>
      <loc>https://mobcup-ringtones.online/zor-ki-barsaat-hui-song-jubin-nautiyal-ringtone-download</loc>
    </url>
    <url>
      <loc>https://mobcup-ringtones.online/hum-sab-hai-das-tumhare-ringtone-download</loc>
    </url>
    <url>
      <loc>https://mobcup-ringtones.online/duniya-kya-hai-dhokha-hai-sarfira-ringtone-download</loc>
    </url>
    <url>
      <loc>https://mobcup-ringtones.online/mere-saathiya-ankit-tiwari-ringtone-download</loc>
    </url>
    <url>
      <loc>https://mobcup-ringtones.online/chillam-chilli-kare-hai-kyu-sarfira-movie-ringtone-download</loc>
    </url>
    <url>
      <loc>https://mobcup-ringtones.online/tum-chain-ho-tum-hi-dard-ho-ringtone-download</loc>
    </url>
    <url>
      <loc>https://mobcup-ringtones.online/baar-baar-song-sukhwinder-singh-renuka-panwar-ringtone-download</loc>
    </url>
    <url>
      <loc>https://mobcup-ringtones.online/har-pal-radhe-radhe-gate-hai-ringtone-download</loc>
    </url>
    <url>
      <loc>https://mobcup-ringtones.online/dhokha-song-mika-singh-sarfira-ringtone-download</loc>
    </url>
    <url>
      <loc>https://mobcup-ringtones.online/aghori-3-amit-saini-rohtakiya-ringtone-download</loc>
    </url>
    <url>
      <loc>https://mobcup-ringtones.online/vithu-mauli-tu-instrumental-ringtone-download</loc>
    </url>
    <url>
      <loc>https://mobcup-ringtones.online/nee-singam-dhan-instrumental-ringtone-download</loc>
    </url>
    <url>
      <loc>https://mobcup-ringtones.online/naam-tumhara-jap-kar-shyam-ke-darshan-pate-hai-ringtone-download</loc>
    </url>
    <url>
      <loc>https://mobcup-ringtones.online/vithu-mauli-tu-mauli-jagachi-ringtone-download</loc>
    </url>
    <url>
      <loc>https://mobcup-ringtones.online/tuzya-vina-vaikunthacha-karbhar-chalena-ringtone-download</loc>
    </url>
    <url>
      <loc>https://mobcup-ringtones.online/hai-wo-nasibo-wale-jo-barsana-aate-hai-ringtone-download</loc>
    </url>
    <url>
      <loc>https://mobcup-ringtones.online/wo-shri-radha-rani-hai-radha-bhajan-nikhil-verma-ringtone-download</loc>
    </url>
    <url>
      <loc>https://mobcup-ringtones.online/chaukhat-pe-unke-jakar-sab-dukh-hi-mit-jate-hai-ringtone-download</loc>
    </url>
    <url>
      <loc>https://mobcup-ringtones.online/kanha-ke-man-me-jo-basti-ringtone-download</loc>
    </url>
    <url>
      <loc>https://mobcup-ringtones.online/vada-chennai-instrumental-ringtone-download</loc>
    </url>
    <url>
      <loc>https://mobcup-ringtones.online/the-end-emiway-bantai-ringtone-download</loc>
    </url>
    <url>
      <loc>https://mobcup-ringtones.online/rakhumai-ringtone-download</loc>
    </url>
    <url>
      <loc>https://mobcup-ringtones.online/gudiya-gudiya-song-ringtone-download</loc>
    </url>
    <url>
      <loc>https://mobcup-ringtones.online/little-krishna-flute-ringtone-download</loc>
    </url>
    <url>
      <loc>https://mobcup-ringtones.online/creator-bhola-song-kd-desi-rock-ringtone-download</loc>
    </url>
    <url>
      <loc>https://mobcup-ringtones.online/mauli-mauli-song-ajay-atul-ringtone-download</loc>
    </url>
    <url>
      <loc>https://mobcup-ringtones.online/rakhumai-rakhumai-song-ringtone-download</loc>
    </url>
    <url>
      <loc>https://mobcup-ringtones.online/pandurang-vitthal-ringtone-download</loc>
    </url>
    <url>
      <loc>https://mobcup-ringtones.online/vitthal-vitthal-mauli-ringtone-download</loc>
    </url>
    <url>
      <loc>https://mobcup-ringtones.online/police-siren-high-volume-ringtone-download</loc>
    </url>
    <url>
      <loc>https://mobcup-ringtones.online/kaiyil-deepam-enthi-vanthom-ringtone-download</loc>
    </url>
    <url>
      <loc>https://mobcup-ringtones.online/jhooth-keha-song-juss-ringtone-download</loc>
    </url>
    <url>
      <loc>https://mobcup-ringtones.online/fein-ringtone-download</loc>
    </url>
    <url>
      <loc>https://mobcup-ringtones.online/samsung-galaxy-s21-jam-jam-ringtone-download</loc>
    </url>
    <url>
      <loc>https://mobcup-ringtones.online/tibeyan-da-putt-sidhu-moose-wala-ringtone-download</loc>
    </url>
    <url>
      <loc>https://mobcup-ringtones.online/anpadh-se-hath-mere-bhola-bhola-likhe-ringtone-download</loc>
    </url>
    <url>
      <loc>https://mobcup-ringtones.online/tu-fikar-na-karya-kar-ringtone-download</loc>
    </url>
    <url>
      <loc>https://mobcup-ringtones.online/roja-flute-ringtone-download</loc>
    </url>
    <url>
      <loc>https://mobcup-ringtones.online/samsung-galaxy-z-fold5-notification-ringtone-download</loc>
    </url>
    <url>
      <loc>https://mobcup-ringtones.online/engal-veetil-ella-naalum-karthigai-ringtone-download</loc>
    </url>
    <url>
      <loc>https://mobcup-ringtones.online/kade-matha-na-fakira-nal-layeo-shabad-ringtone-download</loc>
    </url>
    <url>
      <loc>https://mobcup-ringtones.online/abchal-nagar-gobind-guru-ka-ringtone-download</loc>
    </url>
    <url>
      <loc>https://mobcup-ringtones.online/jinse-milne-ko-akhiya-tarsi-hai-swati-mishra-ringtone-download</loc>
    </url>
    <url>
      <loc>https://mobcup-ringtones.online/manojavam-marut-tulya-vegam-ringtone-download</loc>
    </url>
    <url>
      <loc>https://mobcup-ringtones.online/ram-naam-se-uthta-hu-ringtone-download</loc>
    </url>
    <url>
      <loc>https://mobcup-ringtones.online/kon-so-sankat-mor-garib-ko-ringtone-download</loc>
    </url>
    <url>
      <loc>https://mobcup-ringtones.online/bottle-music-world-famous-ringtone-download</loc>
    </url>
    <url>
      <loc>https://mobcup-ringtones.online/balaji-tum-hi-dikha-karo-kanhiya-mittal-ringtone-download</loc>
    </url>
    <url>
      <loc>https://mobcup-ringtones.online/tum-sachmuch-sankat-mochan-ho-ringtone-download</loc>
    </url>
    <url>
      <loc>https://mobcup-ringtones.online/rockstar-new-iphone-ringtone-download</loc>
    </url>
    <url>
      <loc>https://mobcup-ringtones.online/reh-ja-song-ayushmann-khurrana-ringtone-download</loc>
    </url>
    <url>
      <loc>https://mobcup-ringtones.online/i-put-my-armor-on-sia-unstoppable-ringtone-download</loc>
    </url>
    <url>
      <loc>https://mobcup-ringtones.online/criminal-britney-spears-ringtone-download</loc>
    </url>
    <url>
      <loc>https://mobcup-ringtones.online/alveda-mehrab-sad-turkish-bgm-ringtone-download</loc>
    </url>
    <url>
      <loc>https://mobcup-ringtones.online/doozi-gravity-omutujju-ringtone-download</loc>
    </url>
    <url>
      <loc>https://mobcup-ringtones.online/sar-sar-yagmurisa-sad-turkish-instrumental-ringtone-download</loc>
    </url>
    <url>
      <loc>https://mobcup-ringtones.online/ja-mohabbat-tujhe-azad-kar-diya-instrumental-ringtone-download</loc>
    </url>
    <url>
      <loc>https://mobcup-ringtones.online/katy-perry-harleys-in-hawaii-you-and-i-ringtone-download</loc>
    </url>
    <url>
      <loc>https://mobcup-ringtones.online/gimme-more-britney-spears-ringtone-download</loc>
    </url>
    <url>
      <loc>https://mobcup-ringtones.online/talking-to-the-moon-x-play-date-ringtone-download</loc>
    </url>
    <url>
      <loc>https://mobcup-ringtones.online/suniya-suniya-rata-ringtone-download</loc>
    </url>
    <url>
      <loc>https://mobcup-ringtones.online/azhagiya-laila-ringtone-download</loc>
    </url>
    <url>
      <loc>https://mobcup-ringtones.online/haryane-te-aare-se-tere-bhole-bhakt-nirale-ringtone-download</loc>
    </url>
    <url>
      <loc>https://mobcup-ringtones.online/katy-perry-womans-world-song-ringtone-download</loc>
    </url>
    <url>
      <loc>https://mobcup-ringtones.online/aao-peev-pardesi-rajasthani-song-ringtone-download</loc>
    </url>
    <url>
      <loc>https://mobcup-ringtones.online/kneel-song-nijjar-gurlez-akhtar-ringtone-download</loc>
    </url>
    <url>
      <loc>https://mobcup-ringtones.online/ninne-premistha-movie-bgm-ringtones-download</loc>
    </url>
    <url>
      <loc>https://mobcup-ringtones.online/thakya-ni-song-raavi-gill-ringtone-download</loc>
    </url>
    <url>
      <loc>https://mobcup-ringtones.online/my-time-is-now-john-cena-ringtone-download</loc>
    </url>
    <url>
      <loc>https://mobcup-ringtones.online/shri-krishna-govind-hare-murari-ramanand-sagar-ringtone-download</loc>
    </url>
    <url>
      <loc>https://mobcup-ringtones.online/kodak-king-seedhe-maut-ringtone-download</loc>
    </url>
    <url>
      <loc>https://mobcup-ringtones.online/akh-ladh-gayi-song-jigar-ringtone-download</loc>
    </url>
    <url>
      <loc>https://mobcup-ringtones.online/teri-aa-hi-gal-changi-nahi-lagdi-ringtone-download</loc>
    </url>
    <url>
      <loc>https://mobcup-ringtones.online/neend-song-kaka-ji-ringtone-download</loc>
    </url>
    <url>
      <loc>https://mobcup-ringtones.online/betahasha-dil-ne-tujhko-hi-chaha-hai-ringtone-download</loc>
    </url>
    <url>
      <loc>https://mobcup-ringtones.online/thousand-years-ringtone-download</loc>
    </url>
    <url>
      <loc>https://mobcup-ringtones.online/der-na-ho-jaye-kahin-song-ringtone-download</loc>
    </url>
    <url>
      <loc>https://mobcup-ringtones.online/souraa-song-bharateeyudu-2-ringtone-download</loc>
    </url>
    <url>
      <loc>https://mobcup-ringtones.online/sanam-teri-kasam-instrumental-ringtone-download</loc>
    </url>
    <url>
      <loc>https://mobcup-ringtones.online/kassam-garry-sandhu-ringtone-download</loc>
    </url>
    <url>
      <loc>https://mobcup-ringtones.online/thuthu-valaielle-90s-tamil-song-ringtone-download</loc>
    </url>
    <url>
      <loc>https://mobcup-ringtones.online/way-down-we-go-ringtone-download-2</loc>
    </url>
    <url>
      <loc>https://mobcup-ringtones.online/dreamcatcher-ringtone-download-2</loc>
    </url>
    <url>
      <loc>https://mobcup-ringtones.online/jaanam-song-bad-newz-ringtone-download</loc>
    </url>
    <url>
      <loc>https://mobcup-ringtones.online/humsafar-ban-jao-mere-ringtone-download</loc>
    </url>
    <url>
      <loc>https://mobcup-ringtones.online/sonthamulla-vazhkai-song-ringtone-download</loc>
    </url>
    <url>
      <loc>https://mobcup-ringtones.online/khayal-jugraj-sandhu-ringtone-download</loc>
    </url>
    <url>
      <loc>https://mobcup-ringtones.online/kedar-song-filmy-shiv-bhakti-ringtone-download</loc>
    </url>
    <url>
      <loc>https://mobcup-ringtones.online/churma-song-ndee-kundu-ringtone-download</loc>
    </url>
    <url>
      <loc>https://mobcup-ringtones.online/wake-up-ringtone-download</loc>
    </url>
    <url>
      <loc>https://mobcup-ringtones.online/careless-whisper-george-michael-instrumental-ringtone-download</loc>
    </url>
    <url>
      <loc>https://mobcup-ringtones.online/g-khan-pata-ni-kyu-instagram-trending-ringtone-download</loc>
    </url>
    <url>
      <loc>https://mobcup-ringtones.online/arjun-sahota-raakh-da-surma-ringtone-download</loc>
    </url>
    <url>
      <loc>https://mobcup-ringtones.online/unakkum-enakkum-bgm-ringtone-download</loc>
    </url>
    <url>
      <loc>https://mobcup-ringtones.online/alpha-title-announcement-instrumental-ringtone-download</loc>
    </url>
    <url>
      <loc>https://mobcup-ringtones.online/car-culture-parmish-verma-ringtone-download</loc>
    </url>
    <url>
      <loc>https://mobcup-ringtones.online/bholi-ke-lyana-se-gulshan-music-ringtone-download</loc>
    </url>
    <url>
      <loc>https://mobcup-ringtones.online/un-paarvaiyil-paithiyam-ringtone-download</loc>
    </url>
    <url>
      <loc>https://mobcup-ringtones.online/something-something-bgm-unakkum-enakkum-ringtone-download</loc>
    </url>
    <url>
      <loc>https://mobcup-ringtones.online/hum-har-baar-kawad-lawa-ringtone-download</loc>
    </url>
    <url>
      <loc>https://mobcup-ringtones.online/pmcm-song-r-nait-ringtone-download</loc>
    </url>
    <url>
      <loc>https://mobcup-ringtones.online/theme-of-kalki-hindi-kalki-2898-ad-ringtone-download</loc>
    </url>
    <url>
      <loc>https://mobcup-ringtones.online/subah-tak-bhi-na-utrega-ringtone-download</loc>
    </url>
    <url>
      <loc>https://mobcup-ringtones.online/kavan-so-kaj-kathin-jag-mahi-jo-nahi-hoi-tat-tum-pahi-ringtone-download</loc>
    </url>
    <url>
      <loc>https://mobcup-ringtones.online/na-mauka-milega-kabhi-jhanjhat-se-bhajan-ringtone-download</loc>
    </url>
    <url>
      <loc>https://mobcup-ringtones.online/aaj-phir-jeene-ki-knockwell-bounce-mix-ringtone-download</loc>
    </url>
    <url>
      <loc>https://mobcup-ringtones.online/bhole-se-haryana-ke-masoom-sharma-ringtone-download</loc>
    </url>
    <url>
      <loc>https://mobcup-ringtones.online/theme-of-kalki-song-telugu-kalki-2898-ad-ringtone-download</loc>
    </url>
    <url>
      <loc>https://mobcup-ringtones.online/vaali-bgm-ringtone-download</loc>
    </url>
    <url>
      <loc>https://mobcup-ringtones.online/kiliye-kiliye-chill-hiphop-mix-instagram-ringtone-download</loc>
    </url>
    <url>
      <loc>https://mobcup-ringtones.online/broken-heart-sippy-gill-ringtone-download</loc>
    </url>
    <url>
      <loc>https://mobcup-ringtones.online/husn-irani-song-guru-randhawa-ringtone-download</loc>
    </url>
    <url>
      <loc>https://mobcup-ringtones.online/tirumalavasa-sri-venkatesa-ringtone-download</loc>
    </url>
    <url>
      <loc>https://mobcup-ringtones.online/tu-hi-khuda-tu-mera-sansar-ringtone-download</loc>
    </url>
    <url>
      <loc>https://mobcup-ringtones.online/ranchhod-rangila-gujarati-ringtone-download</loc>
    </url>
    <url>
      <loc>https://mobcup-ringtones.online/baarish-hoti-hai-saaj-bhatt-ringtone-download</loc>
    </url>
    <url>
      <loc>https://mobcup-ringtones.online/mudhal-mazhai-ringtone-download</loc>
    </url>
    <url>
      <loc>https://mobcup-ringtones.online/ta-takkara-song-kalki-2898-ad-telugu-ringtone-download</loc>
    </url>
    <url>
      <loc>https://mobcup-ringtones.online/ta-takkara-song-kalki-2898-ad-hindi-ringtone-download</loc>
    </url>
    <url>
      <loc>https://mobcup-ringtones.online/karuna-karo-kasht-haro-gyan-do-bhagwan-ringtone-download</loc>
    </url>
    <url>
      <loc>https://mobcup-ringtones.online/hanju-jimmy-kotkapura-parmish-verma-ringtone-download</loc>
    </url>
    <url>
      <loc>https://mobcup-ringtones.online/stefflon-don-dilemma-ft-sidhu-moose-wala-ringtone-download</loc>
    </url>
    <url>
      <loc>https://mobcup-ringtones.online/ghunghat-karke-chalya-kar-ringtone-download</loc>
    </url>
    <url>
      <loc>https://mobcup-ringtones.online/tera-shehar-nawab-ringtone-download</loc>
    </url>
    <url>
      <loc>https://mobcup-ringtones.online/tu-juda-hoke-dekhle-ringtone-download</loc>
    </url>
    <url>
      <loc>https://mobcup-ringtones.online/eminem-tobey-ringtone-download</loc>
    </url>
    <url>
      <loc>https://mobcup-ringtones.online/sab-yaar-chhade-tere-jaan-pichon-ringtone-download</loc>
    </url>
    <url>
      <loc>https://mobcup-ringtones.online/seedhe-maut-kaanch-ke-ghar-ringtone-download</loc>
    </url>
    <url>
      <loc>https://mobcup-ringtones.online/idk-how-karan-aujla-ringtone-download</loc>
    </url>
    <url>
      <loc>https://mobcup-ringtones.online/tauba-tauba-song-karan-aujla-bad-newz-ringtone-download</loc>
    </url>
    <url>
      <loc>https://mobcup-ringtones.online/veetla-vishesham-love-breakup-bgm-ringtone-download</loc>
    </url>
    <url>
      <loc>https://mobcup-ringtones.online/daaru-song-deep-jandu-ringtone-download</loc>
    </url>
    <url>
      <loc>https://mobcup-ringtones.online/thank-god-song-jordan-sandhu-ringtone-download</loc>
    </url>
    <url>
      <loc>https://mobcup-ringtones.online/prarthana-hoti-sat-janmachi-ringtone-download</loc>
    </url>
    <url>
      <loc>https://mobcup-ringtones.online/nanam-konden-nenjil-tamil-ringtone-download</loc>
    </url>
    <url>
      <loc>https://mobcup-ringtones.online/usure-neethane-neethane-instrumental-ringtone-download</loc>
    </url>
    <url>
      <loc>https://mobcup-ringtones.online/tu-nahi-to-ye-rut-ye-hawa-kya-karu-ringtone-download</loc>
    </url>
    <url>
      <loc>https://mobcup-ringtones.online/raayan-bgm-ringtone-download</loc>
    </url>
    <url>
      <loc>https://mobcup-ringtones.online/tu-hai-to-dil-dhadakta-hai-ringtone-download</loc>
    </url>
    <url>
      <loc>https://mobcup-ringtones.online/aasa-kooda-ringtone-download</loc>
    </url>
    <url>
      <loc>https://mobcup-ringtones.online/mandaram-kattine-pranayichatho-ringtone-download</loc>
    </url>
    <url>
      <loc>https://mobcup-ringtones.online/nothing-phone-2-ringtone-download</loc>
    </url>
    <url>
      <loc>https://mobcup-ringtones.online/kalyani-vacha-vacha-song-ringtone-download</loc>
    </url>
    <url>
      <loc>https://mobcup-ringtones.online/filter-song-gulab-sidhu-ringtone-download</loc>
    </url>
    <url>
      <loc>https://mobcup-ringtones.online/basha-bgm-remix-ringtone-download</loc>
    </url>
    <url>
      <loc>https://mobcup-ringtones.online/kare-ke-padi-sarendar-re-ringtone-download</loc>
    </url>
    <url>
      <loc>https://mobcup-ringtones.online/gulzaar-channiwala-film-song-ringtone-download</loc>
    </url>
    <url>
      <loc>https://mobcup-ringtones.online/baghbaan-ki-jyu-aapa-hova-na-alag-ringtone-download</loc>
    </url>
    <url>
      <loc>https://mobcup-ringtones.online/adangaatha-asuran-ringtone-download</loc>
    </url>
    <url>
      <loc>https://mobcup-ringtones.online/sambhuraja-shobhato-nandesh-umap-ringtone-download</loc>
    </url>
    <url>
      <loc>https://mobcup-ringtones.online/ae-dil-hai-mushkil-arijit-singh-ringtone-download</loc>
    </url>
    <url>
      <loc>https://mobcup-ringtones.online/bhaskar-pandey-sab-dogale-hai-song-ringtone-download</loc>
    </url>
    <url>
      <loc>https://mobcup-ringtones.online/shikayat-tony-kakkar-fukra-insaan-ringtone-download</loc>
    </url>
    <url>
      <loc>https://mobcup-ringtones.online/tu-hain-toh-neeti-mohan-version-ringtone-download</loc>
    </url>
    <url>
      <loc>https://mobcup-ringtones.online/last-weapon-ringtone-download</loc>
    </url>
    <url>
      <loc>https://mobcup-ringtones.online/dug-dug-aman-jaji-ringtone-download</loc>
    </url>
    <url>
      <loc>https://mobcup-ringtones.online/aise-nai-dekh-pagli-pyar-ho-jitau-ringtone-download</loc>
    </url>
    <url>
      <loc>https://mobcup-ringtones.online/saza-song-akshath-acharya-ringtone-download</loc>
    </url>
    <url>
      <loc>https://mobcup-ringtones.online/kaki-song-ajay-hooda-kavita-joshi-ringtone-download</loc>
    </url>
    <url>
      <loc>https://mobcup-ringtones.online/ki-hoya-b-praak-x-afsana-khan-ringtone-download</loc>
    </url>
    <url>
      <loc>https://mobcup-ringtones.online/sade-dil-te-likhiya-naam-tera-ringtone-download</loc>
    </url>
    <url>
      <loc>https://mobcup-ringtones.online/mera-hanumat-bada-matwala-ringtone-download</loc>
    </url>
    <url>
      <loc>https://mobcup-ringtones.online/pookal-pookum-tharunam-ringtone-download</loc>
    </url>
    <url>
      <loc>https://mobcup-ringtones.online/alaipayuthey-flute-bgm-ringtone-download</loc>
    </url>
    <url>
      <loc>https://mobcup-ringtones.online/kalki-bgm-ringtone-download</loc>
    </url>
    <url>
      <loc>https://mobcup-ringtones.online/mario-bros-cute-message-ringtone-download</loc>
    </url>
    <url>
      <loc>https://mobcup-ringtones.online/on-top-2-karan-aujla-ringtone-download</loc>
    </url>
    <url>
      <loc>https://mobcup-ringtones.online/aasa-kooda-song-instagram-trending-ringtone-download</loc>
    </url>
    <url>
      <loc>https://mobcup-ringtones.online/charlie-bgm-ringtone-download</loc>
    </url>
    <url>
      <loc>https://mobcup-ringtones.online/machakari-sillunu-oru-kadhal-ringtone-download</loc>
    </url>
    <url>
      <loc>https://mobcup-ringtones.online/nadaaniyan-akshath-acharya-ringtone-download</loc>
    </url>
    <url>
      <loc>https://mobcup-ringtones.online/sillunu-oru-kaadhal-instrumental-ringtone-download</loc>
    </url>
    <url>
      <loc>https://mobcup-ringtones.online/kharbuja-pramod-premi-yadav-x-rajnandini-singh-ringtone-download</loc>
    </url>
    <url>
      <loc>https://mobcup-ringtones.online/kaatrodu-pattam-pola-ringtone-download</loc>
    </url>
    <url>
      <loc>https://mobcup-ringtones.online/ebinesare-telugu-song-ringtone-download</loc>
    </url>
    <url>
      <loc>https://mobcup-ringtones.online/greatest-of-all-time-theme-music-bgm-ringtone-download</loc>
    </url>
    <url>
      <loc>https://mobcup-ringtones.online/chinna-chinna-kangal-song-ringtone-download</loc>
    </url>
    <url>
      <loc>https://mobcup-ringtones.online/souraa-song-ringtone-download</loc>
    </url>
    <url>
      <loc>https://mobcup-ringtones.online/7th-sense-ringtones-download</loc>
    </url>
    <url>
      <loc>https://mobcup-ringtones.online/jillunu-oru-kadhal-love-beat-ringtone-download</loc>
    </url>
    <url>
      <loc>https://mobcup-ringtones.online/sukh-kalale-ringtone-download</loc>
    </url>
    <url>
      <loc>https://mobcup-ringtones.online/palomita-iphone-ringtone-download</loc>
    </url>
    <url>
      <loc>https://mobcup-ringtones.online/lifetime-song-khasa-aala-chahar-ringtone-download</loc>
    </url>
    <url>
      <loc>https://mobcup-ringtones.online/ek-baar-bol-old-bengali-song-ringtone-download</loc>
    </url>
    <url>
      <loc>https://mobcup-ringtones.online/bawe-main-check-king-raga-ringtone-download</loc>
    </url>
    <url>
      <loc>https://mobcup-ringtones.online/manchi-rojulu-vachayi-bgm-ringtone-download</loc>
    </url>
    <url>
      <loc>https://mobcup-ringtones.online/iphone-quiet-ringtone-download</loc>
    </url>
    <url>
      <loc>https://mobcup-ringtones.online/anubhabi-song-old-bengali-ringtone-download</loc>
    </url>
    <url>
      <loc>https://mobcup-ringtones.online/rockstar-song-post-malone-21-savage-ringtone-download</loc>
    </url>
    <url>
      <loc>https://mobcup-ringtones.online/janta-darbar-tuntun-yadav-shilpi-raj-ringtone-download</loc>
    </url>
    <url>
      <loc>https://mobcup-ringtones.online/haye-juliet-diljit-dosanjh-jatt-juliet-3-ringtone-download</loc>
    </url>
    <url>
      <loc>https://mobcup-ringtones.online/sita-ram-sita-ram-kahiye-ringtone-download</loc>
    </url>
    <url>
      <loc>https://mobcup-ringtones.online/duniya-mange-apni-murade-ringtone-download</loc>
    </url>
    <url>
      <loc>https://mobcup-ringtones.online/nako-chandra-tare-ringtone-download</loc>
    </url>
    <url>
      <loc>https://mobcup-ringtones.online/lehenga-diljit-dosanjh-ringtone-download</loc>
    </url>
    <url>
      <loc>https://mobcup-ringtones.online/bheede-bheede-suit-armaan-malik-ringtone-download</loc>
    </url>
    <url>
      <loc>https://mobcup-ringtones.online/satnam-waheguru-ringtone-download</loc>
    </url>
    <url>
      <loc>https://mobcup-ringtones.online/bhai-hai-song-fotty-seven-bali-ringtone-download</loc>
    </url>
    <url>
      <loc>https://mobcup-ringtones.online/fouji-balma-song-aman-jaji-ringtone-download</loc>
    </url>
    <url>
      <loc>https://mobcup-ringtones.online/poco-x3-pro-ringtone-download</loc>
    </url>
    <url>
      <loc>https://mobcup-ringtones.online/vrindavan-me-hukum-chale-ringtone-download</loc>
    </url>
    <url>
      <loc>https://mobcup-ringtones.online/radhe-radhe-govinda-ringtone-download</loc>
    </url>
    <url>
      <loc>https://mobcup-ringtones.online/innashtu-bekenna-hrudayakke-rama-ringtone-download</loc>
    </url>
    <url>
      <loc>https://mobcup-ringtones.online/bhajman-radhe-ringtone-download</loc>
    </url>
    <url>
      <loc>https://mobcup-ringtones.online/negativity-song-vikas-karora-ringtone-download</loc>
    </url>
    <url>
      <loc>https://mobcup-ringtones.online/gulabi-gaal-song-saaj-bhatt-ringtone-download</loc>
    </url>
    <url>
      <loc>https://mobcup-ringtones.online/radhe-radhe-ringtone-download-2</loc>
    </url>
    <url>
      <loc>https://mobcup-ringtones.online/re-mai-thali-baitha-gharkya-ne-jahar-jisa-lagu-instagram-viral-ringtone-download</loc>
    </url>
    <url>
      <loc>https://mobcup-ringtones.online/aaj-purnima-suvasinichi-ringtone-download</loc>
    </url>
    <url>
      <loc>https://mobcup-ringtones.online/angaaron-bgm-pushpa-2-ringtone-download</loc>
    </url>
    <url>
      <loc>https://mobcup-ringtones.online/fetish-come-check-this-song-ringtone-download</loc>
    </url>
    <url>
      <loc>https://mobcup-ringtones.online/mirzapur-2-theme-bgm-ringtone-download</loc>
    </url>
    <url>
      <loc>https://mobcup-ringtones.online/kafka-song-amrinder-gill-gurlez-akhtar-ringtone-download</loc>
    </url>
    <url>
      <loc>https://mobcup-ringtones.online/gore-gore-mukhde-pe-ishq-vishk-rebound-ringtone-download</loc>
    </url>
    <url>
      <loc>https://mobcup-ringtones.online/morni-raftaar-x-sukh-e-ringtone-download</loc>
    </url>
    <url>
      <loc>https://mobcup-ringtones.online/gusse-me-pyari-laage-raj-mawar-ringtone-download</loc>
    </url>
    <url>
      <loc>https://mobcup-ringtones.online/tune-meri-jaan-abhi-dekha-na-karishma-ringtone-download</loc>
    </url>
    <url>
      <loc>https://mobcup-ringtones.online/koyal-ringtone-download</loc>
    </url>
    <url>
      <loc>https://mobcup-ringtones.online/ehsas-nahi-tujhko-ringtone-download</loc>
    </url>
    <url>
      <loc>https://mobcup-ringtones.online/pehla-pyaar-tu-hai-armaan-malik-ringtone-download</loc>
    </url>
    <url>
      <loc>https://mobcup-ringtones.online/seedhe-maut-bure-din-ft-mick-jenkins-ringtone-download</loc>
    </url>
    <url>
      <loc>https://mobcup-ringtones.online/name-song-masoom-sharma-haryanvi-ringtone-download</loc>
    </url>
    <url>
      <loc>https://mobcup-ringtones.online/oraye-wala-naikhe-arvind-akela-kallu-shivani-singh-ringtone-download</loc>
    </url>
    <url>
      <loc>https://mobcup-ringtones.online/way-bigger-king-mm-ringtone-download</loc>
    </url>
    <url>
      <loc>https://mobcup-ringtones.online/hmm-nagarjuna-ringtone-download</loc>
    </url>
    <url>
      <loc>https://mobcup-ringtones.online/kitni-sundar-teri-adayein-sabko-hi-bhaye-khatu-shyam-ringtone-download</loc>
    </url>
    <url>
      <loc>https://mobcup-ringtones.online/ab-lena-dena-kya-jahan-se-khatu-shyam-baba-ringtone-download</loc>
    </url>
    <url>
      <loc>https://mobcup-ringtones.online/teen-baan-ke-dhari-teeno-ban-chalao-na-ringtone-download</loc>
    </url>
    <url>
      <loc>https://mobcup-ringtones.online/naina-jo-mile-hai-sarkar-se-ringtone-download</loc>
    </url>
    <url>
      <loc>https://mobcup-ringtones.online/its-all-fading-to-black-xxxtentacion-ringtone-download</loc>
    </url>
    <url>
      <loc>https://mobcup-ringtones.online/hani-hani-manjina-hani-instrumental-ringtone-download</loc>
    </url>
    <url>
      <loc>https://mobcup-ringtones.online/parvati-bhole-shankar-se-ek-din-puchan-lagi-ringtone-download</loc>
    </url>
    <url>
      <loc>https://mobcup-ringtones.online/hey-penne-bgm-ringtone-download</loc>
    </url>
    <url>
      <loc>https://mobcup-ringtones.online/varsham-flute-bgm-ringtone-download</loc>
    </url>
    <url>
      <loc>https://mobcup-ringtones.online/lets-get-it-crunk-upon-ringtone-download</loc>
    </url>
    <url>
      <loc>https://mobcup-ringtones.online/irugapatru-bgm-ringtone-download</loc>
    </url>
    <url>
      <loc>https://mobcup-ringtones.online/en-mudhal-nayagan-nee-song-ringtone-download</loc>
    </url>
    <url>
      <loc>https://mobcup-ringtones.online/deevinchave-samruddiga-song-ringtone-download</loc>
    </url>
    <url>
      <loc>https://mobcup-ringtones.online/ishq-wala-love-instrumental-ringtone-download</loc>
    </url>
    <url>
      <loc>https://mobcup-ringtones.online/skyfall-adele-english-song-ringtone-download</loc>
    </url>
    <url>
      <loc>https://mobcup-ringtones.online/etho-mazhayil-song-ringtone-download</loc>
    </url>
    <url>
      <loc>https://mobcup-ringtones.online/thatha-vararu-song-ringtone-download</loc>
    </url>
    <url>
      <loc>https://mobcup-ringtones.online/nice-bells-phone-ringtone-download</loc>
    </url>
    <url>
      <loc>https://mobcup-ringtones.online/bhairava-anthem-song-kalki-2898-ad-ringtone-download</loc>
    </url>
    <url>
      <loc>https://mobcup-ringtones.online/nooru-varusham-song-ringtone-download</loc>
    </url>
    <url>
      <loc>https://mobcup-ringtones.online/madam-sir-madam-anthe-song-ringtone-download</loc>
    </url>
    <url>
      <loc>https://mobcup-ringtones.online/puthiyoru-lokam-ringtone-download</loc>
    </url>
    <url>
      <loc>https://mobcup-ringtones.online/eid-ka-din-mubarak-ho-eid-mubarak-ringtone-download</loc>
    </url>
    <url>
      <loc>https://mobcup-ringtones.online/illegal-hathiyar-song-elvish-yadav-ringtone-download</loc>
    </url>
    <url>
      <loc>https://mobcup-ringtones.online/brahma-murari-surarchita-lingam-ringtone-download</loc>
    </url>
    <url>
      <loc>https://mobcup-ringtones.online/o-o-jaane-jaana-dhundhe-tujhe-deewana-instrunental-ringtone-download</loc>
    </url>
    <url>
      <loc>https://mobcup-ringtones.online/shoot-me-down-but-i-get-up-ringtone-download</loc>
    </url>
    <url>
      <loc>https://mobcup-ringtones.online/tu-mera-dil-tu-meri-jaan-ringtone-download</loc>
    </url>
    <url>
      <loc>https://mobcup-ringtones.online/titanium-song-david-guetta-ringtone-download</loc>
    </url>
    <url>
      <loc>https://mobcup-ringtones.online/aarambh-hu-mai-prachand-hu-ringtone-download</loc>
    </url>
    <url>
      <loc>https://mobcup-ringtones.online/tum-mile-dil-khile-90s-instrumental-ringtone-download</loc>
    </url>
    <url>
      <loc>https://mobcup-ringtones.online/falak-tu-garaj-tu-kgf-2-ringtone-download</loc>
    </url>
    <url>
      <loc>https://mobcup-ringtones.online/khabi-khan-ninja-ringtone-download</loc>
    </url>
    <url>
      <loc>https://mobcup-ringtones.online/tune-zindagi-mein-aake-90s-instrumental-ringtone-download</loc>
    </url>
    <url>
      <loc>https://mobcup-ringtones.online/humnava-mere-music-ringtone-download</loc>
    </url>
    <url>
      <loc>https://mobcup-ringtones.online/sugga-color-lugga-shilpi-raj-ringtone-download</loc>
    </url>
    <url>
      <loc>https://mobcup-ringtones.online/banaste-dakila-gaja-ringtone-download</loc>
    </url>
    <url>
      <loc>https://mobcup-ringtones.online/high-power-ke-current-dau-re-ringtone-download</loc>
    </url>
    <url>
      <loc>https://mobcup-ringtones.online/lets-celebrate-raja-odia-song-ringtone-download</loc>
    </url>
    <url>
      <loc>https://mobcup-ringtones.online/sajni-lofi-mix-ringtone-download</loc>
    </url>
    <url>
      <loc>https://mobcup-ringtones.online/ilayaraja-bgm-90s-tamil-songs-ringtone-download</loc>
    </url>
    <url>
      <loc>https://mobcup-ringtones.online/aaila-lo-aaila-raja-namita-agrawal-ringtone-download</loc>
    </url>
    <url>
      <loc>https://mobcup-ringtones.online/yarwa-hau-bharti-patnawa-me-ringtone-download</loc>
    </url>
    <url>
      <loc>https://mobcup-ringtones.online/kamariya-ka-jhatka-priyanka-singh-bhojpuri-song-ringtone-download</loc>
    </url>
    <url>
      <loc>https://mobcup-ringtones.online/mun-odia-pua-babul-supriyo-ringtone-download</loc>
    </url>
    <url>
      <loc>https://mobcup-ringtones.online/vaaranam-aayiram-song-ringtone-download</loc>
    </url>
    <url>
      <loc>https://mobcup-ringtones.online/aayega-maza-x-bad-munda-ringtone-download</loc>
    </url>
    <url>
      <loc>https://mobcup-ringtones.online/main-agar-kahoon-instrumental-ringtone-download</loc>
    </url>
    <url>
      <loc>https://mobcup-ringtones.online/mo-pahili-raja-mo-jhoti-muruja-happy-raja-odia-song-ringtone-download</loc>
    </url>
    <url>
      <loc>https://mobcup-ringtones.online/yeh-kaisi-duvidha-hai-ringtone-download</loc>
    </url>
    <url>
      <loc>https://mobcup-ringtones.online/duvidha-song-ringtone-download</loc>
    </url>
    <url>
      <loc>https://mobcup-ringtones.online/vandine-thedum-malayalam-song-ringtone-download</loc>
    </url>
    <url>
      <loc>https://mobcup-ringtones.online/8-asle-song-ringtone-download</loc>
    </url>
    <url>
      <loc>https://mobcup-ringtones.online/pahili-raja-ringtone-download</loc>
    </url>
    <url>
      <loc>https://mobcup-ringtones.online/man-ke-baat-la-man-ma-chhattisgarhi-ringtone-download</loc>
    </url>
    <url>
      <loc>https://mobcup-ringtones.online/tu-jo-mileya-song-ringtone-download</loc>
    </url>
    <url>
      <loc>https://mobcup-ringtones.online/yoru-wo-koero-juby-phonic-ringtone-download</loc>
    </url>
    <url>
      <loc>https://mobcup-ringtones.online/shikayat-song-ringtone-download</loc>
    </url>
    <url>
      <loc>https://mobcup-ringtones.online/blue-mountain-song-ringtone-download</loc>
    </url>
    <url>
      <loc>https://mobcup-ringtones.online/oru-maalai-song-bgm-ringtone-download</loc>
    </url>
    <url>
      <loc>https://mobcup-ringtones.online/sooraj-dooba-hai-yaro-song-ringtone-download</loc>
    </url>
    <url>
      <loc>https://mobcup-ringtones.online/dil-se-dil-tak-song-ringtone-download</loc>
    </url>
    <url>
      <loc>https://mobcup-ringtones.online/ashite-part-1-juby-phonic-ringtone-download</loc>
    </url>
    <url>
      <loc>https://mobcup-ringtones.online/rog-ishq-ka-song-ajay-bhagta-ringtone-download</loc>
    </url>
    <url>
      <loc>https://mobcup-ringtones.online/chhed-milan-ke-geet-instrumental-ringtone-download</loc>
    </url>
    <url>
      <loc>https://mobcup-ringtones.online/pirai-thedum-song-ringtone-download</loc>
    </url>
    <url>
      <loc>https://mobcup-ringtones.online/vazhi-neduga-kattu-malli-song-ringtone-download</loc>
    </url>
    <url>
      <loc>https://mobcup-ringtones.online/desi-kalakaar-song-ringtone-download</loc>
    </url>
    <url>
      <loc>https://mobcup-ringtones.online/leader-movie-instrumental-ringtone-download</loc>
    </url>
    <url>
      <loc>https://mobcup-ringtones.online/sarphira-song-chandu-champion-ringtone-download</loc>
    </url>
    <url>
      <loc>https://mobcup-ringtones.online/nannare-song-ringtone-downloadnannare-song-ringtone-download</loc>
    </url>
    <url>
      <loc>https://mobcup-ringtones.online/sadhu-ji-sitaram-bageshwar-dham-ringtone-download</loc>
    </url>
    <url>
      <loc>https://mobcup-ringtones.online/ye-tune-kya-kiya-song-ringtone-download</loc>
    </url>
    <url>
      <loc>https://mobcup-ringtones.online/taur-sadi-satkar-sandhu-x-jasmeen-akhtar-ringtone-download</loc>
    </url>
    <url>
      <loc>https://mobcup-ringtones.online/vaseegara-song-bgm-ringtone-download</loc>
    </url>
    <url>
      <loc>https://mobcup-ringtones.online/jis-jis-ne-ye-moti-lute-ringtone-download</loc>
    </url>
    <url>
      <loc>https://mobcup-ringtones.online/chot-dil-pe-lagi-song-asees-kaur-ringtone-download</loc>
    </url>
    <url>
      <loc>https://mobcup-ringtones.online/kareena-song-kaur-b-ft-dilpreet-dhillon-ringtone-download</loc>
    </url>
    <url>
      <loc>https://mobcup-ringtones.online/sooseki-bgm-ringtone-download</loc>
    </url>
    <url>
      <loc>https://mobcup-ringtones.online/mirzapur-2-remix-ringtone-download</loc>
    </url>
    <url>
      <loc>https://mobcup-ringtones.online/ballatha-jathi-song-ringtone-download</loc>
    </url>
    <url>
      <loc>https://mobcup-ringtones.online/system-pe-system-song-ringtone-download</loc>
    </url>
    <url>
      <loc>https://mobcup-ringtones.online/sony-ericsson-ringtone-download</loc>
    </url>
    <url>
      <loc>https://mobcup-ringtones.online/ariana-grande-the-boy-is-mine-ringtone-download</loc>
    </url>
    <url>
      <loc>https://mobcup-ringtones.online/come-back-india-bgm-ringtone-download</loc>
    </url>
    <url>
      <loc>https://mobcup-ringtones.online/paisaa-ke-yaar-ringtone-download</loc>
    </url>
    <url>
      <loc>https://mobcup-ringtones.online/aa-gaya-dar-pe-tere-sunai-ho-jaye-swasti-mehul-ringtone-download</loc>
    </url>
    <url>
      <loc>https://mobcup-ringtones.online/oggy-and-the-cockroaches-ringtone-download</loc>
    </url>
    <url>
      <loc>https://mobcup-ringtones.online/lose-yourself-eminem-ringtone-download</loc>
    </url>
    <url>
      <loc>https://mobcup-ringtones.online/jo-made-time-m-khada-mile-aisa-rishtedar-nahi-ringtone-download</loc>
    </url>
    <url>
      <loc>https://mobcup-ringtones.online/ragde-song-r-nait-ringtone-download</loc>
    </url>
    <url>
      <loc>https://mobcup-ringtones.online/tem-tem-ki-baat-suno-kade-changa-hai-kade-mada-hai-ringtone-download</loc>
    </url>
    <url>
      <loc>https://mobcup-ringtones.online/eminem-slim-shady-ringtone-download</loc>
    </url>
    <url>
      <loc>https://mobcup-ringtones.online/hello-movie-bgm-ringtone-download</loc>
    </url>
    <url>
      <loc>https://mobcup-ringtones.online/lou-bega-mambo-no-5-a-little-bit-of-ringtone-download</loc>
    </url>
    <url>
      <loc>https://mobcup-ringtones.online/meri-vinti-yahi-hai-radha-rani-kripa-barsaye-rakhna-ringtone-download</loc>
    </url>
    <url>
      <loc>https://mobcup-ringtones.online/usure-neethane-neethane-ringtone-download</loc>
    </url>
    <url>
      <loc>https://mobcup-ringtones.online/bujji-x-bhairava-kalki-ringtone-download</loc>
    </url>
    <url>
      <loc>https://mobcup-ringtones.online/hare-krishna-ringtone-download</loc>
    </url>
    <url>
      <loc>https://mobcup-ringtones.online/regret-song-gagan-kokri-ringtone-download</loc>
    </url>
    <url>
      <loc>https://mobcup-ringtones.online/ye-kya-baat-hai-aaj-ki-chandni-me-ringtone-download</loc>
    </url>
    <url>
      <loc>https://mobcup-ringtones.online/metamorphosis-phonk-ringtone-download</loc>
    </url>
    <url>
      <loc>https://mobcup-ringtones.online/lautkar-na-kabhi-aaungi-song-ringtone-download</loc>
    </url>
    <url>
      <loc>https://mobcup-ringtones.online/i-phone-13-remix-ringtone-download</loc>
    </url>
    <url>
      <loc>https://mobcup-ringtones.online/school-chale-hum-ringtone-download</loc>
    </url>
    <url>
      <loc>https://mobcup-ringtones.online/still-the-same-king-abhijay-sharma-ringtone-download</loc>
    </url>
    <url>
      <loc>https://mobcup-ringtones.online/high-volume-ringtone-download</loc>
    </url>
    <url>
      <loc>https://mobcup-ringtones.online/suniya-suniya-ringtone-download</loc>
    </url>
    <url>
      <loc>https://mobcup-ringtones.online/un-kai-viralgal-mella-mella-button-song-ringtone-download</loc>
    </url>
    <url>
      <loc>https://mobcup-ringtones.online/ho-suniya-suniya-rata-te-rata-vich-tu-ringtone-download</loc>
    </url>
    <url>
      <loc>https://mobcup-ringtones.online/one-heart-jordan-sandhu-ringtone-download</loc>
    </url>
    <url>
      <loc>https://mobcup-ringtones.online/mangal-bhavan-amangal-hari-ramanand-sagar-ringtone-download</loc>
    </url>
    <url>
      <loc>https://mobcup-ringtones.online/whos-that-girl-ikka-x-guru-randhawa-ringtone-download</loc>
    </url>
    <url>
      <loc>https://mobcup-ringtones.online/wake-up-loud-ringtone-download</loc>
    </url>
    <url>
      <loc>https://mobcup-ringtones.online/kya-hua-song-vishal-mishra-blackout-ringtone-download</loc>
    </url>
    <url>
      <loc>https://mobcup-ringtones.online/indru-netru-naalai-song-instrumental-ringtone-download</loc>
    </url>
    <url>
      <loc>https://mobcup-ringtones.online/believer-imagine-dragons-english-song-ringtone-download</loc>
    </url>
    <url>
      <loc>https://mobcup-ringtones.online/its-100-love-telugu-ringtone-download</loc>
    </url>
    <url>
      <loc>https://mobcup-ringtones.online/adiye-azhage-instrumental-ringtone-download</loc>
    </url>
    <url>
      <loc>https://mobcup-ringtones.online/believe-rock-song-ringtone-download</loc>
    </url>
    <url>
      <loc>https://mobcup-ringtones.online/yanji-song-tamil-bgm-ringtone-download</loc>
    </url>
    <url>
      <loc>https://mobcup-ringtones.online/soodhu-kavvum-bgm-ringtone-download</loc>
    </url>
    <url>
      <loc>https://mobcup-ringtones.online/paruthiveeran-song-tamil-melody-ringtone-download</loc>
    </url>
    <url>
      <loc>https://mobcup-ringtones.online/indru-netru-naalai-song-ringtone-download</loc>
    </url>
    <url>
      <loc>https://mobcup-ringtones.online/ve-din-bi-cha-bawali-julfya-m-hath-gumav-cho-ringtone-download</loc>
    </url>
    <url>
      <loc>https://mobcup-ringtones.online/chilgadi-ban-ke-udungi-tere-sath-ringtone-download</loc>
    </url>
    <url>
      <loc>https://mobcup-ringtones.online/100-love-telugu-ringtone-download</loc>
    </url>
    <url>
      <loc>https://mobcup-ringtones.online/ve-kamleya-lofi-mix-ringtone-download</loc>
    </url>
    <url>
      <loc>https://mobcup-ringtones.online/tumhari-nazron-mein-humne-dekha-lofi-ringtone-download</loc>
    </url>
    <url>
      <loc>https://mobcup-ringtones.online/mann-ki-khushi-krishna-bhajan-ringtone-download</loc>
    </url>
    <url>
      <loc>https://mobcup-ringtones.online/leja-leja-leja-raja-dulhan-bana-ke-ringtone-download</loc>
    </url>
    <url>
      <loc>https://mobcup-ringtones.online/mahesh-vanzara-badshah-no-birthday-ringtone-download</loc>
    </url>
    <url>
      <loc>https://mobcup-ringtones.online/ansh-tiwari-bhaukal-hamesa-jari-hai-ringtone-download</loc>
    </url>
    <url>
      <loc>https://mobcup-ringtones.online/sathi-mere-tere-bina-tere-bina-ramji-o-ramji-ringtone-download</loc>
    </url>
    <url>
      <loc>https://mobcup-ringtones.online/chale-to-kat-hi-jaye-ga-rap-mix-musarrat-nazir-x-bohemia-x-divine-ringtone-download</loc>
    </url>
    <url>
      <loc>https://mobcup-ringtones.online/yadav-ka-sikka-remix-ringtone-download</loc>
    </url>
    <url>
      <loc>https://mobcup-ringtones.online/up-to-u-dhanda-nyoliwala-ringtone-download</loc>
    </url>
    <url>
      <loc>https://mobcup-ringtones.online/maalak-song-instagram-trending-ringtone-download</loc>
    </url>
    <url>
      <loc>https://mobcup-ringtones.online/do-dil-mani-bhawanigarh-ringtone-download</loc>
    </url>
    <url>
      <loc>https://mobcup-ringtones.online/rabb-wangu-jass-manak-ringtone-download</loc>
    </url>
    <url>
      <loc>https://mobcup-ringtones.online/garda-bihar-me-tuntun-yadav-prabha-raj-ringtone-download</loc>
    </url>
    <url>
      <loc>https://mobcup-ringtones.online/mar-dihe-goli-sir-me-tuntun-yadav-khushi-kakkar-ringtone-download</loc>
    </url>
    <url>
      <loc>https://mobcup-ringtones.online/kehu-jaat-pat-puchhe-kehu-aukat-puche-song-ringtone-download</loc>
    </url>
    <url>
      <loc>https://mobcup-ringtones.online/meri-duniya-mera-beta-hai-ringtone-download</loc>
    </url>
    <url>
      <loc>https://mobcup-ringtones.online/chaal-mummy-mama-ke-vacation-trip-ringtone-download</loc>
    </url>
    <url>
      <loc>https://mobcup-ringtones.online/main-ishq-likhoon-tujhe-ho-jaaye-ringtone-download</loc>
    </url>
    <url>
      <loc>https://mobcup-ringtones.online/dil-ne-dil-ko-pukara-remix-ringtone-download</loc>
    </url>
    <url>
      <loc>https://mobcup-ringtones.online/kho-jaana-sachet-tandon-parampara-ringtone-download</loc>
    </url>
    <url>
      <loc>https://mobcup-ringtones.online/hikk-de-naal-manavgeet-gill-ringtone-download</loc>
    </url>
    <url>
      <loc>https://mobcup-ringtones.online/roya-jab-tu-song-vishal-mishra-ringtone-download</loc>
    </url>
    <url>
      <loc>https://mobcup-ringtones.online/tawada-kapil-jangir-ringtone-download</loc>
    </url>
    <url>
      <loc>https://mobcup-ringtones.online/circle-song-shooter-kahlon-ringtone-download</loc>
    </url>
    <url>
      <loc>https://mobcup-ringtones.online/zara-faasley-te-satinder-sartaaj-ringtone-download</loc>
    </url>
    <url>
      <loc>https://mobcup-ringtones.online/black-magic-song-arjun-bajwa-ringtone-download</loc>
    </url>
    <url>
      <loc>https://mobcup-ringtones.online/hind-ke-sitara-ringtone-download</loc>
    </url>
    <url>
      <loc>https://mobcup-ringtones.online/padayappa-bgm-ringtone-download</loc>
    </url>
    <url>
      <loc>https://mobcup-ringtones.online/ek-purana-mausam-lauta-song-jagjit-singh-ringtone-download</loc>
    </url>
    <url>
      <loc>https://mobcup-ringtones.online/phiroon-dhoondta-maikadah-tauba-tauba-ringtone-download</loc>
    </url>
    <url>
      <loc>https://mobcup-ringtones.online/tu-tuta-sada-dil-jod-de-ranjit-rana-ringtone-download</loc>
    </url>
    <url>
      <loc>https://mobcup-ringtones.online/mood-of-andhra-hello-ap-bye-bye-ycp-ringtone-download</loc>
    </url>
    <url>
      <loc>https://mobcup-ringtones.online/theme-of-shiva-music-ringtone-download</loc>
    </url>
    <url>
      <loc>https://mobcup-ringtones.online/swaad-darling-diler-kharkiya-ringtone-download</loc>
    </url>
    <url>
      <loc>https://mobcup-ringtones.online/theme-of-shiva-ringtone-download</loc>
    </url>
    <url>
      <loc>https://mobcup-ringtones.online/teri-nazron-se-pi-hai-khuda-ki-kasam-ringtone-download</loc>
    </url>
    <url>
      <loc>https://mobcup-ringtones.online/iphone-14-marimba-ringtone-download</loc>
    </url>
    <url>
      <loc>https://mobcup-ringtones.online/ek-raasta-hai-zindagi-kishore-kumar-lata-mangeshkar-ringtone-download</loc>
    </url>
    <url>
      <loc>https://mobcup-ringtones.online/meherbaan-hai-rab-bada-ringtone-download</loc>
    </url>
    <url>
      <loc>https://mobcup-ringtones.online/mat-kar-maya-ko-ahankar-ringtone-download</loc>
    </url>
    <url>
      <loc>https://mobcup-ringtones.online/goat-shit-king-x-karma-ringtone-download</loc>
    </url>
    <url>
      <loc>https://mobcup-ringtones.online/tere-warge-nahi-ringtone-download</loc>
    </url>
    <url>
      <loc>https://mobcup-ringtones.online/ye-barsaat-bhi-kab-thame-kon-jane-ringtone-download</loc>
    </url>
    <url>
      <loc>https://mobcup-ringtones.online/tere-nazdik-hovan-layi-bahane-ringtone-download</loc>
    </url>
    <url>
      <loc>https://mobcup-ringtones.online/panchayat-season-3-instrumental-ringtone-download</loc>
    </url>
    <url>
      <loc>https://mobcup-ringtones.online/aath-saal-ka-tha-pyar-instagram-reel-ringtone-download</loc>
    </url>
    <url>
      <loc>https://mobcup-ringtones.online/ke-fer-sohna-v-ki-sohna-je-tera-khwaab-na-aave-ringtone-download</loc>
    </url>
    <url>
      <loc>https://mobcup-ringtones.online/jagga-jatt-diljit-dosanjh-ringtone-download</loc>
    </url>
    <url>
      <loc>https://mobcup-ringtones.online/tut-gayi-khat-pardeep-jandli-ringtone-download</loc>
    </url>
    <url>
      <loc>https://mobcup-ringtones.online/aankhya-mai-barood-bharya-ringtone-download</loc>
    </url>
    <url>
      <loc>https://mobcup-ringtones.online/rinkiya-ke-papa-panchayat-ringtone-download</loc>
    </url>
    <url>
      <loc>https://mobcup-ringtones.online/zaalima-dystinct-shreya-ghoshal-ringtone-download</loc>
    </url>
    <url>
      <loc>https://mobcup-ringtones.online/eminem-houdini-song-ringtone-download</loc>
    </url>
    <url>
      <loc>https://mobcup-ringtones.online/hass-ho-giya-pari-pandher-ringtone-download</loc>
    </url>
    <url>
      <loc>https://mobcup-ringtones.online/gajab-ka-roop-tera-tut-gayi-khat-ringtone-download</loc>
    </url>
    <url>
      <loc>https://mobcup-ringtones.online/ishqan-de-rog-deep-chambal-ringtone-download</loc>
    </url>
    <url>
      <loc>https://mobcup-ringtones.online/auron-mein-kahan-dum-tha-ajay-devgn-ringtone-download</loc>
    </url>
    <url>
      <loc>https://mobcup-ringtones.online/ishq-tere-ne-mat-marti-meri-ve-sajna-ringtone-download</loc>
    </url>
    <url>
      <loc>https://mobcup-ringtones.online/hamari-adhuri-kahani-ringtone-download</loc>
    </url>
    <url>
      <loc>https://mobcup-ringtones.online/tera-banta-tha-k-tu-dushman-ho-ali-zaryoun-ringtone-download</loc>
    </url>
    <url>
      <loc>https://mobcup-ringtones.online/dong-ding-x-dose-of-love-ringtone-download</loc>
    </url>
    <url>
      <loc>https://mobcup-ringtones.online/dil-tute-na-jude-dobara-vinu-gaur-ringtone-download</loc>
    </url>
    <url>
      <loc>https://mobcup-ringtones.online/dermi-cool-raja-ji-indu-sonali-bhojpuri-ringtone-download</loc>
    </url>
    <url>
      <loc>https://mobcup-ringtones.online/ammy-chahar-we-are-jat-ringtone-download</loc>
    </url>
    <url>
      <loc>https://mobcup-ringtones.online/agle-janam-ch-fer-milange-ringtone-download</loc>
    </url>
    <url>
      <loc>https://mobcup-ringtones.online/banna-ac-lagawa-do-rashmi-aroda-ringtone-download</loc>
    </url>
    <url>
      <loc>https://mobcup-ringtones.online/jana-padega-shamshan-instagram-viral-ringtone-download</loc>
    </url>
    <url>
      <loc>https://mobcup-ringtones.online/har-lamha-karu-haske-ringtone-download</loc>
    </url>
    <url>
      <loc>https://mobcup-ringtones.online/toote-koi-taara-agar-manga-main-teri-khair-ringtone-download</loc>
    </url>
    <url>
      <loc>https://mobcup-ringtones.online/je-main-rab-hunda-diljit-dosanjh-ringtone-download</loc>
    </url>
    <url>
      <loc>https://mobcup-ringtones.online/roshni-chamki-khuda-aaya-jaani-shayari-ringtone-download</loc>
    </url>
    <url>
      <loc>https://mobcup-ringtones.online/labbaik-allahumma-labbaik-ringtone-download</loc>
    </url>
    <url>
      <loc>https://mobcup-ringtones.online/jar-kotha-vebe-shihoron-ringtone-download</loc>
    </url>
    <url>
      <loc>https://mobcup-ringtones.online/harsh-likhari-never-fold-never-back-down-tribute-to-sidhu-moosewala-ringtone-download</loc>
    </url>
    <url>
      <loc>https://mobcup-ringtones.online/arsa-raka-ringtone-download</loc>
    </url>
    <url>
      <loc>https://mobcup-ringtones.online/tu-hai-champion-ringtone-download</loc>
    </url>
    <url>
      <loc>https://mobcup-ringtones.online/piya-re-song-b-praak-ringtone-download</loc>
    </url>
    <url>
      <loc>https://mobcup-ringtones.online/bhalobashar-morshum-shreya-ghoshal-ringtone-download</loc>
    </url>
    <url>
      <loc>https://mobcup-ringtones.online/ishq-da-rang-song-ringtone-download</loc>
    </url>
    <url>
      <loc>https://mobcup-ringtones.online/savi-vada-humse-karo-song-ringtone-download</loc>
    </url>
    <url>
      <loc>https://mobcup-ringtones.online/rm-groin-official-mv-ringtone-download</loc>
    </url>
    <url>
      <loc>https://mobcup-ringtones.online/soni-soni-song-ishq-vishk-rebound-ringtone-download</loc>
    </url>
    <url>
      <loc>https://mobcup-ringtones.online/rajini-ejamaan-bgm-90s-tamil-songs-ringtone-download</loc>
    </url>
    <url>
      <loc>https://mobcup-ringtones.online/iski-bhen-ki-maje-maje-preet-sandhu-ringtone-download</loc>
    </url>
    <url>
      <loc>https://mobcup-ringtones.online/rm-lost-official-mv-ringtone-download</loc>
    </url>
    <url>
      <loc>https://mobcup-ringtones.online/tu-juliet-jatt-di-diljit-dosanjh-ringtone-download</loc>
    </url>
    <url>
      <loc>https://mobcup-ringtones.online/naan-mahaan-alla-bgm-90s-tamil-songs-ringtone-download</loc>
    </url>
    <url>
      <loc>https://mobcup-ringtones.online/inkem-inkem-flute-ringtone-download</loc>
    </url>
    <url>
      <loc>https://mobcup-ringtones.online/kya-tumhe-yaad-hai-instrumental-ringtone-download</loc>
    </url>
    <url>
      <loc>https://mobcup-ringtones.online/dekhne-walon-ne-kya-kya-nahi-dekha-hoga-ringtone-download</loc>
    </url>
    <url>
      <loc>https://mobcup-ringtones.online/lichi-le-la-ho-song-khushi-kakkar-bhojpuri-ringtone-download</loc>
    </url>
    <url>
      <loc>https://mobcup-ringtones.online/luka-le-tor-chehra-la-ringtone-download</loc>
    </url>
    <url>
      <loc>https://mobcup-ringtones.online/ehsaas-ho-tyag-samarpan-ka-bhakti-ringtone-download</loc>
    </url>
    <url>
      <loc>https://mobcup-ringtones.online/doin-it-remix-ringtone-download</loc>
    </url>
    <url>
      <loc>https://mobcup-ringtones.online/chatti-pe-goli-song-ringtone-download</loc>
    </url>
    <url>
      <loc>https://mobcup-ringtones.online/lying-together-song-ringtone-download</loc>
    </url>
    <url>
      <loc>https://mobcup-ringtones.online/aranmanai-kili-bgm-90s-tamil-songs-ringtone-download</loc>
    </url>
    <url>
      <loc>https://mobcup-ringtones.online/imagine-dragons-just-a-young-gun-ringtone-download</loc>
    </url>
    <url>
      <loc>https://mobcup-ringtones.online/hoga-tumse-pyara-kaun-ringtone-download</loc>
    </url>
    <url>
      <loc>https://mobcup-ringtones.online/sath-tera-mangda-ni-instagram-viral-ringtone-download</loc>
    </url>
    <url>
      <loc>https://mobcup-ringtones.online/jaan-ke-bhulekhe-satinder-sartaaj-ringtone-download</loc>
    </url>
    <url>
      <loc>https://mobcup-ringtones.online/chandrachooda-ft-raghu-ringtone-download</loc>
    </url>
    <url>
      <loc>https://mobcup-ringtones.online/hotline-bling-remix-ringtone-download</loc>
    </url>
    <url>
      <loc>https://mobcup-ringtones.online/kheti-parmish-verma-ringtone-download</loc>
    </url>
    <url>
      <loc>https://mobcup-ringtones.online/kahe-tose-sajna-x-sajna-ve-sajna-ringtone-download</loc>
    </url>
    <url>
      <loc>https://mobcup-ringtones.online/hotline-bling-x-inkem-inkem-ringtone-download</loc>
    </url>
    <url>
      <loc>https://mobcup-ringtones.online/kahe-tose-sajna-ye-tohri-sajaniya-sachet-parampara-ringtone-download</loc>
    </url>
    <url>
      <loc>https://mobcup-ringtones.online/bazaar-band-song-deep-sra-gurlez-akhtar-ringtone-download</loc>
    </url>
    <url>
      <loc>https://mobcup-ringtones.online/taare-chandra-brar-ringtone-download</loc>
    </url>
    <url>
      <loc>https://mobcup-ringtones.online/aisa-hoga-kalyug-narci-ringtone-download</loc>
    </url>
    <url>
      <loc>https://mobcup-ringtones.online/tumhari-chup-aur-hamara-lehja-atif-aslam-ringtone-download</loc>
    </url>
    <url>
      <loc>https://mobcup-ringtones.online/pagal-song-babbu-maan-guru-randhawa-ringtone-download</loc>
    </url>
    <url>
      <loc>https://mobcup-ringtones.online/last-weapon-ninja-ringtone-download</loc>
    </url>
    <url>
      <loc>https://mobcup-ringtones.online/nazara-song-khasa-aala-chahar-ringtone-download</loc>
    </url>
    <url>
      <loc>https://mobcup-ringtones.online/nyo-nyo-nyo-song-gnl-zamba-ringtone-download</loc>
    </url>
    <url>
      <loc>https://mobcup-ringtones.online/sumit-parta-jaat-song-ringtone-download</loc>
    </url>
    <url>
      <loc>https://mobcup-ringtones.online/bujji-theme-music-ringtone-download</loc>
    </url>
    <url>
      <loc>https://mobcup-ringtones.online/matha-garam-song-dg-immortals-x-raga-ringtone-download</loc>
    </url>
    <url>
      <loc>https://mobcup-ringtones.online/gumma-song-ringtone-download</loc>
    </url>
    <url>
      <loc>https://mobcup-ringtones.online/thara-paisa-thari-daulat-song-ringtone-download</loc>
    </url>
    <url>
      <loc>https://mobcup-ringtones.online/manmadhane-nee-song-ringtone-download</loc>
    </url>
    <url>
      <loc>https://mobcup-ringtones.online/judaa-3-title-track-amrinder-gill-ringtone-download</loc>
    </url>
    <url>
      <loc>https://mobcup-ringtones.online/acho-acho-achacho-song-ringtone-download</loc>
    </url>
    <url>
      <loc>https://mobcup-ringtones.online/unakkum-enakkum-movie-love-bgm-ringtone-download</loc>
    </url>
    <url>
      <loc>https://mobcup-ringtones.online/nenjukulle-innarunnu-song-ringtone-download</loc>
    </url>
    <url>
      <loc>https://mobcup-ringtones.online/news-xxxtentacion-first-song-ringtone-download</loc>
    </url>
    <url>
      <loc>https://mobcup-ringtones.online/that-girl-song-amrinder-gill-ringtone-download</loc>
    </url>
    <url>
      <loc>https://mobcup-ringtones.online/introducing-bujji-bgm-kalki-2898-ad-prabhas-ringtone-download</loc>
    </url>
    <url>
      <loc>https://mobcup-ringtones.online/kalki-2898-ad-prabhas-bgm-ringtone-download</loc>
    </url>
    <url>
      <loc>https://mobcup-ringtones.online/bhatara-ke-saman-song-awadhesh-premi-yadav-bhojpuri-ringtone-download</loc>
    </url>
    <url>
      <loc>https://mobcup-ringtones.online/teri-meri-prem-kahani-instrumental-ringtone-download</loc>
    </url>
    <url>
      <loc>https://mobcup-ringtones.online/un-kai-viralgal-ringtone-download</loc>
    </url>
    <url>
      <loc>https://mobcup-ringtones.online/angaaron-ka-amber-sa-pushpa-2-the-rule-ringtone-download</loc>
    </url>
    <url>
      <loc>https://mobcup-ringtones.online/house-of-lies-song-ikka-x-karan-aujla-ringtone-download</loc>
    </url>
    <url>
      <loc>https://mobcup-ringtones.online/saade-pind-khan-bhaini-ringtone-download</loc>
    </url>
    <url>
      <loc>https://mobcup-ringtones.online/ghagra-sara-rara-raj-mawar-ruchika-jangid-ringtone-download</loc>
    </url>
    <url>
      <loc>https://mobcup-ringtones.online/nakhro-song-ndee-kundu-ringtone-download</loc>
    </url>
    <url>
      <loc>https://mobcup-ringtones.online/vada-chennai-bgm-ringtone-download</loc>
    </url>
    <url>
      <loc>https://mobcup-ringtones.online/jinni-sohni-song-gagan-likhari-ringtone-download</loc>
    </url>
    <url>
      <loc>https://mobcup-ringtones.online/khokhe-mankirt-aulakh-simar-kaur-ringtone-download</loc>
    </url>
    <url>
      <loc>https://mobcup-ringtones.online/mangal-murti-ram-dulare-dj-remix-soft-bass-ringtone-download</loc>
    </url>
    <url>
      <loc>https://mobcup-ringtones.online/like-this-rajvir-jawanda-ringtone-download</loc>
    </url>
    <url>
      <loc>https://mobcup-ringtones.online/amma-pade-jola-pata-song-ringtone-download</loc>
    </url>
    <url>
      <loc>https://mobcup-ringtones.online/muskurane-ki-wajah-tum-ho-ringtone-download</loc>
    </url>
    <url>
      <loc>https://mobcup-ringtones.online/check-kar-2-0-parmish-verma-ringtone-download</loc>
    </url>
    <url>
      <loc>https://mobcup-ringtones.online/qaal-gulab-sidhu-ringtone-download</loc>
    </url>
    <url>
      <loc>https://mobcup-ringtones.online/snap-gurlez-akhtar-x-cheema-y-ringtone-download</loc>
    </url>
    <url>
      <loc>https://mobcup-ringtones.online/emiway-bantai-independent-song-ringtone-download</loc>
    </url>
    <url>
      <loc>https://mobcup-ringtones.online/sunakhi-song-miss-pooja-ringtone-download</loc>
    </url>
    <url>
      <loc>https://mobcup-ringtones.online/o-sajni-re-lofi-version-ringtone-download</loc>
    </url>
    <url>
      <loc>https://mobcup-ringtones.online/bhai-log-korala-maan-gurlej-akhter-ringtone-download</loc>
    </url>
    <url>
      <loc>https://mobcup-ringtones.online/chandu-champion-trailer-bgm-ringtone-download</loc>
    </url>
    <url>
      <loc>https://mobcup-ringtones.online/ishq-vishk-pyaar-vyaar-ishq-vishk-rebound-ringtone-download</loc>
    </url>
    <url>
      <loc>https://mobcup-ringtones.online/jaat-ni-honde-song-kp-kundu-ringtone-download</loc>
    </url>
    <url>
      <loc>https://mobcup-ringtones.online/tere-bina-garry-sandhu-ft-miss-pooja-ringtone-download</loc>
    </url>
    <url>
      <loc>https://mobcup-ringtones.online/mirai-the-black-sword-glimpse-ringtone-download</loc>
    </url>
    <url>
      <loc>https://mobcup-ringtones.online/awara-hoon-trap-mix-bohemia-x-mukesh-ringtone-download</loc>
    </url>
    <url>
      <loc>https://mobcup-ringtones.online/pehla-tere-nain-mai-dekhe-fer-dekhya-tenu-ni-ringtone-download</loc>
    </url>
    <url>
      <loc>https://mobcup-ringtones.online/og-ringtone-download</loc>
    </url>
    <url>
      <loc>https://mobcup-ringtones.online/agar-ho-tum-to-darna-kya-jubin-nautiyal-ringtone-download</loc>
    </url>
    <url>
      <loc>https://mobcup-ringtones.online/phonk-ringtone-download</loc>
    </url>
    <url>
      <loc>https://mobcup-ringtones.online/fear-song-devara-ringtone-download</loc>
    </url>
    <url>
      <loc>https://mobcup-ringtones.online/janasena-ringtone-download</loc>
    </url>
    <url>
      <loc>https://mobcup-ringtones.online/nishana-tula-dislana-ringtone-download</loc>
    </url>
    <url>
      <loc>https://mobcup-ringtones.online/naraz-na-hua-karo-humse-sachet-parampara-ringtone-download</loc>
    </url>
    <url>
      <loc>https://mobcup-ringtones.online/titli-song-satinder-sartaaj-ringtone-download</loc>
    </url>
    <url>
      <loc>https://mobcup-ringtones.online/dandelions-x-subanallah-ringtone-download</loc>
    </url>
    <url>
      <loc>https://mobcup-ringtones.online/chhiya-chhiya-x-pyara-kaun-ringtone-download</loc>
    </url>
    <url>
      <loc>https://mobcup-ringtones.online/mind-zara-cool-kar-instagram-reel-ringtone-download</loc>
    </url>
    <url>
      <loc>https://mobcup-ringtones.online/sawe-akhiyan-de-beh-ja-sajna-ringtone-download</loc>
    </url>
    <url>
      <loc>https://mobcup-ringtones.online/one-time-jeena-yaara-ringtone-download</loc>
    </url>
    <url>
      <loc>https://mobcup-ringtones.online/dil-tujhe-pukare-aaja-song-ringtone-download</loc>
    </url>
    <url>
      <loc>https://mobcup-ringtones.online/saiyaan-hatto-jaao-ringtone-download</loc>
    </url>
    <url>
      <loc>https://mobcup-ringtones.online/preme-pore-jai-rubel-khandokar-ringtone-download</loc>
    </url>
    <url>
      <loc>https://mobcup-ringtones.online/tumhe-jaan-se-mar-dennge-usi-din-ringtone-download</loc>
    </url>
    <url>
      <loc>https://mobcup-ringtones.online/tera-naam-ledeya-roshan-prince-ringtone-download</loc>
    </url>
    <url>
      <loc>https://mobcup-ringtones.online/gumsum-gumsum-rahat-fateh-ali-khan-ringtone-download</loc>
    </url>
    <url>
      <loc>https://mobcup-ringtones.online/jai-janak-nandini-jagat-vandini-ringtone-download</loc>
    </url>
    <url>
      <loc>https://mobcup-ringtones.online/tu-dur-na-hona-shambhu-slowed-reverb-ringtone-download</loc>
    </url>
    <url>
      <loc>https://mobcup-ringtones.online/when-we-were-stars-ringtone-download</loc>
    </url>
    <url>
      <loc>https://mobcup-ringtones.online/melliname-melliname-song-flute-bgm-ringtone-download</loc>
    </url>
    <url>
      <loc>https://mobcup-ringtones.online/sare-tare-tod-le-aau-tujhko-mai-itna-chahu-ringtone-download</loc>
    </url>
    <url>
      <loc>https://mobcup-ringtones.online/devara-glimpse-ringtone-download</loc>
    </url>
    <url>
      <loc>https://mobcup-ringtones.online/nee-paartha-vizhigal-x-oru-kili-oru-kili-bgm-ringtone-download</loc>
    </url>
    <url>
      <loc>https://mobcup-ringtones.online/maalan-song-ranvir-kundu-ringtone-download</loc>
    </url>
    <url>
      <loc>https://mobcup-ringtones.online/counting-stars-one-republic-ringtone-download</loc>
    </url>
    <url>
      <loc>https://mobcup-ringtones.online/all-hail-the-tiger-bgm-ringtone-download</loc>
    </url>
    <url>
      <loc>https://mobcup-ringtones.online/mera-dil-ye-pukare-aaja-baabarr-mudacer-ringtone-download</loc>
    </url>
    <url>
      <loc>https://mobcup-ringtones.online/yaaran-di-jugni-vadda-grewal-x-raka-x-flop-likhari-ringtone-download</loc>
    </url>
    <url>
      <loc>https://mobcup-ringtones.online/shubh-mvp-ringtone-download</loc>
    </url>
    <url>
      <loc>https://mobcup-ringtones.online/nee-singam-dhan-ringtone-download</loc>
    </url>
    <url>
      <loc>https://mobcup-ringtones.online/savi-humdum-song-vishal-mishra-ringtone-download</loc>
    </url>
    <url>
      <loc>https://mobcup-ringtones.online/meri-duniya-luti-tu-juda-ho-gaya-baabarr-mudacer-ringtone-download</loc>
    </url>
    <url>
      <loc>https://mobcup-ringtones.online/antha-aagayam-song-ringtone-download</loc>
    </url>
    <url>
      <loc>https://mobcup-ringtones.online/tere-bina-lagda-na-jee-ve-mundeya-garry-sandhu-ringtone-download</loc>
    </url>
    <url>
      <loc>https://mobcup-ringtones.online/jeena-sikha-de-arijit-singh-shrikanth-ringtone-download</loc>
    </url>
    <url>
      <loc>https://mobcup-ringtones.online/aukaat-song-kaka-ringtone-download</loc>
    </url>
    <url>
      <loc>https://mobcup-ringtones.online/alaipayuthey-bgm-ringtone-download-2</loc>
    </url>
    <url>
      <loc>https://mobcup-ringtones.online/doriye-song-varun-jain-nikhita-gandhi-ringtone-download</loc>
    </url>
    <url>
      <loc>https://mobcup-ringtones.online/panchayat-bgm-ringtone-download</loc>
    </url>
    <url>
      <loc>https://mobcup-ringtones.online/nikk-ve-yaara-song-ringtone-download</loc>
    </url>
    <url>
      <loc>https://mobcup-ringtones.online/appa-unga-madiyila-appa-song-ringtone-download</loc>
    </url>
    <url>
      <loc>https://mobcup-ringtones.online/dhandho-munawar-x-spectra-mp3-download</loc>
    </url>
    <url>
      <loc>https://mobcup-ringtones.online/dekha-tenu-pehli-pehli-baar-ve-ringtone-download</loc>
    </url>
    <url>
      <loc>https://mobcup-ringtones.online/rathamaarey-ringtone-download</loc>
    </url>
    <url>
      <loc>https://mobcup-ringtones.online/winning-speech-song-karan-aujla-ringtone-download</loc>
    </url>
    <url>
      <loc>https://mobcup-ringtones.online/raule-song-gulab-sidhu-ringtone-download</loc>
    </url>
    <url>
      <loc>https://mobcup-ringtones.online/eni-sohni-nai-song-chandra-brar-x-mixsingh-ringtone-download</loc>
    </url>
    <url>
      <loc>https://mobcup-ringtones.online/dekhha-tenu-mr-mrs-mahi-ringtone-download</loc>
    </url>
    <url>
      <loc>https://mobcup-ringtones.online/sigma-x-iphone-ringtone-download</loc>
    </url>
    <url>
      <loc>https://mobcup-ringtones.online/i-movie-bgm-ringtone-download</loc>
    </url>
    <url>
      <loc>https://mobcup-ringtones.online/iphone-14-pro-max-trap-remix-ringtone-download</loc>
    </url>
    <url>
      <loc>https://mobcup-ringtones.online/ghungroo-song-sachet-parampara-ringtone-download</loc>
    </url>
    <url>
      <loc>https://mobcup-ringtones.online/puche-jo-mujhse-kahani-meri-shuddhi-ringtone-download</loc>
    </url>
    <url>
      <loc>https://mobcup-ringtones.online/siya-ram-ke-kaaj-saware-ringtone-download</loc>
    </url>
    <url>
      <loc>https://mobcup-ringtones.online/baguntundi-nuvvu-navvithe-ringtone-download</loc>
    </url>
    <url>
      <loc>https://mobcup-ringtones.online/tu-maaro-dariyo-song-b-praak-gujarati-ringtone-download</loc>
    </url>
    <url>
      <loc>https://mobcup-ringtones.online/metamorphosis-ringtone-download</loc>
    </url>
    <url>
      <loc>https://mobcup-ringtones.online/jack-sparrow-flute-ringtone-download</loc>
    </url>
    <url>
      <loc>https://mobcup-ringtones.online/main-tenu-samjhawan-ki-bansuri-ringtone-download</loc>
    </url>
    <url>
      <loc>https://mobcup-ringtones.online/njaanum-neeyum-malayalam-romantic-ringtone-download</loc>
    </url>
    <url>
      <loc>https://mobcup-ringtones.online/pirates-of-the-caribbean-remix-ringtone-download</loc>
    </url>
    <url>
      <loc>https://mobcup-ringtones.online/iphone-x-shape-of-you-ringtone-download</loc>
    </url>
    <url>
      <loc>https://mobcup-ringtones.online/himmat-sandhu-qatil-surma-song-ringtone-download</loc>
    </url>
    <url>
      <loc>https://mobcup-ringtones.online/kompa-frozy-slowed-reverb-ringtone-download</loc>
    </url>
    <url>
      <loc>https://mobcup-ringtones.online/tumi-norom-phuler-gaan-arijit-singh-bengali-ringtone-download</loc>
    </url>
    <url>
      <loc>https://mobcup-ringtones.online/tum-kya-mile-flute-cover-instrumental-ringtone-download</loc>
    </url>
    <url>
      <loc>https://mobcup-ringtones.online/bam-lahiri-song-kailash-kher-ringtone-download</loc>
    </url>
    <url>
      <loc>https://mobcup-ringtones.online/iphone-15-message-tone-ting-ringtone-download</loc>
    </url>
    <url>
      <loc>https://mobcup-ringtones.online/hari-ka-dhyan-laga-man-mere-bhakti-ringtone-download</loc>
    </url>
    <url>
      <loc>https://mobcup-ringtones.online/ting-iphone-message-tone-ringtone-download-2</loc>
    </url>
    <url>
      <loc>https://mobcup-ringtones.online/va-va-en-devathaye-instrumental-ringtone-download</loc>
    </url>
    <url>
      <loc>https://mobcup-ringtones.online/main-gira-hoya-banda-jama-nich-baliye-ringtone-download</loc>
    </url>
    <url>
      <loc>https://mobcup-ringtones.online/agar-tum-mil-jao-instrumental-ringtone-download</loc>
    </url>
    <url>
      <loc>https://mobcup-ringtones.online/bagad-bam-bam-ringtone-download</loc>
    </url>
    <url>
      <loc>https://mobcup-ringtones.online/om-tryambakam-yajamahe-shiv-bhakti-ringtone-download</loc>
    </url>
    <url>
      <loc>https://mobcup-ringtones.online/thana-pranale-neevani-song-ringtone-download</loc>
    </url>
    <url>
      <loc>https://mobcup-ringtones.online/jako-rakhe-saiyan-instagram-viral-ringtone-download</loc>
    </url>
    <url>
      <loc>https://mobcup-ringtones.online/baitha-reh-song-prabh-gill-ringtone-download</loc>
    </url>
    <url>
      <loc>https://mobcup-ringtones.online/teen-baan-ke-dhari-song-ringtone-download</loc>
    </url>
    <url>
      <loc>https://mobcup-ringtones.online/mockingbird-instrumental-ringtone-download</loc>
    </url>
    <url>
      <loc>https://mobcup-ringtones.online/salamat-rahe-dostana-hamara-ringtone-download</loc>
    </url>
    <url>
      <loc>https://mobcup-ringtones.online/amma-song-oke-oka-jeevitham-ringtone-download</loc>
    </url>
    <url>
      <loc>https://mobcup-ringtones.online/mockingbird-eminem-ringtone-download</loc>
    </url>
    <url>
      <loc>https://mobcup-ringtones.online/mockingbird-marimba-instrument-iphone-ringtone-download</loc>
    </url>
    <url>
      <loc>https://mobcup-ringtones.online/jo-guzrey-they-tere-sang-ringtone-download</loc>
    </url>
    <url>
      <loc>https://mobcup-ringtones.online/jo-bana-tha-ek-saathi-ringtone-download</loc>
    </url>
    <url>
      <loc>https://mobcup-ringtones.online/jinne-aa-peer-paigambar-maaye-tu-sab-da-rutba-ringtone-download</loc>
    </url>
    <url>
      <loc>https://mobcup-ringtones.online/official-mv-rm-come-back-to-me-song-ringtone-download</loc>
    </url>
    <url>
      <loc>https://mobcup-ringtones.online/ud-gya-mai-panchi-banke-aana-tere-hath-nahi-ringtone-download</loc>
    </url>
    <url>
      <loc>https://mobcup-ringtones.online/baje-re-baje-dhol-ar-dhak-bengali-song-ringtone-download</loc>
    </url>
    <url>
      <loc>https://mobcup-ringtones.online/meri-dekh-ke-chadhai-pachtavgi-ringtone-download</loc>
    </url>
    <url>
      <loc>https://mobcup-ringtones.online/jai-jai-bajrang-bali-ringtone-download</loc>
    </url>
    <url>
      <loc>https://mobcup-ringtones.online/tere-kale-dil-te-bhi-kali-aaj-leke-aaya-gadi-re-ringtone-download</loc>
    </url>
    <url>
      <loc>https://mobcup-ringtones.online/smokin-love-phone-call-ringtone-download</loc>
    </url>
    <url>
      <loc>https://mobcup-ringtones.online/mahabali-maha-yodha-maha-sant-tum-ho-ringtone-download</loc>
    </url>
    <url>
      <loc>https://mobcup-ringtones.online/rab-bhi-maa-jealous-kar-de-maa-song-r-nait-ringtone-download</loc>
    </url>
    <url>
      <loc>https://mobcup-ringtones.online/meri-maa-mumma-ringtone-download</loc>
    </url>
    <url>
      <loc>https://mobcup-ringtones.online/mahamrityunjay-mantra-anuradha-paudwal-ringtone-download</loc>
    </url>
    <url>
      <loc>https://mobcup-ringtones.online/tring-tring-phone-call-ringtone-download</loc>
    </url>
    <url>
      <loc>https://mobcup-ringtones.online/aasa-patta-ellathayum-song-ringtone-download</loc>
    </url>
    <url>
      <loc>https://mobcup-ringtones.online/mamta-ke-mandir-ki-hai-tu-sabse-pyari-murat-ringtone-download</loc>
    </url>
    <url>
      <loc>https://mobcup-ringtones.online/amma-amma-nee-vennela-song-ringtone-download</loc>
    </url>
    <url>
      <loc>https://mobcup-ringtones.online/o-sajni-re-ringtone-download</loc>
    </url>
    <url>
      <loc>https://mobcup-ringtones.online/samajh-kar-chand-jisko-romantic-ringtone-download</loc>
    </url>
    <url>
      <loc>https://mobcup-ringtones.online/tu-kitni-achhi-hai-ringtone-download</loc>
    </url>
    <url>
      <loc>https://mobcup-ringtones.online/tu-mala-anguracha-ringtone-download</loc>
    </url>
    <url>
      <loc>https://mobcup-ringtones.online/sadhi-bholi-mazi-aai-song-ringtone-download</loc>
    </url>
    <url>
      <loc>https://mobcup-ringtones.online/chaudhavi-shab-ko-kaha-chand-ki-dhalta-hai-ringtone-download</loc>
    </url>
    <url>
      <loc>https://mobcup-ringtones.online/one-love-for-the-mothers-pride-blue-ringtone-download</loc>
    </url>
    <url>
      <loc>https://mobcup-ringtones.online/amma-ani-kothaga-song-ringtone-download</loc>
    </url>
    <url>
      <loc>https://mobcup-ringtones.online/janam-janam-tu-hi-mere-paas-maa-ringtone-download</loc>
    </url>
    <url>
      <loc>https://mobcup-ringtones.online/nooru-samigal-pichaikkaran-ringtone-download</loc>
    </url>
    <url>
      <loc>https://mobcup-ringtones.online/kayi-wari-bapu-wangu-dear-mama-ringtone-download</loc>
    </url>
    <url>
      <loc>https://mobcup-ringtones.online/sidhu-moose-wala-maa-song-ringtone-download</loc>
    </url>
    <url>
      <loc>https://mobcup-ringtones.online/khamma-ghani-song-ringtone-download</loc>
    </url>
    <url>
      <loc>https://mobcup-ringtones.online/maa-main-tere-warga-aa-sidhu-moose-wala-ringtone-download</loc>
    </url>
    <url>
      <loc>https://mobcup-ringtones.online/kiss-me-baby-x-ada-ringtone-download</loc>
    </url>
    <url>
      <loc>https://mobcup-ringtones.online/chehre-pe-taro-ka-naya-noor-hai-allah-allah-ringtone-download</loc>
    </url>
    <url>
      <loc>https://mobcup-ringtones.online/banke-tera-saya-ringtone-download</loc>
    </url>
    <url>
      <loc>https://mobcup-ringtones.online/ios-cute-message-ringtone-download</loc>
    </url>
    <url>
      <loc>https://mobcup-ringtones.online/sofia-iphone-ringtone-download-tamil</loc>
    </url>
    <url>
      <loc>https://mobcup-ringtones.online/halki-si-jhalak-jo-payi-qawwali-ringtone-download</loc>
    </url>
    <url>
      <loc>https://mobcup-ringtones.online/allah-allah-tarif-teri-allah-allah-qawwali-ringtone-download</loc>
    </url>
    <url>
      <loc>https://mobcup-ringtones.online/uff-yeh-nakhra-garam-masala-instagram-viral-ringtone-download</loc>
    </url>
    <url>
      <loc>https://mobcup-ringtones.online/in-love-song-guru-randhawa-x-raja-kumari-ringtone-download</loc>
    </url>
    <url>
      <loc>https://mobcup-ringtones.online/kalalu-kallara-chusanule-song-ringtone-download</loc>
    </url>
    <url>
      <loc>https://mobcup-ringtones.online/all-eyes-on-me-dj-belite-ringtone-download</loc>
    </url>
    <url>
      <loc>https://mobcup-ringtones.online/ios-7-pre-iphone-x-iphone-ringtone-download</loc>
    </url>
    <url>
      <loc>https://mobcup-ringtones.online/nokia-soulful-ringtone-download</loc>
    </url>
    <url>
      <loc>https://mobcup-ringtones.online/paapa-paattu-sid-sriram-veetla-vishesham-ringtone-download</loc>
    </url>
    <url>
      <loc>https://mobcup-ringtones.online/nooru-kovil-veetla-vishesham-ringtone-download</loc>
    </url>
    <url>
      <loc>https://mobcup-ringtones.online/ios-1-6-marimba-iphone-ringtone-download</loc>
    </url>
    <url>
      <loc>https://mobcup-ringtones.online/pop-hits-marathi-romantic-song-ringtone-download</loc>
    </url>
    <url>
      <loc>https://mobcup-ringtones.online/ios-11-iphone-x-plus-iphone-ringtone-download</loc>
    </url>
    <url>
      <loc>https://mobcup-ringtones.online/desia-ka-desi-hai-style-haryanvi-song-ringtone-download</loc>
    </url>
    <url>
      <loc>https://mobcup-ringtones.online/goin-off-song-karan-aujla-ringtone-download</loc>
    </url>
    <url>
      <loc>https://mobcup-ringtones.online/jhumka-tohre-kan-ke-ringtone-download</loc>
    </url>
    <url>
      <loc>https://mobcup-ringtones.online/addicted-tegi-pannu-ringtone-download</loc>
    </url>
    <url>
      <loc>https://mobcup-ringtones.online/thug-life-kamal-haasan-bgm-ringtone-download</loc>
    </url>
    <url>
      <loc>https://mobcup-ringtones.online/khamma-ghani-kd-desirock-music-ringtone-download</loc>
    </url>
    <url>
      <loc>https://mobcup-ringtones.online/jyoti-nooran-paon-ki-jutti-song-ringtone-download</loc>
    </url>
    <url>
      <loc>https://mobcup-ringtones.online/ladki-tu-kamaal-ki-andre-russell-palak-muchhal-ringtone-download</loc>
    </url>
    <url>
      <loc>https://mobcup-ringtones.online/laara-nirvair-pannu-ringtone-download</loc>
    </url>
    <url>
      <loc>https://mobcup-ringtones.online/bail-pe-song-loka-kaam-bhaari-ringtone-download</loc>
    </url>
    <url>
      <loc>https://mobcup-ringtones.online/horse-stick-song-baani-sandhu-ringtone-download</loc>
    </url>
    <url>
      <loc>https://mobcup-ringtones.online/thara-paisa-thari-daulat-thari-gaadi-thara-naam-jaani-ringtone-download</loc>
    </url>
    <url>
      <loc>https://mobcup-ringtones.online/hello-ap-bye-bye-ycp-ringtone-download</loc>
    </url>
    <url>
      <loc>https://mobcup-ringtones.online/ki-dasaan-ishqe-chon-ki-khateya-ringtone-download</loc>
    </url>
    <url>
      <loc>https://mobcup-ringtones.online/ego-killer-dhanda-nyoliwala-ringtone-download</loc>
    </url>
    <url>
      <loc>https://mobcup-ringtones.online/jai-radhe-jai-radhe-ringtone-download</loc>
    </url>
    <url>
      <loc>https://mobcup-ringtones.online/lehnga-lya-de-gujrati-ringtone-download</loc>
    </url>
    <url>
      <loc>https://mobcup-ringtones.online/jai-sri-krishna-song-ringtone-download</loc>
    </url>
    <url>
      <loc>https://mobcup-ringtones.online/rana-thari-sun-dakal-ne-akbar-dhujo-jaay-ringtone-download</loc>
    </url>
    <url>
      <loc>https://mobcup-ringtones.online/he-shankar-swayam-kesari-nandan-mai-tujhko-pukar-raha-ringtone-download</loc>
    </url>
    <url>
      <loc>https://mobcup-ringtones.online/jai-shri-krishna-bolo-jai-radhe-ringtone-download</loc>
    </url>
    <url>
      <loc>https://mobcup-ringtones.online/yaadon-se-kahdo-jake-koi-ringtone-download</loc>
    </url>
    <url>
      <loc>https://mobcup-ringtones.online/darbadar-song-b-praak-ringtone-download</loc>
    </url>
    <url>
      <loc>https://mobcup-ringtones.online/naraazgi-song-balraj-ringtone-download</loc>
    </url>
    <url>
      <loc>https://mobcup-ringtones.online/asht-siddhi-nav-nidhi-ke-data-ringtone-download</loc>
    </url>
    <url>
      <loc>https://mobcup-ringtones.online/jabse-tumko-dekha-hanumat-tera-hi-bas-ho-gaya-ringtone-download</loc>
    </url>
    <url>
      <loc>https://mobcup-ringtones.online/jagan-agenda-song-ringtone-download</loc>
    </url>
    <url>
      <loc>https://mobcup-ringtones.online/mere-bajrangbali-ringtone-download</loc>
    </url>
    <url>
      <loc>https://mobcup-ringtones.online/love-bin-kahe-stripped-ringtone-download</loc>
    </url>
    <url>
      <loc>https://mobcup-ringtones.online/dar-dar-bhatak-raha-hu-baba-manzil-na-mujhe-mil-rahi-ringtone-download</loc>
    </url>
    <url>
      <loc>https://mobcup-ringtones.online/terian-mohabbtan-song-gippy-grewal-ringtone-download</loc>
    </url>
    <url>
      <loc>https://mobcup-ringtones.online/wahala-nandy-x-khanyisa-x-ziibeats-ringtone-download</loc>
    </url>
    <url>
      <loc>https://mobcup-ringtones.online/apni-palko-mein-mujhko-chupaya-hai-love-song-ringtone-download</loc>
    </url>
    <url>
      <loc>https://mobcup-ringtones.online/koka-mundeya-jassie-gill-kiran-bajwa-ringtone-download</loc>
    </url>
    <url>
      <loc>https://mobcup-ringtones.online/chamkila-song-happy-raikoti-ringtone-download</loc>
    </url>
    <url>
      <loc>https://mobcup-ringtones.online/love-you-jaat-ajay-hooda-ringtone-download</loc>
    </url>
    <url>
      <loc>https://mobcup-ringtones.online/suno-krishna-pyaare-swati-mishra-bhakti-song-ringtone-download</loc>
    </url>
    <url>
      <loc>https://mobcup-ringtones.online/hare-krishna-hare-krishna-bhakti-song-ringtone-download</loc>
    </url>
    <url>
      <loc>https://mobcup-ringtones.online/raja-rani-instrumental-ringtone-download</loc>
    </url>
    <url>
      <loc>https://mobcup-ringtones.online/gokula-krishna-gopala-krishna-radha-krishna-ringtone-download</loc>
    </url>
    <url>
      <loc>https://mobcup-ringtones.online/krishna-to-hai-pyare-pyare-ringtone-download</loc>
    </url>
    <url>
      <loc>https://mobcup-ringtones.online/mohammad-nabina-new-naat-ringtone-download</loc>
    </url>
    <url>
      <loc>https://mobcup-ringtones.online/ek-duje-ke-dil-me-apna-ghr-banana-hai-ringtone-download</loc>
    </url>
    <url>
      <loc>https://mobcup-ringtones.online/pura-nasha-mein-aaj-raat-baat-ho-instagram-viral-ringtone-download</loc>
    </url>
    <url>
      <loc>https://mobcup-ringtones.online/sanchawa-ke-sanchal-shaririya-ringtone-download</loc>
    </url>
    <url>
      <loc>https://mobcup-ringtones.online/suno-na-song-arjun-kanungo-ringtone-download</loc>
    </url>
    <url>
      <loc>https://mobcup-ringtones.online/thak-jayega-jab-raho-me-jis-path-pe-chala-ringtone-download</loc>
    </url>
    <url>
      <loc>https://mobcup-ringtones.online/chand-taron-mein-udit-naryan-ringtone-download</loc>
    </url>
    <url>
      <loc>https://mobcup-ringtones.online/o-sajni-re-laapataa-ladies-ringtone-download</loc>
    </url>
    <url>
      <loc>https://mobcup-ringtones.online/quick-style-mwaki-ringtone-download</loc>
    </url>
    <url>
      <loc>https://mobcup-ringtones.online/tadap-tadap-song-ringtone-download</loc>
    </url>
    <url>
      <loc>https://mobcup-ringtones.online/pehle-lalkare-naal-main-dar-gai-trap-mix-ringtone-download</loc>
    </url>
    <url>
      <loc>https://mobcup-ringtones.online/radha-2-ghor-sanatani-ringtone-download</loc>
    </url>
    <url>
      <loc>https://mobcup-ringtones.online/hey-mahaveer-slowed-reverb-lovenish-khatri-ringtone-download</loc>
    </url>
    <url>
      <loc>https://mobcup-ringtones.online/baitha-reh-prabh-gill-ringtone-download</loc>
    </url>
    <url>
      <loc>https://mobcup-ringtones.online/mera-saaya-sachet-parampara-ringtone-download</loc>
    </url>
    <url>
      <loc>https://mobcup-ringtones.online/ruki-sukhi-roti-shankar-mahadevan-alka-yagnik-ringtone-download</loc>
    </url>
    <url>
      <loc>https://mobcup-ringtones.online/tino-lok-tera-ujiyara-ringtone-download</loc>
    </url>
    <url>
      <loc>https://mobcup-ringtones.online/epic-hanuman-chalisa-agam-aggarwal-ringtone-download</loc>
    </url>
    <url>
      <loc>https://mobcup-ringtones.online/mangal-murti-ram-dulare-slowed-ringtone-download</loc>
    </url>
    <url>
      <loc>https://mobcup-ringtones.online/sadgi-to-hamari-zara-dekhiye-kabul-bukhari-ringtone-download</loc>
    </url>
    <url>
      <loc>https://mobcup-ringtones.online/gal-pyaar-di-song-jugraj-sandhu-ringtone-download</loc>
    </url>
    <url>
      <loc>https://mobcup-ringtones.online/pistol-pe-loan-ringtone-download</loc>
    </url>
    <url>
      <loc>https://mobcup-ringtones.online/ram-krishna-hari-bhajan-ringtone-download</loc>
    </url>
    <url>
      <loc>https://mobcup-ringtones.online/redmi-ringtone-download</loc>
    </url>
    <url>
      <loc>https://mobcup-ringtones.online/karinkali-karinkaliyalle-ringtone-download</loc>
    </url>
    <url>
      <loc>https://mobcup-ringtones.online/thaa-thaa-song-dilnoor-ringtone-download</loc>
    </url>
    <url>
      <loc>https://mobcup-ringtones.online/welcome-to-the-party-dola-re-ringtone-download</loc>
    </url>
    <url>
      <loc>https://mobcup-ringtones.online/tu-hai-kahan-ringtone-download-2</loc>
    </url>
    <url>
      <loc>https://mobcup-ringtones.online/bairan-begani-music-ringtone-download</loc>
    </url>
    <url>
      <loc>https://mobcup-ringtones.online/moto-notification-motorola-ringtone-download</loc>
    </url>
    <url>
      <loc>https://mobcup-ringtones.online/the-weeknd-starboy-bgm-ringtone-download</loc>
    </url>
    <url>
      <loc>https://mobcup-ringtones.online/ruthega-na-mujhse-mere-sathiya-ringtone-download</loc>
    </url>
    <url>
      <loc>https://mobcup-ringtones.online/baarishon-mein-bhigi-chidiya-jaise-pushpa-2-telugu-ringtone-download</loc>
    </url>
    <url>
      <loc>https://mobcup-ringtones.online/namami-shamishan-instagram-trending-ringtone-download</loc>
    </url>
    <url>
      <loc>https://mobcup-ringtones.online/jesus-telugu-music-ringtone-download</loc>
    </url>
    <url>
      <loc>https://mobcup-ringtones.online/traag-song-bizzey-ringtone-download</loc>
    </url>
    <url>
      <loc>https://mobcup-ringtones.online/ungli-pakad-ke-mothers-day-2024-ringtone-download</loc>
    </url>
    <url>
      <loc>https://mobcup-ringtones.online/dhokha-song-arijit-singh-ringtone-download</loc>
    </url>
    <url>
      <loc>https://mobcup-ringtones.online/heeriye-heeriye-aa-arijit-singh-love-song-ringtone-download</loc>
    </url>
    <url>
      <loc>https://mobcup-ringtones.online/pushpa-pushpa-pushpa-raj-pushpa-2-telugu-ringtone-download</loc>
    </url>
    <url>
      <loc>https://mobcup-ringtones.online/dadhi-pe-jo-hath-phere-saari-duniya-hile-pushpa-2-movie-telugu-ringtone-download</loc>
    </url>
    <url>
      <loc>https://mobcup-ringtones.online/rabba-song-furteela-jassie-gill-ringtone-download</loc>
    </url>
    <url>
      <loc>https://mobcup-ringtones.online/sankat-mochan-hanuman-ashtak-ajay-tiwari-ringtone-download</loc>
    </url>
    <url>
      <loc>https://mobcup-ringtones.online/sanghe-khelal-jai-sanghe-rahal-jai-ringtone-download</loc>
    </url>
    <url>
      <loc>https://mobcup-ringtones.online/bujh-patlo-bgm-ringtone-download</loc>
    </url>
    <url>
      <loc>https://mobcup-ringtones.online/heer-di-ammi-gurnam-bhullar-ringtone-download</loc>
    </url>
    <url>
      <loc>https://mobcup-ringtones.online/dost-banke-rahat-fateh-ali-khan-x-gurnazar-ringtone-download</loc>
    </url>
    <url>
      <loc>https://mobcup-ringtones.online/romeo-shivjot-ringtone-download</loc>
    </url>
    <url>
      <loc>https://mobcup-ringtones.online/bado-badi-instagram-viral-ringtone-download</loc>
    </url>
    <url>
      <loc>https://mobcup-ringtones.online/behte-hai-na-behte-hain-na-ringtone-download</loc>
    </url>
    <url>
      <loc>https://mobcup-ringtones.online/jay-jay-maharashtra-majha-ringtone-download</loc>
    </url>
    <url>
      <loc>https://mobcup-ringtones.online/aruhi-bibas-music-ringtone-download</loc>
    </url>
    <url>
      <loc>https://mobcup-ringtones.online/let-go-song-jassa-dhillon-ringtone-download</loc>
    </url>
    <url>
      <loc>https://mobcup-ringtones.online/kamm-kaar-song-loena-kaur-ringtone-download</loc>
    </url>
    <url>
      <loc>https://mobcup-ringtones.online/veera-dheera-sooran-bgm-ringtone-download</loc>
    </url>
    <url>
      <loc>https://mobcup-ringtones.online/chitta-chitta-rang-tera-goriye-ammy-chahar-ringtone-download</loc>
    </url>
    <url>
      <loc>https://mobcup-ringtones.online/kuchh-mang-rahi-hu-tumse-shreya-ghoshal-ringtone-download</loc>
    </url>
    <url>
      <loc>https://mobcup-ringtones.online/tumhe-hi-apna-maana-hai-ringtone-download</loc>
    </url>
    <url>
      <loc>https://mobcup-ringtones.online/kaliyaan-rattan-ranjit-bawa-ringtone-download</loc>
    </url>
    <url>
      <loc>https://mobcup-ringtones.online/main-na-jaanu-kyu-jubin-nautiyal-ringtone-download</loc>
    </url>
    <url>
      <loc>https://mobcup-ringtones.online/pushpa-pushpa-pushpa-2-allu-arjun-ringtone-download</loc>
    </url>
    <url>
      <loc>https://mobcup-ringtones.online/the-love-bug-has-bitten-ringtone-download</loc>
    </url>
    <url>
      <loc>https://mobcup-ringtones.online/subhanallah-ringtone-download</loc>
    </url>
    <url>
      <loc>https://mobcup-ringtones.online/phir-kabhi-instrumental-ringtone-download</loc>
    </url>
    <url>
      <loc>https://mobcup-ringtones.online/cat-ringtone-ringtone-download</loc>
    </url>
    <url>
      <loc>https://mobcup-ringtones.online/nee-partha-vizhigal-x-oru-kili-ringtone-download</loc>
    </url>
    <url>
      <loc>https://mobcup-ringtones.online/disco-shinda-shinda-no-papa-ringtone-download</loc>
    </url>
    <url>
      <loc>https://mobcup-ringtones.online/stay-with-me-goblin-instrumental-ringtone-download</loc>
    </url>
    <url>
      <loc>https://mobcup-ringtones.online/nyabagam-song-varshangalkku-shesham-ringtone-download</loc>
    </url>
    <url>
      <loc>https://mobcup-ringtones.online/phir-kabhi-song-arijit-singh-ringtone-download</loc>
    </url>
    <url>
      <loc>https://mobcup-ringtones.online/padi-padi-leche-manasu-song-ringtone-download</loc>
    </url>
    <url>
      <loc>https://mobcup-ringtones.online/om-muruga-murugan-songs-ringtone-download</loc>
    </url>
    <url>
      <loc>https://mobcup-ringtones.online/money-heist-iphone-remix-ringtone-download</loc>
    </url>
    <url>
      <loc>https://mobcup-ringtones.online/frozy-kompa-ringtone-download</loc>
    </url>
    <url>
      <loc>https://mobcup-ringtones.online/o-mahi-o-mahi-ringtone-download</loc>
    </url>
    <url>
      <loc>https://mobcup-ringtones.online/siya-ram-ringtone-download</loc>
    </url>
    <url>
      <loc>https://mobcup-ringtones.online/selaiyila-veedu-kattava-ringtone-download</loc>
    </url>
    <url>
      <loc>https://mobcup-ringtones.online/pankh-hote-to-ud-aati-re-instrumental-ringtone-download</loc>
    </url>
    <url>
      <loc>https://mobcup-ringtones.online/jai-bhim-babasaheb-ambedkar-bgm-ringtone-download</loc>
    </url>
    <url>
      <loc>https://mobcup-ringtones.online/kompa-ringtone-download</loc>
    </url>
    <url>
      <loc>https://mobcup-ringtones.online/pankh-hote-to-ud-aati-re-song-ringtone-download</loc>
    </url>
    <url>
      <loc>https://mobcup-ringtones.online/taare-gurnam-bhullar-ringtone-download</loc>
    </url>
    <url>
      <loc>https://mobcup-ringtones.online/woah-song-ashu-sidhu-legha-ringtone-download</loc>
    </url>
    <url>
      <loc>https://mobcup-ringtones.online/jaa-sajna-song-kamal-khan-parahuna-2-ringtone-download</loc>
    </url>
    <url>
      <loc>https://mobcup-ringtones.online/mohammed-saad-heart-touching-islamic-ringtone-download</loc>
    </url>
    <url>
      <loc>https://mobcup-ringtones.online/dark-jack-ameen-x-dev-ocean-ringtone-download</loc>
    </url>
    <url>
      <loc>https://mobcup-ringtones.online/nada-dering-wa-viral-ringtone-download</loc>
    </url>
    <url>
      <loc>https://mobcup-ringtones.online/teri-meri-jodi-sumit-parta-ringtone-download</loc>
    </url>
    <url>
      <loc>https://mobcup-ringtones.online/kashtiyan-dhunde-hain-kinare-ringtone-download</loc>
    </url>
    <url>
      <loc>https://mobcup-ringtones.online/kinna-pyar-karan-shipra-goyal-r-nait-ringtone-download</loc>
    </url>
    <url>
      <loc>https://mobcup-ringtones.online/ambaadi-payyukal-flute-music-ringtone-download</loc>
    </url>
    <url>
      <loc>https://mobcup-ringtones.online/pyar-ishq-mohabbat-gurnam-bhullar-ringtone-download</loc>
    </url>
    <url>
      <loc>https://mobcup-ringtones.online/better-alone-jashan-grewal-ringtone-download</loc>
    </url>
    <url>
      <loc>https://mobcup-ringtones.online/liggi-ritviz-ringtone-download</loc>
    </url>
    <url>
      <loc>https://mobcup-ringtones.online/o-mere-humnava-song-sonu-nigam-ringtone-download</loc>
    </url>
    <url>
      <loc>https://mobcup-ringtones.online/tujhse-pyaar-hai-tushar-joshi-ringtone-download</loc>
    </url>
    <url>
      <loc>https://mobcup-ringtones.online/pucho-na-mujhse-kahani-meri-kaifi-khalil-ringtone-download</loc>
    </url>
    <url>
      <loc>https://mobcup-ringtones.online/gilli-bgm-ringtone-download</loc>
    </url>
    <url>
      <loc>https://mobcup-ringtones.online/asi-kalle-hi-change-aa-ringtone-download</loc>
    </url>
    <url>
      <loc>https://mobcup-ringtones.online/playboy-song-lopon-sidhu-ringtone-download</loc>
    </url>
    <url>
      <loc>https://mobcup-ringtones.online/ki-lagda-song-raka-ringtone-download</loc>
    </url>
    <url>
      <loc>https://mobcup-ringtones.online/night-owl-apple-iphone-ringtone-download</loc>
    </url>
    <url>
      <loc>https://mobcup-ringtones.online/feeling-proud-indian-army-instrumental-ringtone-download</loc>
    </url>
    <url>
      <loc>https://mobcup-ringtones.online/vip-bgm-ringtone-download</loc>
    </url>
    <url>
      <loc>https://mobcup-ringtones.online/illuminati-song-ringtone-download</loc>
    </url>
    <url>
      <loc>https://mobcup-ringtones.online/enna-solla-pogirai-bgm-ringtone-download</loc>
    </url>
    <url>
      <loc>https://mobcup-ringtones.online/nada-dering-wa-keren-lucu-ringtone-download</loc>
    </url>
    <url>
      <loc>https://mobcup-ringtones.online/bala-vanangaan-teaser-bgm-ringtone-download</loc>
    </url>
    <url>
      <loc>https://mobcup-ringtones.online/etho-priyaraagam-mooli-njan-instrumental-ringtone-download</loc>
    </url>
    <url>
      <loc>https://mobcup-ringtones.online/sunrise-theme-vip-ringtone-download</loc>
    </url>
    <url>
      <loc>https://mobcup-ringtones.online/nada-dering-wa-notification-ringtone-download</loc>
    </url>
    <url>
      <loc>https://mobcup-ringtones.online/kanmoodi-thirakumbothu-remix-song-ringtone-download</loc>
    </url>
    <url>
      <loc>https://mobcup-ringtones.online/mankatha-bgm-ringtone-download</loc>
    </url>
    <url>
      <loc>https://mobcup-ringtones.online/pachai-kiligal-tholodu-ringtone-download</loc>
    </url>
    <url>
      <loc>https://mobcup-ringtones.online/aashirwad-mange-pawanva-ringtone-download</loc>
    </url>
    <url>
      <loc>https://mobcup-ringtones.online/mella-mella-ennai-thottu-ringtone-download</loc>
    </url>
    <url>
      <loc>https://mobcup-ringtones.online/namami-shamishan-song-ringtone-download</loc>
    </url>
    <url>
      <loc>https://mobcup-ringtones.online/tu-ek-din-meri-jagah-reh-ke-dekh-le-ringtone-download</loc>
    </url>
    <url>
      <loc>https://mobcup-ringtones.online/baitikochi-chuste-ringtone-download</loc>
    </url>
    <url>
      <loc>https://mobcup-ringtones.online/number-82-song-sad-ringtone-download</loc>
    </url>
    <url>
      <loc>https://mobcup-ringtones.online/agg-banke-song-harsh-likhari-ringtone-download</loc>
    </url>
    <url>
      <loc>https://mobcup-ringtones.online/has-has-mitho-jag-me-bolno-marwadi-ringtone-download</loc>
    </url>
    <url>
      <loc>https://mobcup-ringtones.online/binjari-ye-hans-hans-bol-marwadi-ringtone-download</loc>
    </url>
    <url>
      <loc>https://mobcup-ringtones.online/feel-the-music-instrumental-ringtone-download</loc>
    </url>
    <url>
      <loc>https://mobcup-ringtones.online/galliyan-flute-ringtone-download</loc>
    </url>
    <url>
      <loc>https://mobcup-ringtones.online/o-jane-jana-instrumental-ringtone-download</loc>
    </url>
    <url>
      <loc>https://mobcup-ringtones.online/divya-drishti-song-deevoy-singh-ringtone-download</loc>
    </url>
    <url>
      <loc>https://mobcup-ringtones.online/kaali-chunni-song-ringtone-download</loc>
    </url>
    <url>
      <loc>https://mobcup-ringtones.online/chotila-ri-dharti-pyari-lage-om-banna-marwadi-ringtone-download</loc>
    </url>
    <url>
      <loc>https://mobcup-ringtones.online/we-have-a-dream-instrumental-ringtone-download</loc>
    </url>
    <url>
      <loc>https://mobcup-ringtones.online/tujh-bin-song-ringtone-download</loc>
    </url>
    <url>
      <loc>https://mobcup-ringtones.online/baagh-ka-kareja-song-ringtone-download</loc>
    </url>
    <url>
      <loc>https://mobcup-ringtones.online/pedro-pedro-marimba-ringtone-download</loc>
    </url>
    <url>
      <loc>https://mobcup-ringtones.online/haye-meri-heere-marwadi-song-ringtone-download</loc>
    </url>
    <url>
      <loc>https://mobcup-ringtones.online/tabadley-satinder-sartaaj-ringtone-download</loc>
    </url>
    <url>
      <loc>https://mobcup-ringtones.online/coolie-disco-ringtone-download</loc>
    </url>
    <url>
      <loc>https://mobcup-ringtones.online/coolie-thalaivar-171-bgm-ringtone-download</loc>
    </url>
    <url>
      <loc>https://mobcup-ringtones.online/mhare-hiwda-mein-song-marwadi-ringtone-download</loc>
    </url>
    <url>
      <loc>https://mobcup-ringtones.online/kamar-gol-wali-chahi-bhojpuri-song-ringtone-download</loc>
    </url>
    <url>
      <loc>https://mobcup-ringtones.online/shri-krishna-govind-hare-murari-jubin-nautiyal-ringtone-download</loc>
    </url>
    <url>
      <loc>https://mobcup-ringtones.online/kali-hoodie-bohemia-ringtone-download</loc>
    </url>
    <url>
      <loc>https://mobcup-ringtones.online/mutiyaar-jasmeen-akhtar-ringtone-download</loc>
    </url>
    <url>
      <loc>https://mobcup-ringtones.online/unskippable-song-jordan-sandhu-ringtone-download</loc>
    </url>
    <url>
      <loc>https://mobcup-ringtones.online/zico-spot-ft-jennie-ringtone-download</loc>
    </url>
    <url>
      <loc>https://mobcup-ringtones.online/bumpa-song-king-jason-derulo-ringtone-download</loc>
    </url>
    <url>
      <loc>https://mobcup-ringtones.online/daler-song-varinder-brar-ringtone-download</loc>
    </url>
    <url>
      <loc>https://mobcup-ringtones.online/tere-naal-bhid-gayi-khajuri-akh-ni-gur-sidhu-ringtone-download</loc>
    </url>
    <url>
      <loc>https://mobcup-ringtones.online/jiya-lage-na-song-shilpa-rao-mohit-chauhan-ringtone-download</loc>
    </url>
    <url>
      <loc>https://mobcup-ringtones.online/iphone-guitar-apple-ringtone-download</loc>
    </url>
    <url>
      <loc>https://mobcup-ringtones.online/mainu-vida-karo-ringtone-download</loc>
    </url>
    <url>
      <loc>https://mobcup-ringtones.online/gulab-karan-randhawa-ringtone-download</loc>
    </url>
    <url>
      <loc>https://mobcup-ringtones.online/heeriye-ringtone-download</loc>
    </url>
    <url>
      <loc>https://mobcup-ringtones.online/kitni-hasrat-hai-rapkid-arfat-ringtone-download</loc>
    </url>
    <url>
      <loc>https://mobcup-ringtones.online/mera-bhai-tu-ringtone-download</loc>
    </url>
    <url>
      <loc>https://mobcup-ringtones.online/shadow-gagan-likhari-ringtone-download</loc>
    </url>
    <url>
      <loc>https://mobcup-ringtones.online/janaki-kalaganaledu-song-ringtone-download</loc>
    </url>
    <url>
      <loc>https://mobcup-ringtones.online/jane-man-jane-ada-ho-tum-rapkid-arfat-ringtone-download</loc>
    </url>
    <url>
      <loc>https://mobcup-ringtones.online/meri-zindagi-hai-tu-song-jubin-nautiyal-ringtone-download</loc>
    </url>
    <url>
      <loc>https://mobcup-ringtones.online/bebe-bapu-harsh-likhari-ringtone-download</loc>
    </url>
    <url>
      <loc>https://mobcup-ringtones.online/pushpa-pushpa-song-promo-pushpa-2-the-rule-ringtone-download</loc>
    </url>
    <url>
      <loc>https://mobcup-ringtones.online/vida-karo-arijit-singh-ringtone-download</loc>
    </url>
    <url>
      <loc>https://mobcup-ringtones.online/doraemon-ringtone-download</loc>
    </url>
    <url>
      <loc>https://mobcup-ringtones.online/jagananna-agenda-song-ringtone-download</loc>
    </url>
    <url>
      <loc>https://mobcup-ringtones.online/hithalaka-karibyada-maava-bgm-ringtone-download</loc>
    </url>
    <url>
      <loc>https://mobcup-ringtones.online/apple-iphone-despacito-ringtone-download</loc>
    </url>
    <url>
      <loc>https://mobcup-ringtones.online/blue-one-love-ringtone-download</loc>
    </url>
    <url>
      <loc>https://mobcup-ringtones.online/enthara-enthara-ringtone-download</loc>
    </url>
    <url>
      <loc>https://mobcup-ringtones.online/iphone-7-remix-ringtone-download</loc>
    </url>
    <url>
      <loc>https://mobcup-ringtones.online/rasiya-song-ringtone-download</loc>
    </url>
    <url>
      <loc>https://mobcup-ringtones.online/tuma-bina-jagannath-kichhi-aau-nahin-odia-bhajan-ringtone-download</loc>
    </url>
    <url>
      <loc>https://mobcup-ringtones.online/vachindamma-sid-sriram-ringtone-download</loc>
    </url>
    <url>
      <loc>https://mobcup-ringtones.online/siragaga-unnai-naan-yenthi-selven-ringtone-download</loc>
    </url>
    <url>
      <loc>https://mobcup-ringtones.online/kokkorakko-instagram-trending-ringtone-download</loc>
    </url>
    <url>
      <loc>https://mobcup-ringtones.online/samjhe-na-duniya-tu-to-mujhko-samajhiyo-sang-rahiyo-ringtone-download</loc>
    </url>
    <url>
      <loc>https://mobcup-ringtones.online/hanuman-chalisa-swasti-mehul-ringtone-download</loc>
    </url>
    <url>
      <loc>https://mobcup-ringtones.online/aage-rahiyo-na-piche-rahiyo-sang-rahiyo-ringtone-download</loc>
    </url>
    <url>
      <loc>https://mobcup-ringtones.online/tujh-bin-instrumental-ringtone-download</loc>
    </url>
    <url>
      <loc>https://mobcup-ringtones.online/bhagwadhari-instagram-trending-ringtone-download</loc>
    </url>
    <url>
      <loc>https://mobcup-ringtones.online/sang-rahiyo-song-jasleen-royal-ringtone-download</loc>
    </url>
    <url>
      <loc>https://mobcup-ringtones.online/amma-en-mugavari-amma-song-ringtone-download</loc>
    </url>
    <url>
      <loc>https://mobcup-ringtones.online/dulhe-ka-sehra-suhana-lagta-hai-nfak-ringtone-download</loc>
    </url>
    <url>
      <loc>https://mobcup-ringtones.online/sheesha-gulab-sidhu-ringtone-download</loc>
    </url>
    <url>
      <loc>https://mobcup-ringtones.online/shree-venkatesha-govinda-venkateswara-swamy-ringtone-download</loc>
    </url>
    <url>
      <loc>https://mobcup-ringtones.online/papa-kehte-hain-recreated-song-srikanth-ringtone-download</loc>
    </url>
    <url>
      <loc>https://mobcup-ringtones.online/vaa-vaa-en-devathaye-ringtone-download</loc>
    </url>
    <url>
      <loc>https://mobcup-ringtones.online/fortnight-taylor-swift-ringtone-download</loc>
    </url>
    <url>
      <loc>https://mobcup-ringtones.online/kadhal-vandhum-ringtone-download</loc>
    </url>
    <url>
      <loc>https://mobcup-ringtones.online/hum-yaha-waha-scene-nahi-karte-o-sajna-badshah-ringtone-download</loc>
    </url>
    <url>
      <loc>https://mobcup-ringtones.online/tu-hai-song-darshan-raval-ringtone-download</loc>
    </url>
    <url>
      <loc>https://mobcup-ringtones.online/master-bgm-ringtone-download</loc>
    </url>
    <url>
      <loc>https://mobcup-ringtones.online/pahali-hi-nazar-me-tu-tu-hai-ringtone-download</loc>
    </url>
    <url>
      <loc>https://mobcup-ringtones.online/ek-bar-jo-raghubar-ki-najron-ka-ishara-ringtone-download</loc>
    </url>
    <url>
      <loc>https://mobcup-ringtones.online/o-sajna-song-badshah-x-divine-x-nikhita-gandhi-ringtone-download</loc>
    </url>
    <url>
      <loc>https://mobcup-ringtones.online/tadow-masego-slowed-ringtone-download</loc>
    </url>
    <url>
      <loc>https://mobcup-ringtones.online/sahur-iphone-remix-bgm-ringtone-download</loc>
    </url>
    <url>
      <loc>https://mobcup-ringtones.online/tadow-instagram-trending-ringtone-download</loc>
    </url>
    <url>
      <loc>https://mobcup-ringtones.online/aadat-instrumental-ringtone-download</loc>
    </url>
    <url>
      <loc>https://mobcup-ringtones.online/bajrang-baan-rasraj-ji-maharaj-ringtone-download</loc>
    </url>
    <url>
      <loc>https://mobcup-ringtones.online/bts-x-iphone-marimba-remix-ringtone-download</loc>
    </url>
    <url>
      <loc>https://mobcup-ringtones.online/police-siren-dj-remix-ringtone-download</loc>
    </url>
    <url>
      <loc>https://mobcup-ringtones.online/oru-kodi-inbangal-ringtone-download</loc>
    </url>
    <url>
      <loc>https://mobcup-ringtones.online/410-sidhu-moose-wala-ringtone-download</loc>
    </url>
    <url>
      <loc>https://mobcup-ringtones.online/dil-lena-khel-song-dino-james-ringtone-download</loc>
    </url>
    <url>
      <loc>https://mobcup-ringtones.online/khaali-botal-song-parampara-tandon-ringtone-download</loc>
    </url>
    <url>
      <loc>https://mobcup-ringtones.online/iphone-15-wreckshaw-apple-ringtone-download</loc>
    </url>
    <url>
      <loc>https://mobcup-ringtones.online/khwabon-wali-raat-saaj-bhatt-ringtone-download</loc>
    </url>
    <url>
      <loc>https://mobcup-ringtones.online/dhup-lagdi-shehnaaz-gill-ringtone-download</loc>
    </url>
    <url>
      <loc>https://mobcup-ringtones.online/soulmate-badshah-x-arijit-singh-ringtone-download</loc>
    </url>
    <url>
      <loc>https://mobcup-ringtones.online/hanuman-karenge-kalyan-hansraj-raghuwanshi-ringtone-download</loc>
    </url>
    <url>
      <loc>https://mobcup-ringtones.online/one-hai-re-bhai-emiway-bantai-ringtone-download</loc>
    </url>
    <url>
      <loc>https://mobcup-ringtones.online/har-funn-maula-ringtone-download</loc>
    </url>
    <url>
      <loc>https://mobcup-ringtones.online/ninne-kinavu-kaanum-ringtone-download</loc>
    </url>
    <url>
      <loc>https://mobcup-ringtones.online/fakir-song-miel-ringtone-download</loc>
    </url>
    <url>
      <loc>https://mobcup-ringtones.online/tu-mil-gaya-song-jubin-nautiyal-ringtone-download</loc>
    </url>
    <url>
      <loc>https://mobcup-ringtones.online/pasand-ban-gyi-song-prabh-gill-ringtone-download</loc>
    </url>
    <url>
      <loc>https://mobcup-ringtones.online/tere-sang-jeena-hi-to-jeena-mere-humdam-ringtone-download</loc>
    </url>
    <url>
      <loc>https://mobcup-ringtones.online/pehle-bhi-main-lofi-ringtone-download</loc>
    </url>
    <url>
      <loc>https://mobcup-ringtones.online/tere-sang-ishq-hai-rab-ne-likha-ringtone-download</loc>
    </url>
    <url>
      <loc>https://mobcup-ringtones.online/maruthamalai-sathiyama-song-ringtone-download</loc>
    </url>
    <url>
      <loc>https://mobcup-ringtones.online/defender-song-ringtone-download</loc>
    </url>
    <url>
      <loc>https://mobcup-ringtones.online/sivan-ringtone-download-tamil</loc>
    </url>
    <url>
      <loc>https://mobcup-ringtones.online/humnava-mere-song-lofi-remix-ringtone-download</loc>
    </url>
    <url>
      <loc>https://mobcup-ringtones.online/dil-phisal-gaya-song-ruslaan-ringtone-download</loc>
    </url>
    <url>
      <loc>https://mobcup-ringtones.online/anuvanuvuu-om-bheem-bush-ringtone-download</loc>
    </url>
    <url>
      <loc>https://mobcup-ringtones.online/humnava-mere-female-version-ringtone-download</loc>
    </url>
    <url>
      <loc>https://mobcup-ringtones.online/premam-bgm-ringtone-download</loc>
    </url>
    <url>
      <loc>https://mobcup-ringtones.online/one-love-ringtone-download</loc>
    </url>
    <url>
      <loc>https://mobcup-ringtones.online/kala-sa-bateu-song-ringtone-download</loc>
    </url>
    <url>
      <loc>https://mobcup-ringtones.online/oru-viral-puratchi-ringtone-download</loc>
    </url>
    <url>
      <loc>https://mobcup-ringtones.online/i-like-the-way-you-kiss-me-ringtone-download</loc>
    </url>
    <url>
      <loc>https://mobcup-ringtones.online/bebe-bapu-song-r-nait-ringtone-download</loc>
    </url>
    <url>
      <loc>https://mobcup-ringtones.online/gabru-gulab-warga-song-gurnam-bhullar-ringtone-download</loc>
    </url>
    <url>
      <loc>https://mobcup-ringtones.online/har-tinke-mein-hai-ram-base-ringtone-download</loc>
    </url>
    <url>
      <loc>https://mobcup-ringtones.online/matching-song-kulwinder-billa-ringtone-download</loc>
    </url>
    <url>
      <loc>https://mobcup-ringtones.online/solo-leveling-ringtone-download</loc>
    </url>
    <url>
      <loc>https://mobcup-ringtones.online/mini-maharani-flute-ringtone-download</loc>
    </url>
    <url>
      <loc>https://mobcup-ringtones.online/akh-da-taara-song-ayushmann-khurrana-ringtone-download</loc>
    </url>
    <url>
      <loc>https://mobcup-ringtones.online/galatta-song-aavesham-ringtone-download</loc>
    </url>
    <url>
      <loc>https://mobcup-ringtones.online/jaada-song-aavesham-ringtone-download</loc>
    </url>
    <url>
      <loc>https://mobcup-ringtones.online/aavesham-bgm-ringtone-download</loc>
    </url>
    <url>
      <loc>https://mobcup-ringtones.online/kanikanum-neram-ringtone-download</loc>
    </url>
    <url>
      <loc>https://mobcup-ringtones.online/lembuda-bhoomi-trivedi-i-gujarati-love-song-ringtone-download</loc>
    </url>
    <url>
      <loc>https://mobcup-ringtones.online/pagal-haan-mai-kuch-kar-na-java-ringtone-download</loc>
    </url>
    <url>
      <loc>https://mobcup-ringtones.online/gulabi-ankhiyan-song-jubin-nautiyal-ringtone-download</loc>
    </url>
    <url>
      <loc>https://mobcup-ringtones.online/meri-maa-ke-barabar-koi-nahi-jubin-nautiyal-ringtone-download</loc>
    </url>
    <url>
      <loc>https://mobcup-ringtones.online/gudi-padwa-ringtone-download</loc>
    </url>
    <url>
      <loc>https://mobcup-ringtones.online/uncha-hai-bhavan-uncha-mandir-meri-maa-ke-barabar-koi-nahi-ringtone-download</loc>
    </url>
    <url>
      <loc>https://mobcup-ringtones.online/iphone-original-apple-ringtone-download</loc>
    </url>
    <url>
      <loc>https://mobcup-ringtones.online/dekhi-kite-kad-meri-jaan-na-devi-ringtone-download</loc>
    </url>
    <url>
      <loc>https://mobcup-ringtones.online/sapne-mein-jagdamba-ne-apna-dwar-dikhaya-hai-ringtone-download</loc>
    </url>
    <url>
      <loc>https://mobcup-ringtones.online/swami-samarth-ringtone-download</loc>
    </url>
    <url>
      <loc>https://mobcup-ringtones.online/aarati-karma-mata-ki-ringtone-download</loc>
    </url>
    <url>
      <loc>https://mobcup-ringtones.online/thadai-athai-udai-velaiyilla-pattathari-ringtone-download</loc>
    </url>
    <url>
      <loc>https://mobcup-ringtones.online/sada-din-ban-janda-ae-instagram-trending-ringtone-download</loc>
    </url>
    <url>
      <loc>https://mobcup-ringtones.online/kala-tikka-song-ravneet-ringtone-download</loc>
    </url>
    <url>
      <loc>https://mobcup-ringtones.online/ja-jaan-nikle-je-ni-gulab-sidhu-ringtone-download</loc>
    </url>
    <url>
      <loc>https://mobcup-ringtones.online/chand-me-ab-nazar-aayi-hai-roshani-ringtone-download</loc>
    </url>
    <url>
      <loc>https://mobcup-ringtones.online/bhaye-pragat-kripala-song-sachet-parampara-ringtone-download</loc>
    </url>
    <url>
      <loc>https://mobcup-ringtones.online/ek-tu-hi-ae-ve-mera-is-jag-te-ringtone-download</loc>
    </url>
    <url>
      <loc>https://mobcup-ringtones.online/ammaye-sannaga-flute-ringtone-download</loc>
    </url>
    <url>
      <loc>https://mobcup-ringtones.online/amma-amma-bgm-velaiyilla-pattathari-ringtone-download</loc>
    </url>
    <url>
      <loc>https://mobcup-ringtones.online/beta-maa-ko-bhul-bhi-jaye-maa-ne-kaha-bhulaya-hai-ringtone-download</loc>
    </url>
    <url>
      <loc>https://mobcup-ringtones.online/og-glimpse-bgm-ringtone-download</loc>
    </url>
    <url>
      <loc>https://mobcup-ringtones.online/drippy-x-we-rollin-remix-version-ringtone-download</loc>
    </url>
    <url>
      <loc>https://mobcup-ringtones.online/mubarak-eid-hai-song-ringtone-download</loc>
    </url>
    <url>
      <loc>https://mobcup-ringtones.online/kamsin-kali-music-ringtone-download</loc>
    </url>
    <url>
      <loc>https://mobcup-ringtones.online/dil-jeha-nahi-manda-ringtone-download</loc>
    </url>
    <url>
      <loc>https://mobcup-ringtones.online/laa-pila-de-sharaab-song-vishal-mishra-ringtone-download</loc>
    </url>
    <url>
      <loc>https://mobcup-ringtones.online/radhai-manathil-ringtone-download</loc>
    </url>
    <url>
      <loc>https://mobcup-ringtones.online/veyi-naamaala-vaada-song-ringtone-download</loc>
    </url>
    <url>
      <loc>https://mobcup-ringtones.online/kamsin-kali-song-neha-kakkar-ringtone-download</loc>
    </url>
    <url>
      <loc>https://mobcup-ringtones.online/hot-shit-song-arjan-dhillon-ringtone-download</loc>
    </url>
    <url>
      <loc>https://mobcup-ringtones.online/nowadays-song-khan-bhaini-ringtone-download</loc>
    </url>
    <url>
      <loc>https://mobcup-ringtones.online/qismat-wale-hote-hain-vo-maa-jinko-awaaz-lagaye-ringtone-download</loc>
    </url>
    <url>
      <loc>https://mobcup-ringtones.online/khud-vicho-labeya-janda-parmatma-nowadays-ringtone-download</loc>
    </url>
    <url>
      <loc>https://mobcup-ringtones.online/ho-ab-itni-nafrat-hai-humko-ringtone-download</loc>
    </url>
    <url>
      <loc>https://mobcup-ringtones.online/tu-kya-jaane-song-amar-singh-chamkila-ringtone-download</loc>
    </url>
    <url>
      <loc>https://mobcup-ringtones.online/maa-ka-bulawa-aaya-hai-jubin-nautiyal-ringtone-download</loc>
    </url>
    <url>
      <loc>https://mobcup-ringtones.online/usne-humko-chhoda-hai-yeh-baat-keh-ke-ringtone-download</loc>
    </url>
    <url>
      <loc>https://mobcup-ringtones.online/sapne-me-jagdamba-ne-maa-ka-bulawa-aaya-hai-ringtone-download</loc>
    </url>
    <url>
      <loc>https://mobcup-ringtones.online/velly-laane-song-babbu-maan-ringtone-download</loc>
    </url>
    <url>
      <loc>https://mobcup-ringtones.online/cham-cham-karti-song-sapna-choudhary-ringtone-download</loc>
    </url>
    <url>
      <loc>https://mobcup-ringtones.online/naagni-fadi-gayi-song-ringtone-download</loc>
    </url>
    <url>
      <loc>https://mobcup-ringtones.online/ho-umar-de-hisaab-naal-doona-rutba-ringtone-download</loc>
    </url>
    <url>
      <loc>https://mobcup-ringtones.online/j-hope-neuron-song-ringtone-download</loc>
    </url>
    <url>
      <loc>https://mobcup-ringtones.online/jago-re-mhara-tejal-tapdhari-ringtone-download</loc>
    </url>
    <url>
      <loc>https://mobcup-ringtones.online/aate-rehte-hain-song-b-praak-ringtone-download</loc>
    </url>
    <url>
      <loc>https://mobcup-ringtones.online/hum-marenge-jaldi-jaldi-ringtone-download</loc>
    </url>
    <url>
      <loc>https://mobcup-ringtones.online/nazran-song-nirvair-pannu-ringtone-download</loc>
    </url>
    <url>
      <loc>https://mobcup-ringtones.online/jis-ped-ne-tumko-chao-di-ringtone-download</loc>
    </url>
    <url>
      <loc>https://mobcup-ringtones.online/balcony-song-bunny-johal-ringtone-download</loc>
    </url>
    <url>
      <loc>https://mobcup-ringtones.online/redemption-song-ringtone-download</loc>
    </url>
    <url>
      <loc>https://mobcup-ringtones.online/you-are-my-sunshine-song-ringtone-download</loc>
    </url>
    <url>
      <loc>https://mobcup-ringtones.online/burger-pommes-song-ringtone-download</loc>
    </url>
    <url>
      <loc>https://mobcup-ringtones.online/raavaali-raa-song-love-me-if-you-dare-ringtone-download</loc>
    </url>
    <url>
      <loc>https://mobcup-ringtones.online/brother-sister-song-vey-dharuvey-ringtone-download</loc>
    </url>
    <url>
      <loc>https://mobcup-ringtones.online/welcome-to-hyderabad-song-bgm-ringtone-download</loc>
    </url>
    <url>
      <loc>https://mobcup-ringtones.online/pailam-pilaga-song-ringtone-download</loc>
    </url>
    <url>
      <loc>https://mobcup-ringtones.online/wonder-pets-theme-song-ringtone-download</loc>
    </url>
    <url>
      <loc>https://mobcup-ringtones.online/welcome-to-hyderabad-premalu-movie-ringtone-download</loc>
    </url>
    <url>
      <loc>https://mobcup-ringtones.online/maroon-colour-sadiya-song-ringtone-download</loc>
    </url>
    <url>
      <loc>https://mobcup-ringtones.online/oka-palukula-chilakalle-song-ringtone-download</loc>
    </url>
    <url>
      <loc>https://mobcup-ringtones.online/bad-time-song-himmat-sandhu-ringtone-download</loc>
    </url>
    <url>
      <loc>https://mobcup-ringtones.online/periyone-rahman-song-ringtone-download</loc>
    </url>
    <url>
      <loc>https://mobcup-ringtones.online/nee-kavithaigala-ringtone-download</loc>
    </url>
    <url>
      <loc>https://mobcup-ringtones.online/black-magic-song-aadi-ringtone-download</loc>
    </url>
    <url>
      <loc>https://mobcup-ringtones.online/yaaradi-nee-mohini-bgm-ringtone-download</loc>
    </url>
    <url>
      <loc>https://mobcup-ringtones.online/pehla-ishq-song-ringtone-download</loc>
    </url>
    <url>
      <loc>https://mobcup-ringtones.online/lakh-khushian-patshahian-ringtone-download</loc>
    </url>
    <url>
      <loc>https://mobcup-ringtones.online/meetha-meetha-bathela-song-khesari-lal-yadav-ringtone-download</loc>
    </url>
    <url>
      <loc>https://mobcup-ringtones.online/raja-rani-love-bgm-ringtone-download</loc>
    </url>
    <url>
      <loc>https://mobcup-ringtones.online/sabko-dil-se-eid-mubarak-ringtone-download</loc>
    </url>
    <url>
      <loc>https://mobcup-ringtones.online/main-kamla-song-jassie-gill-ringtone-download</loc>
    </url>
    <url>
      <loc>https://mobcup-ringtones.online/liv-in-song-prem-dhillon-ringtone-download</loc>
    </url>
    <url>
      <loc>https://mobcup-ringtones.online/ennai-kollathey-ringtone-download</loc>
    </url>
    <url>
      <loc>https://mobcup-ringtones.online/ami-baundule-ghuri-ringtone-download</loc>
    </url>
    <url>
      <loc>https://mobcup-ringtones.online/rahmatun-lil-alameen-bgm-ringtone-download</loc>
    </url>
    <url>
      <loc>https://mobcup-ringtones.online/my-queen-song-ringtone-download</loc>
    </url>
    <url>
      <loc>https://mobcup-ringtones.online/tu-mujhe-soch-kabhi-ringtone-download</loc>
    </url>
    <url>
      <loc>https://mobcup-ringtones.online/jaadu-hai-nasha-hai-reprise-ringtone-download</loc>
    </url>
    <url>
      <loc>https://mobcup-ringtones.online/banger-song-ringtone-download</loc>
    </url>
    <url>
      <loc>https://mobcup-ringtones.online/en-manasukula-sikatha-kaathadi-ringtone-download</loc>
    </url>
    <url>
      <loc>https://mobcup-ringtones.online/patiala-flow-parmish-verma-ringtone-download</loc>
    </url>
    <url>
      <loc>https://mobcup-ringtones.online/pudhupetti-yuvan-shankar-raja-bgm-ringtone-download</loc>
    </url>
    <url>
      <loc>https://mobcup-ringtones.online/log-gunda-song-ringtone-download</loc>
    </url>
    <url>
      <loc>https://mobcup-ringtones.online/vrindavan-mein-narci-ringtone-download</loc>
    </url>
    <url>
      <loc>https://mobcup-ringtones.online/kabira-hansraj-raghuwanshi-ringtone-download</loc>
    </url>
    <url>
      <loc>https://mobcup-ringtones.online/enna-da-kuthiputta-ringtone-download</loc>
    </url>
    <url>
      <loc>https://mobcup-ringtones.online/rajavin-paarvai-remix-ringtone-download</loc>
    </url>
    <url>
      <loc>https://mobcup-ringtones.online/tu-hase-te-mera-din-ban-ja-ringtone-download</loc>
    </url>
    <url>
      <loc>https://mobcup-ringtones.online/dj-tillu-bgm-ringtone-download</loc>
    </url>
    <url>
      <loc>https://mobcup-ringtones.online/team-india-hain-hum-maidaan-ringtone-download</loc>
    </url>
    <url>
      <loc>https://mobcup-ringtones.online/minnale-bgm-ringtone-download</loc>
    </url>
    <url>
      <loc>https://mobcup-ringtones.online/bar-bar-dhokha-baba-khaya-janda-ni-ringtone-download</loc>
    </url>
    <url>
      <loc>https://mobcup-ringtones.online/do-naino-ke-pechida-ringtone-download</loc>
    </url>
    <url>
      <loc>https://mobcup-ringtones.online/gadi-100-pe-song-devender-ahlawat-ringtone-download</loc>
    </url>
    <url>
      <loc>https://mobcup-ringtones.online/madhuramu-kadha-song-the-family-star-ringtone-download</loc>
    </url>
    <url>
      <loc>https://mobcup-ringtones.online/tere-bin-song-r-nait-ringtone-download</loc>
    </url>
    <url>
      <loc>https://mobcup-ringtones.online/iphone-remix-ringtone</loc>
    </url>
    <url>
      <loc>https://mobcup-ringtones.online/shairana-si-hai-zindagi-ki-faza-ringtone-download</loc>
    </url>
    <url>
      <loc>https://mobcup-ringtones.online/appa-song-ringtone-download</loc>
    </url>
    <url>
      <loc>https://mobcup-ringtones.online/din-ko-raat-kahegi-to-soulmate-ringtone-download</loc>
    </url>
    <url>
      <loc>https://mobcup-ringtones.online/raja-jani-ringtone-download</loc>
    </url>
    <url>
      <loc>https://mobcup-ringtones.online/bechain-hai-dil-mera-lofi-ringtone-download</loc>
    </url>
    <url>
      <loc>https://mobcup-ringtones.online/kareja-ho-2-ringtone-download</loc>
    </url>
    <url>
      <loc>https://mobcup-ringtones.online/dil-ibaadat-speed-up-ringtone-download</loc>
    </url>
    <url>
      <loc>https://mobcup-ringtones.online/raja-majha-ringtone-download</loc>
    </url>
    <url>
      <loc>https://mobcup-ringtones.online/maroon-color-sadiya-ringtone-download</loc>
    </url>
    <url>
      <loc>https://mobcup-ringtones.online/chapri-chapri-na-bolya-kar-ringtone-download</loc>
    </url>
    <url>
      <loc>https://mobcup-ringtones.online/bahut-raat-beeti-chalo-mai-sula-du-ringtone-download</loc>
    </url>
    <url>
      <loc>https://mobcup-ringtones.online/jaragandi-game-changer-ringtone-download</loc>
    </url>
    <url>
      <loc>https://mobcup-ringtones.online/remo-background-music-ringtone-download</loc>
    </url>
    <url>
      <loc>https://mobcup-ringtones.online/munbe-vaa-bgm-ringtone-download</loc>
    </url>
    <url>
      <loc>https://mobcup-ringtones.online/rhtdm-theme-music-ringtone-download</loc>
    </url>
    <url>
      <loc>https://mobcup-ringtones.online/ithale-nee-ringtone-download</loc>
    </url>
    <url>
      <loc>https://mobcup-ringtones.online/stay-with-me-song-ringtone-download</loc>
    </url>
    <url>
      <loc>https://mobcup-ringtones.online/rhtdm-flute-ringtone-download</loc>
    </url>
    <url>
      <loc>https://mobcup-ringtones.online/stay-with-me-goblin-ringtone-download</loc>
    </url>
    <url>
      <loc>https://mobcup-ringtones.online/munbe-vaa-song-ringtone-download</loc>
    </url>
    <url>
      <loc>https://mobcup-ringtones.online/rajavin-paarvai-raniyin-pakkam-song-ringtone-download</loc>
    </url>
    <url>
      <loc>https://mobcup-ringtones.online/avlothana-dialogue-ringtone-download</loc>
    </url>
    <url>
      <loc>https://mobcup-ringtones.online/billi-akhh-sukhpal-channi-ringtone-download</loc>
    </url>
    <url>
      <loc>https://mobcup-ringtones.online/shaam-dhale-lofi-mix-madhur-sharma-ringtone-download</loc>
    </url>
    <url>
      <loc>https://mobcup-ringtones.online/timi-nai-aau-tamil-cute-song-ringtone-download</loc>
    </url>
    <url>
      <loc>https://mobcup-ringtones.online/dilagi-baabarr-mudacer-ringtone-download</loc>
    </url>
    <url>
      <loc>https://mobcup-ringtones.online/realme-ringtone-download</loc>
    </url>
    <url>
      <loc>https://mobcup-ringtones.online/motha-song-gangs-of-godavari-ringtone-download</loc>
    </url>
    <url>
      <loc>https://mobcup-ringtones.online/inimel-song-ringtone-download</loc>
    </url>
    <url>
      <loc>https://mobcup-ringtones.online/backbone-dj-remix-song-ringtone-download</loc>
    </url>
    <url>
      <loc>https://mobcup-ringtones.online/holiya-mein-ude-re-gulal-carnival-mix-ringtone-download</loc>
    </url>
    <url>
      <loc>https://mobcup-ringtones.online/bhagwan-nahi-dekhe-hain-maine-meri-maa-ringtone-download</loc>
    </url>
    <url>
      <loc>https://mobcup-ringtones.online/kahe-bana-batiya-pratibha-singh-baghel-ringtone-download</loc>
    </url>
    <url>
      <loc>https://mobcup-ringtones.online/ahista-x-tabla-mix-ringtone-download</loc>
    </url>
    <url>
      <loc>https://mobcup-ringtones.online/kanguva-teaser-bgm-ringtone-download</loc>
    </url>
    <url>
      <loc>https://mobcup-ringtones.online/khutti-diljit-dosanjh-x-saweetie-ringtone-download</loc>
    </url>
    <url>
      <loc>https://mobcup-ringtones.online/seth-maro-sanvariya-song-ringtone-download</loc>
    </url>
    <url>
      <loc>https://mobcup-ringtones.online/beda-paar-sona-mohapatra-ringtone-download</loc>
    </url>
    <url>
      <loc>https://mobcup-ringtones.online/sachha-ishq-nikhil-verma-ringtone-download</loc>
    </url>
    <url>
      <loc>https://mobcup-ringtones.online/imli-ka-boota-beri-ka-ped-ringtone-download</loc>
    </url>
    <url>
      <loc>https://mobcup-ringtones.online/alloy-wheel-ringtone-download</loc>
    </url>
    <url>
      <loc>https://mobcup-ringtones.online/raunak-pyar-ke-naam-ki-hai-ringtone-download</loc>
    </url>
    <url>
      <loc>https://mobcup-ringtones.online/choli-ke-peeche-crew-ringtone-download</loc>
    </url>
    <url>
      <loc>https://mobcup-ringtones.online/hithalaka-karibyada-ringtone-download</loc>
    </url>
    <url>
      <loc>https://mobcup-ringtones.online/chennai-super-kings-ringtone-download</loc>
    </url>
    <url>
      <loc>https://mobcup-ringtones.online/saravanan-meenatchi-bgm-ringtone-download</loc>
    </url>
    <url>
      <loc>https://mobcup-ringtones.online/teri-malmal-ki-kurti-gulabi-ho-gayi-ringtone-download</loc>
    </url>
    <url>
      <loc>https://mobcup-ringtones.online/nit-khair-manga-sidhu-moose-wala-ringtone-download</loc>
    </url>
    <url>
      <loc>https://mobcup-ringtones.online/resham-ka-lehnga-mera-crew-ringtone-download</loc>
    </url>
    <url>
      <loc>https://mobcup-ringtones.online/balam-pichkari-slowed-reverb-ringtone-download</loc>
    </url>
    <url>
      <loc>https://mobcup-ringtones.online/aaj-biraj-mein-holi-re-rasiya-ringtone-download</loc>
    </url>
    <url>
      <loc>https://mobcup-ringtones.online/jogiya-ve-mainu-etho-dur-leja-tu-ringtone-download</loc>
    </url>
    <url>
      <loc>https://mobcup-ringtones.online/jagatare-paibuni-emiti-thakuratie-ringtone-download</loc>
    </url>
    <url>
      <loc>https://mobcup-ringtones.online/ucho-rakh-nishana-khatu-shyam-ji-ringtone-download</loc>
    </url>
    <url>
      <loc>https://mobcup-ringtones.online/famous-enough-navaan-sandhu-ringtone-download</loc>
    </url>
    <url>
      <loc>https://mobcup-ringtones.online/ex-ex-shree-brar-ringtone-download</loc>
    </url>
    <url>
      <loc>https://mobcup-ringtones.online/ye-chamak-ye-damak-2-0-sudhir-vyas-ringtone-download</loc>
    </url>
    <url>
      <loc>https://mobcup-ringtones.online/bheema-love-bgm-ringtone-download</loc>
    </url>
    <url>
      <loc>https://mobcup-ringtones.online/love-dose-2-0-yo-yo-honey-singh-ringtone-download</loc>
    </url>
    <url>
      <loc>https://mobcup-ringtones.online/rangne-se-gaal-tere-lana-se-gulal-ringtone-download</loc>
    </url>
    <url>
      <loc>https://mobcup-ringtones.online/devar-pe-rahab-holi-me-ringtone-download</loc>
    </url>
    <url>
      <loc>https://mobcup-ringtones.online/phir-se-ek-baar-song-ganesh-ashish-ringtone-download</loc>
    </url>
    <url>
      <loc>https://mobcup-ringtones.online/first-round-preiit-virk-ringtone-download</loc>
    </url>
    <url>
      <loc>https://mobcup-ringtones.online/coffee-shade-rajdeep-manga-ringtone-download</loc>
    </url>
    <url>
      <loc>https://mobcup-ringtones.online/block-song-dhanda-nyoliwala-ringtone-download</loc>
    </url>
    <url>
      <loc>https://mobcup-ringtones.online/first-round-gurlej-akhtar-ringtone-download</loc>
    </url>
    <url>
      <loc>https://mobcup-ringtones.online/jigra-bhaldi-ae-song-ringtone-download</loc>
    </url>
    <url>
      <loc>https://mobcup-ringtones.online/sector-15-khasa-aala-chahar-ringtone-download</loc>
    </url>
    <url>
      <loc>https://mobcup-ringtones.online/gulabi-sadi-ringtone-download</loc>
    </url>
    <url>
      <loc>https://mobcup-ringtones.online/god-damn-badshah-x-karan-aujla-ringtone-download</loc>
    </url>
    <url>
      <loc>https://mobcup-ringtones.online/nooru-samigal-ringtone-download</loc>
    </url>
    <url>
      <loc>https://mobcup-ringtones.online/sharara-jigar-ringtone-download</loc>
    </url>
    <url>
      <loc>https://mobcup-ringtones.online/ghar-aaya-mera-mirza-maidaan-ringtone-download</loc>
    </url>
    <url>
      <loc>https://mobcup-ringtones.online/pegg-gitth-da-harjot-singh-ringtone-download</loc>
    </url>
    <url>
      <loc>https://mobcup-ringtones.online/rang-leke-khelte-gulal-leke-khelte-ringtone-download</loc>
    </url>
    <url>
      <loc>https://mobcup-ringtones.online/lehnga-ravneet-ringtone-download</loc>
    </url>
    <url>
      <loc>https://mobcup-ringtones.online/lal-tera-lehnga-billo-ringtone-download</loc>
    </url>
    <url>
      <loc>https://mobcup-ringtones.online/abke-hori-mein-khelungi-dat-ke-ringtone-download</loc>
    </url>
    <url>
      <loc>https://mobcup-ringtones.online/more-kanha-kavita-seth-holi-song-2024-ringtone-download</loc>
    </url>
    <url>
      <loc>https://mobcup-ringtones.online/bazaar-raj-mawar-ringtone-download</loc>
    </url>
    <url>
      <loc>https://mobcup-ringtones.online/all-night-ap-dhillon-ringtone-download</loc>
    </url>
    <url>
      <loc>https://mobcup-ringtones.online/holi-me-sali-ho-marelu-dhaka-ringtone-download</loc>
    </url>
    <url>
      <loc>https://mobcup-ringtones.online/salona-sa-sajan-hai-aur-main-hoon-ringtone-download</loc>
    </url>
    <url>
      <loc>https://mobcup-ringtones.online/kuch-to-hai-sarkar-ringtone-download</loc>
    </url>
    <url>
      <loc>https://mobcup-ringtones.online/rcb-wins-bgm-ringtone-download</loc>
    </url>
    <url>
      <loc>https://mobcup-ringtones.online/mai-lut-bhi-jaunga-haske-teri-muskan-ki-khatir-ringtone-download</loc>
    </url>
    <url>
      <loc>https://mobcup-ringtones.online/satranga-tulsi-kumar-version-ringtone-download</loc>
    </url>
    <url>
      <loc>https://mobcup-ringtones.online/jai-shree-shyam-ringtone-download</loc>
    </url>
    <url>
      <loc>https://mobcup-ringtones.online/dar-e-jannat-hai-muhammad-ringtone-download</loc>
    </url>
    <url>
      <loc>https://mobcup-ringtones.online/ka-kailu-ae-jaan-ringtone-download</loc>
    </url>
    <url>
      <loc>https://mobcup-ringtones.online/mere-yaar-ke-aage-ringtone-download</loc>
    </url>
    <url>
      <loc>https://mobcup-ringtones.online/dholna-new-version-ringtone-download</loc>
    </url>
    <url>
      <loc>https://mobcup-ringtones.online/hasbi-rabbi-ringtone-download</loc>
    </url>
    <url>
      <loc>https://mobcup-ringtones.online/arsa-hua-tujhko-dekhe-bina-inj-vichre-ringtone-download</loc>
    </url>
    <url>
      <loc>https://mobcup-ringtones.online/wo-jo-bilal-habshi-hai-hasbi-rabbi-ringtone-download</loc>
    </url>
    <url>
      <loc>https://mobcup-ringtones.online/sawariya-kar-do-beda-paar-khatu-shyam-ringtone-download</loc>
    </url>
    <url>
      <loc>https://mobcup-ringtones.online/negative-vibe-song-ringtone-download</loc>
    </url>
    <url>
      <loc>https://mobcup-ringtones.online/aashiqui-the-love-theme-ringtone-download</loc>
    </url>
    <url>
      <loc>https://mobcup-ringtones.online/v-friends-official-mv-ringtone-download</loc>
    </url>
    <url>
      <loc>https://mobcup-ringtones.online/samayama-song-ringtone-download</loc>
    </url>
    <url>
      <loc>https://mobcup-ringtones.online/kanmani-anbodu-flute-bgm-ringtone-download</loc>
    </url>
    <url>
      <loc>https://mobcup-ringtones.online/kale-kagaz-song-ringtone-download</loc>
    </url>
    <url>
      <loc>https://mobcup-ringtones.online/swaad-aa-gaya-instagram-trending-ringtone-download</loc>
    </url>
    <url>
      <loc>https://mobcup-ringtones.online/tere-jachda-ae-born-to-shine-ringtone-download</loc>
    </url>
    <url>
      <loc>https://mobcup-ringtones.online/tora-2-song-sumit-goswami-ringtone-download</loc>
    </url>
    <url>
      <loc>https://mobcup-ringtones.online/khatu-jayenge-ringtone-download</loc>
    </url>
    <url>
      <loc>https://mobcup-ringtones.online/kaisi-ye-lagdi-kamal-ringtone-download</loc>
    </url>
    <url>
      <loc>https://mobcup-ringtones.online/dhakk-song-ringtone-download</loc>
    </url>
    <url>
      <loc>https://mobcup-ringtones.online/be-irada-rasto-ki-tum-kya-mile-ringtone-download</loc>
    </url>
    <url>
      <loc>https://mobcup-ringtones.online/anbulla-appa-appa-ringtone-download</loc>
    </url>
    <url>
      <loc>https://mobcup-ringtones.online/bhartaar-song-ringtone-download</loc>
    </url>
    <url>
      <loc>https://mobcup-ringtones.online/carol-of-the-bells-ringtone-download</loc>
    </url>
    <url>
      <loc>https://mobcup-ringtones.online/koi-si-x-no-love-remix-ringtone-download</loc>
    </url>
    <url>
      <loc>https://mobcup-ringtones.online/nuvvu-leka-nenu-lenu-ringtone-download</loc>
    </url>
    <url>
      <loc>https://mobcup-ringtones.online/pahada-de-vich-dur-kithe-ringtone-download</loc>
    </url>
    <url>
      <loc>https://mobcup-ringtones.online/iphone-x-dubstep-remix-ringtone-download</loc>
    </url>
    <url>
      <loc>https://mobcup-ringtones.online/donkey-funny-animal-ringtone-download</loc>
    </url>
    <url>
      <loc>https://mobcup-ringtones.online/hoke-tetho-dur-mai-ringtone-download</loc>
    </url>
    <url>
      <loc>https://mobcup-ringtones.online/kanmani-anbodu-ringtone-download</loc>
    </url>
    <url>
      <loc>https://mobcup-ringtones.online/un-manasil-thaan-vizhunthen-ringtone-download</loc>
    </url>
    <url>
      <loc>https://mobcup-ringtones.online/musafir-dhoop-ka-tha-main-ringtone-download</loc>
    </url>
    <url>
      <loc>https://mobcup-ringtones.online/rao-sahab-rollin-ringtone-download</loc>
    </url>
    <url>
      <loc>https://mobcup-ringtones.online/jai-jai-bhole-nath-ki-ringtone-download</loc>
    </url>
    <url>
      <loc>https://mobcup-ringtones.online/holi-khele-mahadeva-ringtone-download</loc>
    </url>
    <url>
      <loc>https://mobcup-ringtones.online/kadhale-kadhale-song-ringtone-download</loc>
    </url>
    <url>
      <loc>https://mobcup-ringtones.online/love-dose-ringtone-download</loc>
    </url>
    <url>
      <loc>https://mobcup-ringtones.online/na-amma-neevele-song-ringtone-download</loc>
    </url>
    <url>
      <loc>https://mobcup-ringtones.online/96-movie-bgm-ringtone-download</loc>
    </url>
    <url>
      <loc>https://mobcup-ringtones.online/chinta-kis-baat-ki-song-ringtone-download</loc>
    </url>
    <url>
      <loc>https://mobcup-ringtones.online/rabba-mereya-song-ringtone-download</loc>
    </url>
    <url>
      <loc>https://mobcup-ringtones.online/je-rabba-tu-hi-banayi-ye-duniya-ringtone-download</loc>
    </url>
    <url>
      <loc>https://mobcup-ringtones.online/kadhale-kadhale-bgm-ringtone-download</loc>
    </url>
    <url>
      <loc>https://mobcup-ringtones.online/viah-song-armaan-bedil-ringtone-download</loc>
    </url>
    <url>
      <loc>https://mobcup-ringtones.online/haye-oye-bura-haal-ho-gaya-ringtone-download</loc>
    </url>
    <url>
      <loc>https://mobcup-ringtones.online/phull-te-khushbo-ringtone-ringtone-download</loc>
    </url>
    <url>
      <loc>https://mobcup-ringtones.online/super-khiladi-4-ringtone-download</loc>
    </url>
    <url>
      <loc>https://mobcup-ringtones.online/ding-iphone-ringtone-download</loc>
    </url>
    <url>
      <loc>https://mobcup-ringtones.online/born-to-shine-ringtone-download</loc>
    </url>
    <url>
      <loc>https://mobcup-ringtones.online/aathma-raama-ringtone-download</loc>
    </url>
    <url>
      <loc>https://mobcup-ringtones.online/rang-fulla-de-vi-attraction-slowed-ringtone-download</loc>
    </url>
    <url>
      <loc>https://mobcup-ringtones.online/naram-kaalja-ringtone-download</loc>
    </url>
    <url>
      <loc>https://mobcup-ringtones.online/kaise-kahu-bina-tere-zindagi-ye-kya-hogi-ringtone-download</loc>
    </url>
    <url>
      <loc>https://mobcup-ringtones.online/phir-teri-yaad-aayi-ringtone-download</loc>
    </url>
    <url>
      <loc>https://mobcup-ringtones.online/vrindavan-mei-bholenath-ringtone-download</loc>
    </url>
    <url>
      <loc>https://mobcup-ringtones.online/rang-mal-mal-ke-ringtone-download</loc>
    </url>
    <url>
      <loc>https://mobcup-ringtones.online/gal-mukdi-gurlez-akhtar-ringtone-download</loc>
    </url>
    <url>
      <loc>https://mobcup-ringtones.online/tadow-ringtone-download</loc>
    </url>
    <url>
      <loc>https://mobcup-ringtones.online/gift-song-garry-sandhu-ringtone-download</loc>
    </url>
    <url>
      <loc>https://mobcup-ringtones.online/success-hardeep-grewal-ringtone-download</loc>
    </url>
    <url>
      <loc>https://mobcup-ringtones.online/mohalla-afsana-khan-ringtone-download</loc>
    </url>
    <url>
      <loc>https://mobcup-ringtones.online/kalyani-vaccha-vacchaa-ringtone-download</loc>
    </url>
    <url>
      <loc>https://mobcup-ringtones.online/holi-khelne-aaye-hain-banke-bihari-ringtone-download</loc>
    </url>
    <url>
      <loc>https://mobcup-ringtones.online/assubhu-bada-lofi-ringtone-download</loc>
    </url>
    <url>
      <loc>https://mobcup-ringtones.online/tera-himalay-aakash-chu-le-ringtone-download</loc>
    </url>
    <url>
      <loc>https://mobcup-ringtones.online/tiranga-song-tanishk-bagchi-yodha-ringtone-download</loc>
    </url>
    <url>
      <loc>https://mobcup-ringtones.online/ya-nabi-maher-zain-ringtone-download</loc>
    </url>
    <url>
      <loc>https://mobcup-ringtones.online/maaye-tere-liye-mar-mitenge-ringtone-download</loc>
    </url>
    <url>
      <loc>https://mobcup-ringtones.online/gathi-song-sreejith-edavana-ringtone-download</loc>
    </url>
    <url>
      <loc>https://mobcup-ringtones.online/gal-mukdi-song-korala-maan-ringtone-download</loc>
    </url>
    <url>
      <loc>https://mobcup-ringtones.online/ho-na-juda-ringtone-download</loc>
    </url>
    <url>
      <loc>https://mobcup-ringtones.online/ya-nabi-salam-alayka-ringtone-download</loc>
    </url>
    <url>
      <loc>https://mobcup-ringtones.online/tiranga-b-praak-ringtone-download</loc>
    </url>
    <url>
      <loc>https://mobcup-ringtones.online/aankho-na-raste-dil-ma-utri-gaya-ringtone-download</loc>
    </url>
    <url>
      <loc>https://mobcup-ringtones.online/dhuppan-vich-aa-gaya-tu-ringtone-download</loc>
    </url>
    <url>
      <loc>https://mobcup-ringtones.online/vairian-de-bakkre-ringtone-download</loc>
    </url>
    <url>
      <loc>https://mobcup-ringtones.online/sooraj-song-jassie-gill-ringtone-download</loc>
    </url>
    <url>
      <loc>https://mobcup-ringtones.online/rang-barse-x-yaaron-waali-baat-ringtone-download</loc>
    </url>
    <url>
      <loc>https://mobcup-ringtones.online/enemy-jordan-sandhu-ringtone-download</loc>
    </url>
    <url>
      <loc>https://mobcup-ringtones.online/dil-nu-song-ammy-virk-ringtone-download</loc>
    </url>
    <url>
      <loc>https://mobcup-ringtones.online/na-layi-kade-mull-di-ladayi-jatt-ne-ringtone-download</loc>
    </url>
    <url>
      <loc>https://mobcup-ringtones.online/muskaan-yasser-desai-ringtone-download</loc>
    </url>
    <url>
      <loc>https://mobcup-ringtones.online/bigde-jatt-jinna-mada-koi-ni-ringtone-download</loc>
    </url>
    <url>
      <loc>https://mobcup-ringtones.online/rahmatun-lil-alameen-ringtone-download</loc>
    </url>
    <url>
      <loc>https://mobcup-ringtones.online/prabhu-ji-mujhko-bhul-gaye-kya-ringtone-download</loc>
    </url>
    <url>
      <loc>https://mobcup-ringtones.online/aaya-ramzan-rehmat-wala-ringtone-download</loc>
    </url>
    <url>
      <loc>https://mobcup-ringtones.online/allah-tera-hai-ehsan-ringtone-download-2</loc>
    </url>
    <url>
      <loc>https://mobcup-ringtones.online/mbc-ramadan-ringtone-download</loc>
    </url>
    <url>
      <loc>https://mobcup-ringtones.online/tum-kya-mile-ringtone-download-2</loc>
    </url>
    <url>
      <loc>https://mobcup-ringtones.online/kaayi-song-ringtone-download</loc>
    </url>
    <url>
      <loc>https://mobcup-ringtones.online/ramzan-instrumental-ringtone-download</loc>
    </url>
    <url>
      <loc>https://mobcup-ringtones.online/radhe-krishna-ki-jyoti-ringtone-download</loc>
    </url>
    <url>
      <loc>https://mobcup-ringtones.online/lado-mari-ladakvai-ringtone-download</loc>
    </url>
    <url>
      <loc>https://mobcup-ringtones.online/appa-ponnu-song-ringtone-download</loc>
    </url>
    <url>
      <loc>https://mobcup-ringtones.online/iphone-14-pro-max-notification-ringtone-download</loc>
    </url>
    <url>
      <loc>https://mobcup-ringtones.online/main-kaid-hu-teri-lakiro-me-ringtone-download</loc>
    </url>
    <url>
      <loc>https://mobcup-ringtones.online/jind-mahi-diljit-dosanjh-ringtone-download</loc>
    </url>
    <url>
      <loc>https://mobcup-ringtones.online/top-de-shikari-surjit-khan-ringtone-download</loc>
    </url>
    <url>
      <loc>https://mobcup-ringtones.online/kun-anta-ringtone-download</loc>
    </url>
    <url>
      <loc>https://mobcup-ringtones.online/ting-iphone-message-tone-ringtone-download</loc>
    </url>
    <url>
      <loc>https://mobcup-ringtones.online/dekha-ek-khwab-darbuka-version-ringtone-download</loc>
    </url>
    <url>
      <loc>https://mobcup-ringtones.online/moon-ambar-pe-ringtone-download</loc>
    </url>
    <url>
      <loc>https://mobcup-ringtones.online/noor-e-ramzan-ringtone-download</loc>
    </url>
    <url>
      <loc>https://mobcup-ringtones.online/tu-he-tu-song-garry-sandhu-ringtone-download</loc>
    </url>
    <url>
      <loc>https://mobcup-ringtones.online/sharab-gurlez-akhtar-ringtone-download</loc>
    </url>
    <url>
      <loc>https://mobcup-ringtones.online/gallan-bass-do-mithiye-ranjit-bawa-ringtone-download</loc>
    </url>
    <url>
      <loc>https://mobcup-ringtones.online/hermosa-song-gagan-kokri-ringtone-download</loc>
    </url>
    <url>
      <loc>https://mobcup-ringtones.online/haal-e-dil-javed-ali-ringtone-download</loc>
    </url>
    <url>
      <loc>https://mobcup-ringtones.online/kurumba-song-ringtone-download</loc>
    </url>
    <url>
      <loc>https://mobcup-ringtones.online/aag-laan-ka-theka-jerry-ringtone-download</loc>
    </url>
    <url>
      <loc>https://mobcup-ringtones.online/ankhan-cho-piyade-ek-jaam-soniye-ringtone-download</loc>
    </url>
    <url>
      <loc>https://mobcup-ringtones.online/tu-yaad-hain-song-ringtone-download</loc>
    </url>
    <url>
      <loc>https://mobcup-ringtones.online/gen-z-jezebel-jada-kingdom-ringtone-download</loc>
    </url>
    <url>
      <loc>https://mobcup-ringtones.online/chandrachooda-siddhartha-belmannu-ringtone-download</loc>
    </url>
    <url>
      <loc>https://mobcup-ringtones.online/jaati-ratnalu-bgm-ringtone-download</loc>
    </url>
    <url>
      <loc>https://mobcup-ringtones.online/yimmy-yimmy-song-shreya-ghoshal-ringtone-download</loc>
    </url>
    <url>
      <loc>https://mobcup-ringtones.online/teri-jatni-song-ringtone-download</loc>
    </url>
    <url>
      <loc>https://mobcup-ringtones.online/jailer-emotional-bgm-ringtone-download</loc>
    </url>
    <url>
      <loc>https://mobcup-ringtones.online/qatra-qatra-song-sukhwinder-singh-ringtone-download</loc>
    </url>
    <url>
      <loc>https://mobcup-ringtones.online/dreamcatcher-ringtone-download</loc>
    </url>
    <url>
      <loc>https://mobcup-ringtones.online/duniya-ke-sare-gam-bhulke-ringtone-download</loc>
    </url>
    <url>
      <loc>https://mobcup-ringtones.online/ride-it-ringtone-download</loc>
    </url>
    <url>
      <loc>https://mobcup-ringtones.online/inquilab-ka-nara-sare-aam-kar-diya-qatra-qatra-ringtone-download</loc>
    </url>
    <url>
      <loc>https://mobcup-ringtones.online/rollercoaster-emiway-bantai-ringtone-download</loc>
    </url>
    <url>
      <loc>https://mobcup-ringtones.online/guna-theme-bgm-pathu-thala-ringtone-download</loc>
    </url>
    <url>
      <loc>https://mobcup-ringtones.online/angels-in-tibet-amaarae-ringtone-download</loc>
    </url>
    <url>
      <loc>https://mobcup-ringtones.online/ve-paagla-preetinder-ringtone-download</loc>
    </url>
    <url>
      <loc>https://mobcup-ringtones.online/muruga-muruga-om-muruga-ringtone-download</loc>
    </url>
    <url>
      <loc>https://mobcup-ringtones.online/thani-oruvan-bgm-ringtone-download</loc>
    </url>
    <url>
      <loc>https://mobcup-ringtones.online/emiway-bantai-x-the-rish-aksar-unplugged-ringtone-download</loc>
    </url>
    <url>
      <loc>https://mobcup-ringtones.online/pedave-palikina-matallone-ringtone-download</loc>
    </url>
    <url>
      <loc>https://mobcup-ringtones.online/shaitaan-theme-song-ringtone-download</loc>
    </url>
    <url>
      <loc>https://mobcup-ringtones.online/guna-love-bgm-ringtone-download</loc>
    </url>
    <url>
      <loc>https://mobcup-ringtones.online/mere-aage-duniya-ka-rang-sara-fika-ishq-mitaye-ringtone-download</loc>
    </url>
    <url>
      <loc>https://mobcup-ringtones.online/bholenath-song-neha-kakkar-ringtone-download</loc>
    </url>
    <url>
      <loc>https://mobcup-ringtones.online/meri-zindagi-rap-se-pan-deep-hai-mc-stan-ringtone-download</loc>
    </url>
    <url>
      <loc>https://mobcup-ringtones.online/premika-ne-pyar-se-ringtone-download</loc>
    </url>
    <url>
      <loc>https://mobcup-ringtones.online/om-deva-deva-arijit-singh-ringtone-download</loc>
    </url>
    <url>
      <loc>https://mobcup-ringtones.online/singapenne-song-bigil-ringtone-download</loc>
    </url>
    <url>
      <loc>https://mobcup-ringtones.online/jai-shree-mahakal-ringtone-download</loc>
    </url>
    <url>
      <loc>https://mobcup-ringtones.online/ishq-mitaye-mohit-chauhan-ringtone-download</loc>
    </url>
    <url>
      <loc>https://mobcup-ringtones.online/parvati-boli-shankar-se-hansraj-raghuwanshi-ringtone-download</loc>
    </url>
    <url>
      <loc>https://mobcup-ringtones.online/suzume-no-tojimari-ringtones</loc>
    </url>
    <url>
      <loc>https://mobcup-ringtones.online/omkaram-srusthi-song-venkat-sai-ringtone-download</loc>
    </url>
    <url>
      <loc>https://mobcup-ringtones.online/ke-janam-pyar-tumse-hai-sadqay-ringtone-download</loc>
    </url>
    <url>
      <loc>https://mobcup-ringtones.online/scars-to-your-beautiful-alessia-cara-ringtone-download</loc>
    </url>
    <url>
      <loc>https://mobcup-ringtones.online/om-namah-parvati-pataye-har-har-mahadev-ringtone-download</loc>
    </url>
    <url>
      <loc>https://mobcup-ringtones.online/guli-mata-song-shreya-ghoshal-ringtone-download</loc>
    </url>
    <url>
      <loc>https://mobcup-ringtones.online/manmarziyan-song-saaj-bhatt-ringtone-download</loc>
    </url>
    <url>
      <loc>https://mobcup-ringtones.online/ashutosh-shashank-shekhar-sonu-nigam-ringtone-download</loc>
    </url>
    <url>
      <loc>https://mobcup-ringtones.online/sukh-tera-dita-lahiye-song-nirvair-khalsa-ringtone-download</loc>
    </url>
    <url>
      <loc>https://mobcup-ringtones.online/karpur-gauram-karunavtaram-ringtone-download-2</loc>
    </url>
    <url>
      <loc>https://mobcup-ringtones.online/tu-dhan-hai-main-dhanwan-mere-baba-ringtone-download</loc>
    </url>
    <url>
      <loc>https://mobcup-ringtones.online/sare-jagat-ke-ho-tum-hi-raja-bhakt-vatsal-namah-ringtone-download</loc>
    </url>
    <url>
      <loc>https://mobcup-ringtones.online/ye-madhosh-raaton-ke-saaye-tere-bin-ringtone-download</loc>
    </url>
    <url>
      <loc>https://mobcup-ringtones.online/scars-to-your-beautiful-ringtone-download</loc>
    </url>
    <url>
      <loc>https://mobcup-ringtones.online/aaya-hu-main-dar-pe-tere-bhakt-vatsal-namah-ringtone-download</loc>
    </url>
    <url>
      <loc>https://mobcup-ringtones.online/teri-sanso-mein-ghul-gaya-hu-tere-sang-ishq-hua-ringtone-download</loc>
    </url>
    <url>
      <loc>https://mobcup-ringtones.online/tere-sang-ishq-hua-arijit-singh-yodha-ringtone-download</loc>
    </url>
    <url>
      <loc>https://mobcup-ringtones.online/ashutosh-shashank-shekhar-ringtone-download</loc>
    </url>
    <url>
      <loc>https://mobcup-ringtones.online/bhakt-vatsal-namah-music-ringtone-download</loc>
    </url>
    <url>
      <loc>https://mobcup-ringtones.online/bhakt-vatsal-namah-ringtone-download</loc>
    </url>
    <url>
      <loc>https://mobcup-ringtones.online/tere-khayalo-ka-shahar-mein-tere-sang-ishq-hua-ringtone-download</loc>
    </url>
    <url>
      <loc>https://mobcup-ringtones.online/ijazat-de-tere-sang-ishq-hua-ringtone-download</loc>
    </url>
    <url>
      <loc>https://mobcup-ringtones.online/teri-rah-mein-sham-saja-ke-ringtone-download</loc>
    </url>
    <url>
      <loc>https://mobcup-ringtones.online/senorita-song-ringtone-download</loc>
    </url>
    <url>
      <loc>https://mobcup-ringtones.online/tere-naam-se-shuru-tere-sang-ishq-hua-ringtone-download</loc>
    </url>
    <url>
      <loc>https://mobcup-ringtones.online/tere-naam-se-naam-juda-tere-sang-ishq-hua-ringtone-download</loc>
    </url>
    <url>
      <loc>https://mobcup-ringtones.online/jaha-bhi-ho-teri-khushi-tere-sang-ishq-hua-ringtone-download</loc>
    </url>
    <url>
      <loc>https://mobcup-ringtones.online/rab-tujhko-maan-liya-jo-tere-sang-ishq-hua-ringtone-download</loc>
    </url>
    <url>
      <loc>https://mobcup-ringtones.online/shiv-panchakshar-stotram-x-hey-shiva-shiva-ringtone-download</loc>
    </url>
    <url>
      <loc>https://mobcup-ringtones.online/tere-sang-ishq-hua-song-arijit-singh-ringtone-download</loc>
    </url>
    <url>
      <loc>https://mobcup-ringtones.online/sitare-tod-ke-jamin-pe-tere-sang-ishq-hua-ringtone-download</loc>
    </url>
    <url>
      <loc>https://mobcup-ringtones.online/ishq-jo-hua-tujhse-ishq-tera-ringtone-download</loc>
    </url>
    <url>
      <loc>https://mobcup-ringtones.online/tu-ta-billo-tu-aa-tere-aali-gal-kithe-ringtone-download</loc>
    </url>
    <url>
      <loc>https://mobcup-ringtones.online/tere-aali-gal-kithe-ringtone-download</loc>
    </url>
    <url>
      <loc>https://mobcup-ringtones.online/naina-diljit-dosanjh-ringtone-download</loc>
    </url>
    <url>
      <loc>https://mobcup-ringtones.online/mere-bhole-nath-jubin-nautiyal-ringtone-download</loc>
    </url>
    <url>
      <loc>https://mobcup-ringtones.online/aandhi-song-article-370-ringtone-download</loc>
    </url>
    <url>
      <loc>https://mobcup-ringtones.online/ishq-tera-article-370-ringtone-ringtone-download</loc>
    </url>
    <url>
      <loc>https://mobcup-ringtones.online/gulabo-song-rv-singh-ringtone-download</loc>
    </url>
    <url>
      <loc>https://mobcup-ringtones.online/ik-tera-pyar-jassie-gill-ringtone-download</loc>
    </url>
    <url>
      <loc>https://mobcup-ringtones.online/silent-jatt-vich-tere-aali-gal-kithe-ringtone-download</loc>
    </url>
    <url>
      <loc>https://mobcup-ringtones.online/holi-ri-manwar-ringtone-download</loc>
    </url>
    <url>
      <loc>https://mobcup-ringtones.online/teri-ungli-pakad-ke-chala-flute-ringtone-download</loc>
    </url>
    <url>
      <loc>https://mobcup-ringtones.online/rista-me-sar-lage-la-ringtone-download</loc>
    </url>
    <url>
      <loc>https://mobcup-ringtones.online/e-piyar-karelu-ringtone-download</loc>
    </url>
    <url>
      <loc>https://mobcup-ringtones.online/aye-jee-piya-ringtone-download</loc>
    </url>
    <url>
      <loc>https://mobcup-ringtones.online/krishna-flute-music-ringtone-download</loc>
    </url>
    <url>
      <loc>https://mobcup-ringtones.online/ganga-jamuna-song-ringtone-download</loc>
    </url>
    <url>
      <loc>https://mobcup-ringtones.online/bhola-inside-song-kd-desirock-ringtone-download</loc>
    </url>
    <url>
      <loc>https://mobcup-ringtones.online/ek-bat-btau-baba-bhola-inside-ringtone-download</loc>
    </url>
    <url>
      <loc>https://mobcup-ringtones.online/ishq-tere-vich-gaawan-main-ve-haaniyaan-ringtone-download</loc>
    </url>
    <url>
      <loc>https://mobcup-ringtones.online/teri-hasi-par-main-mar-hi-na-jau-ringtone-download</loc>
    </url>
    <url>
      <loc>https://mobcup-ringtones.online/etho-naanum-olara-song-katchi-sera-ringtone-download</loc>
    </url>
    <url>
      <loc>https://mobcup-ringtones.online/chilaka-song-ringtone-download</loc>
    </url>
    <url>
      <loc>https://mobcup-ringtones.online/nee-indri-moodumae-urugi-urugi-ringtone-download</loc>
    </url>
    <url>
      <loc>https://mobcup-ringtones.online/ye-meri-khwahishein-ringtone-download</loc>
    </url>
    <url>
      <loc>https://mobcup-ringtones.online/balak-abodhe-bujhike-ringtone-download</loc>
    </url>
    <url>
      <loc>https://mobcup-ringtones.online/buddham-saranam-gacchami-ringtone-download</loc>
    </url>
    <url>
      <loc>https://mobcup-ringtones.online/thanna-neram-nikkuthu-katchi-sera-ringtone-download</loc>
    </url>
    <url>
      <loc>https://mobcup-ringtones.online/chori-chori-chupke-chupke-trap-mix-ringtone-download</loc>
    </url>
    <url>
      <loc>https://mobcup-ringtones.online/dil-pyar-khatir-tarse-ringtone-download</loc>
    </url>
    <url>
      <loc>https://mobcup-ringtones.online/tumse-pyar-hume-hai-kitna-jaane-jaana-ringtone-download</loc>
    </url>
    <url>
      <loc>https://mobcup-ringtones.online/dheere-dheere-chill-pop-mix-ringtone-download</loc>
    </url>
    <url>
      <loc>https://mobcup-ringtones.online/aarti-kunj-bihari-ki-ringtone-download</loc>
    </url>
    <url>
      <loc>https://mobcup-ringtones.online/teri-meri-story-dheere-dheere-ringtone-download</loc>
    </url>
    <url>
      <loc>https://mobcup-ringtones.online/teri-dosti-ka-mujhe-vasta-ringtone-download</loc>
    </url>
    <url>
      <loc>https://mobcup-ringtones.online/bottley-kholo-song-guru-randhawa-ringtone-download</loc>
    </url>
    <url>
      <loc>https://mobcup-ringtones.online/mere-samne-tha-yahi-rasta-ringtone-download</loc>
    </url>
    <url>
      <loc>https://mobcup-ringtones.online/ab-jake-line-pe-aaya-hai-bottley-kholo-ringtone-download</loc>
    </url>
    <url>
      <loc>https://mobcup-ringtones.online/sham-wahi-kaam-wahi-dheere-dheere-ringtone-download</loc>
    </url>
    <url>
      <loc>https://mobcup-ringtones.online/ishare-tere-guru-randhawa-ringtone-download</loc>
    </url>
    <url>
      <loc>https://mobcup-ringtones.online/shivmayi-hui-shiv-main-shankaraay-ringtone-download</loc>
    </url>
    <url>
      <loc>https://mobcup-ringtones.online/o-shankaraay-shankaraay-shreya-ghoshal-ringtone-download</loc>
    </url>
    <url>
      <loc>https://mobcup-ringtones.online/dil-darian-song-kambi-rajpuria-ringtone-download</loc>
    </url>
    <url>
      <loc>https://mobcup-ringtones.online/jo-bhi-man-se-hai-pukare-shankaraay-ringtone-download</loc>
    </url>
    <url>
      <loc>https://mobcup-ringtones.online/hai-bhole-ki-sharan-thandi-bhole-ke-mandir-mein-ringtone-download</loc>
    </url>
    <url>
      <loc>https://mobcup-ringtones.online/klalan-song-durga-jasraj-ringtone-download</loc>
    </url>
    <url>
      <loc>https://mobcup-ringtones.online/shankaraay-shreya-ghoshal-maha-shivratri-ringtone-download</loc>
    </url>
    <url>
      <loc>https://mobcup-ringtones.online/shankaraay-salim-sulaiman-ringtone-download</loc>
    </url>
    <url>
      <loc>https://mobcup-ringtones.online/har-har-mahadeva-shankaraay-ringtone-download</loc>
    </url>
    <url>
      <loc>https://mobcup-ringtones.online/tu-rachayta-iss-jag-ka-shankaraay-ringtone-download</loc>
    </url>
    <url>
      <loc>https://mobcup-ringtones.online/aam-jahe-munde-ringtone-download</loc>
    </url>
    <url>
      <loc>https://mobcup-ringtones.online/darshana-song-ringtone-download</loc>
    </url>
    <url>
      <loc>https://mobcup-ringtones.online/mai-patli-si-kamni-shiva-choudhary-ringtone-download</loc>
    </url>
    <url>
      <loc>https://mobcup-ringtones.online/shankaraay-shankaraay-mere-bhole-shankaraay-ringtone-download</loc>
    </url>
    <url>
      <loc>https://mobcup-ringtones.online/oru-kal-oru-kannadi-music-ringtone-download</loc>
    </url>
    <url>
      <loc>https://mobcup-ringtones.online/teri-meri-kahani-instrumental-ringtone-download</loc>
    </url>
    <url>
      <loc>https://mobcup-ringtones.online/oru-paarvaiyil-siva-manasula-sakthi-ringtone-download</loc>
    </url>
    <url>
      <loc>https://mobcup-ringtones.online/maine-tera-naam-dil-rakh-diya-ringtone-download-2</loc>
    </url>
    <url>
      <loc>https://mobcup-ringtones.online/om-gajanan-namo-namah-ringtone-download</loc>
    </url>
    <url>
      <loc>https://mobcup-ringtones.online/tere-naam-ke-alawa-shankaraay-ringtone-download</loc>
    </url>
    <url>
      <loc>https://mobcup-ringtones.online/dada-song-ringtone-download-2</loc>
    </url>
    <url>
      <loc>https://mobcup-ringtones.online/om-gajanan-ringtone-download</loc>
    </url>
    <url>
      <loc>https://mobcup-ringtones.online/maziya-priyala-preet-ringtone-download</loc>
    </url>
    <url>
      <loc>https://mobcup-ringtones.online/teri-ungli-pakad-ke-chala-ringtone-download</loc>
    </url>
    <url>
      <loc>https://mobcup-ringtones.online/unakul-naan-ringtone-download</loc>
    </url>
    <url>
      <loc>https://mobcup-ringtones.online/ayaan-2-0-instrumental-ringtone-download</loc>
    </url>
    <url>
      <loc>https://mobcup-ringtones.online/sathiya-instrumental-ringtone-download</loc>
    </url>
    <url>
      <loc>https://mobcup-ringtones.online/mahabharat-krishna-flute-ringtone-download</loc>
    </url>
    <url>
      <loc>https://mobcup-ringtones.online/majha-hoshil-na-song-ringtone-download</loc>
    </url>
    <url>
      <loc>https://mobcup-ringtones.online/ayaan-2-0-music-ringtone-download</loc>
    </url>
    <url>
      <loc>https://mobcup-ringtones.online/out-of-time-english-song-ringtone-download</loc>
    </url>
    <url>
      <loc>https://mobcup-ringtones.online/my-life-is-in-this-town-leo-english-song-ringtone-download</loc>
    </url>
    <url>
      <loc>https://mobcup-ringtones.online/billa-bgm-ringtone-download</loc>
    </url>
    <url>
      <loc>https://mobcup-ringtones.online/my-name-is-billa-ringtone-download</loc>
    </url>
    <url>
      <loc>https://mobcup-ringtones.online/tum-hi-aana-ringtone-download</loc>
    </url>
    <url>
      <loc>https://mobcup-ringtones.online/tum-hi-aana-instrumental-ringtone-download</loc>
    </url>
    <url>
      <loc>https://mobcup-ringtones.online/roza-daro-khak-urao-ringtone-download</loc>
    </url>
    <url>
      <loc>https://mobcup-ringtones.online/bhole-ke-mandir-mein-ringtone-download</loc>
    </url>
    <url>
      <loc>https://mobcup-ringtones.online/mr-lover-lover-ringtone-download</loc>
    </url>
    <url>
      <loc>https://mobcup-ringtones.online/haye-booh-ringtone-download</loc>
    </url>
    <url>
      <loc>https://mobcup-ringtones.online/baba-darshan-tu-nayan-tu-har-har-shambhu-ringtone-download</loc>
    </url>
    <url>
      <loc>https://mobcup-ringtones.online/tu-hi-zamana-mera-zindagi-tere-naam-ringtone-download</loc>
    </url>
    <url>
      <loc>https://mobcup-ringtones.online/paisa-masanga-ringtone-download</loc>
    </url>
    <url>
      <loc>https://mobcup-ringtones.online/8-boliyan-ringtone-download</loc>
    </url>
    <url>
      <loc>https://mobcup-ringtones.online/dil-paagal-song-laqshay-kapoor-ringtone-download</loc>
    </url>
    <url>
      <loc>https://mobcup-ringtones.online/tujhse-na-boli-hai-jo-baat-zindagi-tere-naam-ringtone-download</loc>
    </url>
    <url>
      <loc>https://mobcup-ringtones.online/i-wanna-be-yours-song-ringtone-download</loc>
    </url>
    <url>
      <loc>https://mobcup-ringtones.online/hai-maati-ke-diye-hum-to-har-har-shambhu-ringtone-download</loc>
    </url>
    <url>
      <loc>https://mobcup-ringtones.online/chandrma-lalaat-jaage-har-har-shambhu-ringtone-download</loc>
    </url>
    <url>
      <loc>https://mobcup-ringtones.online/tere-pag-mein-na-jhukte-to-har-har-shambhu-ringtone-download</loc>
    </url>
    <url>
      <loc>https://mobcup-ringtones.online/tu-hai-aasman-mein-pyaar-mera-ringtone-download</loc>
    </url>
    <url>
      <loc>https://mobcup-ringtones.online/kehnde-ne-naina-harbhajan-shera-ringtone-download</loc>
    </url>
    <url>
      <loc>https://mobcup-ringtones.online/aa-bhid-jaa-re-song-sanjith-hegde-ringtone-download</loc>
    </url>
    <url>
      <loc>https://mobcup-ringtones.online/mann-sawalon-se-hi-pyaar-mera-ringtone-download</loc>
    </url>
    <url>
      <loc>https://mobcup-ringtones.online/tu-mere-liye-kya-hai-pyaar-mera-ringtone-download</loc>
    </url>
    <url>
      <loc>https://mobcup-ringtones.online/pyaar-mera-instrumental-ringtone-download</loc>
    </url>
    <url>
      <loc>https://mobcup-ringtones.online/har-har-shambhu-jubin-nautiyal-ringtone-download</loc>
    </url>
    <url>
      <loc>https://mobcup-ringtones.online/pyaar-mera-song-madhur-sharma-ringtone-download</loc>
    </url>
    <url>
      <loc>https://mobcup-ringtones.online/baba-jeevan-tu-maran-tu-har-har-shambhu-ringtone-download</loc>
    </url>
    <url>
      <loc>https://mobcup-ringtones.online/paye-bina-main-khona-na-chaahun-pyaar-mera-ringtone-download</loc>
    </url>
    <url>
      <loc>https://mobcup-ringtones.online/dil-e-umeed-tora-hai-kise-ne-instagram-viral-ringtone-download</loc>
    </url>
    <url>
      <loc>https://mobcup-ringtones.online/tareyan-nu-bol-ke-rakhde-aa-kende-ne-naina-ringtone-download</loc>
    </url>
    <url>
      <loc>https://mobcup-ringtones.online/meharma-mere-meharma-kende-ne-naina-ringtone-download</loc>
    </url>
    <url>
      <loc>https://mobcup-ringtones.online/sajjna-tera-naa-din-raat-japde-kende-ne-naina-ringtone-download</loc>
    </url>
    <url>
      <loc>https://mobcup-ringtones.online/kende-ne-naina-tere-kol-rehna-ringtone-download</loc>
    </url>
    <url>
      <loc>https://mobcup-ringtones.online/kende-ne-naina-instrumental-ringtone-download</loc>
    </url>
    <url>
      <loc>https://mobcup-ringtones.online/tere-sang-ek-pal-jeene-ko-kende-ne-naina-ringtone-download</loc>
    </url>
    <url>
      <loc>https://mobcup-ringtones.online/dunia-main-vaar-ke-tere-utte-dil-haareya-ringtone-download</loc>
    </url>
    <url>
      <loc>https://mobcup-ringtones.online/chann-mere-mahiya-ve-raah-teri-kende-ne-naina-ringtone-download</loc>
    </url>
    <url>
      <loc>https://mobcup-ringtones.online/aaj-iqrar-karte-hain-kende-ne-naina-ringtone-download</loc>
    </url>
    <url>
      <loc>https://mobcup-ringtones.online/mexican-phonk-eki-ringtone-download</loc>
    </url>
    <url>
      <loc>https://mobcup-ringtones.online/shiv-shiv-bole-ja-ringtone-download</loc>
    </url>
    <url>
      <loc>https://mobcup-ringtones.online/karpur-gauram-karunavtaram-shiv-shiv-bole-ja-ringtone-download</loc>
    </url>
    <url>
      <loc>https://mobcup-ringtones.online/shiv-ki-jata-me-thi-gang-dhara-aatma-jaag-gai-ringtone-download</loc>
    </url>
    <url>
      <loc>https://mobcup-ringtones.online/aisa-bhole-ne-damru-bajaya-aatma-jaag-gai-ringtone-download</loc>
    </url>
    <url>
      <loc>https://mobcup-ringtones.online/mote-peg-2-song-sumit-parta-ringtone-download</loc>
    </url>
    <url>
      <loc>https://mobcup-ringtones.online/jag-ki-aisi-kaaya-shiv-shiv-bole-ja-ringtone-download</loc>
    </url>
    <url>
      <loc>https://mobcup-ringtones.online/shankar-shiv-bhole-umapati-mahadev-maha-shivratri-2024-ringtone</loc>
    </url>
    <url>
      <loc>https://mobcup-ringtones.online/you-and-me-shubh-ringtone-download</loc>
    </url>
    <url>
      <loc>https://mobcup-ringtones.online/pehle-bhi-main-female-version-ringtone-download</loc>
    </url>
    <url>
      <loc>https://mobcup-ringtones.online/oh-isme-mera-kya-kasoor-jeena-haram-ringtone-download</loc>
    </url>
    <url>
      <loc>https://mobcup-ringtones.online/itni-mohabbat-mujhse-jeena-haram-ringtone-download</loc>
    </url>
    <url>
      <loc>https://mobcup-ringtones.online/jeena-haram-kar-diya-ringtone-download</loc>
    </url>
    <url>
      <loc>https://mobcup-ringtones.online/tu-system-system-kare-ghana-daur-ringtone-download</loc>
    </url>
    <url>
      <loc>https://mobcup-ringtones.online/aradhya-song-ringtone-download</loc>
    </url>
    <url>
      <loc>https://mobcup-ringtones.online/real-me-gang-chala-re-sa-ringtone-download</loc>
    </url>
    <url>
      <loc>https://mobcup-ringtones.online/fock-thakidatha-ringtone-download</loc>
    </url>
    <url>
      <loc>https://mobcup-ringtones.online/daur-song-gulzaar-chhaniwala-ringtone-download</loc>
    </url>
    <url>
      <loc>https://mobcup-ringtones.online/jeena-haram-instrumental-ringtone-download</loc>
    </url>
    <url>
      <loc>https://mobcup-ringtones.online/aao-na-ringtone-download</loc>
    </url>
    <url>
      <loc>https://mobcup-ringtones.online/moye-moye-song-ringtone-download</loc>
    </url>
    <url>
      <loc>https://mobcup-ringtones.online/jeena-haram-ringtone-download</loc>
    </url>
    <url>
      <loc>https://mobcup-ringtones.online/nenu-local-bgm-ringtone-download</loc>
    </url>
    <url>
      <loc>https://mobcup-ringtones.online/peaky-blinders-red-right-hand-ringtone-download</loc>
    </url>
    <url>
      <loc>https://mobcup-ringtones.online/sanson-ki-mala-pe-ringtone-download</loc>
    </url>
    <url>
      <loc>https://mobcup-ringtones.online/chipi-chipi-chapa-chapa-ringtone-download</loc>
    </url>
    <url>
      <loc>https://mobcup-ringtones.online/shankar-nache-re-ringtone-download</loc>
    </url>
    <url>
      <loc>https://mobcup-ringtones.online/maa-teri-goddi-ch-ringtone-download</loc>
    </url>
    <url>
      <loc>https://mobcup-ringtones.online/bhola-bhandari-jaya-kishori-ringtone-download</loc>
    </url>
    <url>
      <loc>https://mobcup-ringtones.online/barood-song-ninja-ringtone-download</loc>
    </url>
    <url>
      <loc>https://mobcup-ringtones.online/jalebi-sa-juda-ringtone-download</loc>
    </url>
    <url>
      <loc>https://mobcup-ringtones.online/galli-soundullo-bgm-ringtone-download</loc>
    </url>
    <url>
      <loc>https://mobcup-ringtones.online/halki-halki-si-asees-kaur-ringtone-download</loc>
    </url>
    <url>
      <loc>https://mobcup-ringtones.online/aisa-main-shaitaan-bgm-ringtone-download</loc>
    </url>
    <url>
      <loc>https://mobcup-ringtones.online/yedo-yedo-maaya-bgm-ringtone-download</loc>
    </url>
    <url>
      <loc>https://mobcup-ringtones.online/pehali-dafa-dekha-tujhe-tu-sohni-faryaad-ringtone-download</loc>
    </url>
    <url>
      <loc>https://mobcup-ringtones.online/bhimaa-movie-bgm-ringtone-download</loc>
    </url>
    <url>
      <loc>https://mobcup-ringtones.online/mere-jaisa-koi-shaitaan-ringtone-download</loc>
    </url>
    <url>
      <loc>https://mobcup-ringtones.online/aisa-main-shaitaan-song-ringtone-download</loc>
    </url>
    <url>
      <loc>https://mobcup-ringtones.online/tum-door-na-hona-shambhu-ringtone-download-female-version</loc>
    </url>
    <url>
      <loc>https://mobcup-ringtones.online/show-off-shivjot-ringtone-download</loc>
    </url>
    <url>
      <loc>https://mobcup-ringtones.online/tum-prem-ho-ringtone-download</loc>
    </url>
    <url>
      <loc>https://mobcup-ringtones.online/cheap-thrills-marimba-remix-ringtone-download</loc>
    </url>
    <url>
      <loc>https://mobcup-ringtones.online/tu-sohni-faryaad-ringtone-download</loc>
    </url>
    <url>
      <loc>https://mobcup-ringtones.online/yaaradi-nee-mohini-ringtone-download</loc>
    </url>
    <url>
      <loc>https://mobcup-ringtones.online/badrang-me-satranga-ringtone-download</loc>
    </url>
    <url>
      <loc>https://mobcup-ringtones.online/baby-laughing-ringtone</loc>
    </url>
    <url>
      <loc>https://mobcup-ringtones.online/katchi-sera-bgm-ringtone-download</loc>
    </url>
    <url>
      <loc>https://mobcup-ringtones.online/tere-hawale-arijit-singh-ringtone-download</loc>
    </url>
    <url>
      <loc>https://mobcup-ringtones.online/daaku-song-badshah-ringtone-download</loc>
    </url>
    <url>
      <loc>https://mobcup-ringtones.online/labhale-amhas-bhagya-mp3-ringtone-download</loc>
    </url>
    <url>
      <loc>https://mobcup-ringtones.online/hari-anant-hari-katha-ananta-ringtone-new-version</loc>
    </url>
    <url>
      <loc>https://mobcup-ringtones.online/husn-song-anuv-jain-ringtone-download</loc>
    </url>
    <url>
      <loc>https://mobcup-ringtones.online/mi-marathi-ringtone-download</loc>
    </url>
    <url>
      <loc>https://mobcup-ringtones.online/hare-krishna-hare-rama-ringtone-download</loc>
    </url>
    <url>
      <loc>https://mobcup-ringtones.online/99-problems-ringtone-download</loc>
    </url>
    <url>
      <loc>https://mobcup-ringtones.online/adharam-madhuram-lofi-ringtone-download</loc>
    </url>
    <url>
      <loc>https://mobcup-ringtones.online/dari-khoryatun-song-mi-marathi-ringtone-download</loc>
    </url>
    <url>
      <loc>https://mobcup-ringtones.online/i-am-in-love-with-the-shape-of-you-ringtone-download-2</loc>
    </url>
    <url>
      <loc>https://mobcup-ringtones.online/old-nokia-mp3-ringtone-download</loc>
    </url>
    <url>
      <loc>https://mobcup-ringtones.online/mera-bhola-hai-bhandari-ringtone-download-2</loc>
    </url>
    <url>
      <loc>https://mobcup-ringtones.online/naam-hai-tera-taran-hara-ringtone-download</loc>
    </url>
    <url>
      <loc>https://mobcup-ringtones.online/nalla-nanban-song-ringtone-download</loc>
    </url>
    <url>
      <loc>https://mobcup-ringtones.online/ram-krishna-hari-jay-jay-ram-krishna-hari-ringtone-download</loc>
    </url>
    <url>
      <loc>https://mobcup-ringtones.online/iyarkai-bgm-ringtone-download</loc>
    </url>
    <url>
      <loc>https://mobcup-ringtones.online/ram-aayenge-ringtone-download-female</loc>
    </url>
    <url>
      <loc>https://mobcup-ringtones.online/mi-marathi-music-ringtone-download</loc>
    </url>
    <url>
      <loc>https://mobcup-ringtones.online/chinnari-thalli-song-ringtone-download</loc>
    </url>
    <url>
      <loc>https://mobcup-ringtones.online/drums-of-liberation-ringtone-download</loc>
    </url>
    <url>
      <loc>https://mobcup-ringtones.online/nalo-ninu-chusukoga-song-ringtone-download</loc>
    </url>
    <url>
      <loc>https://mobcup-ringtones.online/aarambh-hai-prachand-ringtone-download-2</loc>
    </url>
    <url>
      <loc>https://mobcup-ringtones.online/let-me-down-slowly-marimba-remix-ringtone-download</loc>
    </url>
    <url>
      <loc>https://mobcup-ringtones.online/kanmani-anbodu-kadhalan-song-ringtone-download</loc>
    </url>
    <url>
      <loc>https://mobcup-ringtones.online/family-affair-ringtone-download</loc>
    </url>
    <url>
      <loc>https://mobcup-ringtones.online/labhale-amhas-bhagya-ringtone-download</loc>
    </url>
    <url>
      <loc>https://mobcup-ringtones.online/shri-krishna-govind-hare-murari-song-ringtone</loc>
    </url>
    <url>
      <loc>https://mobcup-ringtones.online/i-am-in-love-with-the-shape-of-you-ringtone-download</loc>
    </url>
    <url>
      <loc>https://mobcup-ringtones.online/loosu-penne-bgm-ringtone-download</loc>
    </url>
    <url>
      <loc>https://mobcup-ringtones.online/transponder-snail-ringtone</loc>
    </url>
    <url>
      <loc>https://mobcup-ringtones.online/pink-panther-ringtone</loc>
    </url>
    <url>
      <loc>https://mobcup-ringtones.online/satate-ho-din-raat-jis-tarah-mujhko-qawwali-ringtone</loc>
    </url>
    <url>
      <loc>https://mobcup-ringtones.online/mia-khalifa-song-ilovefriday-ringtone-download</loc>
    </url>
    <url>
      <loc>https://mobcup-ringtones.online/manjummel-boys-bgm-ringtone-download</loc>
    </url>
    <url>
      <loc>https://mobcup-ringtones.online/nebulakal-travel-song-manjummel-boys-ringtone-download</loc>
    </url>
    <url>
      <loc>https://mobcup-ringtones.online/amma-en-mugavari-song-ringtone-download</loc>
    </url>
    <url>
      <loc>https://mobcup-ringtones.online/jo-ulfat-mein-har-ek-sitam-hai-gawarah-qawwali-ringtone</loc>
    </url>
    <url>
      <loc>https://mobcup-ringtones.online/om-cham-cham-chapal-chalanta-bajrang-baan-ringtone-download</loc>
    </url>
    <url>
      <loc>https://mobcup-ringtones.online/kal-raat-aaya-mere-ghar-ek-chor-justh-ringtone-download</loc>
    </url>
    <url>
      <loc>https://mobcup-ringtones.online/jatta-song-ravinder-grewal-shipra-goyal-ringtone-download</loc>
    </url>
    <url>
      <loc>https://mobcup-ringtones.online/minnale-love-bgm-ringtone-download</loc>
    </url>
    <url>
      <loc>https://mobcup-ringtones.online/joe-urugi-urugi-ringtone-download</loc>
    </url>
    <url>
      <loc>https://mobcup-ringtones.online/kadhalar-dhinam-ringtone-download</loc>
    </url>
    <url>
      <loc>https://mobcup-ringtones.online/dhunge-pe-kabootar-ringtone-download</loc>
    </url>
    <url>
      <loc>https://mobcup-ringtones.online/sillunu-oru-kadhal-bgm-ringtone-download</loc>
    </url>
    <url>
      <loc>https://mobcup-ringtones.online/har-har-shiv-shankar-neelkanth-gangadhar-ringtone-download</loc>
    </url>
    <url>
      <loc>https://mobcup-ringtones.online/jata-tavi-galaj-pravahapavitasthale-ringtone-download</loc>
    </url>
    <url>
      <loc>https://mobcup-ringtones.online/saware-arijit-singh-ringtone-download</loc>
    </url>
    <url>
      <loc>https://mobcup-ringtones.online/pirates-of-the-caribbean-guitar-ringtone-download</loc>
    </url>
    <url>
      <loc>https://mobcup-ringtones.online/shiv-tandav-stotram-ringtone-download</loc>
    </url>
    <url>
      <loc>https://mobcup-ringtones.online/vachindamma-song-geetha-govindam-ringtone-download</loc>
    </url>
    <url>
      <loc>https://mobcup-ringtones.online/knight-rider-ringtone-download</loc>
    </url>
    <url>
      <loc>https://mobcup-ringtones.online/alastor-ringtone-download</loc>
    </url>
    <url>
      <loc>https://mobcup-ringtones.online/zindagi-tere-naam-vishal-mishra-ringtone-download</loc>
    </url>
    <url>
      <loc>https://mobcup-ringtones.online/ram-krishna-hari-marathi-ringtone-download</loc>
    </url>
    <url>
      <loc>https://mobcup-ringtones.online/sargam-sargam-teri-aankhen-zindagi-tere-naam-ringtone-download</loc>
    </url>
    <url>
      <loc>https://mobcup-ringtones.online/zaalim-song-payal-dev-badshah-ringtone-download</loc>
    </url>
    <url>
      <loc>https://mobcup-ringtones.online/car-horn-vlog-ringtone-download</loc>
    </url>
    <url>
      <loc>https://mobcup-ringtones.online/dj-girl-moaning-sound-ringtone-download</loc>
    </url>
    <url>
      <loc>https://mobcup-ringtones.online/kaayi-baby-jean-ringtone-download</loc>
    </url>
    <url>
      <loc>https://mobcup-ringtones.online/zaalim-song-payal-dev-ringtone-download</loc>
    </url>
    <url>
      <loc>https://mobcup-ringtones.online/jeene-laga-hoon-ringtone-download</loc>
    </url>
    <url>
      <loc>https://mobcup-ringtones.online/gulabi-sharara-inder-arya-ringtone-download</loc>
    </url>
    <url>
      <loc>https://mobcup-ringtones.online/urvasi-urvasi-instrumental-ringtone-download</loc>
    </url>
    <url>
      <loc>https://mobcup-ringtones.online/thumak-thumak-ringtone-download</loc>
    </url>
    <url>
      <loc>https://mobcup-ringtones.online/urvasi-urvasi-ringtone-download</loc>
    </url>
    <url>
      <loc>https://mobcup-ringtones.online/night-changes-ringtone-download</loc>
    </url>
    <url>
      <loc>https://mobcup-ringtones.online/remo-bgm-ringtone-download</loc>
    </url>
    <url>
      <loc>https://mobcup-ringtones.online/raja-sahib-de-deo-didar-ringtone-download</loc>
    </url>
    <url>
      <loc>https://mobcup-ringtones.online/one-hell-of-a-team-ringtone-download</loc>
    </url>
    <url>
      <loc>https://mobcup-ringtones.online/hazbin-hotel-addict2-ringtone-download</loc>
    </url>
    <url>
      <loc>https://mobcup-ringtones.online/sadqay-ringtone-download</loc>
    </url>
    <url>
      <loc>https://mobcup-ringtones.online/meri-ninde-hai-farar-ringtone-download</loc>
    </url>
    <url>
      <loc>https://mobcup-ringtones.online/vellake-bgm-ringtone-download</loc>
    </url>
    <url>
      <loc>https://mobcup-ringtones.online/hey-sai-ram-hey-sai-ram-ringtone-download</loc>
    </url>
    <url>
      <loc>https://mobcup-ringtones.online/halki-si-dadi-rakhe-patla-sa-chora-ringtone-download</loc>
    </url>
    <url>
      <loc>https://mobcup-ringtones.online/uske-baad-muskurana-chhod-diya-instagram-viral-ringtone-download</loc>
    </url>
    <url>
      <loc>https://mobcup-ringtones.online/shirdi-wale-sai-baba-ringtone-download-2</loc>
    </url>
    <url>
      <loc>https://mobcup-ringtones.online/tange-tange-remix-instagram-viral-ringtone</loc>
    </url>
    <url>
      <loc>https://mobcup-ringtones.online/dhoom-machale-toy-phone-ringtone-download</loc>
    </url>
    <url>
      <loc>https://mobcup-ringtones.online/gujjar-haryane-ka-naman-sharma-ringtone-download</loc>
    </url>
    <url>
      <loc>https://mobcup-ringtones.online/neela-nilave-flute-ringtone-download</loc>
    </url>
    <url>
      <loc>https://mobcup-ringtones.online/hari-om-namah-shivay-ringtone-download</loc>
    </url>
    <url>
      <loc>https://mobcup-ringtones.online/kashi-shiv-parvati-ringtone-download</loc>
    </url>
    <url>
      <loc>https://mobcup-ringtones.online/hey-shiv-shankar-bhawani-shankar-ringtone-download</loc>
    </url>
    <url>
      <loc>https://mobcup-ringtones.online/jija-ji-tani-halke-halke-instagram-reels-ringtone-download</loc>
    </url>
    <url>
      <loc>https://mobcup-ringtones.online/japu-main-hardam-naam-tera-har-har-mahadev-ringtone-download</loc>
    </url>
    <url>
      <loc>https://mobcup-ringtones.online/namah-parvati-pataye-har-har-mahadev-ringtone-download</loc>
    </url>
    <url>
      <loc>https://mobcup-ringtones.online/babuji-mujhko-bhul-gaye-kya-ringtone-download</loc>
    </url>
    <url>
      <loc>https://mobcup-ringtones.online/om-hanu-hanu-hanumanta-ringtone-download</loc>
    </url>
    <url>
      <loc>https://mobcup-ringtones.online/khwab-sa-instagram-viral-ringtone-download</loc>
    </url>
    <url>
      <loc>https://mobcup-ringtones.online/alaipayuthey-bgm-ringtone-download</loc>
    </url>
    <url>
      <loc>https://mobcup-ringtones.online/woh-krishna-hai-ringtone-download</loc>
    </url>
    <url>
      <loc>https://mobcup-ringtones.online/cheri-cheri-lady-goin-through-a-motion-ringtone-download</loc>
    </url>
    <url>
      <loc>https://mobcup-ringtones.online/pachai-nirame-ringtone-download</loc>
    </url>
    <url>
      <loc>https://mobcup-ringtones.online/let-me-love-you-instrumental-ringtone-download</loc>
    </url>
    <url>
      <loc>https://mobcup-ringtones.online/sandakari-neethan-song-ringtone-download</loc>
    </url>
    <url>
      <loc>https://mobcup-ringtones.online/ayyo-paapam-saaru-ringtone-download</loc>
    </url>
    <url>
      <loc>https://mobcup-ringtones.online/gopala-gopala-krishna-flute-ringtone-download</loc>
    </url>
    <url>
      <loc>https://mobcup-ringtones.online/ho-ishq-de-hale-se-instagram-reels-ringtone-download</loc>
    </url>
    <url>
      <loc>https://mobcup-ringtones.online/bapu-tere-karke-ringtone-download</loc>
    </url>
    <url>
      <loc>https://mobcup-ringtones.online/aankhen-khule-to-mai-dekhu-tujhe-ringtone-download</loc>
    </url>
    <url>
      <loc>https://mobcup-ringtones.online/bade-bolde-mitra-te-case-shubh-ringtone-download</loc>
    </url>
    <url>
      <loc>https://mobcup-ringtones.online/295-sidhu-moose-wala-ringtone-download</loc>
    </url>
    <url>
      <loc>https://mobcup-ringtones.online/cra6-xiaomi-redmi-ringtone-download</loc>
    </url>
    <url>
      <loc>https://mobcup-ringtones.online/oh-i-cannot-explain-cheri-cheri-lady-ringtone-download</loc>
    </url>
    <url>
      <loc>https://mobcup-ringtones.online/cheri-cheri-lady-instrumental-ringtone-download</loc>
    </url>
    <url>
      <loc>https://mobcup-ringtones.online/ishq-mein-dil-bana-hai-chaleya-ringtone-download</loc>
    </url>
    <url>
      <loc>https://mobcup-ringtones.online/havana-marimba-remix-ringtone-download</loc>
    </url>
    <url>
      <loc>https://mobcup-ringtones.online/jane-tamanna-jaane-ada-ishq-murshid-ringtone-download</loc>
    </url>
    <url>
      <loc>https://mobcup-ringtones.online/dhoom-machale-theme-bgm-ringtone-download</loc>
    </url>
    <url>
      <loc>https://mobcup-ringtones.online/standing-next-to-you-jungkook-ringtone-download</loc>
    </url>
    <url>
      <loc>https://mobcup-ringtones.online/bramayugam-mammootty-entry-bgm-ringtone-download</loc>
    </url>
    <url>
      <loc>https://mobcup-ringtones.online/please-dont-change-jungkook-ringtone-download</loc>
    </url>
    <url>
      <loc>https://mobcup-ringtones.online/samsung-galaxy-s23-ultra-ringtone-download</loc>
    </url>
    <url>
      <loc>https://mobcup-ringtones.online/rehnaa-hai-terre-dil-mein-ringtone-download</loc>
    </url>
    <url>
      <loc>https://mobcup-ringtones.online/bramayugam-bgm-ringtone-download</loc>
    </url>
    <url>
      <loc>https://mobcup-ringtones.online/kannil-kanavaaga-nee-kalangathadi-song-ringtone-download</loc>
    </url>
    <url>
      <loc>https://mobcup-ringtones.online/bramayugam-the-age-of-madness-bgm-ringtone-download</loc>
    </url>
    <url>
      <loc>https://mobcup-ringtones.online/shyama-preet-mai-tose-laga-baitha-hu-ringtone-download</loc>
    </url>
    <url>
      <loc>https://mobcup-ringtones.online/iphone-naruto-ringtone-download</loc>
    </url>
    <url>
      <loc>https://mobcup-ringtones.online/nenjame-nenjame-ringtone-download</loc>
    </url>
    <url>
      <loc>https://mobcup-ringtones.online/iphone-15-notification-ringtone-download</loc>
    </url>
    <url>
      <loc>https://mobcup-ringtones.online/halki-halki-si-ringtone-download</loc>
    </url>
    <url>
      <loc>https://mobcup-ringtones.online/hisaab-ringtone-download</loc>
    </url>
    <url>
      <loc>https://mobcup-ringtones.online/sigma-rule-ringtone-download</loc>
    </url>
    <url>
      <loc>https://mobcup-ringtones.online/jung-song-gippy-grewal-ringtone-download</loc>
    </url>
    <url>
      <loc>https://mobcup-ringtones.online/operation-valentine-bgm-ringtone-download</loc>
    </url>
    <url>
      <loc>https://mobcup-ringtones.online/ethir-neechal-ringtone-download</loc>
    </url>
    <url>
      <loc>https://mobcup-ringtones.online/all-eyes-on-me-marimba-ringtone-download</loc>
    </url>
    <url>
      <loc>https://mobcup-ringtones.online/ambar-pe-mere-ek-hi-tara-ringtone-download</loc>
    </url>
    <url>
      <loc>https://mobcup-ringtones.online/90-90-song-jatt-nuu-chudail-takri-ringtone-download</loc>
    </url>
    <url>
      <loc>https://mobcup-ringtones.online/way-down-we-go-instrumental-ringtone-download</loc>
    </url>
    <url>
      <loc>https://mobcup-ringtones.online/papa-meri-jaan-ringtone-download-baby-version</loc>
    </url>
    <url>
      <loc>https://mobcup-ringtones.online/i-got-her-feeling-some-kind-of-way-ringtone-download</loc>
    </url>
    <url>
      <loc>https://mobcup-ringtones.online/poolamme-pilla-hanuman-movie-ringtone-download</loc>
    </url>
    <url>
      <loc>https://mobcup-ringtones.online/palakkattu-pakkathile-remix-ringtone-download</loc>
    </url>
    <url>
      <loc>https://mobcup-ringtones.online/balaaki-song-faydee-ringtone-download</loc>
    </url>
    <url>
      <loc>https://mobcup-ringtones.online/kannile-theeyai-vaithai-ringtone-download</loc>
    </url>
    <url>
      <loc>https://mobcup-ringtones.online/papa-meri-jaan-ringtone-download-female-version</loc>
    </url>
    <url>
      <loc>https://mobcup-ringtones.online/ki-jida-tetho-sath-mangeya-koi-si-ringtone-download</loc>
    </url>
    <url>
      <loc>https://mobcup-ringtones.online/oneplus-9-ringtone-download</loc>
    </url>
    <url>
      <loc>https://mobcup-ringtones.online/nazar-song-akhil-ringtone-download</loc>
    </url>
    <url>
      <loc>https://mobcup-ringtones.online/phir-suna-remix-ringtone-download</loc>
    </url>
    <url>
      <loc>https://mobcup-ringtones.online/hara-hu-baba-par-tujhpe-bharosa-hai-ringtone-download</loc>
    </url>
    <url>
      <loc>https://mobcup-ringtones.online/tune-mere-jana-ringtone-download</loc>
    </url>
    <url>
      <loc>https://mobcup-ringtones.online/sukh-tera-dita-lahiye-bhai-sarabjit-singh-ringtone-download</loc>
    </url>
    <url>
      <loc>https://mobcup-ringtones.online/kutty-kudiye-meeti-kudiye-premalu-ringtone-download</loc>
    </url>
    <url>
      <loc>https://mobcup-ringtones.online/pathi-pathiye-chiri-virinje-ringtone-download</loc>
    </url>
    <url>
      <loc>https://mobcup-ringtones.online/ayaan-2-0-ringtone-download</loc>
    </url>
    <url>
      <loc>https://mobcup-ringtones.online/sukh-tera-dita-lahiye-harinder-singh-ringtone-download</loc>
    </url>
    <url>
      <loc>https://mobcup-ringtones.online/tere-dar-ka-deewana-hu-ringtone-download</loc>
    </url>
    <url>
      <loc>https://mobcup-ringtones.online/yaara-dildaara-harjot-kaur-ringtone-download</loc>
    </url>
    <url>
      <loc>https://mobcup-ringtones.online/pehle-bhi-main-ringtone-download-instrumental</loc>
    </url>
    <url>
      <loc>https://mobcup-ringtones.online/sampradayani-suppini-ringtone-download</loc>
    </url>
    <url>
      <loc>https://mobcup-ringtones.online/teri-murli-ki-dhun-sun-ke-ringtone-download</loc>
    </url>
    <url>
      <loc>https://mobcup-ringtones.online/tu-jitna-bharat-ka-tha-utna-hi-hamara-hai-ringtone-download</loc>
    </url>
    <url>
      <loc>https://mobcup-ringtones.online/goku-ultra-instinct-ringtone-download</loc>
    </url>
    <url>
      <loc>https://mobcup-ringtones.online/khatu-shyam-ke-bina-ringtone-download</loc>
    </url>
    <url>
      <loc>https://mobcup-ringtones.online/mard-marathi-maticha-ringtone-download</loc>
    </url>
    <url>
      <loc>https://mobcup-ringtones.online/iphone-13-original-ringtone-download</loc>
    </url>
    <url>
      <loc>https://mobcup-ringtones.online/radhe-radhe-barsane-wali-radhe-ringtone-download</loc>
    </url>
    <url>
      <loc>https://mobcup-ringtones.online/akal-ton-jad-vi-socheya-afsana-khan-ringtone-download</loc>
    </url>
    <url>
      <loc>https://mobcup-ringtones.online/i-love-you-message-ringtone-download</loc>
    </url>
    <url>
      <loc>https://mobcup-ringtones.online/vin-tudh-hor-je-mangna-sir-dhukha-kai-dhukh-ringtone-download</loc>
    </url>
    <url>
      <loc>https://mobcup-ringtones.online/sita-ramam-bgm-ringtone-download</loc>
    </url>
    <url>
      <loc>https://mobcup-ringtones.online/apni-wafa-te-hale-vi-afsana-khan-ringtone-download</loc>
    </url>
    <url>
      <loc>https://mobcup-ringtones.online/etho-naanum-olara-ringtone-download</loc>
    </url>
    <url>
      <loc>https://mobcup-ringtones.online/main-koshish-karke-wekh-liye-ae-tan-wafa-ringtone-download</loc>
    </url>
    <url>
      <loc>https://mobcup-ringtones.online/wafa-song-afsana-khan-ringtone-download</loc>
    </url>
    <url>
      <loc>https://mobcup-ringtones.online/niyati-bhed-nahi-karti-jubin-nautiyal-ringtone-download</loc>
    </url>
    <url>
      <loc>https://mobcup-ringtones.online/dehi-na-santhosama-outharai-man-ki-bhukh-ringtone-download</loc>
    </url>
    <url>
      <loc>https://mobcup-ringtones.online/badal-gayi-hai-ye-duniya-ringtone-download</loc>
    </url>
    <url>
      <loc>https://mobcup-ringtones.online/aanandha-yazhai-ringtone-download</loc>
    </url>
    <url>
      <loc>https://mobcup-ringtones.online/chhatrapati-veer-shivaji-chamke-song-soorveer-3-ringtone-download</loc>
    </url>
    <url>
      <loc>https://mobcup-ringtones.online/o-kanha-ab-to-murli-ki-ringtone-download-2</loc>
    </url>
    <url>
      <loc>https://mobcup-ringtones.online/shivba-raja-ringtone-download</loc>
    </url>
    <url>
      <loc>https://mobcup-ringtones.online/shripati-bhupati-ringtone-download</loc>
    </url>
    <url>
      <loc>https://mobcup-ringtones.online/indrajimi-jambhapar-ringtone-download</loc>
    </url>
    <url>
      <loc>https://mobcup-ringtones.online/vin-tudh-hor-je-mangna-ringtone-download</loc>
    </url>
    <url>
      <loc>https://mobcup-ringtones.online/chakar-shivbache-honar-ringtone-download</loc>
    </url>
    <url>
      <loc>https://mobcup-ringtones.online/hai-meri-sau-door-na-ja-ringtone-download</loc>
    </url>
    <url>
      <loc>https://mobcup-ringtones.online/khalitini-bla-bik-mahmoum-guli-mata-ringtone-download</loc>
    </url>
    <url>
      <loc>https://mobcup-ringtones.online/yaar-mere-parmish-verma-ringtone-download</loc>
    </url>
    <url>
      <loc>https://mobcup-ringtones.online/katchi-sera-sai-abhyankkar-ringtone-download</loc>
    </url>
    <url>
      <loc>https://mobcup-ringtones.online/bajrang-baan-lofi-ringtone-download</loc>
    </url>
    <url>
      <loc>https://mobcup-ringtones.online/veham-harf-cheema-ringtone-download</loc>
    </url>
    <url>
      <loc>https://mobcup-ringtones.online/naino-ka-kasoor-hai-kya-meri-sau-ringtone-download</loc>
    </url>
    <url>
      <loc>https://mobcup-ringtones.online/kaatil-nazar-leo-grewal-ringtone-download</loc>
    </url>
    <url>
      <loc>https://mobcup-ringtones.online/pyar-na-kar-babbu-maan-ringtone-download</loc>
    </url>
    <url>
      <loc>https://mobcup-ringtones.online/ram-sita-ram-ringtone-download</loc>
    </url>
    <url>
      <loc>https://mobcup-ringtones.online/hayyoda-x-remo-bgm-ringtone-download</loc>
    </url>
    <url>
      <loc>https://mobcup-ringtones.online/chaleya-x-hayyoda-ringtone-download</loc>
    </url>
    <url>
      <loc>https://mobcup-ringtones.online/dil-mane-na-tere-bina-re-ringtone-download</loc>
    </url>
    <url>
      <loc>https://mobcup-ringtones.online/naina-mil-ke-ankhiyan-churaaye-ringtone-download</loc>
    </url>
    <url>
      <loc>https://mobcup-ringtones.online/meri-sau-jubin-nautiyal-ringtone-download</loc>
    </url>
    <url>
      <loc>https://mobcup-ringtones.online/rom-rom-ringtone-download</loc>
    </url>
    <url>
      <loc>https://mobcup-ringtones.online/kyun-na-samjhe-dil-ke-ishare-meri-sau-ringtone-download</loc>
    </url>
    <url>
      <loc>https://mobcup-ringtones.online/mohabbat-happy-raikoti-ringtone-download</loc>
    </url>
    <url>
      <loc>https://mobcup-ringtones.online/nijame-cheputunna-ringtone-download</loc>
    </url>
    <url>
      <loc>https://mobcup-ringtones.online/happy-ne-si-tere-layi-bhulayi-duniya-ringtone-download</loc>
    </url>
    <url>
      <loc>https://mobcup-ringtones.online/masti-mein-hain-magan-hum-ringtone-download</loc>
    </url>
    <url>
      <loc>https://mobcup-ringtones.online/aayi-bhagwe-ki-lehar-hai-ringtone-download</loc>
    </url>
    <url>
      <loc>https://mobcup-ringtones.online/kashi-vishwanath-se-vada-nibhayenge-ringtone-download</loc>
    </url>
    <url>
      <loc>https://mobcup-ringtones.online/nandi-ki-pratiksha-ka-fal-ringtone-download</loc>
    </url>
    <url>
      <loc>https://mobcup-ringtones.online/hayyoda-anirudh-ravichander-ringtone-download</loc>
    </url>
    <url>
      <loc>https://mobcup-ringtones.online/mandir-jahan-tha-phir-wahi-mandir-banayenge-ringtone-download</loc>
    </url>
    <url>
      <loc>https://mobcup-ringtones.online/hayyoda-song-jawan-ringtone-download</loc>
    </url>
    <url>
      <loc>https://mobcup-ringtones.online/hai-vishwanath-baba-sabse-bada-pratapi-ringtone-download</loc>
    </url>
    <url>
      <loc>https://mobcup-ringtones.online/kailashi-aaye-kashi-gyanvapi-ringtone-download</loc>
    </url>
    <url>
      <loc>https://mobcup-ringtones.online/bas-uske-saamne-hi-apna-sir-jhukayenge-ringtone-download</loc>
    </url>
    <url>
      <loc>https://mobcup-ringtones.online/uska-hi-banaras-hai-uska-hi-gyanvapi-ringtone-download</loc>
    </url>
    <url>
      <loc>https://mobcup-ringtones.online/uska-hi-gyanvapi-ringtone-download</loc>
    </url>
    <url>
      <loc>https://mobcup-ringtones.online/hum-uska-karz-saans-ye-de-kar-chukayenge-ringtone-download</loc>
    </url>
    <url>
      <loc>https://mobcup-ringtones.online/hum-bhole-ke-bhagat-hain-phakkar-mijaaz-wale-ringtone-download</loc>
    </url>
    <url>
      <loc>https://mobcup-ringtones.online/kiliye-kiliye-ringtone-download</loc>
    </url>
    <url>
      <loc>https://mobcup-ringtones.online/please-pickup-the-phone-ringtone-download</loc>
    </url>
    <url>
      <loc>https://mobcup-ringtones.online/ennai-thedi-kadhal-endra-song-ringtone-download</loc>
    </url>
    <url>
      <loc>https://mobcup-ringtones.online/gyanvapi-song-hansraj-raghuwanshi-ringtone-download</loc>
    </url>
    <url>
      <loc>https://mobcup-ringtones.online/o-sanware-mujhe-teri-zarurat-hai-ringtone-download</loc>
    </url>
    <url>
      <loc>https://mobcup-ringtones.online/mandir-jahan-tha-gyanvapi-ringtone-download</loc>
    </url>
    <url>
      <loc>https://mobcup-ringtones.online/kadhal-konden-bgm-ringtone-download</loc>
    </url>
    <url>
      <loc>https://mobcup-ringtones.online/pick-up-your-phone-ringtone-download</loc>
    </url>
    <url>
      <loc>https://mobcup-ringtones.online/anywhere-you-say-ringtone-download</loc>
    </url>
    <url>
      <loc>https://mobcup-ringtones.online/weekend-bgm-ringtone-download</loc>
    </url>
    <url>
      <loc>https://mobcup-ringtones.online/perfect-ed-sheeran-ringtone-download</loc>
    </url>
    <url>
      <loc>https://mobcup-ringtones.online/namaste-sada-vatsale-ringtone</loc>
    </url>
    <url>
      <loc>https://mobcup-ringtones.online/thamarai-poovukkum-bgm-ringtone-download</loc>
    </url>
    <url>
      <loc>https://mobcup-ringtones.online/royi-hovegi-song-sagar-bhatia-ringtone-download</loc>
    </url>
    <url>
      <loc>https://mobcup-ringtones.online/thamara-poovukkum-song-ringtone-download</loc>
    </url>
    <url>
      <loc>https://mobcup-ringtones.online/braj-jan-man-sukhkari-ringtone-download</loc>
    </url>
    <url>
      <loc>https://mobcup-ringtones.online/naa-saami-ranga-title-song-ringtone-download</loc>
    </url>
    <url>
      <loc>https://mobcup-ringtones.online/nijame-ne-chebutunna-ringtone-download</loc>
    </url>
    <url>
      <loc>https://mobcup-ringtones.online/evarevaro-song-vishal-mishra-ringtone-download</loc>
    </url>
    <url>
      <loc>https://mobcup-ringtones.online/mounam-teluse-ringtone-download</loc>
    </url>
    <url>
      <loc>https://mobcup-ringtones.online/pedhavulathoti-piliche-ringtone-download</loc>
    </url>
    <url>
      <loc>https://mobcup-ringtones.online/oke-gas-2-ringtone-download</loc>
    </url>
    <url>
      <loc>https://mobcup-ringtones.online/nijame-ne-chebutunna-song-sid-sriram-ringtone-download</loc>
    </url>
    <url>
      <loc>https://mobcup-ringtones.online/naa-saami-ranga-love-bgm-ringtone-download</loc>
    </url>
    <url>
      <loc>https://mobcup-ringtones.online/kannultho-chusedi-nijame-ne-chebutunna-song-ringtone-download</loc>
    </url>
    <url>
      <loc>https://mobcup-ringtones.online/nijame-ne-chebutunna-bgm-ringtone-download</loc>
    </url>
    <url>
      <loc>https://mobcup-ringtones.online/khada-hu-aaj-bhi-wahi-ringtone-download</loc>
    </url>
    <url>
      <loc>https://mobcup-ringtones.online/pyar-nahi-dena-song-baabarr-mudacer-ringtone-download</loc>
    </url>
    <url>
      <loc>https://mobcup-ringtones.online/suzume-ringtone-download-2</loc>
    </url>
    <url>
      <loc>https://mobcup-ringtones.online/mujhe-maut-dena-rabba-par-pyar-nahi-dena-ringtone-download</loc>
    </url>
    <url>
      <loc>https://mobcup-ringtones.online/kannil-kanavaaga-nee-ringtone-download</loc>
    </url>
    <url>
      <loc>https://mobcup-ringtones.online/shape-of-you-marimba-ringtone-download</loc>
    </url>
    <url>
      <loc>https://mobcup-ringtones.online/ishq-mein-tere-yara-humein-kya-mila-ringtone-download</loc>
    </url>
    <url>
      <loc>https://mobcup-ringtones.online/oke-gas-oke-gas-tambah-dua-mp3-ringtone-download</loc>
    </url>
    <url>
      <loc>https://mobcup-ringtones.online/suzume-ringtone-download-for-iphone</loc>
    </url>
    <url>
      <loc>https://mobcup-ringtones.online/khada-hu-aaj-bhi-wahi-instrumental-ringtone-download</loc>
    </url>
    <url>
      <loc>https://mobcup-ringtones.online/master-the-blaster-ringtone-download-2</loc>
    </url>
    <url>
      <loc>https://mobcup-ringtones.online/shape-of-you-remix-ringtone-download</loc>
    </url>
    <url>
      <loc>https://mobcup-ringtones.online/jeena-sikhaya-song-guru-randhawa-ringtone-download</loc>
    </url>
    <url>
      <loc>https://mobcup-ringtones.online/ullathile-nee-irukka-ringtone-download</loc>
    </url>
    <url>
      <loc>https://mobcup-ringtones.online/hothate-eti-unmadona-mur-jakoruwa-moloya-ringtone-download</loc>
    </url>
    <url>
      <loc>https://mobcup-ringtones.online/jakoruwa-moloya-koi-kotha-ringtone-download</loc>
    </url>
    <url>
      <loc>https://mobcup-ringtones.online/tikuliya-ae-raja-song-ringtone-download</loc>
    </url>
    <url>
      <loc>https://mobcup-ringtones.online/jakoruwa-moloya-ringtone-download</loc>
    </url>
    <url>
      <loc>https://mobcup-ringtones.online/unakku-thaan-ringtone-download-female-version</loc>
    </url>
    <url>
      <loc>https://mobcup-ringtones.online/shape-of-you-song-ringtone-download</loc>
    </url>
    <url>
      <loc>https://mobcup-ringtones.online/naam-tumhara-leke-na-dhadke-ringtone-download</loc>
    </url>
    <url>
      <loc>https://mobcup-ringtones.online/happy-birthday-kuch-khattaa-ho-jaay-ringtone-download</loc>
    </url>
    <url>
      <loc>https://mobcup-ringtones.online/barso-re-ringtone-download</loc>
    </url>
    <url>
      <loc>https://mobcup-ringtones.online/jhol-jhal-song-ringtone-download</loc>
    </url>
    <url>
      <loc>https://mobcup-ringtones.online/marte-rahe-tum-pe-ringtone-download</loc>
    </url>
    <url>
      <loc>https://mobcup-ringtones.online/jab-jab-tumse-nazrein-milayi-tringtone-download</loc>
    </url>
    <url>
      <loc>https://mobcup-ringtones.online/tum-manao-hum-maan-jaaye-ringtone-download</loc>
    </url>
    <url>
      <loc>https://mobcup-ringtones.online/enname-en-unnala-ringtone-download</loc>
    </url>
    <url>
      <loc>https://mobcup-ringtones.online/iss-baar-jo-chale-gaye-ringtone-download</loc>
    </url>
    <url>
      <loc>https://mobcup-ringtones.online/tum-bulao-hum-laut-aaye-ringtone-download</loc>
    </url>
    <url>
      <loc>https://mobcup-ringtones.online/raja-rani-song-guru-randhawa-ringtone-download</loc>
    </url>
    <url>
      <loc>https://mobcup-ringtones.online/tu-hovein-te-main-hovan-ringtone-download</loc>
    </url>
    <url>
      <loc>https://mobcup-ringtones.online/jai-hanumant-sant-hitkari-bajrang-baan-ringtone-download</loc>
    </url>
    <url>
      <loc>https://mobcup-ringtones.online/mashle-ringtone-download</loc>
    </url>
    <url>
      <loc>https://mobcup-ringtones.online/ik-vaari-aaja-mukhda-dikha-ja-gallan-ringtone-download</loc>
    </url>
    <url>
      <loc>https://mobcup-ringtones.online/mere-dukh-ke-dino-me-wo-ringtone-download</loc>
    </url>
    <url>
      <loc>https://mobcup-ringtones.online/gallan-teri-baaton-mein-aisa-uljha-jiya-ringtone-download</loc>
    </url>
    <url>
      <loc>https://mobcup-ringtones.online/mashle-bling-bang-bang-born-ringtone-download</loc>
    </url>
    <url>
      <loc>https://mobcup-ringtones.online/bling-bang-bang-born-ringtone-download-iphone</loc>
    </url>
    <url>
      <loc>https://mobcup-ringtones.online/mashle-2nd-season-tune-ringtone-download</loc>
    </url>
    <url>
      <loc>https://mobcup-ringtones.online/iphone-14-pro-max-message-ringtone-download</loc>
    </url>
    <url>
      <loc>https://mobcup-ringtones.online/iphone-trap-remix-bass-boosted-mp3-ringtone-download</loc>
    </url>
    <url>
      <loc>https://mobcup-ringtones.online/me-to-jou-sanwariya-thari-vat-ringtone-download</loc>
    </url>
    <url>
      <loc>https://mobcup-ringtones.online/iphone-14-notification-ringtone-download</loc>
    </url>
    <url>
      <loc>https://mobcup-ringtones.online/kadhalar-dhinam-bgm-ringtone-download</loc>
    </url>
    <url>
      <loc>https://mobcup-ringtones.online/original-airtel-ringtone-download</loc>
    </url>
    <url>
      <loc>https://mobcup-ringtones.online/panchu-mittai-selai-katti-ringtone-download</loc>
    </url>
    <url>
      <loc>https://mobcup-ringtones.online/alaipayuthey-ringtone-download</loc>
    </url>
    <url>
      <loc>https://mobcup-ringtones.online/iphone-ringtone-download-remix</loc>
    </url>
    <url>
      <loc>https://mobcup-ringtones.online/unkoodave-porakkanum-ringtone-download</loc>
    </url>
    <url>
      <loc>https://mobcup-ringtones.online/saraswati-mantra-ringtone-download</loc>
    </url>
    <url>
      <loc>https://mobcup-ringtones.online/ram-ram-ringtone-download</loc>
    </url>
    <url>
      <loc>https://mobcup-ringtones.online/saraswati-namastubhyam-ringtone-download</loc>
    </url>
    <url>
      <loc>https://mobcup-ringtones.online/adi-penne-ringtone-download</loc>
    </url>
    <url>
      <loc>https://mobcup-ringtones.online/naan-pizhai-ringtone-download</loc>
    </url>
    <url>
      <loc>https://mobcup-ringtones.online/unakaga-poranthene-ringtone-download</loc>
    </url>
    <url>
      <loc>https://mobcup-ringtones.online/arey-yaar-ek-aur-message-ringtone-download-2</loc>
    </url>
    <url>
      <loc>https://mobcup-ringtones.online/o-desh-mere-teri-shan-pe-sadke-ringtone-download</loc>
    </url>
    <url>
      <loc>https://mobcup-ringtones.online/saraswati-amritwani-ringtone-download</loc>
    </url>
    <url>
      <loc>https://mobcup-ringtones.online/naan-pizhai-ringtone-download-female-version</loc>
    </url>
    <url>
      <loc>https://mobcup-ringtones.online/vaaranam-aayiram-love-bgm-ringtone-download</loc>
    </url>
    <url>
      <loc>https://mobcup-ringtones.online/dil-se-chahe-poochh-ke-dekh-lena-baat-yeh-ringtone-download</loc>
    </url>
    <url>
      <loc>https://mobcup-ringtones.online/isi-shaam-ka-humein-kab-se-inetzaar-tha-ringtone-download</loc>
    </url>
    <url>
      <loc>https://mobcup-ringtones.online/ennile-punchiri-neeyum-bgm-ringtone-download</loc>
    </url>
    <url>
      <loc>https://mobcup-ringtones.online/vaaranam-aayiram-whistle-bgm-ringtone-download</loc>
    </url>
    <url>
      <loc>https://mobcup-ringtones.online/paas-aa-gaye-hai-tere-ringtone-download</loc>
    </url>
    <url>
      <loc>https://mobcup-ringtones.online/vaaranam-aayiram-ringtone-download</loc>
    </url>
    <url>
      <loc>https://mobcup-ringtones.online/priya-propose-suriya-vaaranam-aayiram-bgm-ringtone-download</loc>
    </url>
    <url>
      <loc>https://mobcup-ringtones.online/ennile-punchiri-neeyum-ringtone-download-female-version</loc>
    </url>
    <url>
      <loc>https://mobcup-ringtones.online/andru-kadhal-panniyathu-ringtone-download</loc>
    </url>
    <url>
      <loc>https://mobcup-ringtones.online/paas-aa-gaye-song-ringtone-download</loc>
    </url>
    <url>
      <loc>https://mobcup-ringtones.online/kya-kahein-hum-tumhein-ringtone-download</loc>
    </url>
    <url>
      <loc>https://mobcup-ringtones.online/chahat-ka-mausam-aa-gaya-ringtone-download</loc>
    </url>
    <url>
      <loc>https://mobcup-ringtones.online/paas-aa-gaye-instrumental-ringtone-download</loc>
    </url>
    <url>
      <loc>https://mobcup-ringtones.online/aake-tere-baahon-mein-ringtone-download</loc>
    </url>
    <url>
      <loc>https://mobcup-ringtones.online/mosquito-ringtone-download</loc>
    </url>
    <url>
      <loc>https://mobcup-ringtones.online/aaj-sajeya-ringtone-download</loc>
    </url>
    <url>
      <loc>https://mobcup-ringtones.online/starboy-ringtone-download</loc>
    </url>
    <url>
      <loc>https://mobcup-ringtones.online/saanware-song-akhil-sachdeva-ringtone-download</loc>
    </url>
    <url>
      <loc>https://mobcup-ringtones.online/faaslon-mein-kam-nahi-hua-mera-pyar-tha-ringtone-download</loc>
    </url>
    <url>
      <loc>https://mobcup-ringtones.online/f1-box-notification-ringtone-download</loc>
    </url>
    <url>
      <loc>https://mobcup-ringtones.online/hello-moto-ringtone-download</loc>
    </url>
    <url>
      <loc>https://mobcup-ringtones.online/arabic-nokia-ringtone</loc>
    </url>
    <url>
      <loc>https://mobcup-ringtones.online/bam-bam-bhole-ringtone-download</loc>
    </url>
    <url>
      <loc>https://mobcup-ringtones.online/by-the-seaside-ringtone</loc>
    </url>
    <url>
      <loc>https://mobcup-ringtones.online/f1-box-box-ringtone-download</loc>
    </url>
    <url>
      <loc>https://mobcup-ringtones.online/mr-peanut-butter-ringtone</loc>
    </url>
    <url>
      <loc>https://mobcup-ringtones.online/box-box-ringtone-download</loc>
    </url>
    <url>
      <loc>https://mobcup-ringtones.online/mota-hai-ri-madam-mota-ringtone-download</loc>
    </url>
    <url>
      <loc>https://mobcup-ringtones.online/minnale-ringtone-download</loc>
    </url>
    <url>
      <loc>https://mobcup-ringtones.online/lamba-hai-ri-madam-lamba-ringtone-download</loc>
    </url>
    <url>
      <loc>https://mobcup-ringtones.online/infinity-x-anbe-en-anbe-ringtone-download</loc>
    </url>
    <url>
      <loc>https://mobcup-ringtones.online/aa-tenu-moj-karawan-ringtone-download</loc>
    </url>
    <url>
      <loc>https://mobcup-ringtones.online/naa-yesaiah-ringtone-download</loc>
    </url>
    <url>
      <loc>https://mobcup-ringtones.online/aadukalam-ringtone-download</loc>
    </url>
    <url>
      <loc>https://mobcup-ringtones.online/players-x-without-me-ringtones-download</loc>
    </url>
    <url>
      <loc>https://mobcup-ringtones.online/deewana-hua-mastana-hua-ringtone-download</loc>
    </url>
    <url>
      <loc>https://mobcup-ringtones.online/mere-samne-baithti-hai-aur-mujhe-rulati-hai-ringtone-download</loc>
    </url>
    <url>
      <loc>https://mobcup-ringtones.online/original-nokia-ringtone-download</loc>
    </url>
    <url>
      <loc>https://mobcup-ringtones.online/way-down-we-go-remix-ringtone-download</loc>
    </url>
    <url>
      <loc>https://mobcup-ringtones.online/amma-song-ringtone-download-tamil</loc>
    </url>
    <url>
      <loc>https://mobcup-ringtones.online/kadavul-murugan-ringtone-download</loc>
    </url>
    <url>
      <loc>https://mobcup-ringtones.online/inkem-inkem-ringtone-download</loc>
    </url>
    <url>
      <loc>https://mobcup-ringtones.online/hum-katha-sunate-instrumental-ringtone-download</loc>
    </url>
    <url>
      <loc>https://mobcup-ringtones.online/way-down-we-go-ringtone-download</loc>
    </url>
    <url>
      <loc>https://mobcup-ringtones.online/3-movie-bgm-ringtone-download</loc>
    </url>
    <url>
      <loc>https://mobcup-ringtones.online/chilaka-o-rama-chilaka-instrumental-ringtone-download</loc>
    </url>
    <url>
      <loc>https://mobcup-ringtones.online/iphone-12-pro-max-original-ringtone-download</loc>
    </url>
    <url>
      <loc>https://mobcup-ringtones.online/chilaka-o-rama-chilaka-ringtone-download</loc>
    </url>
    <url>
      <loc>https://mobcup-ringtones.online/vellake-instrumental-ringtone-download</loc>
    </url>
    <url>
      <loc>https://mobcup-ringtones.online/tu-hi-dil-tu-hi-meri-raah-ringtone-download</loc>
    </url>
    <url>
      <loc>https://mobcup-ringtones.online/ve-haaniyaan-ve-dil-jaaniyaan-ringtone-download</loc>
    </url>
    <url>
      <loc>https://mobcup-ringtones.online/mere-dil-nu-mil-gaya-raah-ringtone-download</loc>
    </url>
    <url>
      <loc>https://mobcup-ringtones.online/tere-kolon-mainu-saah-milde-ringtone-download</loc>
    </url>
    <url>
      <loc>https://mobcup-ringtones.online/sai-ram-sai-shyam-sai-bhagwan-ringtone-download</loc>
    </url>
    <url>
      <loc>https://mobcup-ringtones.online/satnaam-shri-waheguru-ringtone-download</loc>
    </url>
    <url>
      <loc>https://mobcup-ringtones.online/koi-si-remix-ringtone-download</loc>
    </url>
    <url>
      <loc>https://mobcup-ringtones.online/mit-gayi-meri-sab-tanhai-ringtone-download</loc>
    </url>
    <url>
      <loc>https://mobcup-ringtones.online/ve-haaniyaan-instrumental-ringtone-download</loc>
    </url>
    <url>
      <loc>https://mobcup-ringtones.online/hi-nanna-instrumental-ringtone-download</loc>
    </url>
    <url>
      <loc>https://mobcup-ringtones.online/bhola-hai-bhandari-ringtone-download</loc>
    </url>
    <url>
      <loc>https://mobcup-ringtones.online/missing-me-ringtone-download</loc>
    </url>
    <url>
      <loc>https://mobcup-ringtones.online/tenjou-tenge-ending-download</loc>
    </url>
    <url>
      <loc>https://mobcup-ringtones.online/likha-jo-khuda-ne-use-sach-mankar-ringtone-download</loc>
    </url>
    <url>
      <loc>https://mobcup-ringtones.online/tumse-badhkar-hoga-kya-ringtone-download</loc>
    </url>
    <url>
      <loc>https://mobcup-ringtones.online/saanson-ko-sukoon-mile-ringtone-download</loc>
    </url>
    <url>
      <loc>https://mobcup-ringtones.online/parinda-paar-geya-ringtone-download</loc>
    </url>
    <url>
      <loc>https://mobcup-ringtones.online/tenge-tenge-ringtone-download</loc>
    </url>
    <url>
      <loc>https://mobcup-ringtones.online/husn-pe-berukhi-ringtone-download</loc>
    </url>
    <url>
      <loc>https://mobcup-ringtones.online/crakk-jeetegaa-toh-jiyegaa-bgm-ringtone-download</loc>
    </url>
    <url>
      <loc>https://mobcup-ringtones.online/jeeva-kottavalu-ringtone-download</loc>
    </url>
    <url>
      <loc>https://mobcup-ringtones.online/dil-jhoom-ringtone-download</loc>
    </url>
    <url>
      <loc>https://mobcup-ringtones.online/ondu-matale-ringtone-download</loc>
    </url>
    <url>
      <loc>https://mobcup-ringtones.online/koka-lishkayi-jaawe-chakra-ch-payi-jaawe-ringtone-download</loc>
    </url>
    <url>
      <loc>https://mobcup-ringtones.online/antha-vanatha-pola-chinna-gounder-ringtone-download</loc>
    </url>
    <url>
      <loc>https://mobcup-ringtones.online/bijli-song-ninja-ringtone-download</loc>
    </url>
    <url>
      <loc>https://mobcup-ringtones.online/leo-bgm-ringtone-download</loc>
    </url>
    <url>
      <loc>https://mobcup-ringtones.online/suraj-bhi-tere-kolo-mange-garmi-ringtone-download</loc>
    </url>
    <url>
      <loc>https://mobcup-ringtones.online/desperado-ringtone-download</loc>
    </url>
    <url>
      <loc>https://mobcup-ringtones.online/tumhari-mohabbat-song-ringtone-download</loc>
    </url>
    <url>
      <loc>https://mobcup-ringtones.online/papa-meri-jaan-ringtone-download</loc>
    </url>
    <url>
      <loc>https://mobcup-ringtones.online/tere-hawale-ringtone-download</loc>
    </url>
    <url>
      <loc>https://mobcup-ringtones.online/tere-hawale-instrumental-ringtone-download</loc>
    </url>
    <url>
      <loc>https://mobcup-ringtones.online/ve-kamleya-ringtone-download</loc>
    </url>
    <url>
      <loc>https://mobcup-ringtones.online/humnava-mere-instrumental-ringtone-download</loc>
    </url>
    <url>
      <loc>https://mobcup-ringtones.online/amma-kgf-ringtone-download-tamil</loc>
    </url>
    <url>
      <loc>https://mobcup-ringtones.online/turn-off-phone-ringtone-download</loc>
    </url>
    <url>
      <loc>https://mobcup-ringtones.online/jamal-kudu-ringtone-download</loc>
    </url>
    <url>
      <loc>https://mobcup-ringtones.online/maahi-ve-song-ringtone-download</loc>
    </url>
    <url>
      <loc>https://mobcup-ringtones.online/kurchi-madatha-petti-bgm-ringtone-download</loc>
    </url>
    <url>
      <loc>https://mobcup-ringtones.online/pushpaka-vimanam-ringtone-download</loc>
    </url>
    <url>
      <loc>https://mobcup-ringtones.online/koi-kahe-tu-kashi-me-hai-ringtone-download</loc>
    </url>
    <url>
      <loc>https://mobcup-ringtones.online/ora-kannala-ringtone-download</loc>
    </url>
    <url>
      <loc>https://mobcup-ringtones.online/ya-man-salaita-bikuli-ambiya-ringtone-download</loc>
    </url>
    <url>
      <loc>https://mobcup-ringtones.online/ya-habibi-ya-muhammed-islamic-ringtone-download</loc>
    </url>
    <url>
      <loc>https://mobcup-ringtones.online/wajah-song-sabba-ringtone-download</loc>
    </url>
    <url>
      <loc>https://mobcup-ringtones.online/sakhi-hum-mohan-avisare-ringtone-download</loc>
    </url>
    <url>
      <loc>https://mobcup-ringtones.online/woh-mulaqat-ringtone-download</loc>
    </url>
    <url>
      <loc>https://mobcup-ringtones.online/mere-ghar-ram-aaye-hain-jubin-nautiyal-ringtone-download</loc>
    </url>
    <url>
      <loc>https://mobcup-ringtones.online/na-suryudivi-song-ringtone-download</loc>
    </url>
    <url>
      <loc>https://mobcup-ringtones.online/bella-ciao-ringtone-download-2</loc>
    </url>
    <url>
      <loc>https://mobcup-ringtones.online/thuthuvalai-ringtone-download</loc>
    </url>
    <url>
      <loc>https://mobcup-ringtones.online/andha-aruvi-pola-song-ringtone-download</loc>
    </url>
    <url>
      <loc>https://mobcup-ringtones.online/mera-aapki-kripa-se-ringtone-download</loc>
    </url>
    <url>
      <loc>https://mobcup-ringtones.online/marimba-bella-ciao-ringtone-download</loc>
    </url>
    <url>
      <loc>https://mobcup-ringtones.online/nenjin-ezhuthu-ringtone-download</loc>
    </url>
    <url>
      <loc>https://mobcup-ringtones.online/o-maahi-ringtone-download</loc>
    </url>
    <url>
      <loc>https://mobcup-ringtones.online/killing-jija-ringtone-download</loc>
    </url>
    <url>
      <loc>https://mobcup-ringtones.online/oh-no-message-ringtone</loc>
    </url>
    <url>
      <loc>https://mobcup-ringtones.online/moye-moye-teya-dora-ringtone-download</loc>
    </url>
    <url>
      <loc>https://mobcup-ringtones.online/tu-hi-din-tu-hi-meri-raat-ringtone-download</loc>
    </url>
    <url>
      <loc>https://mobcup-ringtones.online/unnai-kodu-ennai-tharuven-ringtone-download</loc>
    </url>
    <url>
      <loc>https://mobcup-ringtones.online/selaiyala-veetu-kattva-ringtone-download</loc>
    </url>
    <url>
      <loc>https://mobcup-ringtones.online/om-namah-shivay-ringtone-download-2</loc>
    </url>
    <url>
      <loc>https://mobcup-ringtones.online/aigiri-nandini-ringtone-download</loc>
    </url>
    <url>
      <loc>https://mobcup-ringtones.online/vekkam-ringtone-download</loc>
    </url>
    <url>
      <loc>https://mobcup-ringtones.online/tum-kya-mile-ringtone-download</loc>
    </url>
    <url>
      <loc>https://mobcup-ringtones.online/unnal-mudiyum-thambi-ringtone-download</loc>
    </url>
    <url>
      <loc>https://mobcup-ringtones.online/rama-rama-ratte-ratte-ringtone-download</loc>
    </url>
    <url>
      <loc>https://mobcup-ringtones.online/nannaku-prematho-ringtone-download-2</loc>
    </url>
    <url>
      <loc>https://mobcup-ringtones.online/daad-mein-bandook-rakhela-ringtone-download</loc>
    </url>
    <url>
      <loc>https://mobcup-ringtones.online/teri-baaton-mein-aisa-uljha-jiya-title-track-ringtone-download</loc>
    </url>
    <url>
      <loc>https://mobcup-ringtones.online/how-did-i-fall-in-love-with-you-ringtone-download</loc>
    </url>
    <url>
      <loc>https://mobcup-ringtones.online/ohde-ek-vi-hanju-aaya-na-ringtone-download</loc>
    </url>
    <url>
      <loc>https://mobcup-ringtones.online/zaroori-tha-x-tumhe-dillagi-ringtone-download</loc>
    </url>
    <url>
      <loc>https://mobcup-ringtones.online/little-things-ringtone-download</loc>
    </url>
    <url>
      <loc>https://mobcup-ringtones.online/jab-pade-dhundh-ringtone-download</loc>
    </url>
    <url>
      <loc>https://mobcup-ringtones.online/truth-on-the-wall-ringtone-download</loc>
    </url>
    <url>
      <loc>https://mobcup-ringtones.online/koi-si-ringtone-download</loc>
    </url>
    <url>
      <loc>https://mobcup-ringtones.online/jack-sparrow-remix-ringtone-download</loc>
    </url>
    <url>
      <loc>https://mobcup-ringtones.online/kaash-tu-meri-ho-jaaye-ringtone-download</loc>
    </url>
    <url>
      <loc>https://mobcup-ringtones.online/heroine-song-ringtone-download</loc>
    </url>
    <url>
      <loc>https://mobcup-ringtones.online/mera-raha-na-dil-ye-tera-ho-gaya-ringtone-download</loc>
    </url>
    <url>
      <loc>https://mobcup-ringtones.online/gayatri-mantra-ringtone-download</loc>
    </url>
    <url>
      <loc>https://mobcup-ringtones.online/meri-maa-gopi-longia-ringtone-download</loc>
    </url>
    <url>
      <loc>https://mobcup-ringtones.online/im-so-lonely-broken-angel-ringtone-download</loc>
    </url>
    <url>
      <loc>https://mobcup-ringtones.online/dekh-kar-tera-chehra-ringtone-download</loc>
    </url>
    <url>
      <loc>https://mobcup-ringtones.online/my-baby-love-ringtone-download</loc>
    </url>
    <url>
      <loc>https://mobcup-ringtones.online/main-te-tu-ni-ikko-jehe-ringtone-download</loc>
    </url>
    <url>
      <loc>https://mobcup-ringtones.online/nandanandanaa-bgm-ringtone-download</loc>
    </url>
    <url>
      <loc>https://mobcup-ringtones.online/leke-pehla-pehla-pyar-new-version-ringtone-download</loc>
    </url>
    <url>
      <loc>https://mobcup-ringtones.online/ikko-jehe-ringtone-download</loc>
    </url>
    <url>
      <loc>https://mobcup-ringtones.online/nashe-diya-purhiyan-gurnam-bhullar-ringtone-download</loc>
    </url>
    <url>
      <loc>https://mobcup-ringtones.online/tabahi-song-ringtone-download</loc>
    </url>
    <url>
      <loc>https://mobcup-ringtones.online/mere-nishaan-ringtone-download</loc>
    </url>
    <url>
      <loc>https://mobcup-ringtones.online/khuda-aur-mohabbat-instrumental-ringtone-download</loc>
    </url>
    <url>
      <loc>https://mobcup-ringtones.online/husn-ringtone-download</loc>
    </url>
    <url>
      <loc>https://mobcup-ringtones.online/tere-naina-di-lo-muhre-parindey-ringtone-download</loc>
    </url>
    <url>
      <loc>https://mobcup-ringtones.online/karu-sajda-ek-khuda-ko-ringtone-download</loc>
    </url>
    <url>
      <loc>https://mobcup-ringtones.online/parindey-song-b-praak-ringtone-download</loc>
    </url>
    <url>
      <loc>https://mobcup-ringtones.online/alakh-niranjan-jay-gurudatta-ringtone-download</loc>
    </url>
    <url>
      <loc>https://mobcup-ringtones.online/susre-ki-choudhar-pranjal-dahiya-ringtone-download</loc>
    </url>
    <url>
      <loc>https://mobcup-ringtones.online/unmask-song-ringtone-download</loc>
    </url>
    <url>
      <loc>https://mobcup-ringtones.online/tamally-habibi-kaho-na-kaho-ringtone-download</loc>
    </url>
    <url>
      <loc>https://mobcup-ringtones.online/koi-rasta-dikha-jo-de-tujhse-mila-ringtone-download</loc>
    </url>
    <url>
      <loc>https://mobcup-ringtones.online/leke-pehla-pehla-pyar-cover-song-ringtone-download</loc>
    </url>
    <url>
      <loc>https://mobcup-ringtones.online/kaho-na-kaho-instrumental-ringtone-download</loc>
    </url>
    <url>
      <loc>https://mobcup-ringtones.online/happiness-song-ammy-virk-ringtone-download</loc>
    </url>
    <url>
      <loc>https://mobcup-ringtones.online/jitni-baar-janam-lenge-ringtone-download</loc>
    </url>
    <url>
      <loc>https://mobcup-ringtones.online/alakh-niranjan-ringtone</loc>
    </url>
    <url>
      <loc>https://mobcup-ringtones.online/tu-hai-kahan-ringtone-download</loc>
    </url>
    <url>
      <loc>https://mobcup-ringtones.online/mohabbat-bula-rahi-hai-ringtone-download</loc>
    </url>
    <url>
      <loc>https://mobcup-ringtones.online/og-bgm-ringtone-download-telugu</loc>
    </url>
    <url>
      <loc>https://mobcup-ringtones.online/adharam-madhuram-slowed-lofi-ringtone-download</loc>
    </url>
    <url>
      <loc>https://mobcup-ringtones.online/samsung-galaxy-s23-ringtone-download</loc>
    </url>
    <url>
      <loc>https://mobcup-ringtones.online/samsung-galaxy-s22-ringtone-download</loc>
    </url>
    <url>
      <loc>https://mobcup-ringtones.online/jo-humne-maangi-thi-saath-milke-ringtone-download</loc>
    </url>
    <url>
      <loc>https://mobcup-ringtones.online/faslon-se-kahan-kab-hua-ringtone-download</loc>
    </url>
    <url>
      <loc>https://mobcup-ringtones.online/zindgi-hai-kahan-ringtone-download</loc>
    </url>
    <url>
      <loc>https://mobcup-ringtones.online/adharam-madhuram-ringtone-download</loc>
    </url>
    <url>
      <loc>https://mobcup-ringtones.online/chanda-hai-tu-ringtone-download</loc>
    </url>
    <url>
      <loc>https://mobcup-ringtones.online/aararaari-raaro-jawan-ringtone-download</loc>
    </url>
    <url>
      <loc>https://mobcup-ringtones.online/sabri-magan-hai-ram-bhajan-mein-ringtone-download</loc>
    </url>
    <url>
      <loc>https://mobcup-ringtones.online/ve-haniya-ve-dil-janiya-ringtone-download</loc>
    </url>
    <url>
      <loc>https://mobcup-ringtones.online/papa-meri-jaan-song-ringtone-download</loc>
    </url>
    <url>
      <loc>https://mobcup-ringtones.online/sab-kuch-sarkar-tumhi-se-hai-ringtone-download</loc>
    </url>
    <url>
      <loc>https://mobcup-ringtones.online/mamta-se-teri-badhke-maiya-meri-to-dharohar-koi-nahi-ringtone-download</loc>
    </url>
    <url>
      <loc>https://mobcup-ringtones.online/likhe-jo-khat-tujhe-ringtone-download</loc>
    </url>
    <url>
      <loc>https://mobcup-ringtones.online/en-paarvai-unnodu-ringtone-download</loc>
    </url>
    <url>
      <loc>https://mobcup-ringtones.online/meri-zindagi-tulsi-kumar-ringtone-download</loc>
    </url>
    <url>
      <loc>https://mobcup-ringtones.online/believer-song-ringtone-download</loc>
    </url>
    <url>
      <loc>https://mobcup-ringtones.online/2ks-tamil-love-ringtone-download</loc>
    </url>
    <url>
      <loc>https://mobcup-ringtones.online/bano-yogi-padho-mantar-ringtone-download</loc>
    </url>
    <url>
      <loc>https://mobcup-ringtones.online/shree-mahakal-mere-swami-bholenath-ringtone-download</loc>
    </url>
    <url>
      <loc>https://mobcup-ringtones.online/devo-ke-hain-dev-hamare-har-har-mahadev-ringtone-download</loc>
    </url>
    <url>
      <loc>https://mobcup-ringtones.online/you-and-i-song-katy-perry-ringtone-download</loc>
    </url>
    <url>
      <loc>https://mobcup-ringtones.online/glorious-song-arjan-dhillon-ringtone-download</loc>
    </url>
    <url>
      <loc>https://mobcup-ringtones.online/krishna-ki-har-baat-ka-aadhar-hai-radha-ringtone-download</loc>
    </url>
    <url>
      <loc>https://mobcup-ringtones.online/akhiyan-gulab-ringtone-download-instrumental</loc>
    </url>
    <url>
      <loc>https://mobcup-ringtones.online/believer-iphone-remix-ringtone-download</loc>
    </url>
    <url>
      <loc>https://mobcup-ringtones.online/shambhu-song-akshay-kumar-ringtone-download</loc>
    </url>
    <url>
      <loc>https://mobcup-ringtones.online/old-nokia-ringtone-mp3-download</loc>
    </url>
    <url>
      <loc>https://mobcup-ringtones.online/alag-alag-hai-naam-tere-shambhu-ringtone-download</loc>
    </url>
    <url>
      <loc>https://mobcup-ringtones.online/vihat-maa-ni-ringtone-download</loc>
    </url>
    <url>
      <loc>https://mobcup-ringtones.online/hanuman-movie-bgm-ringtone-download</loc>
    </url>
    <url>
      <loc>https://mobcup-ringtones.online/happy-birthday-to-you-patty-hill-ringtone-download</loc>
    </url>
    <url>
      <loc>https://mobcup-ringtones.online/hara-hara-shambhu-ringtone-download</loc>
    </url>
    <url>
      <loc>https://mobcup-ringtones.online/jale-2-ringtone-download</loc>
    </url>
    <url>
      <loc>https://mobcup-ringtones.online/bhoot-wala-ringtone</loc>
    </url>
    <url>
      <loc>https://mobcup-ringtones.online/jay-shri-ram-message-ringtone</loc>
    </url>
    <url>
      <loc>https://mobcup-ringtones.online/tum-se-song-ringtone-download</loc>
    </url>
    <url>
      <loc>https://mobcup-ringtones.online/dasde-koi-hal-ve-sidhu-moose-wala-ringtone-download</loc>
    </url>
    <url>
      <loc>https://mobcup-ringtones.online/tera-mera-hai-pyar-amar-ishq-murshid-ringtone-download</loc>
    </url>
    <url>
      <loc>https://mobcup-ringtones.online/anbe-aaruyire-ringtone-download</loc>
    </url>
    <url>
      <loc>https://mobcup-ringtones.online/karpur-gauram-karunavtaram-ringtone-download</loc>
    </url>
    <url>
      <loc>https://mobcup-ringtones.online/tum-se-kiran-dhoop-ki-ringtone-download</loc>
    </url>
    <url>
      <loc>https://mobcup-ringtones.online/neela-nilave-ringtone-download</loc>
    </url>
    <url>
      <loc>https://mobcup-ringtones.online/teliyade-teliyade-ringtone-download</loc>
    </url>
    <url>
      <loc>https://mobcup-ringtones.online/iphone-14-ringtone-download</loc>
    </url>
    <url>
      <loc>https://mobcup-ringtones.online/ek-tu-hi-yaar-mera-ringtone-download</loc>
    </url>
    <url>
      <loc>https://mobcup-ringtones.online/chitta-ringtone-download</loc>
    </url>
    <url>
      <loc>https://mobcup-ringtones.online/billie-eilish-lovely-remix-ringtone-download</loc>
    </url>
    <url>
      <loc>https://mobcup-ringtones.online/taylor-swift-lover-remix-ringtone-download</loc>
    </url>
    <url>
      <loc>https://mobcup-ringtones.online/antha-aruvi-pola-song-ringtone-download</loc>
    </url>
    <url>
      <loc>https://mobcup-ringtones.online/snehithane-snehithane-song-ringtone-download</loc>
    </url>
    <url>
      <loc>https://mobcup-ringtones.online/you-need-to-calm-down-taylor-swift-ringtone-download</loc>
    </url>
    <url>
      <loc>https://mobcup-ringtones.online/hare-krishna-hare-rama-ringtone</loc>
    </url>
    <url>
      <loc>https://mobcup-ringtones.online/kantara-bgm-ringtone-download</loc>
    </url>
    <url>
      <loc>https://mobcup-ringtones.online/borderline-ed-sheeran-ringtone-download</loc>
    </url>
    <url>
      <loc>https://mobcup-ringtones.online/railin-oligal-song-ringtone-download</loc>
    </url>
    <url>
      <loc>https://mobcup-ringtones.online/ertugrul-ghazi-ringtone-download-instrumental</loc>
    </url>
    <url>
      <loc>https://mobcup-ringtones.online/vellake-ringtone-download</loc>
    </url>
    <url>
      <loc>https://mobcup-ringtones.online/drippy-song-sidhu-moose-wala-ringtone-download</loc>
    </url>
    <url>
      <loc>https://mobcup-ringtones.online/kurchi-madatha-petti-ringtone-download-instrumental</loc>
    </url>
    <url>
      <loc>https://mobcup-ringtones.online/mere-khatu-wale-shyam-ringtone-download</loc>
    </url>
    <url>
      <loc>https://mobcup-ringtones.online/serena-safari-ringtone-download</loc>
    </url>
    <url>
      <loc>https://mobcup-ringtones.online/choti-jehi-zindagi-ringtone-download</loc>
    </url>
    <url>
      <loc>https://mobcup-ringtones.online/janaabe-jaaniya-ringtone-download</loc>
    </url>
    <url>
      <loc>https://mobcup-ringtones.online/one-piece-ringtone-download</loc>
    </url>
    <url>
      <loc>https://mobcup-ringtones.online/eagle-sahadev-ringtone-download-instrumental</loc>
    </url>
    <url>
      <loc>https://mobcup-ringtones.online/venkateswara-swamy-ringtone-download</loc>
    </url>
    <url>
      <loc>https://mobcup-ringtones.online/hi-nanna-voilin-bgm-ringtone-download</loc>
    </url>
    <url>
      <loc>https://mobcup-ringtones.online/edha-edha-hi-nanna-movie-song-ringtone-download</loc>
    </url>
    <url>
      <loc>https://mobcup-ringtones.online/moye-moye-desi-version-ringtone-download</loc>
    </url>
    <url>
      <loc>https://mobcup-ringtones.online/ennile-punchiri-neeyum-ringtone-download</loc>
    </url>
    <url>
      <loc>https://mobcup-ringtones.online/iphone-ki-ringtone</loc>
    </url>
    <url>
      <loc>https://mobcup-ringtones.online/murugan-tamil-ringtone-download</loc>
    </url>
    <url>
      <loc>https://mobcup-ringtones.online/cheri-cheri-lady-ringtone-instrumental</loc>
    </url>
    <url>
      <loc>https://mobcup-ringtones.online/hare-ke-sahare-shyam-ringtone-download</loc>
    </url>
    <url>
      <loc>https://mobcup-ringtones.online/meri-jhopdi-ke-bhag-ringtone-download</loc>
    </url>
    <url>
      <loc>https://mobcup-ringtones.online/lutt-putt-gaya-ringtone-download</loc>
    </url>
    <url>
      <loc>https://mobcup-ringtones.online/hari-anant-hari-katha-ananta-ringtone</loc>
    </url>
    <url>
      <loc>https://mobcup-ringtones.online/jai-shri-ram-ringtone-message</loc>
    </url>
    <url>
      <loc>https://mobcup-ringtones.online/laal-peeli-akhiyaan-ringtone-download</loc>
    </url>
    <url>
      <loc>https://mobcup-ringtones.online/dil-banaane-waaleya-ringtone-download</loc>
    </url>
    <url>
      <loc>https://mobcup-ringtones.online/meri-zindagi-song-ringtone-download</loc>
    </url>
    <url>
      <loc>https://mobcup-ringtones.online/heer-aasmani-song-ringtone-download</loc>
    </url>
    <url>
      <loc>https://mobcup-ringtones.online/mangi-jo-rab-se-dua-hai-tu-ringtone-download</loc>
    </url>
    <url>
      <loc>https://mobcup-ringtones.online/haye-ni-apa-fer-milange-ringtone-download</loc>
    </url>
    <url>
      <loc>https://mobcup-ringtones.online/cheri-cheri-lady-ringtone-download-mp3</loc>
    </url>
    <url>
      <loc>https://mobcup-ringtones.online/kabhi-shaam-dhale-ringtone-instrumental-new-version</loc>
    </url>
    <url>
      <loc>https://mobcup-ringtones.online/saravanan-meenatchi-ringtone-download</loc>
    </url>
    <url>
      <loc>https://mobcup-ringtones.online/govind-bolo-hari-gopal-bolo-ringtone-download</loc>
    </url>
    <url>
      <loc>https://mobcup-ringtones.online/unthan-kai-veesidum-song-ringtone</loc>
    </url>
    <url>
      <loc>https://mobcup-ringtones.online/ram-aayenge-vishal-mishra-ringtone-download</loc>
    </url>
    <url>
      <loc>https://mobcup-ringtones.online/titanic-sad-ringtone-download-mp3</loc>
    </url>
    <url>
      <loc>https://mobcup-ringtones.online/mangalavaram-bgm-ringtone-download</loc>
    </url>
    <url>
      <loc>https://mobcup-ringtones.online/mangalavaram-movie-bgm-ringtone-download</loc>
    </url>
    <url>
      <loc>https://mobcup-ringtones.online/radhe-radhe-ringtone-download</loc>
    </url>
    <url>
      <loc>https://mobcup-ringtones.online/kabhi-shaam-dhale-ringtone-download</loc>
    </url>
    <url>
      <loc>https://mobcup-ringtones.online/khatu-shyam-ringtone-download</loc>
    </url>
    <url>
      <loc>https://mobcup-ringtones.online/ishq-murshid-ringtone-download</loc>
    </url>
    <url>
      <loc>https://mobcup-ringtones.online/nanna-nuv-naa-pranam-ringtone-download</loc>
    </url>
    <url>
      <loc>https://mobcup-ringtones.online/you-and-me-ringtone-download</loc>
    </url>
    <url>
      <loc>https://mobcup-ringtones.online/jay-shri-ram-ringtone-download</loc>
    </url>
    <url>
      <loc>https://mobcup-ringtones.online/dil-hai-chota-sa-animal-ringtone-download</loc>
    </url>
    <url>
      <loc>https://mobcup-ringtones.online/de-deo-didar-ringtone-download</loc>
    </url>
    <url>
      <loc>https://mobcup-ringtones.online/shiv-tandav-ringtone-download-mp3</loc>
    </url>
    <url>
      <loc>https://mobcup-ringtones.online/ve-haniya-ringtone-download-mp3</loc>
    </url>
    <url>
      <loc>https://mobcup-ringtones.online/jai-shree-ram-message-ringtone-download-mp3</loc>
    </url>
    <url>
      <loc>https://mobcup-ringtones.online/scorpio-kali-song-pranjal-dahiya-ringtone-download</loc>
    </url>
    <url>
      <loc>https://mobcup-ringtones.online/hua-main-bgm-ringtone-download</loc>
    </url>
    <url>
      <loc>https://mobcup-ringtones.online/teri-baaton-mein-aisa-uljha-jiya-ringtone-download</loc>
    </url>
    <url>
      <loc>https://mobcup-ringtones.online/o-mahi-dunki-ringtone-download</loc>
    </url>
    <url>
      <loc>https://mobcup-ringtones.online/vaarayo-vaarayo-ringtone-download</loc>
    </url>
    <url>
      <loc>https://mobcup-ringtones.online/jeena-haraam-ringtone-download</loc>
    </url>
    <url>
      <loc>https://mobcup-ringtones.online/dead-song-gippy-grewal-ringtone-download</loc>
    </url>
    <url>
      <loc>https://mobcup-ringtones.online/satranga-ringtone-download</loc>
    </url>
    <url>
      <loc>https://mobcup-ringtones.online/ranvijay-entry-medley-ringtone-download</loc>
    </url>
    <url>
      <loc>https://mobcup-ringtones.online/vachindamma-ringtone-download</loc>
    </url>
    <url>
      <loc>https://mobcup-ringtones.online/ye-chamak-ye-damak-ringtone-download-2</loc>
    </url>
    <url>
      <loc>https://mobcup-ringtones.online/dimmu-dippu-joe-movie-songs-ringtone-download-tamil</loc>
    </url>
    <url>
      <loc>https://mobcup-ringtones.online/achyutam-keshavam-ringtone-download</loc>
    </url>
    <url>
      <loc>https://mobcup-ringtones.online/katchi-sera-ringtone-download</loc>
    </url>
    <url>
      <loc>https://mobcup-ringtones.online/jai-mahakal-ringtone-download</loc>
    </url>
    <url>
      <loc>https://mobcup-ringtones.online/urugi-urugi-ringtone-download-in-telugu</loc>
    </url>
    <url>
      <loc>https://mobcup-ringtones.online/ordinary-person-ringtone-download</loc>
    </url>
    <url>
      <loc>https://mobcup-ringtones.online/happy-birthday-song-instrumental-ringtone-download</loc>
    </url>
    <url>
      <loc>https://mobcup-ringtones.online/o-maahi-o-maahi-song-dunki-ringtone-download</loc>
    </url>
    <url>
      <loc>https://mobcup-ringtones.online/ram-siya-ram-flute-ringtone-download</loc>
    </url>
    <url>
      <loc>https://mobcup-ringtones.online/avadh-mein-raghurai-ringtone-download</loc>
    </url>
    <url>
      <loc>https://mobcup-ringtones.online/toothless-ringtone-download</loc>
    </url>
    <url>
      <loc>https://mobcup-ringtones.online/shut-down-instrumental-ringtone-download</loc>
    </url>
    <url>
      <loc>https://mobcup-ringtones.online/akhiyan-gulab-ringtone-download</loc>
    </url>
    <url>
      <loc>https://mobcup-ringtones.online/raja-rani-bgm-ringtone-download</loc>
    </url>
    <url>
      <loc>https://mobcup-ringtones.online/adha-tera-ishq-aadha-mera-ringtone-download</loc>
    </url>
    <url>
      <loc>https://mobcup-ringtones.online/sound-of-salaar-ringtone-download</loc>
    </url>
    <url>
      <loc>https://mobcup-ringtones.online/radha-krishna-flute-ringtone-download</loc>
    </url>
    <url>
      <loc>https://mobcup-ringtones.online/papa-meri-jaan-bgm-ringtone-download</loc>
    </url>
    <url>
      <loc>https://mobcup-ringtones.online/uruki-uruki-ponathadi-ringtone-download</loc>
    </url>
    <url>
      <loc>https://mobcup-ringtones.online/mangal-bhavan-amangal-hari-ringtone-download-2</loc>
    </url>
    <url>
      <loc>https://mobcup-ringtones.online/vaa-senthaazhini-song-ringtone-download</loc>
    </url>
    <url>
      <loc>https://mobcup-ringtones.online/har-har-mahadev-shambhu-ringtone-download</loc>
    </url>
    <url>
      <loc>https://mobcup-ringtones.online/vaa-senthaazhini-bgm-ringtone-download</loc>
    </url>
    <url>
      <loc>https://mobcup-ringtones.online/ae-kallajodu-college-papa-ringtone-download</loc>
    </url>
    <url>
      <loc>https://mobcup-ringtones.online/shaitaan-movie-bgm-ajay-devgn-ringtone-download</loc>
    </url>
    <url>
      <loc>https://mobcup-ringtones.online/om-namah-shivay-ringtone-download</loc>
    </url>
    <url>
      <loc>https://mobcup-ringtones.online/guntur-kaaram-song-ringtone-download</loc>
    </url>
    <url>
      <loc>https://mobcup-ringtones.online/jai-shree-ram-jai-shree-ram-ringtone-download</loc>
    </url>
    <url>
      <loc>https://mobcup-ringtones.online/bhole-charniy-aradhana-ringtone-download</loc>
    </url>
    <url>
      <loc>https://mobcup-ringtones.online/raghunandana-song-hanuman-movie-ringtone-download</loc>
    </url>
    <url>
      <loc>https://mobcup-ringtones.online/shree-ram-stuti-ringtone</loc>
    </url>
    <url>
      <loc>https://mobcup-ringtones.online/bling-bang-bang-born-ringtone</loc>
    </url>
    <url>
      <loc>https://mobcup-ringtones.online/kaushalya-dashrath-ke-nandan-ringtone</loc>
    </url>
    <url>
      <loc>https://mobcup-ringtones.online/mangalavaram-bgm-ringtone</loc>
    </url>
    <url>
      <loc>https://mobcup-ringtones.online/jaya-janardhana-song-ringtone-download</loc>
    </url>
    <url>
      <loc>https://mobcup-ringtones.online/pehle-bhi-main-ringtone-download</loc>
    </url>
    <url>
      <loc>https://mobcup-ringtones.online/ennile-punchiri-malayalam-ringtone-download</loc>
    </url>
    <url>
      <loc>https://mobcup-ringtones.online/ram-siya-ram-ringtone-download-pagalworld</loc>
    </url>
    <url>
      <loc>https://mobcup-ringtones.online/hanuman-movie-ringtone-download</loc>
    </url>
    <url>
      <loc>https://mobcup-ringtones.online/aa-song-ringtone-download</loc>
    </url>
    <url>
      <loc>https://mobcup-ringtones.online/shiv-murti-tandav-ringtone-download</loc>
    </url>
    <url>
      <loc>https://mobcup-ringtones.online/parmeshwar-moj-dhari-pashupalan-ringtone-download</loc>
    </url>
    <url>
      <loc>https://mobcup-ringtones.online/tera-mera-hai-pyar-amar-ringtone-download</loc>
    </url>
    <url>
      <loc>https://mobcup-ringtones.online/urugi-urugi-ponathadi-song-ringtone-download</loc>
    </url>
    <url>
      <loc>https://mobcup-ringtones.online/fighter-movie-bgm-ringtone-download</loc>
    </url>
    <url>
      <loc>https://mobcup-ringtones.online/joe-movie-bgm-ringtone-download</loc>
    </url>
    <url>
      <loc>https://mobcup-ringtones.online/kangal-edho-bgm-ringtone-download</loc>
    </url>
    <url>
      <loc>https://mobcup-ringtones.online/kangal-edho-ringtone-download</loc>
    </url>
    <url>
      <loc>https://mobcup-ringtones.online/shree-swami-samarth-ringtone-download</loc>
    </url>
    <url>
      <loc>https://mobcup-ringtones.online/hi-nanna-bgm-ringtone-download</loc>
    </url>
    <url>
      <loc>https://mobcup-ringtones.online/krishna-flute-ringtone-download-2</loc>
    </url>
    <url>
      <loc>https://mobcup-ringtones.online/radha-krishna-flute-ringtone-download-mp3</loc>
    </url>
    <url>
      <loc>https://mobcup-ringtones.online/shaan-teri-na-kam-hone-denge-watan-ringtone-download</loc>
    </url>
    <url>
      <loc>https://mobcup-ringtones.online/bolo-jai-jai-shree-ram-ringtone-download</loc>
    </url>
    <url>
      <loc>https://mobcup-ringtones.online/jaga-hai-awadh-ka-bhag-ji-ringtone-download</loc>
    </url>
    <url>
      <loc>https://mobcup-ringtones.online/mere-aka-ao-ki-muddat-hui-hai-bade-din-hue-ghar-saja-sajate-ringtone-download</loc>
    </url>
    <url>
      <loc>https://mobcup-ringtones.online/salaar-bgm-ringtone-download</loc>
    </url>
    <url>
      <loc>https://mobcup-ringtones.online/naina-bheege-bheege-jaye-ringtone-download</loc>
    </url>
    <url>
      <loc>https://mobcup-ringtones.online/yug-ram-raj-ka-aa-gaya-ringtone-download</loc>
    </url>
    <url>
      <loc>https://mobcup-ringtones.online/unakku-thaan-ringtone-download</loc>
    </url>
    <url>
      <loc>https://mobcup-ringtones.online/mere-ghar-ram-aaye-hai-ringtone-download</loc>
    </url>
    <url>
      <loc>https://mobcup-ringtones.online/my-life-is-in-this-town-ringtone-download</loc>
    </url>
    <url>
      <loc>https://mobcup-ringtones.online/salaar-mp3-ringtone-download</loc>
    </url>
    <url>
      <loc>https://mobcup-ringtones.online/let-her-go-x-husn-ringtone-download</loc>
    </url>
    <url>
      <loc>https://mobcup-ringtones.online/moye-moye-ringtone-download</loc>
    </url>
    <url>
      <loc>https://mobcup-ringtones.online/iphone-15-ringtone-download</loc>
    </url>
    <url>
      <loc>https://mobcup-ringtones.online/janam-janam-ki-khoj-bataye-ringtone-download</loc>
    </url>
    <url>
      <loc>https://mobcup-ringtones.online/urugi-urugi-ringtone-download-in-tamil</loc>
    </url>
    <url>
      <loc>https://mobcup-ringtones.online/jalwa-song-ringtone-download</loc>
    </url>
    <url>
      <loc>https://mobcup-ringtones.online/hanuman-bgm-ringtone-download</loc>
    </url>
    <url>
      <loc>https://mobcup-ringtones.online/love-ya-song-diljit-dosanjh-ringtone-download</loc>
    </url>
    <url>
      <loc>https://mobcup-ringtones.online/mera-karma-tu-ringtone-download</loc>
    </url>
    <url>
      <loc>https://mobcup-ringtones.online/vande-mataram-song-ringtone-download</loc>
    </url>
    <url>
      <loc>https://mobcup-ringtones.online/apa-fer-milange-ringtone-download</loc>
    </url>
    <url>
      <loc>https://mobcup-ringtones.online/republic-day-ringtone-download</loc>
    </url>
    <url>
      <loc>https://mobcup-ringtones.online/aye-mere-watan-ke-logo-ringtone-download</loc>
    </url>
    <url>
      <loc>https://mobcup-ringtones.online/bling-bang-bang-born-ringtone-download</loc>
    </url>
    <url>
      <loc>https://mobcup-ringtones.online/kurchi-madatha-petti-ringtone-download</loc>
    </url>
    <url>
      <loc>https://mobcup-ringtones.online/aaj-gali-gali-avadh-sajayenge-ringtone-download</loc>
    </url>
    <url>
      <loc>https://mobcup-ringtones.online/devara-ringtone-download-ntr</loc>
    </url>
    <url>
      <loc>https://mobcup-ringtones.online/zulfon-ke-kale-jal-ringtone-download</loc>
    </url>
    <url>
      <loc>https://mobcup-ringtones.online/king-shit-ringtone-download</loc>
    </url>
    <url>
      <loc>https://mobcup-ringtones.online/im-scared-ringtone</loc>
    </url>
    <url>
      <loc>https://mobcup-ringtones.online/ram-aayenge-to-angana-sajaungi-ringtone</loc>
    </url>
    <url>
      <loc>https://mobcup-ringtones.online/o-mahi-ringtone</loc>
    </url>
    <url>
      <loc>https://mobcup-ringtones.online/ye-chamak-ye-damak-ringtone-download</loc>
    </url>
    <url>
      <loc>https://mobcup-ringtones.online/ram-aayenge-swati-mishra-ringtone-download</loc>
    </url>
    <url>
      <loc>https://mobcup-ringtones.online/driftveil-city-toothless-ringtone</loc>
    </url>
    <url>
      <loc>https://mobcup-ringtones.online/90s-middle-class-biopic-bgm-ringtone</loc>
    </url>
    <url>
      <loc>https://mobcup-ringtones.online/julfo-ke-kale-jaal-ringtone-download</loc>
    </url>
    <url>
      <loc>https://mobcup-ringtones.online/paisa-hai-toh-ringtone-download</loc>
    </url>
    <url>
      <loc>https://mobcup-ringtones.online/karwa-chauth-song-ringtone-download</loc>
    </url>
    <url>
      <loc>https://mobcup-ringtones.online/buhe-vich-ringtone-download-mp3-pagalworld</loc>
    </url>
    <url>
      <loc>https://mobcup-ringtones.online/hatho-me-pooja-ki-thali-ringtone-download</loc>
    </url>
    <url>
      <loc>https://mobcup-ringtones.online/karva-chauth-song-ringtone-download</loc>
    </url>
    <url>
      <loc>https://mobcup-ringtones.online/leo-movie-ringtone-ordinary-person-download</loc>
    </url>
    <url>
      <loc>https://mobcup-ringtones.online/the-shadow-of-death-bgm-ringtone-download</loc>
    </url>
    <url>
      <loc>https://mobcup-ringtones.online/hath-kangan-leke-aana-ringtone-download-pagalworld</loc>
    </url>
    <url>
      <loc>https://mobcup-ringtones.online/khalasi-ringtone-download</loc>
    </url>
    <url>
      <loc>https://mobcup-ringtones.online/jailer-hukum-bgm-ringtone-download</loc>
    </url>
    <url>
      <loc>https://mobcup-ringtones.online/ram-siya-ram-ringtone-download-2023</loc>
    </url>
    <url>
      <loc>https://mobcup-ringtones.online/ashutosh-shashank-shekhar-ringtone</loc>
    </url>
    <url>
      <loc>https://mobcup-ringtones.online/ganpati-bappa-ringtone-download</loc>
    </url>
    <url>
      <loc>https://mobcup-ringtones.online/hua-main-ringtone-download-animal-movie</loc>
    </url>
    <url>
      <loc>https://mobcup-ringtones.online/ganpati-ji-ringtone-download</loc>
    </url>
    <url>
      <loc>https://mobcup-ringtones.online/krishna-bhagwan-bansuri-ringtone-download</loc>
    </url>
    <url>
      <loc>https://mobcup-ringtones.online/baby-movie-songs-ringtone</loc>
    </url>
    <url>
      <loc>https://mobcup-ringtones.online/tere-bal-se-main-balwan-ringtone-download</loc>
    </url>
    <url>
      <loc>https://mobcup-ringtones.online/pawan-prabhati-jag-ko-jagati-ringtone-download</loc>
    </url>
    <url>
      <loc>https://mobcup-ringtones.online/yaar-ka-sataya-hua-hai-ringtone-download</loc>
    </url>
    <url>
      <loc>https://mobcup-ringtones.online/still-rollin-ringtone-download-shubh</loc>
    </url>
    <url>
      <loc>https://mobcup-ringtones.online/naan-ready-song-leo-ringtone-download</loc>
    </url>
    <url>
      <loc>https://mobcup-ringtones.online/ae-batan-batan-mere-aawad-tune</loc>
    </url>
    <url>
      <loc>https://mobcup-ringtones.online/kushi-ringtones-naa-songs-download-2023</loc>
    </url>
    <url>
      <loc>https://mobcup-ringtones.online/vellake-ringtone-download-harika</loc>
    </url>
    <url>
      <loc>https://mobcup-ringtones.online/thatanimemom-song-download-mp3-ringtone</loc>
    </url>
    <url>
      <loc>https://mobcup-ringtones.online/na-ready-leo-ringtone-download</loc>
    </url>
    <url>
      <loc>https://mobcup-ringtones.online/tu-dur-na-hona-shambhu-ringtone-download</loc>
    </url>
    <url>
      <loc>https://mobcup-ringtones.online/jailer-hukum-ringtone-download</loc>
    </url>
    <url>
      <loc>https://mobcup-ringtones.online/na-roja-nuvve-kushi-ringtone-download</loc>
    </url>
    <url>
      <loc>https://mobcup-ringtones.online/priya-midhunam-song-ringtone-download</loc>
    </url>
    <url>
      <loc>https://mobcup-ringtones.online/zihaal-e-miskin-ringtone</loc>
    </url>
    <url>
      <loc>https://mobcup-ringtones.online/phir-aur-kya-chahiye-zara-hatke-zara-bachke-ringtone</loc>
    </url>
    <url>
      <loc>https://mobcup-ringtones.online/na-ready-leo-bgm-ringtone-download</loc>
    </url>
    <url>
      <loc>https://mobcup-ringtones.online/cg-ringtone-download</loc>
    </url>
    <url>
      <loc>https://mobcup-ringtones.online/ps2-bgm-tamil-ringtone-download</loc>
    </url>
    <url>
      <loc>https://mobcup-ringtones.online/calm-down-instrumental-ringtone-download</loc>
    </url>
    <url>
      <loc>https://mobcup-ringtones.online/kya-loge-tum-ringtone-download</loc>
    </url>
    <url>
      <loc>https://mobcup-ringtones.online/obsessed-song-riar-saab-ringtone-download</loc>
    </url>
    <url>
      <loc>https://mobcup-ringtones.online/pathu-thala-ringtone-download</loc>
    </url>
    <url>
      <loc>https://mobcup-ringtones.online/raghunandan-raghav-ram-hare-ringtone-downloa</loc>
    </url>
    <url>
      <loc>https://mobcup-ringtones.online/om-bhur-bhuva-swaha-ringtone-download</loc>
    </url>
    <url>
      <loc>https://mobcup-ringtones.online/mera-na-sidhu-moose-wala-ringtone-download</loc>
    </url>
    <url>
      <loc>https://mobcup-ringtones.online/raghupati-raghav-raja-ram-ringtone-download</loc>
    </url>
    <url>
      <loc>https://mobcup-ringtones.online/haryana-hood-irshad-khan-ringtone-download</loc>
    </url>
    <url>
      <loc>https://mobcup-ringtones.online/dada-song-ringtone-download</loc>
    </url>
    <url>
      <loc>https://mobcup-ringtones.online/murugan-ringtone-download</loc>
    </url>
    <url>
      <loc>https://mobcup-ringtones.online/pathu-thala-ringtone-download-masstamilan</loc>
    </url>
    <url>
      <loc>https://mobcup-ringtones.online/shiv-tandav-stotram-ringtone-download-mp3-pagalworld</loc>
    </url>
    <url>
      <loc>https://mobcup-ringtones.online/jai-hanuman-gyan-gun-sagar-ringtone-download</loc>
    </url>
    <url>
      <loc>https://mobcup-ringtones.online/ipl-ringtone-download-2023</loc>
    </url>
    <url>
      <loc>https://mobcup-ringtones.online/tu-hi-siya-ke-ram-ringtone-download</loc>
    </url>
    <url>
      <loc>https://mobcup-ringtones.online/april-fool-banaya-ringtone-download</loc>
    </url>
    <url>
      <loc>https://mobcup-ringtones.online/mere-veer-bhagat-singh-ringtone-download</loc>
    </url>
    <url>
      <loc>https://mobcup-ringtones.online/sohna-darbaar-ringtones-download-hansraj-raghuwanshi</loc>
    </url>
    <url>
      <loc>https://mobcup-ringtones.online/calm-down-ringtone-download-deviantart</loc>
    </url>
    <url>
      <loc>https://mobcup-ringtones.online/kavan-so-kaj-kathin-jag-mahi-ringtone-download</loc>
    </url>
    <url>
      <loc>https://mobcup-ringtones.online/bandeya-re-bandeya-ringtone-download</loc>
    </url>
    <url>
      <loc>https://mobcup-ringtones.online/mana-ki-mushkil-hai-safar-ringtone-download</loc>
    </url>
    <url>
      <loc>https://mobcup-ringtones.online/ramzan-ka-mahina-mubarak-ho-ringtone-download</loc>
    </url>
    <url>
      <loc>https://mobcup-ringtones.online/mai-hai-na-ringtone-jubin-nautiyal-payal-dev</loc>
    </url>
    <url>
      <loc>https://mobcup-ringtones.online/allah-tera-hai-ehsan-ringtone-download</loc>
    </url>
    <url>
      <loc>https://mobcup-ringtones.online/chunari-mein-daag-ringtone-download-mp3</loc>
    </url>
    <url>
      <loc>https://mobcup-ringtones.online/azan-ringtone-download</loc>
    </url>
    <url>
      <loc>https://mobcup-ringtones.online/bones-ringtone-download-pagalworld</loc>
    </url>
    <url>
      <loc>https://mobcup-ringtones.online/manike-mage-hithe-ringtone-download</loc>
    </url>
    <url>
      <loc>https://mobcup-ringtones.online/ramadan-mubarak-ringtone-download</loc>
    </url>
    <url>
      <loc>https://mobcup-ringtones.online/kya-mohabbat-hai-kya-nazara-hai-ringtone-download</loc>
    </url>
    <url>
      <loc>https://mobcup-ringtones.online/noore-ramzan-ringtone-download</loc>
    </url>
    <url>
      <loc>https://mobcup-ringtones.online/jai-shree-ram-notification-tone-ringtone-download</loc>
    </url>
    <url>
      <loc>https://mobcup-ringtones.online/kahani-suno-20-ringtone-download</loc>
    </url>
    <url>
      <loc>https://mobcup-ringtones.online/lingkaran-iphone-notification-ringtone-download</loc>
    </url>
    <url>
      <loc>https://mobcup-ringtones.online/kahani-suno-2-0-ringtone-download-pagalworld</loc>
    </url>
    <url>
      <loc>https://mobcup-ringtones.online/bones-imagine-dragons-ringtone-download-mp3</loc>
    </url>
    <url>
      <loc>https://mobcup-ringtones.online/iphone-14-pro-max-ringtone-download</loc>
    </url>
    <url>
      <loc>https://mobcup-ringtones.online/kaleshi-chori-ringtone-download</loc>
    </url>
    <url>
      <loc>https://mobcup-ringtones.online/iphone-sms-ringtone</loc>
    </url>
    <url>
      <loc>https://mobcup-ringtones.online/nada-dering-iphone-pangilan-masuk-ringtone-download</loc>
    </url>
    <url>
      <loc>https://mobcup-ringtones.online/aaj-brij-mein-holi-re-rasiya-ringtone-download</loc>
    </url>
    <url>
      <loc>https://mobcup-ringtones.online/power-ringtone-download-n3wport</loc>
    </url>
    <url>
      <loc>https://mobcup-ringtones.online/kaadhal-en-kaviye-ringtone-download-2</loc>
    </url>
    <url>
      <loc>https://mobcup-ringtones.online/ganpati-ringtone-download-pagalworld</loc>
    </url>
    <url>
      <loc>https://mobcup-ringtones.online/happy-new-year-ringtone-download-2023</loc>
    </url>
    <url>
      <loc>https://mobcup-ringtones.online/calm-down-calm-down-ringtone-download</loc>
    </url>
    <url>
      <loc>https://mobcup-ringtones.online/happy-new-year-2023-download</loc>
    </url>
    <url>
      <loc>https://mobcup-ringtones.online/pata-nahi-kis-roop-mein-aakar-narayan-mil-jayega-ringtone-download</loc>
    </url>
    <url>
      <loc>https://mobcup-ringtones.online/wednesday-addams-ringtones-download</loc>
    </url>
    <url>
      <loc>https://mobcup-ringtones.online/happy-new-year-ringtone-download-2023-hindi</loc>
    </url>
    <url>
      <loc>https://mobcup-ringtones.online/ram-siya-ram-siya-ram-jay-jay-ram-ringtone-download</loc>
    </url>
    <url>
      <loc>https://mobcup-ringtones.online/love-bgm-ringtone-download-tamil</loc>
    </url>
    <url>
      <loc>https://mobcup-ringtones.online/patli-kamariya-mori-hay-hay-hay-ringtone-download</loc>
    </url>
    <url>
      <loc>https://mobcup-ringtones.online/nannaku-prematho-dad-ringtone-download</loc>
    </url>
    <url>
      <loc>https://mobcup-ringtones.online/google-pay-ad-audio</loc>
    </url>
    <url>
      <loc>https://mobcup-ringtones.online/ra-ra-rakkamma-instrumental-ringtone-download</loc>
    </url>
    <url>
      <loc>https://mobcup-ringtones.online/radhe-radhe-ringtone-download-pagalworld</loc>
    </url>
    <url>
      <loc>https://mobcup-ringtones.online/ra-ra-rakkamma-ringtone-download</loc>
    </url>
    <url>
      <loc>https://mobcup-ringtones.online/tu-maan-meri-jaan-ringtone-download-pagalworld</loc>
    </url>
    <url>
      <loc>https://mobcup-ringtones.online/fix-my-speaker-ringtone-download</loc>
    </url>
    <url>
      <loc>https://mobcup-ringtones.online/patli-kamariya-mori-ringtone-download-pagalworld</loc>
    </url>
    <url>
      <loc>https://mobcup-ringtones.online/dekho-aloy-alo-akash-ringtone-download</loc>
    </url>
    <url>
      <loc>https://mobcup-ringtones.online/jo-tenu-dhoop-lagya-ve-ringtone-download</loc>
    </url>
    <url>
      <loc>https://mobcup-ringtones.online/gori-tame-manda-lidha-mohi-ringtone-download</loc>
    </url>
    <url>
      <loc>https://mobcup-ringtones.online/mangal-bhavan-amangal-hari-ringtone-download</loc>
    </url>
    <url>
      <loc>https://mobcup-ringtones.online/you-are-the-shadow-to-my-life-arabic-remix-ringtones-download</loc>
    </url>
    <url>
      <loc>https://mobcup-ringtones.online/tu-hai-kya-mere-liye-kya-ringtone-download</loc>
    </url>
    <url>
      <loc>https://mobcup-ringtones.online/one-dance-ringtone-download-instrumental</loc>
    </url>
    <url>
      <loc>https://mobcup-ringtones.online/hello-papa-5k-kar-do-upi-ringtone-download</loc>
    </url>
    <url>
      <loc>https://mobcup-ringtones.online/megam-karutha-penne-instrumental-ringtone-download</loc>
    </url>
    <url>
      <loc>https://mobcup-ringtones.online/bt-ho-gayi-hustle-2-0-ringtone-download</loc>
    </url>
    <url>
      <loc>https://mobcup-ringtones.online/high-thoughts-ringtone-download</loc>
    </url>
    <url>
      <loc>https://mobcup-ringtones.online/aaram-aata-hai-deedar-se-tere-ringtone-download-2</loc>
    </url>
    <url>
      <loc>https://mobcup-ringtones.online/onapattin-thalam-thullum-ringtone-download</loc>
    </url>
    <url>
      <loc>https://mobcup-ringtones.online/ili-1-ringtone-download</loc>
    </url>
    <url>
      <loc>https://mobcup-ringtones.online/onam-flute-ringtone-download</loc>
    </url>
    <url>
      <loc>https://mobcup-ringtones.online/rab-ki-saugaat-tu-sanam-ringtone-download</loc>
    </url>
    <url>
      <loc>https://mobcup-ringtones.online/karthikeya-2-ringtone-hindi-download</loc>
    </url>
    <url>
      <loc>https://mobcup-ringtones.online/kahin-pyaar-na-ho-jaaye-ringtone-download</loc>
    </url>
    <url>
      <loc>https://mobcup-ringtones.online/dard-hai-lakho-duniya-mein-tu-sab-dardo-ki-dawai-hai-ringtone-download</loc>
    </url>
    <url>
      <loc>https://mobcup-ringtones.online/karthikeya-2-bgm-ringtone-download</loc>
    </url>
    <url>
      <loc>https://mobcup-ringtones.online/dhadkanon-ki-jaan-ho-tum-ringtone-download-pagalworld</loc>
    </url>
    <url>
      <loc>https://mobcup-ringtones.online/a-aa-2-bgm-ringtone-download</loc>
    </url>
    <url>
      <loc>https://mobcup-ringtones.online/kesariya-tera-ringtone-download-pagalworld</loc>
    </url>
    <url>
      <loc>https://mobcup-ringtones.online/meri-zindagi-hai-tu-ringtone-download</loc>
    </url>
    <url>
      <loc>https://mobcup-ringtones.online/dhadkanon-ki-jaan-ho-tum-ringtone-download</loc>
    </url>
    <url>
      <loc>https://mobcup-ringtones.online/ankhan-wicho-kinna-boldi-ae-ringtone-download</loc>
    </url>
    <url>
      <loc>https://mobcup-ringtones.online/tu-hi-meri-duniya-jahan-ve-ringtone-download</loc>
    </url>
    <url>
      <loc>https://mobcup-ringtones.online/jony-love-your-voice-ringtone-download</loc>
    </url>
    <url>
      <loc>https://mobcup-ringtones.online/kesariya-tera-ringtone-download</loc>
    </url>
    <url>
      <loc>https://mobcup-ringtones.online/the-soul-of-sita-ramam-ringtone-download</loc>
    </url>
    <url>
      <loc>https://mobcup-ringtones.online/megam-karukatha-penne-penne-song-ringtone-download</loc>
    </url>
    <url>
      <loc>https://mobcup-ringtones.online/mitti-de-tibbe-ringtone-download</loc>
    </url>
    <url>
      <loc>https://mobcup-ringtones.online/o-kanha-ab-to-murli-ki-ringtone-download</loc>
    </url>
    <url>
      <loc>https://mobcup-ringtones.online/radhe-braj-jan-man-sukhkari-ringtone-download-pagalworld-mp3</loc>
    </url>
    <url>
      <loc>https://mobcup-ringtones.online/radhe-braj-jan-man-sukhkari-ringtone-download</loc>
    </url>
    <url>
      <loc>https://mobcup-ringtones.online/kadhalikum-pennin-bgm-ringtone-download</loc>
    </url>
    <url>
      <loc>https://mobcup-ringtones.online/vikram-bgm-remake-ringtone-download</loc>
    </url>
    <url>
      <loc>https://mobcup-ringtones.online/mitti-de-tibbe-ringtone-download-pagalworld</loc>
    </url>
    <url>
      <loc>https://mobcup-ringtones.online/vikram-bgm-remake-ringtone-download-pagalworld-mp3</loc>
    </url>
    <url>
      <loc>https://mobcup-ringtones.online/kaadhal-en-kaviye-ringtone-download</loc>
    </url>
    <url>
      <loc>https://mobcup-ringtones.online/mukunda-mukunda-ringtone-download</loc>
    </url>
    <url>
      <loc>https://mobcup-ringtones.online/deva-ho-deva-ganpati-deva-ringtone-download</loc>
    </url>
    <url>
      <loc>https://mobcup-ringtones.online/ganesh-chaturthi-2023-ringtone-download</loc>
    </url>
    <url>
      <loc>https://mobcup-ringtones.online/background-music-ringtone-download</loc>
    </url>
    <url>
      <loc>https://mobcup-ringtones.online/deva-shree-ganesha-ringtone-mp3-download-pagalworld</loc>
    </url>
    <url>
      <loc>https://mobcup-ringtones.online/iphone-13-pro-max-ringtone-download</loc>
    </url>
    <url>
      <loc>https://mobcup-ringtones.online/yashoda-ka-nandlala-ringtone</loc>
    </url>
    <url>
      <loc>https://mobcup-ringtones.online/sia-unstoppable-ringtones-download</loc>
    </url>
    <url>
      <loc>https://mobcup-ringtones.online/mere-kanha-ringtone-download</loc>
    </url>
    <url>
      <loc>https://mobcup-ringtones.online/morya-re-bappa-morya-re-ringtone-download</loc>
    </url>
    <url>
      <loc>https://mobcup-ringtones.online/kabhi-yad-karein-jo-jamana-ringtone-download</loc>
    </url>
    <url>
      <loc>https://mobcup-ringtones.online/inkoka-janmantu-ringtone-download</loc>
    </url>
    <url>
      <loc>https://mobcup-ringtones.online/independence-day-ringtone-download-instrumental</loc>
    </url>
    <url>
      <loc>https://mobcup-ringtones.online/ranjha-ringtone-download-pagalworld</loc>
    </url>
    <url>
      <loc>https://mobcup-ringtones.online/mapla-message-ringtone-download</loc>
    </url>
    <url>
      <loc>https://mobcup-ringtones.online/iphone-message-tone-ringtone-download</loc>
    </url>
    <url>
      <loc>https://mobcup-ringtones.online/happy-independence-day-2023-ringtone-download</loc>
    </url>
    <url>
      <loc>https://mobcup-ringtones.online/shikha-name-ringtone-download</loc>
    </url>
    <url>
      <loc>https://mobcup-ringtones.online/hu-kya-kahu-ringtone-download</loc>
    </url>
    <url>
      <loc>https://mobcup-ringtones.online/a-aa2-movie-bgm-ringtone-download</loc>
    </url>
    <url>
      <loc>https://mobcup-ringtones.online/main-hoon-dandadhikari-ringtone-download</loc>
    </url>
    <url>
      <loc>https://mobcup-ringtones.online/meri-rakhi-ki-dor-kabhi-hona-kamjor-ringtone-download</loc>
    </url>
    <url>
      <loc>https://mobcup-ringtones.online/yededu-janmalaki-kavali-nuvvu-love-song-ringtones</loc>
    </url>
    <url>
      <loc>https://mobcup-ringtones.online/kochu-poombatte-malayalam-song-ringtones-download</loc>
    </url>
    <url>
      <loc>https://mobcup-ringtones.online/sare-jahan-se-acha-instrumental</loc>
    </url>
    <url>
      <loc>https://mobcup-ringtones.online/yededu-janmalaki-kavali-nuvvu-ringtones-download</loc>
    </url>
    <url>
      <loc>https://mobcup-ringtones.online/bhai-takat-hai-tu-meri-ringtone-download</loc>
    </url>
    <url>
      <loc>https://mobcup-ringtones.online/ek-hazaaron-mein-meri-behna-hai-ringtone-download</loc>
    </url>
    <url>
      <loc>https://mobcup-ringtones.online/happy-raksha-bandhan-ringtone-download-2023</loc>
    </url>
    <url>
      <loc>https://mobcup-ringtones.online/raksha-bandhan-ringtone-song-download</loc>
    </url>
    <url>
      <loc>https://mobcup-ringtones.online/main-bhola-parvat-ka-ringtone-download</loc>
    </url>
    <url>
      <loc>https://mobcup-ringtones.online/apna-har-din-aise-jiyo-ringtone-download-pagalworld</loc>
    </url>
    <url>
      <loc>https://mobcup-ringtones.online/happy-friendship-day-quotes-2023-ringtone-download</loc>
    </url>
    <url>
      <loc>https://mobcup-ringtones.online/coin-drop-sms-ringtone-download</loc>
    </url>
    <url>
      <loc>https://mobcup-ringtones.online/main-bhola-parvat-ka-tu-rani-mehla-ki-ringtone-download</loc>
    </url>
    <url>
      <loc>https://mobcup-ringtones.online/happy-friendship-day-ringtone-download-2023</loc>
    </url>
    <url>
      <loc>https://mobcup-ringtones.online/coin-drop-message-tone-ringtone-download</loc>
    </url>
    <url>
      <loc>https://mobcup-ringtones.online/siya-ram-jai-ram-jai-jai-ram-ringtones-download</loc>
    </url>
    <url>
      <loc>https://mobcup-ringtones.online/apna-har-din-aise-jiyo-ringtone-download</loc>
    </url>
    <url>
      <loc>https://mobcup-ringtones.online/happy-friendship-day-best-ringtone-download</loc>
    </url>
    <url>
      <loc>https://mobcup-ringtones.online/let-me-down-slowly-x-rendu-kaadhal-song-ringtone-download</loc>
    </url>
    <url>
      <loc>https://mobcup-ringtones.online/shambhu-teri-maya-ringtones-download</loc>
    </url>
    <url>
      <loc>https://mobcup-ringtones.online/shambhu-teri-maya-ringtone-download-pagalworld-mp3</loc>
    </url>
    <url>
      <loc>https://mobcup-ringtones.online/hyderabad-happy-birthday-ringtone-download</loc>
    </url>
    <url>
      <loc>https://mobcup-ringtones.online/teri-meri-kahani-ringtone-download-pagalworld-mp3</loc>
    </url>
    <url>
      <loc>https://mobcup-ringtones.online/main-hoon-na-whistle-ringtone-download</loc>
    </url>
    <url>
      <loc>https://mobcup-ringtones.online/heat-waves-download-pagalworld-ringtone</loc>
    </url>
    <url>
      <loc>https://mobcup-ringtones.online/saiyaara-instrumental-ringtone-download</loc>
    </url>
    <url>
      <loc>https://mobcup-ringtones.online/lo-maan-liya-humne-hai-pyar-nahi-tumko-ringtone-download</loc>
    </url>
    <url>
      <loc>https://mobcup-ringtones.online/teri-meri-yaariyan-dildariyaan-ringtones-download</loc>
    </url>
    <url>
      <loc>https://mobcup-ringtones.online/parakka-parakka-thudikuthe-ringtone-download</loc>
    </url>
    <url>
      <loc>https://mobcup-ringtones.online/teri-meri-kahani-ringtone-download</loc>
    </url>
    <url>
      <loc>https://mobcup-ringtones.online/pop-like-that-tiktok-ringtone-download</loc>
    </url>
    <url>
      <loc>https://mobcup-ringtones.online/karpur-gauram-karunavtaram-female-ringtone-download-mp3s</loc>
    </url>
    <url>
      <loc>https://mobcup-ringtones.online/kundi-laga-le-saiyan-ringtone-download-pagalworlds</loc>
    </url>
    <url>
      <loc>https://mobcup-ringtones.online/karpur-gauram-ringtone-mp3-2022-download</loc>
    </url>
    <url>
      <loc>https://mobcup-ringtones.online/happy-birthday-rockstar-ringtone-download</loc>
    </url>
    <url>
      <loc>https://mobcup-ringtones.online/ahwarun-ahwarun-arabic-ringtone-download</loc>
    </url>
    <url>
      <loc>https://mobcup-ringtones.online/happy-birthday-rockstar-ringtone-download-pagalworld</loc>
    </url>
    <url>
      <loc>https://mobcup-ringtones.online/manda-lidha-mohi-raj-ringtone-download</loc>
    </url>
    <url>
      <loc>https://mobcup-ringtones.online/tera-roop-hai-prachand-ringtones-download-pagalworld-mp3</loc>
    </url>
    <url>
      <loc>https://mobcup-ringtones.online/kundi-laga-le-saiyan-ringtone-download</loc>
    </url>
    <url>
      <loc>https://mobcup-ringtones.online/kgf-malik-ringtone-download</loc>
    </url>
    <url>
      <loc>https://mobcup-ringtones.online/tera-roop-hai-prachand-ringtone-download</loc>
    </url>
    <url>
      <loc>https://mobcup-ringtones.online/bholenath-ji-ringtone-download-pagalworlds</loc>
    </url>
    <url>
      <loc>https://mobcup-ringtones.online/sofia-reyes-1-2-3-ringtone-download</loc>
    </url>
    <url>
      <loc>https://mobcup-ringtones.online/me-ta-jind-meri-tere-piche-song-ringtone-download</loc>
    </url>
    <url>
      <loc>https://mobcup-ringtones.online/knight-rider-ringtone-android</loc>
    </url>
    <url>
      <loc>https://mobcup-ringtones.online/hola-como-tale-tale-vu-ringtone-download-pagalworld</loc>
    </url>
    <url>
      <loc>https://mobcup-ringtones.online/bholenath-ji-ringtone-downloads</loc>
    </url>
    <url>
      <loc>https://mobcup-ringtones.online/zindagi-ne-zindagi-bhar-gham-diye-remix-ringtone-download</loc>
    </url>
    <url>
      <loc>https://mobcup-ringtones.online/siya-ram-jay-ram-jay-jay-ram-ringtones</loc>
    </url>
    <url>
      <loc>https://mobcup-ringtones.online/bhool-bhulaiyaa-2-ringtone-download</loc>
    </url>
    <url>
      <loc>https://mobcup-ringtones.online/all-my-friends-are-toxic-ringtone-download</loc>
    </url>
    <url>
      <loc>https://mobcup-ringtones.online/aaram-aata-hai-deedar-se-tere-ringtone-download</loc>
    </url>
    <url>
      <loc>https://mobcup-ringtones.online/bhool-bhulaiyaa-2-ringtone-download-pagalworld</loc>
    </url>
    <url>
      <loc>https://mobcup-ringtones.online/hola-como-tale-tale-vu-ringtone-download</loc>
    </url>
    <url>
      <loc>https://mobcup-ringtones.online/once-upon-a-time-vikram-ringtone-download</loc>
    </url>
    <url>
      <loc>https://mobcup-ringtones.online/hola-como-tale-tale-vu-ringtone-download-mp3</loc>
    </url>
    <url>
      <loc>https://mobcup-ringtones.online/bin-tere-sanam-mar-mitenge-hum-ringtone-download</loc>
    </url>
    <url>
      <loc>https://mobcup-ringtones.online/aaja-mere-mahi-teri-yaad-aa-gayi-ringtone-download</loc>
    </url>
    <url>
      <loc>https://mobcup-ringtones.online/rolex-bgm-ringtone-download</loc>
    </url>
    <url>
      <loc>https://mobcup-ringtones.online/kanja-poo-kannala-ringtone-download</loc>
    </url>
    <url>
      <loc>https://mobcup-ringtones.online/maine-tera-naam-dil-rakh-diya-ringtone-download</loc>
    </url>
    <url>
      <loc>https://mobcup-ringtones.online/kabhi-ruthna-na-mujhse-tu-shyam-sanware-ringtone-download</loc>
    </url>
    <url>
      <loc>https://mobcup-ringtones.online/i-love-baby-ringtone-download</loc>
    </url>
    <url>
      <loc>https://mobcup-ringtones.online/mera-bhai-tu-meri-jaan-hai-ringtone-download</loc>
    </url>
    <url>
      <loc>https://mobcup-ringtones.online/bheeshma-parvam-bgm-remix-ringtone-download</loc>
    </url>
    <url>
      <loc>https://mobcup-ringtones.online/halki-halki-si-barsaat-aa-gayi-ringtone-download</loc>
    </url>
    <url>
      <loc>https://mobcup-ringtones.online/maine-tujhe-dekha-haste-hue-galo-mein-ringtone-download</loc>
    </url>
    <url>
      <loc>https://mobcup-ringtones.online/gomi-gomi-ringtone-download</loc>
    </url>
    <url>
      <loc>https://mobcup-ringtones.online/pasoori-ringtone-download-mp3-pagalworld</loc>
    </url>
    <url>
      <loc>https://mobcup-ringtones.online/homie-ja-mere-liye-mannat-mang-ringtone-download</loc>
    </url>
    <url>
      <loc>https://mobcup-ringtones.online/nam-dang-nam-som-ringtone-download</loc>
    </url>
    <url>
      <loc>https://mobcup-ringtones.online/kesariya-tera-ishq-hai-piya-ringtone-download</loc>
    </url>
    <url>
      <loc>https://mobcup-ringtones.online/nari-manohari-sukumari-yohani-ringtone-download</loc>
    </url>
    <url>
      <loc>https://mobcup-ringtones.online/nam-dang-nam-song-ringtone-download-pagalworld</loc>
    </url>
    <url>
      <loc>https://mobcup-ringtones.online/nenjirukkum-varai-ringtone-download</loc>
    </url>
    <url>
      <loc>https://mobcup-ringtones.online/gomi-gomi-remix-english-ringtone</loc>
    </url>
    <url>
      <loc>https://mobcup-ringtones.online/minang-deng-laka-kinang-siuang-ringtone-download</loc>
    </url>
    <url>
      <loc>https://mobcup-ringtones.online/the-last-ride-ringtone-download</loc>
    </url>
    <url>
      <loc>https://mobcup-ringtones.online/laagi-meri-tere-sang-lagi-o-mere-shankara-ringtone-download</loc>
    </url>
    <url>
      <loc>https://mobcup-ringtones.online/komma-uyyala-ringtone-download-rrr-ringtone-download</loc>
    </url>
    <url>
      <loc>https://mobcup-ringtones.online/jitni-tu-milti-jaye-utni-lage-thodi-thodi-ringtone-download</loc>
    </url>
    <url>
      <loc>https://mobcup-ringtones.online/shyama-aan-baso-vrindavan-mein-ringtone</loc>
    </url>
    <url>
      <loc>https://mobcup-ringtones.online/voodoo-badshah-song-ringtone-download</loc>
    </url>
    <url>
      <loc>https://mobcup-ringtones.online/nikhil-mathew-whistle-ringtone-download</loc>
    </url>
    <url>
      <loc>https://mobcup-ringtones.online/mehbooba-kgf-2-tamil-ringtone-download</loc>
    </url>
    <url>
      <loc>https://mobcup-ringtones.online/kamal-vikram-movie-dialogue-ringtone-download</loc>
    </url>
    <url>
      <loc>https://mobcup-ringtones.online/falak-tak-chal-sath-mere-instrumental-ringtone-download</loc>
    </url>
    <url>
      <loc>https://mobcup-ringtones.online/badam-badam-dada-kacha-badam-ringtone-download</loc>
    </url>
    <url>
      <loc>https://mobcup-ringtones.online/kgf-ringtone-download-pagalworld</loc>
    </url>
    <url>
      <loc>https://mobcup-ringtones.online/bolo-na-kyun-yeh-chand-sitare-ringtone-download</loc>
    </url>
    <url>
      <loc>https://mobcup-ringtones.online/sigma-rule-ringtone-download-pagalworld</loc>
    </url>
    <url>
      <loc>https://mobcup-ringtones.online/iphone-notification-ringtones</loc>
    </url>
    <url>
      <loc>https://mobcup-ringtones.online/the-last-ride-sidhu-moose-wala-ringtone</loc>
    </url>
    <url>
      <loc>https://mobcup-ringtones.online/kgf-2-ringtone</loc>
    </url>
    <url>
      <loc>https://mobcup-ringtones.online/choti-bachi-ho-kya-ringtone-download</loc>
    </url>
    <url>
      <loc>https://mobcup-ringtones.online/love-nwantiti-ringtone-download-pagalworld</loc>
    </url>
    <url>
      <loc>https://mobcup-ringtones.online/havana-ringtone</loc>
    </url>
    <url>
      <loc>https://mobcup-ringtones.online/oh-na-na-na-ringtone</loc>
    </url>
    <url>
      <loc>https://mobcup-ringtones.online/sickick-intro-infected-ringtone-download</loc>
    </url>
    <url>
      <loc>https://mobcup-ringtones.online/tera-naam-dhokha-rakh-du-ringtone-download</loc>
    </url>
    <url>
      <loc>https://mobcup-ringtones.online/akhar-ringtone-download</loc>
    </url>
    <url>
      <loc>https://mobcup-ringtones.online/bella-ciao-ringtone</loc>
    </url>
    <url>
      <loc>https://mobcup-ringtones.online/larmes-ringtone-download-pagalworld</loc>
    </url>
    <url>
      <loc>https://mobcup-ringtones.online/larmes-ringtone-download</loc>
    </url>
    <url>
      <loc>https://mobcup-ringtones.online/go-down-deh-remix-ringtone</loc>
    </url>
    <url>
      <loc>https://mobcup-ringtones.online/anjan-ki-siti-me-maro-man-dole-ringtone-download</loc>
    </url>
    <url>
      <loc>https://mobcup-ringtones.online/gora-chitta-rang-mera-ringtone-download</loc>
    </url>
    <url>
      <loc>https://mobcup-ringtones.online/radhe-radhe-bol-mana-ringtone-download</loc>
    </url>
    <url>
      <loc>https://mobcup-ringtones.online/gora-chitta-rang-ringtone-download-nikhita-gandhi</loc>
    </url>
    <url>
      <loc>https://mobcup-ringtones.online/radhe-radhe-radhe-bol-ringtone</loc>
    </url>
    <url>
      <loc>https://mobcup-ringtones.online/randall-wahran-ringtone</loc>
    </url>
    <url>
      <loc>https://mobcup-ringtones.online/violence-violence-violence-dialogue-ringtone</loc>
    </url>
    <url>
      <loc>https://mobcup-ringtones.online/iphone-15-pro-max-ringtone-download</loc>
    </url>
    <url>
      <loc>https://mobcup-ringtones.online/violence-violence-violence-ringtone</loc>
    </url>
    <url>
      <loc>https://mobcup-ringtones.online/aigiri-nandini-maithili-thakur-ringtone</loc>
    </url>
    <url>
      <loc>https://mobcup-ringtones.online/la-la-la-li-la-la-la-bgm-ringtone-download</loc>
    </url>
    <url>
      <loc>https://mobcup-ringtones.online/anjan-ki-siti-me-maro-man-dole-remix-ringtone-download</loc>
    </url>
    <url>
      <loc>https://mobcup-ringtones.online/gayatri-mantra-ringtone</loc>
    </url>
    <url>
      <loc>https://mobcup-ringtones.online/kaabil-e-tareef-tera-dil-mera-todna-ringtone-download-pagalworld</loc>
    </url>
    <url>
      <loc>https://mobcup-ringtones.online/badi-mushkil-baba-badi-mushkil-ringtone-download</loc>
    </url>
    <url>
      <loc>https://mobcup-ringtones.online/badi-mushkil-baba-badi-mushkil-remix-ringtone-download</loc>
    </url>
    <url>
      <loc>https://mobcup-ringtones.online/meri-akhiyon-ke-samne-hi-rehna-ringtone-download</loc>
    </url>
    <url>
      <loc>https://mobcup-ringtones.online/kaabil-e-tareef-ringtone-download</loc>
    </url>
    <url>
      <loc>https://mobcup-ringtones.online/radhe-radhe-bol-ringtone-download</loc>
    </url>
    <url>
      <loc>https://mobcup-ringtones.online/meera-ke-prabhu-giridhar-nagar-ringtone</loc>
    </url>
    <url>
      <loc>https://mobcup-ringtones.online/badi-mushkil-x-plain-jane-ringtone-download</loc>
    </url>
    <url>
      <loc>https://mobcup-ringtones.online/kaabil-e-tareef-tera-dil-mera-todna-ringtone-download</loc>
    </url>
    <url>
      <loc>https://mobcup-ringtones.online/hey-kaalratri-hey-kalyani-ringtone-download</loc>
    </url>
    <url>
      <loc>https://mobcup-ringtones.online/wiggle-wiggle-ringtone</loc>
    </url>
    <url>
      <loc>https://mobcup-ringtones.online/tere-bina-jeena-saza-ho-gaya-ringtone-download-pagalworld</loc>
    </url>
    <url>
      <loc>https://mobcup-ringtones.online/techno-rashi-ringtone-download</loc>
    </url>
    <url>
      <loc>https://mobcup-ringtones.online/baatein-ye-kabhi-na-tu-bhulna-ringtone-download</loc>
    </url>
    <url>
      <loc>https://mobcup-ringtones.online/malama-pitha-pitha-de-ringtone-download-pagalworld</loc>
    </url>
    <url>
      <loc>https://mobcup-ringtones.online/malama-pitha-pitha-de-ringtone-download</loc>
    </url>
    <url>
      <loc>https://mobcup-ringtones.online/baarish-ban-jana-song-download-mobcup-mp3-pagalworld</loc>
    </url>
    <url>
      <loc>https://mobcup-ringtones.online/meri-maa-mera-rab-ringtone-download</loc>
    </url>
    <url>
      <loc>https://mobcup-ringtones.online/y2mate-download-ringtone</loc>
    </url>
    <url>
      <loc>https://mobcup-ringtones.online/humnava-mere-flute-ringtone-download</loc>
    </url>
    <url>
      <loc>https://mobcup-ringtones.online/meri-jaan-meri-jaan-ringtone-download-pagalworld</loc>
    </url>
    <url>
      <loc>https://mobcup-ringtones.online/meri-jaan-meri-jaan-ringtone-download</loc>
    </url>
    <url>
      <loc>https://mobcup-ringtones.online/fugly-fugly-ringtone-download-pagalworld</loc>
    </url>
    <url>
      <loc>https://mobcup-ringtones.online/tere-bina-jeena-saza-ho-gaya-ringtone</loc>
    </url>
    <url>
      <loc>https://mobcup-ringtones.online/wiggle-wiggle-wiggle-ringtone-download</loc>
    </url>
    <url>
      <loc>https://mobcup-ringtones.online/fugly-fugly-kya-hai-ringtone-download</loc>
    </url>
    <url>
      <loc>https://mobcup-ringtones.online/meri-jaan-meri-jaan-meri-geeta-te-qurbaan-ringtone-download</loc>
    </url>
    <url>
      <loc>https://mobcup-ringtones.online/baap-ke-paison-pe-koodna-ringtone-download</loc>
    </url>
    <url>
      <loc>https://mobcup-ringtones.online/love-nwantiti-ringtone-download-slowed</loc>
    </url>
    <url>
      <loc>https://mobcup-ringtones.online/i-love-you-message-tone-ringtone-download</loc>
    </url>
    <url>
      <loc>https://mobcup-ringtones.online/hridayam-bgm-ringtone-download</loc>
    </url>
    <url>
      <loc>https://mobcup-ringtones.online/oye-sms-tone-ringtone-download</loc>
    </url>
    <url>
      <loc>https://mobcup-ringtones.online/mud-mud-ke-ringtone-download</loc>
    </url>
    <url>
      <loc>https://mobcup-ringtones.online/mud-mud-ke-na-dekh-ringtone-download</loc>
    </url>
    <url>
      <loc>https://mobcup-ringtones.online/bachelor-movie-bgm-ringtone-download</loc>
    </url>
    <url>
      <loc>https://mobcup-ringtones.online/hey-nalle-nalle-ringtone-download</loc>
    </url>
    <url>
      <loc>https://mobcup-ringtones.online/so-many-things-i-do-ringtone</loc>
    </url>
    <url>
      <loc>https://mobcup-ringtones.online/say-my-name-ringtone-download</loc>
    </url>
    <url>
      <loc>https://mobcup-ringtones.online/mud-mud-ke-na-dekh-ringtone-download-pagalworld</loc>
    </url>
    <url>
      <loc>https://mobcup-ringtones.online/whatsapp-tone-apple-ringtone-download</loc>
    </url>
    <url>
      <loc>https://mobcup-ringtones.online/pirates-of-the-caribbean-ringtone-download</loc>
    </url>
    <url>
      <loc>https://mobcup-ringtones.online/hidden-angel-song-ringtone-download</loc>
    </url>
    <url>
      <loc>https://mobcup-ringtones.online/akhiyan-farebi-shaitani-hai-ringtone</loc>
    </url>
    <url>
      <loc>https://mobcup-ringtones.online/no-lie-ft-dua-lipa-ringtone-download</loc>
    </url>
    <url>
      <loc>https://mobcup-ringtones.online/tu-khwab-na-dekhya-kar-ringtone-download</loc>
    </url>
    <url>
      <loc>https://mobcup-ringtones.online/boo-main-ta-dargi-ringtone-download</loc>
    </url>
    <url>
      <loc>https://mobcup-ringtones.online/oo-antava-oo-oo-antava-tamil-ringtone-download</loc>
    </url>
    <url>
      <loc>https://mobcup-ringtones.online/let-me-down-slowly-ringtone-download</loc>
    </url>
    <url>
      <loc>https://mobcup-ringtones.online/tu-khwab-na-dekhya-kar-ringtone-download-pagalworld</loc>
    </url>
    <url>
      <loc>https://mobcup-ringtones.online/ad-kolima-ringtone</loc>
    </url>
    <url>
      <loc>https://mobcup-ringtones.online/mera-bhola-hai-bhandari-ringtone-download-pagalworld</loc>
    </url>
    <url>
      <loc>https://mobcup-ringtones.online/srivalli-ringtone-download-pagalworld</loc>
    </url>
    <url>
      <loc>https://mobcup-ringtones.online/koi-jaye-to-le-aaye-instrumental-ringtone-download</loc>
    </url>
    <url>
      <loc>https://mobcup-ringtones.online/dil-pe-zakham-ringtone-download</loc>
    </url>
    <url>
      <loc>https://mobcup-ringtones.online/pushpa-movie-songs-background-music-ringtone-download</loc>
    </url>
    <url>
      <loc>https://mobcup-ringtones.online/le-bhaiye-omfo-song-ringtone-download</loc>
    </url>
    <url>
      <loc>https://mobcup-ringtones.online/shirdi-wale-sai-baba-ringtone-download</loc>
    </url>
    <url>
      <loc>https://mobcup-ringtones.online/krishna-flute-ringtone-download</loc>
    </url>
    <url>
      <loc>https://mobcup-ringtones.online/teri-jhalak-ashrafi-ringtone-download-pagalworld</loc>
    </url>
    <url>
      <loc>https://mobcup-ringtones.online/o-lakho-mile-koi-bhi-na-tumsa-mila-ringtone-download</loc>
    </url>
    <url>
      <loc>https://mobcup-ringtones.online/mera-rang-de-basanti-chola-ringtone-download</loc>
    </url>
    <url>
      <loc>https://mobcup-ringtones.online/omfo-ringtone-download</loc>
    </url>
    <url>
      <loc>https://mobcup-ringtones.online/o-lakho-mile-ringtone-download-pagalworld</loc>
    </url>
    <url>
      <loc>https://mobcup-ringtones.online/oo-bolega-ya-oo-oo-bolega-sala-ringtone-download</loc>
    </url>
    <url>
      <loc>https://mobcup-ringtones.online/kya-mod-hai-jispe-thehra-hu-ringtone-download</loc>
    </url>
    <url>
      <loc>https://mobcup-ringtones.online/kacha-badam-remix-ringtone-download</loc>
    </url>
    <url>
      <loc>https://mobcup-ringtones.online/oo-antava-oo-oo-antava-ringtone-download</loc>
    </url>
    <url>
      <loc>https://mobcup-ringtones.online/oo-antava-mava-ringtone-download</loc>
    </url>
    <url>
      <loc>https://mobcup-ringtones.online/takda-hi-jawan-kinna-tenu-chava-ringtone-download</loc>
    </url>
    <url>
      <loc>https://mobcup-ringtones.online/hoye-ishq-na-ya-khuda-ringtone-download</loc>
    </url>
    <url>
      <loc>https://mobcup-ringtones.online/khwab-dekhe-jhoote-moote-remix-ringtone-download</loc>
    </url>
    <url>
      <loc>https://mobcup-ringtones.online/khwab-dekhe-x-get-into-it-ringtone-download</loc>
    </url>
    <url>
      <loc>https://mobcup-ringtones.online/kalki-mass-bgm-ringtone-download</loc>
    </url>
    <url>
      <loc>https://mobcup-ringtones.online/amma-amma-nee-vennela-ringtone-download</loc>
    </url>
    <url>
      <loc>https://mobcup-ringtones.online/hookah-bar-ringtone-download</loc>
    </url>
    <url>
      <loc>https://mobcup-ringtones.online/its-ok-chal-koi-na-song-ringtone-download</loc>
    </url>
    <url>
      <loc>https://mobcup-ringtones.online/dance-meri-rani-ringtone-download</loc>
    </url>
    <url>
      <loc>https://mobcup-ringtones.online/dance-meri-rani-song-ringtone-download-pagalworld</loc>
    </url>
    <url>
      <loc>https://mobcup-ringtones.online/hookah-bar-ringtone-download-slowed</loc>
    </url>
    <url>
      <loc>https://mobcup-ringtones.online/kacha-badam-ringtone-download</loc>
    </url>
    <url>
      <loc>https://mobcup-ringtones.online/kacha-badam-ringtone-download-pagalworld</loc>
    </url>
    <url>
      <loc>https://mobcup-ringtones.online/krishna-flute-ringtone-mp3-download-pagalworld</loc>
    </url>
    <url>
      <loc>https://mobcup-ringtones.online/kacha-badam-song-mp3-download-pagalworld</loc>
    </url>
    <url>
      <loc>https://mobcup-ringtones.online/magadheera-telugu-movie-bgm-ringtone-free-download</loc>
    </url>
    <url>
      <loc>https://mobcup-ringtones.online/iphone-5-ringtone</loc>
    </url>
    <url>
      <loc>https://mobcup-ringtones.online/sajna-tere-liye-sajna-ringtone-download</loc>
    </url>
    <url>
      <loc>https://mobcup-ringtones.online/tadap-hoye-ishq-na-ringtone-download</loc>
    </url>
    <url>
      <loc>https://mobcup-ringtones.online/el-shaddai-instrumental-worship-project-ringtone-download</loc>
    </url>
    <url>
      <loc>https://mobcup-ringtones.online/happy-birthday-song-mp3-download-pagalworld</loc>
    </url>
    <url>
      <loc>https://mobcup-ringtones.online/happy-birthday-to-you-ji-song-download-mp3-pagalworld</loc>
    </url>
    <url>
      <loc>https://mobcup-ringtones.online/high-school-ringtone-download</loc>
    </url>
    <url>
      <loc>https://mobcup-ringtones.online/softonic-minecraft-pocket-ringtone-download</loc>
    </url>
    <url>
      <loc>https://mobcup-ringtones.online/iphone-ringtone-download-pagalworld</loc>
    </url>
    <url>
      <loc>https://mobcup-ringtones.online/sai-baba-ringtone-download</loc>
    </url>
    <url>
      <loc>https://mobcup-ringtones.online/faneone-ringtone-download</loc>
    </url>
    <url>
      <loc>https://mobcup-ringtones.online/faneone-ringtone-download-pagalworld</loc>
    </url>
    <url>
      <loc>https://mobcup-ringtones.online/worth-it-ringtone-download</loc>
    </url>
    <url>
      <loc>https://mobcup-ringtones.online/suicide-squad-joker-ringtone</loc>
    </url>
    <url>
      <loc>https://mobcup-ringtones.online/mopcup-ringtone</loc>
    </url>
    <url>
      <loc>https://mobcup-ringtones.online/chellakuttiye-ringtone-download</loc>
    </url>
    <url>
      <loc>https://mobcup-ringtones.online/kgf-ringtone-mp3-download-pagalworld</loc>
    </url>
    <url>
      <loc>https://mobcup-ringtones.online/new-ringtone-2022</loc>
    </url>
    <url>
      <loc>https://mobcup-ringtones.online/master-ringtone-download</loc>
    </url>
    <url>
      <loc>https://mobcup-ringtones.online/kgf-ringtone-download</loc>
    </url>
    <url>
      <loc>https://mobcup-ringtones.online/ipl-ringtone-download</loc>
    </url>
    <url>
      <loc>https://mobcup-ringtones.online/tujhe-yaad-kar-liya-hai-aayat-ki-tarah-ringtone-download</loc>
    </url>
    <url>
      <loc>https://mobcup-ringtones.online/scam-1992-ringtone-download</loc>
    </url>
    <url>
      <loc>https://mobcup-ringtones.online/scam-1992-ringtone-download-pagalworld</loc>
    </url>
    <url>
      <loc>https://mobcup-ringtones.online/mahadev-ringtone-download</loc>
    </url>
    <url>
      <loc>https://mobcup-ringtones.online/mera-bhola-hai-bhandari-ringtone-download</loc>
    </url>
    <url>
      <loc>https://mobcup-ringtones.online/jingle-bell-ringtone-download-pagalworld</loc>
    </url>
    <url>
      <loc>https://mobcup-ringtones.online/as-like-that-remix-ringtone-download</loc>
    </url>
    <url>
      <loc>https://mobcup-ringtones.online/hey-ladies-drop-it-down-ringtone-download</loc>
    </url>
    <url>
      <loc>https://mobcup-ringtones.online/jingle-bells-ringtone-download</loc>
    </url>
    <url>
      <loc>https://mobcup-ringtones.online/snehithane-ringtone-download</loc>
    </url>
    <url>
      <loc>https://mobcup-ringtones.online/tip-tip-barsa-pani-ringtone-download</loc>
    </url>
    <url>
      <loc>https://mobcup-ringtones.online/awm-pubg-message-tone-ringtone-download</loc>
    </url>
    <url>
      <loc>https://mobcup-ringtones.online/happy-new-year-ringtone-download</loc>
    </url>
    <url>
      <loc>https://mobcup-ringtones.online/pikachu-notification-ringtone-download</loc>
    </url>
    <url>
      <loc>https://mobcup-ringtones.online/12-bande-ringtone-download</loc>
    </url>
    <url>
      <loc>https://mobcup-ringtones.online/makeup-wala-mukhda-ringtone-download-pagalworld</loc>
    </url>
    <url>
      <loc>https://mobcup-ringtones.online/happy-birthday-ringtone-download</loc>
    </url>
    <url>
      <loc>https://mobcup-ringtones.online/makeup-wala-mukhda-ringtone-download</loc>
    </url>
    <url>
      <loc>https://mobcup-ringtones.online/gum-hai-ya-khushi-hai-tu-meri-zindagi-hai-tu-ringtone-download</loc>
    </url>
    <url>
      <loc>https://mobcup-ringtones.online/chand-wala-mukhda-leke-chalo-na-bajar-mein-ringtone-download</loc>
    </url>
    <url>
      <loc>https://mobcup-ringtones.online/makeup-wala-mukhda-lekar-na-chalo-bazar-mein-ringtone-download</loc>
    </url>
    <url>
      <loc>https://mobcup-ringtones.online/genyoutube-mp3-download-ringtone</loc>
    </url>
    <url>
      <loc>https://mobcup-ringtones.online/12-bande-ringtone-download-pagalworld</loc>
    </url>
    <url>
      <loc>https://mobcup-ringtones.online/violin-ringtone</loc>
    </url>
    <url>
      <loc>https://mobcup-ringtones.online/manadu-bgm-ringtone-download</loc>
    </url>
    <url>
      <loc>https://mobcup-ringtones.online/chinni-baby-muddu-baby-ringtone-download</loc>
    </url>
    <url>
      <loc>https://mobcup-ringtones.online/mai-sirf-teri-rhungi-ringtone-download-pagalworld</loc>
    </url>
    <url>
      <loc>https://mobcup-ringtones.online/duba-rahu-sada-tere-khayalo-mein-ringtone-download</loc>
    </url>
    <url>
      <loc>https://mobcup-ringtones.online/kusu-kusu-ringtone-download-pagalworld</loc>
    </url>
    <url>
      <loc>https://mobcup-ringtones.online/jio-ringtone-download</loc>
    </url>
    <url>
      <loc>https://mobcup-ringtones.online/tadap-tumse-bhi-zyada-ringtone-download</loc>
    </url>
    <url>
      <loc>https://mobcup-ringtones.online/alarm-ringtone-download-pagalworld</loc>
    </url>
    <url>
      <loc>https://mobcup-ringtones.online/jio-ringtone-download-pagalworld</loc>
    </url>
    <url>
      <loc>https://mobcup-ringtones.online/kusu-kusu-ringtone-download</loc>
    </url>
    <url>
      <loc>https://mobcup-ringtones.online/milne-ko-tujhse-bahane-karu-ringtone-download</loc>
    </url>
    <url>
      <loc>https://mobcup-ringtones.online/sua-amiga-deu-ringtone-download</loc>
    </url>
    <url>
      <loc>https://mobcup-ringtones.online/nashe-si-chadh-gayi-ringtone-download</loc>
    </url>
    <url>
      <loc>https://mobcup-ringtones.online/bansuri-dhun-heart-touching-bansuri-ringtone-download</loc>
    </url>
    <url>
      <loc>https://mobcup-ringtones.online/jack-sparrow-ringtone-download-mp4</loc>
    </url>
    <url>
      <loc>https://mobcup-ringtones.online/guitar-ringtone-download</loc>
    </url>
    <url>
      <loc>https://mobcup-ringtones.online/yaariyan-ringtone-download-pagalworld</loc>
    </url>
    <url>
      <loc>https://mobcup-ringtones.online/shambhoo-re-ringtone-download</loc>
    </url>
    <url>
      <loc>https://mobcup-ringtones.online/aaja-sanam-madhur-chandni-mein-hum-instrumental-ringtone-download</loc>
    </url>
    <url>
      <loc>https://mobcup-ringtones.online/preetinder-ringtone-download</loc>
    </url>
    <url>
      <loc>https://mobcup-ringtones.online/kannana-kanne-ringtone-download</loc>
    </url>
    <url>
      <loc>https://mobcup-ringtones.online/mi-tuzi-rakhumai-tu-maza-vithuraya-ringtone-download</loc>
    </url>
    <url>
      <loc>https://mobcup-ringtones.online/hara-hara-sivane-ringtone-download</loc>
    </url>
    <url>
      <loc>https://mobcup-ringtones.online/reliance-ringtone-download</loc>
    </url>
    <url>
      <loc>https://mobcup-ringtones.online/temporary-pyar-ringtone-download</loc>
    </url>
    <url>
      <loc>https://mobcup-ringtones.online/oh-no-ringtone-download</loc>
    </url>
    <url>
      <loc>https://mobcup-ringtones.online/main-jis-din-bhula-du-ringtone-download</loc>
    </url>
    <url>
      <loc>https://mobcup-ringtones.online/ishare-tere-karti-nigah-ringtone-download</loc>
    </url>
    <url>
      <loc>https://mobcup-ringtones.online/kannana-kanne-kannana-kanne-ringtone-download</loc>
    </url>
    <url>
      <loc>https://mobcup-ringtones.online/bhai-dooj-ringtone-download</loc>
    </url>
    <url>
      <loc>https://mobcup-ringtones.online/chura-liya-ringtone-download-sachet-parampara</loc>
    </url>
    <url>
      <loc>https://mobcup-ringtones.online/oh-han-ji-bilkul-pyar-karenge-sidha-dil-pe-vaar-karenge-ringtone</loc>
    </url>
    <url>
      <loc>https://mobcup-ringtones.online/chura-liya-ringtone-download</loc>
    </url>
    <url>
      <loc>https://mobcup-ringtones.online/astronaut-in-the-ocean-ringtone-download</loc>
    </url>
    <url>
      <loc>https://mobcup-ringtones.online/baby-tumhe-main-bhula-nahi-sakti-ringtone-download</loc>
    </url>
    <url>
      <loc>https://mobcup-ringtones.online/lamha-lamha-ringtone-download</loc>
    </url>
    <url>
      <loc>https://mobcup-ringtones.online/raho-ashich-tuzi-mazi-sath-ringtone-download-pagalworld</loc>
    </url>
    <url>
      <loc>https://mobcup-ringtones.online/raho-ashich-tuzi-mazi-sath-ringtone-download</loc>
    </url>
    <url>
      <loc>https://mobcup-ringtones.online/chal-jhooti-ringtone-download</loc>
    </url>
    <url>
      <loc>https://mobcup-ringtones.online/mere-paas-ek-dil-tha-woh-bhi-tumne-chura-liya-ringtone-download</loc>
    </url>
    <url>
      <loc>https://mobcup-ringtones.online/lut-gaye-ringtone-download-pagalworld</loc>
    </url>
    <url>
      <loc>https://mobcup-ringtones.online/1-2-3-dil-ko-karar-aaya-ringtone-download</loc>
    </url>
    <url>
      <loc>https://mobcup-ringtones.online/jack-sparrow-ringtone</loc>
    </url>
    <url>
      <loc>https://mobcup-ringtones.online/agar-tum-saath-ho-ringtone-download-pagalworld</loc>
    </url>
    <url>
      <loc>https://mobcup-ringtones.online/jyada-mat-bole-ringtone-download</loc>
    </url>
    <url>
      <loc>https://mobcup-ringtones.online/love-nwantiti-ringtone-download</loc>
    </url>
    <url>
      <loc>https://mobcup-ringtones.online/paris-oslo-lagos-ringtone-download</loc>
    </url>
    <url>
      <loc>https://mobcup-ringtones.online/in-da-ghetto-ringtone-download</loc>
    </url>
    <url>
      <loc>https://mobcup-ringtones.online/lamha-lamha-armaano-ki-farmaish-thi-ringtone-download</loc>
    </url>
    <url>
      <loc>https://mobcup-ringtones.online/khuda-aur-mohabbat-ringtone-download</loc>
    </url>
    <url>
      <loc>https://mobcup-ringtones.online/mere-yaara-ve-ringtone-download</loc>
    </url>
    <url>
      <loc>https://mobcup-ringtones.online/bata-denge-mere-dost-mere-mitra-ringtone-download</loc>
    </url>
    <url>
      <loc>https://mobcup-ringtones.online/jungle-hai-adhi-raat-hai-x-grind-ringtone-download</loc>
    </url>
    <url>
      <loc>https://mobcup-ringtones.online/masroof-hai-dil-kitna-intezaar-mein-ringtone-download</loc>
    </url>
    <url>
      <loc>https://mobcup-ringtones.online/masroof-hai-dil-kitna-ringtone-download</loc>
    </url>
    <url>
      <loc>https://mobcup-ringtones.online/ambe-tu-hai-jagdambe-kali-ringtone-download</loc>
    </url>
    <url>
      <loc>https://mobcup-ringtones.online/me-balak-tu-mata-sherawaliye-ringtone-download</loc>
    </url>
    <url>
      <loc>https://mobcup-ringtones.online/grind-ringtone-download</loc>
    </url>
    <url>
      <loc>https://mobcup-ringtones.online/maiya-ka-chola-hai-rangla-ringtone-download</loc>
    </url>
    <url>
      <loc>https://mobcup-ringtones.online/o-shet-marathi-ringtone-download</loc>
    </url>
    <url>
      <loc>https://mobcup-ringtones.online/kanta-laga-ui-maa-ringtone-download</loc>
    </url>
    <url>
      <loc>https://mobcup-ringtones.online/believer-ringtone</loc>
    </url>
    <url>
      <loc>https://mobcup-ringtones.online/kehne-ko-hai-mera-par-meri-sunta-nahi-ringtone-download</loc>
    </url>
    <url>
      <loc>https://mobcup-ringtones.online/dil-galti-kar-baitha-hai-ringtone-download</loc>
    </url>
    <url>
      <loc>https://mobcup-ringtones.online/teriya-mohabbatan-ringtone-download</loc>
    </url>
    <url>
      <loc>https://mobcup-ringtones.online/kithe-chaliye-ringtone-download</loc>
    </url>
    <url>
      <loc>https://mobcup-ringtones.online/kar-lo-tum-kadar-hamari-ringtone-download</loc>
    </url>
    <url>
      <loc>https://mobcup-ringtones.online/leke-meri-kali-kali-car-darling-ringtone-download</loc>
    </url>
    <url>
      <loc>https://mobcup-ringtones.online/kithe-chaliye-ringtone-download-pagalworld</loc>
    </url>
    <url>
      <loc>https://mobcup-ringtones.online/om-namah-shivaya-ringtone</loc>
    </url>
    <url>
      <loc>https://mobcup-ringtones.online/simple-dimple-ringtone-download</loc>
    </url>
    <url>
      <loc>https://mobcup-ringtones.online/mera-dil-jis-dil-pe-fida-hai-ringtone-download</loc>
    </url>
    <url>
      <loc>https://mobcup-ringtones.online/tu-aake-dekhle-ringtone-download</loc>
    </url>
    <url>
      <loc>https://mobcup-ringtones.online/gan-ganpataye-namah-ringtone-download</loc>
    </url>
    <url>
      <loc>https://mobcup-ringtones.online/do-ghoont-ringtone-download</loc>
    </url>
    <url>
      <loc>https://mobcup-ringtones.online/ganesh-chaturthi-ringtone-download</loc>
    </url>
    <url>
      <loc>https://mobcup-ringtones.online/do-ghoont-mujhe-bhi-pilade-sharabi-ringtone-download</loc>
    </url>
    <url>
      <loc>https://mobcup-ringtones.online/nia-sharma-do-ghoont-ringtone-download</loc>
    </url>
    <url>
      <loc>https://mobcup-ringtones.online/tony-kakkar-kanta-laga-ringtone-download</loc>
    </url>
    <url>
      <loc>https://mobcup-ringtones.online/baby-shaka-laka-boom-boom-ringtone-download</loc>
    </url>
    <url>
      <loc>https://mobcup-ringtones.online/raataan-lambiyan-ringtone-download</loc>
    </url>
    <url>
      <loc>https://mobcup-ringtones.online/jhajhar-te-parre-na-ik-raiya-daawla-ringtone-download</loc>
    </url>
    <url>
      <loc>https://mobcup-ringtones.online/behna-ne-bhai-ki-kalai-pe-pyaar-bandha-hai-ringtone-download</loc>
    </url>
    <url>
      <loc>https://mobcup-ringtones.online/yaanji-yaanji-instrumental-ringtone-download</loc>
    </url>
    <url>
      <loc>https://mobcup-ringtones.online/hope-xxxtentacion-ringtone-download</loc>
    </url>
    <url>
      <loc>https://mobcup-ringtones.online/bawla-ringtone-download</loc>
    </url>
    <url>
      <loc>https://mobcup-ringtones.online/manike-mage-hithe-yohani-satheeshan-ringtone</loc>
    </url>
    <url>
      <loc>https://mobcup-ringtones.online/jubin-nautiyal-teri-meri-gal-hogi-mashur-ringtone-download</loc>
    </url>
    <url>
      <loc>https://mobcup-ringtones.online/rata-lambiya-lambiya-re-ringtone-download</loc>
    </url>
    <url>
      <loc>https://mobcup-ringtones.online/touch-it-kidi-ringtone</loc>
    </url>
    <url>
      <loc>https://mobcup-ringtones.online/kalame-poyidam-ringtone-download</loc>
    </url>
    <url>
      <loc>https://mobcup-ringtones.online/silra-illa-pongadi-ringtone-download</loc>
    </url>
    <url>
      <loc>https://mobcup-ringtones.online/baawla-badshah-ringtone-download</loc>
    </url>
    <url>
      <loc>https://mobcup-ringtones.online/hi-pi-message-ringtone-download</loc>
    </url>
    <url>
      <loc>https://mobcup-ringtones.online/lovely-ringtone-download</loc>
    </url>
    <url>
      <loc>https://mobcup-ringtones.online/into-your-arms-bgm-ringtone-download</loc>
    </url>
    <url>
      <loc>https://mobcup-ringtones.online/dil-ko-karaar-aaya-ringtone-download</loc>
    </url>
    <url>
      <loc>https://mobcup-ringtones.online/azeri-bass-music-ringtone-download</loc>
    </url>
    <url>
      <loc>https://mobcup-ringtones.online/dil-hai-chota-sa-choti-si-asha-ringtone-download</loc>
    </url>
    <url>
      <loc>https://mobcup-ringtones.online/open-your-wings-ringtone-download</loc>
    </url>
    <url>
      <loc>https://mobcup-ringtones.online/arabian-princess-ringtone-download</loc>
    </url>
    <url>
      <loc>https://mobcup-ringtones.online/stereo-hearts-ringtone-download</loc>
    </url>
    <url>
      <loc>https://mobcup-ringtones.online/param-sundari-kabhi-kabhi-lage-lolita-ringtone-download</loc>
    </url>
    <url>
      <loc>https://mobcup-ringtones.online/barsaat-ki-dhun-ringtone-download</loc>
    </url>
    <url>
      <loc>https://mobcup-ringtones.online/pirates-of-the-caribbean-theme-song-download</loc>
    </url>
    <url>
      <loc>https://mobcup-ringtones.online/kabhi-lage-monalisa-ringtone-download</loc>
    </url>
    <url>
      <loc>https://mobcup-ringtones.online/luka-chuppi-bahut-hui-ringtone-download</loc>
    </url>
    <url>
      <loc>https://mobcup-ringtones.online/param-sundari-ringtone-download</loc>
    </url>
    <url>
      <loc>https://mobcup-ringtones.online/barsaat-ki-dhun-instrumental-ringtone-downloads</loc>
    </url>
    <url>
      <loc>https://mobcup-ringtones.online/haye-meri-param-sundari-ringtone-download</loc>
    </url>
    <url>
      <loc>https://mobcup-ringtones.online/zaalima-coca-cola-pila-de-ringtone</loc>
    </url>
    <url>
      <loc>https://mobcup-ringtones.online/zaalima-coca-cola-ringtone</loc>
    </url>
    <url>
      <loc>https://mobcup-ringtones.online/fraud-saiyaan-chamma-chamma-ringtone-download</loc>
    </url>
    <url>
      <loc>https://mobcup-ringtones.online/rimjhim-rimjhim-pendiya-kaniya-ringtone</loc>
    </url>
    <url>
      <loc>https://mobcup-ringtones.online/dil-lauta-do-mera-chale-jayenge-ringtone-download</loc>
    </url>
    <url>
      <loc>https://mobcup-ringtones.online/jay-deva-tera-hi-naam-pukaru-mai-ringtone-download</loc>
    </url>
    <url>
      <loc>https://mobcup-ringtones.online/mahiya-mere-mahi-ringtone-download</loc>
    </url>
    <url>
      <loc>https://mobcup-ringtones.online/jab-main-badal-ban-jau-ringtone</loc>
    </url>
    <url>
      <loc>https://mobcup-ringtones.online/jordan-warraich-instagram-reels-music-ringtone</loc>
    </url>
    <url>
      <loc>https://mobcup-ringtones.online/jab-main-badal-ban-jau-tum-bhi-barish-ban-jana-ringtone</loc>
    </url>
    <url>
      <loc>https://mobcup-ringtones.online/mi-naad-khula-ringtone-download</loc>
    </url>
    <url>
      <loc>https://mobcup-ringtones.online/din-shagna-da-chadya-sachet-parampara-ringtone-download</loc>
    </url>
    <url>
      <loc>https://mobcup-ringtones.online/dil-lauta-do-mera-ringtone-download</loc>
    </url>
    <url>
      <loc>https://mobcup-ringtones.online/ek-bar-pehra-hata-de-sharabi-ringtone-download</loc>
    </url>
    <url>
      <loc>https://mobcup-ringtones.online/mehka-mehka-ye-sama-ringtone-download</loc>
    </url>
    <url>
      <loc>https://mobcup-ringtones.online/mohabbat-ki-duniya-basane-chali-sachet-parampara-ringtone-downloads</loc>
    </url>
    <url>
      <loc>https://mobcup-ringtones.online/jane-meri-janeman-ringtone-download</loc>
    </url>
    <url>
      <loc>https://mobcup-ringtones.online/bachpan-ka-pyar-ringtone-download</loc>
    </url>
    <url>
      <loc>https://mobcup-ringtones.online/jubin-nautiyal-dil-lauta-do-ringtone-download</loc>
    </url>
    <url>
      <loc>https://mobcup-ringtones.online/chanda-ne-pucha-taro-se-ringtone</loc>
    </url>
    <url>
      <loc>https://mobcup-ringtones.online/friendship-love-tamil-bgm-ringtone</loc>
    </url>
    <url>
      <loc>https://mobcup-ringtones.online/telugu-romantic-bgm-ringtone</loc>
    </url>
    <url>
      <loc>https://mobcup-ringtones.online/aashiyan-itti-si-hasi-itti-si-khushi-ringtone</loc>
    </url>
    <url>
      <loc>https://mobcup-ringtones.online/filhaal-2-ek-baat-batao-tum-ringtone-download</loc>
    </url>
    <url>
      <loc>https://mobcup-ringtones.online/malik-malayalam-movie-ringtone-download</loc>
    </url>
    <url>
      <loc>https://mobcup-ringtones.online/vitthal-vitthal-ringtone-download</loc>
    </url>
    <url>
      <loc>https://mobcup-ringtones.online/mario-game-ringtone-download</loc>
    </url>
    <url>
      <loc>https://mobcup-ringtones.online/papa-duru-duru-ringtone-download</loc>
    </url>
    <url>
      <loc>https://mobcup-ringtones.online/pyare-musalmano-tumhe-eid-mubarak-ringtone</loc>
    </url>
    <url>
      <loc>https://mobcup-ringtones.online/ek-bar-chehra-hata-de-sharabi-ringtone-download</loc>
    </url>
    <url>
      <loc>https://mobcup-ringtones.online/arey-yaar-ek-aur-message-ringtone-download</loc>
    </url>
    <url>
      <loc>https://mobcup-ringtones.online/jane-meri-janeman-bachpan-ka-pyar-ringtone-download</loc>
    </url>
    <url>
      <loc>https://mobcup-ringtones.online/jitha-titha-charcha-o-sheth-song-marathi-ringtone</loc>
    </url>
    <url>
      <loc>https://mobcup-ringtones.online/jee-karda-aaj-sari-raat-dj-pe-ringtone-download</loc>
    </url>
    <url>
      <loc>https://mobcup-ringtones.online/naa-chitti-cheliya-music-ringtone</loc>
    </url>
    <url>
      <loc>https://mobcup-ringtones.online/baby-kaely-ew-hello-my-name-is-zuzie-ringtone</loc>
    </url>
    <url>
      <loc>https://mobcup-ringtones.online/ertugrul-ghazi-ringtone-download</loc>
    </url>
    <url>
      <loc>https://mobcup-ringtones.online/kalki-bgm-ringtone</loc>
    </url>
    <url>
      <loc>https://mobcup-ringtones.online/chirakukal-mulakkuvan-ringtone-download</loc>
    </url>
    <url>
      <loc>https://mobcup-ringtones.online/mehbooba-phool-baharon-se-nikla-ringtone-download</loc>
    </url>
    <url>
      <loc>https://mobcup-ringtones.online/adayein-sachet-parampara-ringtone-download</loc>
    </url>
    <url>
      <loc>https://mobcup-ringtones.online/tu-meri-zindagi-ringtone</loc>
    </url>
    <url>
      <loc>https://mobcup-ringtones.online/sanseinn-himesh-ke-dil-se-ringtone</loc>
    </url>
    <url>
      <loc>https://mobcup-ringtones.online/jab-tak-sanseinn-chalengi-ringtone</loc>
    </url>
    <url>
      <loc>https://mobcup-ringtones.online/tu-hi-pyar-tu-hi-chahat-tu-hi-aashiqui-hai-sachet-parampara-ringtone</loc>
    </url>
    <url>
      <loc>https://mobcup-ringtones.online/sanseinn-himesh-ringtone-download</loc>
    </url>
    <url>
      <loc>https://mobcup-ringtones.online/east-nepal-2-0-ringtone-download</loc>
    </url>
    <url>
      <loc>https://mobcup-ringtones.online/mar-bhi-gaya-toh-bhi-tujhe-karunga-main-pyar-ringtone-download</loc>
    </url>
    <url>
      <loc>https://mobcup-ringtones.online/tu-meri-zindagi-hai-sachet-parampara-ringtone</loc>
    </url>
    <url>
      <loc>https://mobcup-ringtones.online/sanseinn-ringtones</loc>
    </url>
    <url>
      <loc>https://mobcup-ringtones.online/brown-kudi-ringtone-download</loc>
    </url>
    <url>
      <loc>https://mobcup-ringtones.online/iphone-trap-remix-ringtone-download</loc>
    </url>
    <url>
      <loc>https://mobcup-ringtones.online/apni-akad-ko-kripya-apni-jeb-me-rakhe-ringtone-download</loc>
    </url>
    <url>
      <loc>https://mobcup-ringtones.online/money-heist-instrumental-ringtone-download</loc>
    </url>
    <url>
      <loc>https://mobcup-ringtones.online/gun-shot-notification-sound-ringtone-download</loc>
    </url>
    <url>
      <loc>https://mobcup-ringtones.online/gun-shot-ringtone-download</loc>
    </url>
    <url>
      <loc>https://mobcup-ringtones.online/is-qadar-tumse-hame-pyar-ho-gaya-sachet-parampara-ringtone-download</loc>
    </url>
    <url>
      <loc>https://mobcup-ringtones.online/nadiyon-paar-roohi-ringtone-download</loc>
    </url>
    <url>
      <loc>https://mobcup-ringtones.online/bella-ciao-ringtone-2</loc>
    </url>
    <url>
      <loc>https://mobcup-ringtones.online/main-kisi-or-ka-hu-filhaal-ringtone-download</loc>
    </url>
    <url>
      <loc>https://mobcup-ringtones.online/mehboob-remix-ringtone-download</loc>
    </url>
    <url>
      <loc>https://mobcup-ringtones.online/jazzy-rai-mai-na-bachdi-ringtone-download</loc>
    </url>
    <url>
      <loc>https://mobcup-ringtones.online/gta-background-ringtone</loc>
    </url>
    <url>
      <loc>https://mobcup-ringtones.online/2-phut-hon-ringtone-download</loc>
    </url>
    <url>
      <loc>https://mobcup-ringtones.online/arabian-night-instrumental-ringtone-download</loc>
    </url>
    <url>
      <loc>https://mobcup-ringtones.online/mere-hoth-jo-khule-to-tera-naam-aave-ringtone</loc>
    </url>
    <url>
      <loc>https://mobcup-ringtones.online/nee-paartha-vizhigal-ringtone-download</loc>
    </url>
    <url>
      <loc>https://mobcup-ringtones.online/nokia-arab-ringtone-download</loc>
    </url>
    <url>
      <loc>https://mobcup-ringtones.online/aarambh-hai-prachand-ringtone-download</loc>
    </url>
    <url>
      <loc>https://mobcup-ringtones.online/filhaal-2-mohabbat-ringtone</loc>
    </url>
    <url>
      <loc>https://mobcup-ringtones.online/shiv-tandav-stotram-x-har-har-shiv-shankar-ringtones</loc>
    </url>
    <url>
      <loc>https://mobcup-ringtones.online/aigiri-nandini-sachet-parampara-ringtone-download</loc>
    </url>
    <url>
      <loc>https://mobcup-ringtones.online/yaaron-rab-se-dua-karo-ringtone</loc>
    </url>
    <url>
      <loc>https://mobcup-ringtones.online/hare-rama-hare-krishna-sachet-parampara-ringtone-download</loc>
    </url>
    <url>
      <loc>https://mobcup-ringtones.online/gulabi-naina-sambalpuri-ringtone-download</loc>
    </url>
    <url>
      <loc>https://mobcup-ringtones.online/adirindi-movie-bgm-ringtone-download</loc>
    </url>
    <url>
      <loc>https://mobcup-ringtones.online/piya-se-naina-ladai-re-sachet-parampara-ringtone</loc>
    </url>
    <url>
      <loc>https://mobcup-ringtones.online/love-bgm-ringtone-download</loc>
    </url>
    <url>
      <loc>https://mobcup-ringtones.online/mere-rashke-qamar-chhor-denge-sachet-parampara-ringtone-download</loc>
    </url>
    <url>
      <loc>https://mobcup-ringtones.online/aipaye-msg-tone-ringtone</loc>
    </url>
    <url>
      <loc>https://mobcup-ringtones.online/zara-zara-ringtone-download</loc>
    </url>
    <url>
      <loc>https://mobcup-ringtones.online/aipaye-ringtone-download</loc>
    </url>
    <url>
      <loc>https://mobcup-ringtones.online/jalebi-baby-ringtone-download</loc>
    </url>
    <url>
      <loc>https://mobcup-ringtones.online/paharon-ki-kasam-flute-ringtone</loc>
    </url>
    <url>
      <loc>https://mobcup-ringtones.online/darling-bgm-ringtone</loc>
    </url>
    <url>
      <loc>https://mobcup-ringtones.online/ye-soch-ke-dil-mera-ringtone-download</loc>
    </url>
    <url>
      <loc>https://mobcup-ringtones.online/oh-my-baby-i-love-ringtone-download</loc>
    </url>
    <url>
      <loc>https://mobcup-ringtones.online/musically-new-ocl-ringtone</loc>
    </url>
    <url>
      <loc>https://mobcup-ringtones.online/i-am-a-devil-of-my-world-ringtone</loc>
    </url>
    <url>
      <loc>https://mobcup-ringtones.online/aaja-sanam-madhur-chandni-ringtone</loc>
    </url>
    <url>
      <loc>https://mobcup-ringtones.online/tere-bina-meri-jindagi-me-shanti-nahi-ringtone</loc>
    </url>
    <url>
      <loc>https://mobcup-ringtones.online/shanti-ringtone-download</loc>
    </url>
    <url>
      <loc>https://mobcup-ringtones.online/lucifer-mohanlal-bgm-ringtone</loc>
    </url>
    <url>
      <loc>https://mobcup-ringtones.online/number-likh-ringtone-download</loc>
    </url>
    <url>
      <loc>https://mobcup-ringtones.online/saiyan-ne-dekha-aise-ringtone</loc>
    </url>
    <url>
      <loc>https://mobcup-ringtones.online/oppo-ringtone-download</loc>
    </url>
    <url>
      <loc>https://mobcup-ringtones.online/tu-manti-nahi-ringtone-download</loc>
    </url>
    <url>
      <loc>https://mobcup-ringtones.online/nazar-thi-ringtone-download</loc>
    </url>
    <url>
      <loc>https://mobcup-ringtones.online/tere-siva-bol-kiske-bharu-dil-me-ringtone</loc>
    </url>
    <url>
      <loc>https://mobcup-ringtones.online/shanti-ringtone</loc>
    </url>
    <url>
      <loc>https://mobcup-ringtones.online/bekhudi-ringtone-download</loc>
    </url>
    <url>
      <loc>https://mobcup-ringtones.online/jab-main-badal-ban-jau-female-ringtone</loc>
    </url>
    <url>
      <loc>https://mobcup-ringtones.online/paani-paani-ringtone-download</loc>
    </url>
    <url>
      <loc>https://mobcup-ringtones.online/paani-paani-jacqueline-ringtone</loc>
    </url>
    <url>
      <loc>https://mobcup-ringtones.online/number-likh-tony-kakkar-ringtone</loc>
    </url>
    <url>
      <loc>https://mobcup-ringtones.online/paani-paani-badshah-ringtone-download</loc>
    </url>
    <url>
      <loc>https://mobcup-ringtones.online/qatra-sa-mukhtasar-hai-ringtone</loc>
    </url>
    <url>
      <loc>https://mobcup-ringtones.online/paani-paani-music-ringtone</loc>
    </url>
    <url>
      <loc>https://mobcup-ringtones.online/paani-paani-bgm-ringtone-download</loc>
    </url>
    <url>
      <loc>https://mobcup-ringtones.online/number-likh-ringtone</loc>
    </url>
    <url>
      <loc>https://mobcup-ringtones.online/dhundle-hue-hai-ringtone-download</loc>
    </url>
    <url>
      <loc>https://mobcup-ringtones.online/le-fir-aa-gaye-ham-ringtone-download</loc>
    </url>
    <url>
      <loc>https://mobcup-ringtones.online/mere-papa-ki-daant-padi-ringtone</loc>
    </url>
    <url>
      <loc>https://mobcup-ringtones.online/jahan-jahan-tera-chehra-ringtone-download</loc>
    </url>
    <url>
      <loc>https://mobcup-ringtones.online/le-fir-aa-gaye-dialogue-ringtone</loc>
    </url>
    <url>
      <loc>https://mobcup-ringtones.online/kalla-kalla-tara-tod-le-aava-ringtone</loc>
    </url>
    <url>
      <loc>https://mobcup-ringtones.online/kala-kala-tara-tod-le-aava-ringtone</loc>
    </url>
    <url>
      <loc>https://mobcup-ringtones.online/ankit-ringtone</loc>
    </url>
    <url>
      <loc>https://mobcup-ringtones.online/le-fir-aa-gaye-ringtone-download</loc>
    </url>
    <url>
      <loc>https://mobcup-ringtones.online/mere-dil-pe-aisi-chhayi-ringtone</loc>
    </url>
    <url>
      <loc>https://mobcup-ringtones.online/purvi-ringtone</loc>
    </url>
    <url>
      <loc>https://mobcup-ringtones.online/abe-yaar-sms-ringtone-download</loc>
    </url>
    <url>
      <loc>https://mobcup-ringtones.online/abe-yaar-ringtone-download</loc>
    </url>
    <url>
      <loc>https://mobcup-ringtones.online/brown-munde-ringtone-download</loc>
    </url>
    <url>
      <loc>https://mobcup-ringtones.online/aashiqui-2-ringtone</loc>
    </url>
    <url>
      <loc>https://mobcup-ringtones.online/sun-mere-bhai-humko-pyar-ho-gaya-ringtone</loc>
    </url>
    <url>
      <loc>https://mobcup-ringtones.online/khud-ko-main-kar-dunga-tujhko-samarpan-ringtone</loc>
    </url>
    <url>
      <loc>https://mobcup-ringtones.online/yaara-ki-image-ringtone</loc>
    </url>
    <url>
      <loc>https://mobcup-ringtones.online/pagla-pagli-2-ringtone-download-mp3</loc>
    </url>
    <url>
      <loc>https://mobcup-ringtones.online/oye-hoye-sarma-gai-ka-ringtone-download</loc>
    </url>
    <url>
      <loc>https://mobcup-ringtones.online/kgf-mother-ringtone-download</loc>
    </url>
    <url>
      <loc>https://mobcup-ringtones.online/iphone-marimba-remix-ringtone</loc>
    </url>
    <url>
      <loc>https://mobcup-ringtones.online/mere-to-sare-savere-ringtone</loc>
    </url>
    <url>
      <loc>https://mobcup-ringtones.online/iphone-alarm-ringtone-download</loc>
    </url>
    <url>
      <loc>https://mobcup-ringtones.online/iphone-13-ringtone-download</loc>
    </url>
    <url>
      <loc>https://mobcup-ringtones.online/mere-jigar-ka-challa-ringtone-download</loc>
    </url>
    <url>
      <loc>https://mobcup-ringtones.online/teri-yaad-jab-jab-aati-hai-ringtone</loc>
    </url>
    <url>
      <loc>https://mobcup-ringtones.online/kgf-bgm-ringtone-download</loc>
    </url>
    <url>
      <loc>https://mobcup-ringtones.online/kgf-amma-ringtone-download</loc>
    </url>
    <url>
      <loc>https://mobcup-ringtones.online/iphone-13-pro-ringtone-download</loc>
    </url>
    <url>
      <loc>https://mobcup-ringtones.online/boom-shakalaka-ringtone-download</loc>
    </url>
    <url>
      <loc>https://mobcup-ringtones.online/bird-sms-ringtone</loc>
    </url>
    <url>
      <loc>https://mobcup-ringtones.online/bird-chirping-ringtone</loc>
    </url>
    <url>
      <loc>https://mobcup-ringtones.online/aye-khuda-tu-bol-de-tere-badlo-ko-ringtone</loc>
    </url>
    <url>
      <loc>https://mobcup-ringtones.online/peaky-blinders-ringtone-download</loc>
    </url>
    <url>
      <loc>https://mobcup-ringtones.online/pikachu-pikachu-pikachu-ringtone</loc>
    </url>
    <url>
      <loc>https://mobcup-ringtones.online/bird-sing-ringtone</loc>
    </url>
    <url>
      <loc>https://mobcup-ringtones.online/tere-naam-meri-har-ek-saans-pe-ringtone</loc>
    </url>
    <url>
      <loc>https://mobcup-ringtones.online/kabhi-khil-khil-hasti-hai-ringtone-download</loc>
    </url>
    <url>
      <loc>https://mobcup-ringtones.online/baarish-ki-jaye-ringtone-download</loc>
    </url>
    <url>
      <loc>https://mobcup-ringtones.online/teetar-bird-sound-ringtone</loc>
    </url>
    <url>
      <loc>https://mobcup-ringtones.online/iphone-despacito-ringtone</loc>
    </url>
    <url>
      <loc>https://mobcup-ringtones.online/azal-se-mohabbat-ki-dushman-hai-duniya-ringtone</loc>
    </url>
    <url>
      <loc>https://mobcup-ringtones.online/tum-bhi-baarish-ban-jana-ringtone-download</loc>
    </url>
    <url>
      <loc>https://mobcup-ringtones.online/master-the-blaster-ringtone-download</loc>
    </url>
    <url>
      <loc>https://mobcup-ringtones.online/shiv-tandav-sachet-parampara-ringtone</loc>
    </url>
    <url>
      <loc>https://mobcup-ringtones.online/let-me-love-you-ringtone</loc>
    </url>
    <url>
      <loc>https://mobcup-ringtones.online/baarish-ban-jaana-ringtone-download</loc>
    </url>
    <url>
      <loc>https://mobcup-ringtones.online/wah-bete-moj-kerdi-ringtone-download</loc>
    </url>
    <url>
      <loc>https://mobcup-ringtones.online/pikachu-message-ringtone</loc>
    </url>
    <url>
      <loc>https://mobcup-ringtones.online/bedardi-se-pyaar-ka-ringtone-download</loc>
    </url>
    <url>
      <loc>https://mobcup-ringtones.online/filhaal-ringtone</loc>
    </url>
    <url>
      <loc>https://mobcup-ringtones.online/baarish-ban-jaana-ringtone</loc>
    </url>
    <url>
      <loc>https://mobcup-ringtones.online/duniya-ringtone-download</loc>
    </url>
    <url>
      <loc>https://mobcup-ringtones.online/tum-hi-ho-sad-ringtones-download</loc>
    </url>
    <url>
      <loc>https://mobcup-ringtones.online/paw-pppp-ringtone-download</loc>
    </url>
    <url>
      <loc>https://mobcup-ringtones.online/bete-moj-kerdi-ringtone-download</loc>
    </url>
    <url>
      <loc>https://mobcup-ringtones.online/afsos-karoge-female-ringtone-download</loc>
    </url>
    <url>
      <loc>https://mobcup-ringtones.online/om-shanti-om-ringtone</loc>
    </url>
    <url>
      <loc>https://mobcup-ringtones.online/old-town-road-ringtone</loc>
    </url>
    <url>
      <loc>https://mobcup-ringtones.online/albela-x-aigiri-nandini-ringtone</loc>
    </url>
    <url>
      <loc>https://mobcup-ringtones.online/den-den-mushi-ringtone-download</loc>
    </url>
    <url>
      <loc>https://mobcup-ringtones.online/tere-mere-rishte-nu-ringtone-download</loc>
    </url>
    <url>
      <loc>https://mobcup-ringtones.online/happy-birthday-song-ringtone</loc>
    </url>
    <url>
      <loc>https://mobcup-ringtones.online/tokyo-drift-ringtone</loc>
    </url>
    <url>
      <loc>https://mobcup-ringtones.online/banjo-ringtone-download</loc>
    </url>
    <url>
      <loc>https://mobcup-ringtones.online/my-dil-goes-mmmm-ringtone</loc>
    </url>
    <url>
      <loc>https://mobcup-ringtones.online/meera-ke-prabhu-giridhar-nagar-sachet-parampara-ringtone</loc>
    </url>
    <url>
      <loc>https://mobcup-ringtones.online/nokia-ringtone-original-download</loc>
    </url>
    <url>
      <loc>https://mobcup-ringtones.online/sawan-aaya-hai-ringtone-download</loc>
    </url>
    <url>
      <loc>https://mobcup-ringtones.online/shokh-jalwon-main-ringtone-download</loc>
    </url>
    <url>
      <loc>https://mobcup-ringtones.online/jis-jis-ko-mohabbat-raas-aayi-ringtone-download</loc>
    </url>
    <url>
      <loc>https://mobcup-ringtones.online/believer-instrumental-ringtone-download</loc>
    </url>
    <url>
      <loc>https://mobcup-ringtones.online/aankhen-talwar-abru-hain-ringtone</loc>
    </url>
    <url>
      <loc>https://mobcup-ringtones.online/island-bgm-ringtone</loc>
    </url>
    <url>
      <loc>https://mobcup-ringtones.online/ipl-ringtone</loc>
    </url>
    <url>
      <loc>https://mobcup-ringtones.online/tune-waar-kiya-ringtone-download</loc>
    </url>
    <url>
      <loc>https://mobcup-ringtones.online/rou-ya-hasu-teri-harkat-pe-ringtone</loc>
    </url>
    <url>
      <loc>https://mobcup-ringtones.online/husn-walon-ki-ringtone-download</loc>
    </url>
    <url>
      <loc>https://mobcup-ringtones.online/mast-nazron-se-ringtone-download</loc>
    </url>
    <url>
      <loc>https://mobcup-ringtones.online/ye-kaisi-jagah-ringtone-download</loc>
    </url>
    <url>
      <loc>https://mobcup-ringtones.online/inki-tarah-do-kadam-ringtone</loc>
    </url>
    <url>
      <loc>https://mobcup-ringtones.online/humnava-bgm-ringtone-download</loc>
    </url>
    <url>
      <loc>https://mobcup-ringtones.online/meri-har-dua-ringtone-download</loc>
    </url>
    <url>
      <loc>https://mobcup-ringtones.online/raat-mer-aankhon-ringtone</loc>
    </url>
    <url>
      <loc>https://mobcup-ringtones.online/murjhaayi-si-shaakh-pe-ringtone-download</loc>
    </url>
    <url>
      <loc>https://mobcup-ringtones.online/un-rango-se-tune-milaaya-ringtone</loc>
    </url>
    <url>
      <loc>https://mobcup-ringtones.online/aaj-uss-khuda-se-ringtone-download</loc>
    </url>
    <url>
      <loc>https://mobcup-ringtones.online/mere-honthon-pe-ringtone-download</loc>
    </url>
    <url>
      <loc>https://mobcup-ringtones.online/yeh-kaisi-jagah-flute-ringtone</loc>
    </url>
    <url>
      <loc>https://mobcup-ringtones.online/rab-hasta-hua-rakhe-tumko-ringtone</loc>
    </url>
    <url>
      <loc>https://mobcup-ringtones.online/har-safar-har-jagah-ringtone</loc>
    </url>
    <url>
      <loc>https://mobcup-ringtones.online/haan-hum-badalne-lage-ringtone-download</loc>
    </url>
    <url>
      <loc>https://mobcup-ringtones.online/kab-se-main-dar-ringtone</loc>
    </url>
    <url>
      <loc>https://mobcup-ringtones.online/dil-ka-soona-ringtone-download</loc>
    </url>
    <url>
      <loc>https://mobcup-ringtones.online/pehli-dafa-ringtone</loc>
    </url>
    <url>
      <loc>https://mobcup-ringtones.online/kya-khoob-rab-ne-kiya-female-ringtone</loc>
    </url>
    <url>
      <loc>https://mobcup-ringtones.online/teri-galiyan-ringtone</loc>
    </url>
    <url>
      <loc>https://mobcup-ringtones.online/ho-sake-toh-ringtone</loc>
    </url>
    <url>
      <loc>https://mobcup-ringtones.online/hey-humnava-ringtone-download</loc>
    </url>
    <url>
      <loc>https://mobcup-ringtones.online/ishq-saccha-wahi-ringtone</loc>
    </url>
    <url>
      <loc>https://mobcup-ringtones.online/chahunga-main-tujhe-hardam-ringtone</loc>
    </url>
    <url>
      <loc>https://mobcup-ringtones.online/sakhiyaan-ringtone</loc>
    </url>
    <url>
      <loc>https://mobcup-ringtones.online/paas-aaye-ringtone</loc>
    </url>
    <url>
      <loc>https://mobcup-ringtones.online/main-parinda-besabar-ringtone</loc>
    </url>
    <url>
      <loc>https://mobcup-ringtones.online/waqt-bhi-thehra-hai-female-ringtone</loc>
    </url>
    <url>
      <loc>https://mobcup-ringtones.online/love-music-ringtone-download</loc>
    </url>
    <url>
      <loc>https://mobcup-ringtones.online/koi-mujhko-yun-mila-hai-ringtone</loc>
    </url>
    <url>
      <loc>https://mobcup-ringtones.online/moto-music-ringtone-download</loc>
    </url>
    <url>
      <loc>https://mobcup-ringtones.online/telugu-love-music-ringtone</loc>
    </url>
    <url>
      <loc>https://mobcup-ringtones.online/howlin-for-you-ringtone</loc>
    </url>
    <url>
      <loc>https://mobcup-ringtones.online/rang-the-noor-tha-ringtone</loc>
    </url>
    <url>
      <loc>https://mobcup-ringtones.online/hamari-adhuri-kahani-music-ringtone</loc>
    </url>
    <url>
      <loc>https://mobcup-ringtones.online/o-mere-buggu-oye-female</loc>
    </url>
    <url>
      <loc>https://mobcup-ringtones.online/keys-n-krates-dum-dee-dum-ringtone</loc>
    </url>
    <url>
      <loc>https://mobcup-ringtones.online/jannatein-agar-yahin-ringtone</loc>
    </url>
    <url>
      <loc>https://mobcup-ringtones.online/mujhe-tum-chupke-chupke-ringtone</loc>
    </url>
    <url>
      <loc>https://mobcup-ringtones.online/pyaas-ka-ye-safar</loc>
    </url>
    <url>
      <loc>https://mobcup-ringtones.online/wonder-women-ringtone-download</loc>
    </url>
    <url>
      <loc>https://mobcup-ringtones.online/o-mere-buggu-oye-ringtone-download</loc>
    </url>
    <url>
      <loc>https://mobcup-ringtones.online/flute-ringtone-download</loc>
    </url>
    <url>
      <loc>https://mobcup-ringtones.online/ramzan-ringtone-download</loc>
    </url>
    <url>
      <loc>https://mobcup-ringtones.online/taki-taki-ringtone</loc>
    </url>
    <url>
      <loc>https://mobcup-ringtones.online/heropanti-flute-ringtone</loc>
    </url>
    <url>
      <loc>https://mobcup-ringtones.online/axwell-ingrosso-ringtone</loc>
    </url>
    <url>
      <loc>https://mobcup-ringtones.online/panda-ringtone</loc>
    </url>
    <url>
      <loc>https://mobcup-ringtones.online/whatsapp-whistle-ringtones</loc>
    </url>
    <url>
      <loc>https://mobcup-ringtones.online/shape-of-you-ringtone</loc>
    </url>
    <url>
      <loc>https://mobcup-ringtones.online/jai-hanuman-ringtone</loc>
    </url>
    <url>
      <loc>https://mobcup-ringtones.online/harry-potter-ringtone</loc>
    </url>
    <url>
      <loc>https://mobcup-ringtones.online/soulful-ringtone</loc>
    </url>
    <url>
      <loc>https://mobcup-ringtones.online/rockstar-ringtone</loc>
    </url>
    <url>
      <loc>https://mobcup-ringtones.online/candy-shop-ringtone</loc>
    </url>
    <url>
      <loc>https://mobcup-ringtones.online/mission-impossible-ringtone</loc>
    </url>
    <url>
      <loc>https://mobcup-ringtones.online/sherlock-holmes-ringtone</loc>
    </url>
    <url>
      <loc>https://mobcup-ringtones.online/bad-boy-ringtone-download-latest</loc>
    </url>
    <url>
      <loc>https://mobcup-ringtones.online/titanic-ringtone</loc>
    </url>
    <url>
      <loc>https://mobcup-ringtones.online/ummon-hiyonat-ringtone-download</loc>
    </url>
    <url>
      <loc>https://mobcup-ringtones.online/mi-phone-ringtone</loc>
    </url>
    <url>
      <loc>https://mobcup-ringtones.online/crazy-frog-ringtone</loc>
    </url>
    <url>
      <loc>https://mobcup-ringtones.online/love-me-like-you-do-ringtone</loc>
    </url>
    <url>
      <loc>https://mobcup-ringtones.online/magenta-riddim-ringtone</loc>
    </url>
    <url>
      <loc>https://mobcup-ringtones.online/baaghi-2-ringtone</loc>
    </url>
    <url>
      <loc>https://mobcup-ringtones.online/eid-mubarak-ringtone</loc>
    </url>
    <url>
      <loc>https://mobcup-ringtones.online/pikachu-sms-ringtone</loc>
    </url>
    <url>
      <loc>https://mobcup-ringtones.online/mere-wala-sardar-ringtone</loc>
    </url>
    <url>
      <loc>https://mobcup-ringtones.online/jab-bhi-teri-yaad-aayegi-ringtone</loc>
    </url>
    <url>
      <loc>https://mobcup-ringtones.online/gayatri-mantra-flute-ringtone</loc>
    </url>
    <url>
      <loc>https://mobcup-ringtones.online/old-nokia-ringtone</loc>
    </url>
    <url>
      <loc>https://mobcup-ringtones.online/nokia-1100-ringtone</loc>
    </url>
    <url>
      <loc>https://mobcup-ringtones.online/sanam-re-ringtone</loc>
    </url>
    <url>
      <loc>https://mobcup-ringtones.online/dishoom-mario-ringtone</loc>
    </url>
    <url>
      <loc>https://mobcup-ringtones.online/iphone-8-ringtone</loc>
    </url>
    <url>
      <loc>https://mobcup-ringtones.online/iphone-6-ringtone</loc>
    </url>
    <url>
      <loc>https://mobcup-ringtones.online/iphone-6s-ringtone</loc>
    </url>
    <url>
      <loc>https://mobcup-ringtones.online/iphone-x-ringtone</loc>
    </url>
    <url>
      <loc>https://mobcup-ringtones.online/lucifer-ringtone</loc>
    </url>
    <url>
      <loc>https://mobcup-ringtones.online/iphone-11-ringtone</loc>
    </url>
    <url>
      <loc>https://mobcup-ringtones.online/iphone-12-ringtone</loc>
    </url>
    <url>
      <loc>https://mobcup-ringtones.online/dillon-francis-ringtone</loc>
    </url>
    <url>
      <loc>https://mobcup-ringtones.online/iphone-7-ringtone-download</loc>
    </url>
    <url>
      <loc>https://mobcup-ringtones.online/airtel-telugu-ringtone</loc>
    </url>
    <url>
      <loc>https://mobcup-ringtones.online/dame-tu-cosita-ringtone</loc>
    </url>
    <url>
      <loc>https://mobcup-ringtones.online/samsung-galaxy-a80-ringtone</loc>
    </url>
    <url>
      <loc>https://mobcup-ringtones.online/ek-galti-ringtone</loc>
    </url>
    <url>
      <loc>https://mobcup-ringtones.online/zeher-ringtone</loc>
    </url>
    <url>
      <loc>https://mobcup-ringtones.online/chhote-chhote-tamashe</loc>
    </url>
    <url>
      <loc>https://mobcup-ringtones.online/oru-adaar-love-ringtone</loc>
    </url>
    <url>
      <loc>https://mobcup-ringtones.online/charlie-ringtone</loc>
    </url>
    <url>
      <loc>https://mobcup-ringtones.online/apple-notification</loc>
    </url>
    <url>
      <loc>https://mobcup-ringtones.online/still-dre-ringtones</loc>
    </url>
    <url>
      <loc>https://mobcup-ringtones.online/dil-meri-na-sune-ringtone</loc>
    </url>
    <url>
      <loc>https://mobcup-ringtones.online/agar-tum-saath-ho-ringtone</loc>
    </url>
    <url>
      <loc>https://mobcup-ringtones.online/basic-bell-ringtone</loc>
    </url>
    <url>
      <loc>https://mobcup-ringtones.online/saathiya-ringtone-flute</loc>
    </url>
    <url>
      <loc>https://mobcup-ringtones.online/hanuman-chalisa-ringtone</loc>
    </url>
    <url>
      <loc>https://mobcup-ringtones.online/tera-fitoor-ringtone</loc>
    </url>
    <url>
      <loc>https://mobcup-ringtones.online/oppo-f9-ringtone</loc>
    </url>
    <url>
      <loc>https://mobcup-ringtones.online/carryminati-ringtone</loc>
    </url>
    <url>
      <loc>https://mobcup-ringtones.online/hanuman-ji-ringtone</loc>
    </url>
    <url>
      <loc>https://mobcup-ringtones.online/agar-tum-mil-jao-ringtone</loc>
    </url>
    <url>
      <loc>https://mobcup-ringtones.online/chhor-denge-ringtone</loc>
    </url>
    </urlset>